
> rheolab-enterprise@0.2.0-beta.53 audit:bundle
> node scripts/test/run-bundle-audit.js

[36mvite v6.4.2 [32mbuilding for production...[36m[39m
transforming...
[plugin vite:resolve] Module "crypto" has been externalized for browser compatibility, imported by "D:/Development/Rheolab/src/lib/utils/encryption.ts". See https://vite.dev/guide/troubleshooting.html#module-externalized-for-browser-compatibility for more details.
[32mтЬУ[39m 2936 modules transformed.
rendering chunks...
computing gzip size...
[2mdist/[22m[32mindex.html                                  [39m[1m[2m  1.70 kB[22m[1m[22m[2m тФВ gzip:  0.86 kB[22m
[2mdist/[22m[35massets/ChartErrorBoundary-D1GxaB_c.css      [39m[1m[2m  1.65 kB[22m[1m[22m[2m тФВ gzip:  0.71 kB[22m
[2mdist/[22m[35massets/main-B-qLIMCo.css                    [39m[1m[2m144.65 kB[22m[1m[22m[2m тФВ gzip: 20.87 kB[22m
[2mdist/[22m[36massets/__vite-browser-external-BIHI7g3E.js  [39m[1m[2m  0.03 kB[22m[1m[22m[2m тФВ gzip:  0.05 kB[22m
[2mdist/[22m[36massets/encryption-IiqiRxH_.js               [39m[1m[2m  0.14 kB[22m[1m[22m[2m тФВ gzip:  0.15 kB[22m
[2mdist/[22m[36massets/page-RZmZJwGv.js                     [39m[1m[2m  0.17 kB[22m[1m[22m[2m тФВ gzip:  0.16 kB[22m
[2mdist/[22m[36massets/page-CEpGnSFi.js                     [39m[1m[2m  0.20 kB[22m[1m[22m[2m тФВ gzip:  0.17 kB[22m
[2mdist/[22m[36massets/tauri-bridge-6ZgGVCB_.js             [39m[1m[2m  0.27 kB[22m[1m[22m[2m тФВ gzip:  0.20 kB[22m
[2mdist/[22m[36massets/check-Cn-fUqnL.js                    [39m[1m[2m  0.29 kB[22m[1m[22m[2m тФВ gzip:  0.24 kB[22m
[2mdist/[22m[36massets/chevron-up-BTVui76U.js               [39m[1m[2m  0.30 kB[22m[1m[22m[2m тФВ gzip:  0.25 kB[22m
[2mdist/[22m[36massets/chevron-down-CpTGNZ4u.js             [39m[1m[2m  0.30 kB[22m[1m[22m[2m тФВ gzip:  0.25 kB[22m
[2mdist/[22m[36massets/plus-UDl8KaY5.js                     [39m[1m[2m  0.33 kB[22m[1m[22m[2m тФВ gzip:  0.25 kB[22m
[2mdist/[22m[36massets/circle-check-lxj7ITGP.js             [39m[1m[2m  0.35 kB[22m[1m[22m[2m тФВ gzip:  0.27 kB[22m
[2mdist/[22m[36massets/rotate-ccw-Cdoyz9-z.js               [39m[1m[2m  0.37 kB[22m[1m[22m[2m тФВ gzip:  0.29 kB[22m
[2mdist/[22m[36massets/upload-Bw_xMgMQ.js                   [39m[1m[2m  0.40 kB[22m[1m[22m[2m тФВ gzip:  0.30 kB[22m
[2mdist/[22m[36massets/activity-DGwEv6fp.js                 [39m[1m[2m  0.41 kB[22m[1m[22m[2m тФВ gzip:  0.30 kB[22m
[2mdist/[22m[36massets/settings-2-XvSP7KBc.js               [39m[1m[2m  0.42 kB[22m[1m[22m[2m тФВ gzip:  0.30 kB[22m
[2mdist/[22m[36massets/circle-alert-DdYvw5hZ.js             [39m[1m[2m  0.42 kB[22m[1m[22m[2m тФВ gzip:  0.29 kB[22m
[2mdist/[22m[36massets/calendar-epn3PF9W.js                 [39m[1m[2m  0.43 kB[22m[1m[22m[2m тФВ gzip:  0.31 kB[22m
[2mdist/[22m[36massets/key-jvX8NwxJ.js                      [39m[1m[2m  0.43 kB[22m[1m[22m[2m тФВ gzip:  0.32 kB[22m
[2mdist/[22m[36massets/pencil-snsi4BcC.js                   [39m[1m[2m  0.45 kB[22m[1m[22m[2m тФВ gzip:  0.33 kB[22m
[2mdist/[22m[36massets/flask-conical-B4frgOFL.js            [39m[1m[2m  0.47 kB[22m[1m[22m[2m тФВ gzip:  0.33 kB[22m
[2mdist/[22m[36massets/languages-Czis04Uz.js                [39m[1m[2m  0.49 kB[22m[1m[22m[2m тФВ gzip:  0.32 kB[22m
[2mdist/[22m[36massets/trash-2-DKeIXqJM.js                  [39m[1m[2m  0.50 kB[22m[1m[22m[2m тФВ gzip:  0.32 kB[22m
[2mdist/[22m[36massets/file-down-Bidwzgc8.js                [39m[1m[2m  0.53 kB[22m[1m[22m[2m тФВ gzip:  0.35 kB[22m
[2mdist/[22m[36massets/branding-store-BDRJEU8v.js           [39m[1m[2m  0.54 kB[22m[1m[22m[2m тФВ gzip:  0.28 kB[22m
[2mdist/[22m[36massets/building-2-C8OnPOLj.js               [39m[1m[2m  0.56 kB[22m[1m[22m[2m тФВ gzip:  0.34 kB[22m
[2mdist/[22m[36massets/input-DDLSPttv.js                    [39m[1m[2m  0.60 kB[22m[1m[22m[2m тФВ gzip:  0.38 kB[22m
[2mdist/[22m[36massets/circle-x-CgBEtQt1.js                 [39m[1m[2m  0.69 kB[22m[1m[22m[2m тФВ gzip:  0.36 kB[22m
[2mdist/[22m[36massets/user-DBkVN7ue.js                     [39m[1m[2m  0.74 kB[22m[1m[22m[2m тФВ gzip:  0.38 kB[22m
[2mdist/[22m[36massets/client-i8Oa9Grp.js                   [39m[1m[2m  0.75 kB[22m[1m[22m[2m тФВ gzip:  0.40 kB[22m
[2mdist/[22m[36massets/client-CZAuNRf7.js                   [39m[1m[2m  0.83 kB[22m[1m[22m[2m тФВ gzip:  0.46 kB[22m
[2mdist/[22m[36massets/useFocusTrap-DyxyX3Xv.js             [39m[1m[2m  0.88 kB[22m[1m[22m[2m тФВ gzip:  0.46 kB[22m
[2mdist/[22m[36massets/search-CrjpE30F.js                   [39m[1m[2m  0.89 kB[22m[1m[22m[2m тФВ gzip:  0.41 kB[22m
[2mdist/[22m[36massets/settings-DmCRsNrJ.js                 [39m[1m[2m  0.98 kB[22m[1m[22m[2m тФВ gzip:  0.42 kB[22m
[2mdist/[22m[36massets/update-install-DpU8PkiS.js           [39m[1m[2m  1.15 kB[22m[1m[22m[2m тФВ gzip:  0.64 kB[22m
[2mdist/[22m[36massets/card-CjwLcST7.js                     [39m[1m[2m  1.58 kB[22m[1m[22m[2m тФВ gzip:  0.67 kB[22m
[2mdist/[22m[36massets/index-DvPkZmYM.js                    [39m[1m[2m  1.94 kB[22m[1m[22m[2m тФВ gzip:  0.94 kB[22m
[2mdist/[22m[36massets/button-Xo6XaBS-.js                   [39m[1m[2m  2.04 kB[22m[1m[22m[2m тФВ gzip:  0.97 kB[22m
[2mdist/[22m[36massets/PrecisionSettingsCard-BXhbZiOa.js    [39m[1m[2m  2.05 kB[22m[1m[22m[2m тФВ gzip:  0.98 kB[22m
[2mdist/[22m[36massets/alert-dialog-BJ8NqzjH.js             [39m[1m[2m  2.12 kB[22m[1m[22m[2m тФВ gzip:  0.77 kB[22m
[2mdist/[22m[36massets/TrialBanner-Bcn69pq-.js              [39m[1m[2m  2.26 kB[22m[1m[22m[2m тФВ gzip:  1.22 kB[22m
[2mdist/[22m[36massets/label-CqqCHKkb.js                    [39m[1m[2m  2.52 kB[22m[1m[22m[2m тФВ gzip:  0.95 kB[22m
[2mdist/[22m[36massets/BrandingManager-DfwJF9qa.js          [39m[1m[2m  2.58 kB[22m[1m[22m[2m тФВ gzip:  1.18 kB[22m
[2mdist/[22m[36massets/UpdateChecker-DrVH8bWQ.js            [39m[1m[2m  3.51 kB[22m[1m[22m[2m тФВ gzip:  1.51 kB[22m
[2mdist/[22m[36massets/water-analysis-panel-Bf-Y1W8w.js     [39m[1m[2m  3.66 kB[22m[1m[22m[2m тФВ gzip:  1.62 kB[22m
[2mdist/[22m[36massets/index-DNXBYnf_.js                    [39m[1m[2m  3.66 kB[22m[1m[22m[2m тФВ gzip:  1.34 kB[22m
[2mdist/[22m[36massets/expert-settings-panel-aHYz10T7.js    [39m[1m[2m  3.91 kB[22m[1m[22m[2m тФВ gzip:  1.40 kB[22m
[2mdist/[22m[36massets/UnitSystemCard-eD6cBSpY.js           [39m[1m[2m  4.22 kB[22m[1m[22m[2m тФВ gzip:  1.76 kB[22m
[2mdist/[22m[36massets/settings-shared-DeOBS-UT.js          [39m[1m[2m  4.51 kB[22m[1m[22m[2m тФВ gzip:  1.75 kB[22m
[2mdist/[22m[36massets/LicenseActivationDialog-B5MjqSop.js  [39m[1m[2m  5.48 kB[22m[1m[22m[2m тФВ gzip:  2.16 kB[22m
[2mdist/[22m[36massets/LaboratoryManager-DPllBusc.js        [39m[1m[2m  5.68 kB[22m[1m[22m[2m тФВ gzip:  1.99 kB[22m
[2mdist/[22m[36massets/LogViewer-D7k9z6K2.js                [39m[1m[2m  5.76 kB[22m[1m[22m[2m тФВ gzip:  2.43 kB[22m
[2mdist/[22m[36massets/BackupManager-Djpp9S80.js            [39m[1m[2m  5.86 kB[22m[1m[22m[2m тФВ gzip:  2.25 kB[22m
[2mdist/[22m[36massets/OperatorManager-BAb34C94.js          [39m[1m[2m  5.98 kB[22m[1m[22m[2m тФВ gzip:  2.18 kB[22m
[2mdist/[22m[36massets/chart-settings-store-CldJrkZV.js     [39m[1m[2m  6.45 kB[22m[1m[22m[2m тФВ gzip:  2.18 kB[22m
[2mdist/[22m[36massets/recipe-panel-MKetT-ag.js             [39m[1m[2m  6.66 kB[22m[1m[22m[2m тФВ gzip:  2.24 kB[22m
[2mdist/[22m[36massets/cycle-editor-dialog-DRT0ZgJs.js      [39m[1m[2m  7.88 kB[22m[1m[22m[2m тФВ gzip:  2.63 kB[22m
[2mdist/[22m[36massets/ChartSettingsManager-DZznWTds.js     [39m[1m[2m  7.94 kB[22m[1m[22m[2m тФВ gzip:  2.67 kB[22m
[2mdist/[22m[36massets/ExperimentExportImport-BvjtVu9_.js   [39m[1m[2m  8.02 kB[22m[1m[22m[2m тФВ gzip:  2.99 kB[22m
[2mdist/[22m[36massets/raw-data-table-CMVVSOlV.js           [39m[1m[2m  8.30 kB[22m[1m[22m[2m тФВ gzip:  2.61 kB[22m
[2mdist/[22m[36massets/APIKeyManager-BYowgvaB.js            [39m[1m[2m  8.79 kB[22m[1m[22m[2m тФВ gzip:  3.06 kB[22m
[2mdist/[22m[36massets/client-rIpbUAP_.js                   [39m[1m[2m  9.91 kB[22m[1m[22m[2m тФВ gzip:  3.84 kB[22m
[2mdist/[22m[36massets/AppSettingsExporter-tC9_qH40.js      [39m[1m[2m 11.16 kB[22m[1m[22m[2m тФВ gzip:  3.72 kB[22m
[2mdist/[22m[36massets/cycle-results-table-z6TLxrl7.js      [39m[1m[2m 11.71 kB[22m[1m[22m[2m тФВ gzip:  3.27 kB[22m
[2mdist/[22m[36massets/ReportTab-Dg2FCllB.js                [39m[1m[2m 11.90 kB[22m[1m[22m[2m тФВ gzip:  3.71 kB[22m
[2mdist/[22m[36massets/ru-sWtqRw3I.js                       [39m[1m[2m 12.61 kB[22m[1m[22m[2m тФВ gzip:  3.16 kB[22m
[2mdist/[22m[36massets/useToast-Dmx7Ivx5.js                 [39m[1m[2m 14.26 kB[22m[1m[22m[2m тФВ gzip:  5.68 kB[22m
[2mdist/[22m[36massets/report-save-DeWKfrrd.js              [39m[1m[2m 17.05 kB[22m[1m[22m[2m тФВ gzip:  4.82 kB[22m
[2mdist/[22m[36massets/ComparisonReportTab-Btk1HfNZ.js      [39m[1m[2m 17.33 kB[22m[1m[22m[2m тФВ gzip:  5.44 kB[22m
[2mdist/[22m[36massets/ChartErrorBoundary-CwzepdrB.js       [39m[1m[2m 19.45 kB[22m[1m[22m[2m тФВ gzip:  8.04 kB[22m
[2mdist/[22m[36massets/vendor-date-B0euFvIQ.js              [39m[1m[2m 21.14 kB[22m[1m[22m[2m тФВ gzip:  6.00 kB[22m
[2mdist/[22m[36massets/CalibrationPanel-BVRJ80jD.js         [39m[1m[2m 25.54 kB[22m[1m[22m[2m тФВ gzip:  7.50 kB[22m
[2mdist/[22m[36massets/page-B2HHlhD7.js                     [39m[1m[2m 28.07 kB[22m[1m[22m[2m тФВ gzip:  7.67 kB[22m
[2mdist/[22m[36massets/page-gqV7uHJS.js                     [39m[1m[2m 44.05 kB[22m[1m[22m[2m тФВ gzip: 14.19 kB[22m
[2mdist/[22m[36massets/DashboardContent-etrD3e3S.js         [39m[1m[2m 48.50 kB[22m[1m[22m[2m тФВ gzip: 14.69 kB[22m
[2mdist/[22m[36massets/vendor-react-DiK7_-EP.js             [39m[1m[2m 49.03 kB[22m[1m[22m[2m тФВ gzip: 17.39 kB[22m
[2mdist/[22m[36massets/vendor-charts-C0E1tMOL.js            [39m[1m[2m 52.54 kB[22m[1m[22m[2m тФВ gzip: 23.38 kB[22m
[2mdist/[22m[36massets/page-6-0bOovY.js                     [39m[1m[2m105.33 kB[22m[1m[22m[2m тФВ gzip: 26.94 kB[22m
[2mdist/[22m[36massets/vendor-radix-D124mG2b.js             [39m[1m[2m115.52 kB[22m[1m[22m[2m тФВ gzip: 36.99 kB[22m
[2mdist/[22m[36massets/page-DlROHLoL.js                     [39m[1m[2m141.03 kB[22m[1m[22m[2m тФВ gzip: 40.88 kB[22m
[2mdist/[22m[36massets/main-CkUjs9y8.js                     [39m[1m[2m273.50 kB[22m[1m[22m[2m тФВ gzip: 86.80 kB[22m
[32mтЬУ built in 18.95s[39m
