
> rheolab-enterprise@0.2.0-beta.53 lint
> eslint


D:\Development\Rheolab\src\components\analysis\cycle-results-table.tsx
  7:33  error  'formatTime' is defined but never used. Allowed unused vars must match /^_/u  @typescript-eslint/no-unused-vars

D:\Development\Rheolab\src\components\comparison\comparison-chart-uplot.tsx
  315:8  error  React Hook useMemo has a missing dependency: 'chartSettings.rheologyUnits?.timeFormat'. Either include it or remove the dependency array  react-hooks/exhaustive-deps

D:\Development\Rheolab\src\components\shared\UpdateChecker.tsx
  133:9  error  Promises must be awaited, end with a call to .catch, end with a call to .then with a rejection handler or be explicitly marked as ignored with the `void` operator  @typescript-eslint/no-floating-promises

D:\Development\Rheolab\src\hooks\useRheologyChartOptions.ts
  200:5  warning  Unused eslint-disable directive (no problems were reported from 'react-hooks/exhaustive-deps')

D:\Development\Rheolab\src\hooks\useRheologyVisibility.ts
  39:5  error  'previewMode' is defined but never used. Allowed unused args must match /^_/u  @typescript-eslint/no-unused-vars
  40:5  error  'captureMode' is defined but never used. Allowed unused args must match /^_/u  @typescript-eslint/no-unused-vars

D:\Development\Rheolab\src\rust\rheolab-core\target\doc\static.files\search-9e2438ea.js
  1:488    error  '_reject' is defined but never used         @typescript-eslint/no-unused-vars
  1:579    error  '_reject' is defined but never used         @typescript-eslint/no-unused-vars
  1:672    error  '_reject' is defined but never used         @typescript-eslint/no-unused-vars
  1:58118  error  '_qid' is assigned a value but never used   @typescript-eslint/no-unused-vars
  1:64902  error  '_id' is defined but never used             @typescript-eslint/no-unused-vars
  1:67202  error  '_i' is defined but never used              @typescript-eslint/no-unused-vars
  1:67211  error  '_t' is defined but never used              @typescript-eslint/no-unused-vars
  1:67226  error  '_i2' is defined but never used             @typescript-eslint/no-unused-vars
  1:67236  error  '_t2' is defined but never used             @typescript-eslint/no-unused-vars
  1:67630  error  '_name' is assigned a value but never used  @typescript-eslint/no-unused-vars

D:\Development\Rheolab\src\rust\rheolab-core\target\doc\static.files\storage-e2aeef58.js
  1:439   error  'nonnull' is defined but never used      @typescript-eslint/no-unused-vars
  1:530   error  'nonundef' is defined but never used     @typescript-eslint/no-unused-vars
  1:905   error  'hasClass' is defined but never used     @typescript-eslint/no-unused-vars
  1:1098  error  'removeClass' is defined but never used  @typescript-eslint/no-unused-vars
  1:1287  error  'onEachLazy' is defined but never used   @typescript-eslint/no-unused-vars

D:\Development\Rheolab\src\rust\rheolab-core\target\doc\static.files\stringdex-b897f86f.js
  1:24654  error  '_k' is defined but never used           @typescript-eslint/no-unused-vars
  1:24684  error  '_i' is defined but never used           @typescript-eslint/no-unused-vars
  2:2891   error  '_name' is defined but never used        @typescript-eslint/no-unused-vars
  2:2897   error  '_dataColumn' is defined but never used  @typescript-eslint/no-unused-vars

D:\Development\Rheolab\tests\e2e\full-workflow.spec.ts
   74:15  error  'exp2' is assigned a value but never used. Allowed unused vars must match /^_/u  @typescript-eslint/no-unused-vars
  161:15  error  'exp1' is assigned a value but never used. Allowed unused vars must match /^_/u  @typescript-eslint/no-unused-vars
  166:15  error  'exp2' is assigned a value but never used. Allowed unused vars must match /^_/u  @typescript-eslint/no-unused-vars
  188:15  error  'exp1' is assigned a value but never used. Allowed unused vars must match /^_/u  @typescript-eslint/no-unused-vars
  193:15  error  'exp2' is assigned a value but never used. Allowed unused vars must match /^_/u  @typescript-eslint/no-unused-vars
  247:15  error  'exp1' is assigned a value but never used. Allowed unused vars must match /^_/u  @typescript-eslint/no-unused-vars

D:\Development\Rheolab\tests\e2e\licensing\real-license-ipc.tauri.spec.ts
  159:68  error  The `Function` type accepts any function-like value.
Prefer explicitly defining any function parameters and return type  @typescript-eslint/no-unsafe-function-type

D:\Development\Rheolab\tests\e2e\reports\real-native-export.tauri.spec.ts
  106:55  error  'page' is defined but never used. Allowed unused args must match /^_/u  @typescript-eslint/no-unused-vars
  124:57  error  'page' is defined but never used. Allowed unused args must match /^_/u  @typescript-eslint/no-unused-vars

тЬЦ 34 problems (33 errors, 1 warning)
  0 errors and 1 warning potentially fixable with the `--fix` option.

