
> rheolab-enterprise@0.2.0-beta.53 perf:db:compare
> node scripts/test/compare-db-scale.js


[1mтХРтХРтХР DB-Scale Performance Comparison тХРтХРтХРтХРтХРтХРтХРтХРтХРтХРтХРтХРтХРтХРтХРтХРтХРтХРтХРтХРтХРтХРтХРтХРтХРтХРтХРтХРтХРтХРтХР[0m

  [36msmall[0m  runId: 1777111767408-small-tauri  |  experiments: 12
         file: D:\Development\Rheolab\outputs\e2e\perf\db-scale-1777111767408-small-tauri.json
  [36mlarge[0m  runId: 1777111793637-large-tauri  |  experiments: 7056
         file: D:\Development\Rheolab\outputs\e2e\perf\db-scale-1777111793637-large-tauri.json

[1m  Summary[0m
  тФАтФАтФАтФАтФАтФАтФАтФАтФАтФАтФАтФАтФАтФАтФАтФАтФАтФАтФАтФАтФАтФАтФАтФАтФАтФАтФАтФАтФАтФАтФАтФАтФАтФАтФАтФАтФАтФАтФАтФАтФАтФАтФАтФАтФАтФАтФАтФАтФАтФАтФАтФАтФАтФАтФАтФАтФАтФАтФАтФАтФАтФАтФАтФАтФАтФАтФАтФАтФАтФАтФАтФА
  [1mMetric[0m                             [1mSmall[0m       [1mLarge[0m          [1m╬Ф%[0m  [1m[0m       
  тФАтФАтФАтФАтФАтФАтФАтФАтФАтФАтФАтФАтФАтФАтФАтФАтФАтФАтФАтФАтФАтФАтФАтФАтФАтФАтФАтФАтФАтФАтФАтФАтФАтФАтФАтФАтФАтФАтФАтФАтФАтФАтФАтФАтФАтФАтФАтФАтФАтФАтФАтФАтФАтФАтФАтФАтФАтФАтФАтФАтФАтФАтФАтФАтФАтФАтФАтФАтФАтФАтФАтФА
  Total wall time (ms)               11379       11303                   [32m-0.7%[0m  [32mтЬУ[0m
  Peak heap (MB)                      7.74        7.74                   [32m+0.0%[0m  [32mтЬУ[0m
  Peak DOM nodes                      6395        6371                   [32m-0.4%[0m  [32mтЬУ[0m
  тФАтФАтФАтФАтФАтФАтФАтФАтФАтФАтФАтФАтФАтФАтФАтФАтФАтФАтФАтФАтФАтФАтФАтФАтФАтФАтФАтФАтФАтФАтФАтФАтФАтФАтФАтФАтФАтФАтФАтФАтФАтФАтФАтФАтФАтФАтФАтФАтФАтФАтФАтФАтФАтФАтФАтФАтФАтФАтФАтФАтФАтФАтФАтФАтФАтФАтФАтФАтФАтФАтФАтФА

[1m  Per-step breakdown[0m

  [36minitial[0m[90m тАФ Baseline тАФ scale=small[0m
  тФАтФАтФАтФАтФАтФАтФАтФАтФАтФАтФАтФАтФАтФАтФАтФАтФАтФАтФАтФАтФАтФАтФАтФАтФАтФАтФАтФАтФАтФАтФАтФАтФАтФАтФАтФАтФАтФАтФАтФАтФАтФАтФАтФАтФАтФАтФАтФАтФАтФАтФАтФАтФАтФАтФАтФАтФАтФАтФАтФАтФАтФАтФАтФАтФАтФАтФАтФАтФАтФАтФАтФА
  [1mMetric[0m                     [1mSmall[0m       [1mLarge[0m              [1m╬Ф%[0m  Flag
  тФАтФАтФАтФАтФАтФАтФАтФАтФАтФАтФАтФАтФАтФАтФАтФАтФАтФАтФАтФАтФАтФАтФАтФАтФАтФАтФАтФАтФАтФАтФАтФАтФАтФАтФАтФАтФАтФАтФАтФАтФАтФАтФАтФАтФАтФАтФАтФАтФАтФАтФАтФАтФАтФАтФАтФАтФАтФАтФАтФАтФАтФАтФАтФАтФАтФАтФАтФАтФАтФАтФАтФА
  wall (ms)                      0           0                           [90mтАФ[0m  [90mтАФ[0m
  heap (MB)                   5.41        5.44                       [32m+0.6%[0m  [32mтЬУ[0m
  heap╬Ф (MB)                     0           0                           [90mтАФ[0m  [90mтАФ[0m
  nodes                        215         215                       [32m+0.0%[0m  [32mтЬУ[0m

  [36mlibrary_open[0m[90m тАФ Navigate to library (small)[0m
  тФАтФАтФАтФАтФАтФАтФАтФАтФАтФАтФАтФАтФАтФАтФАтФАтФАтФАтФАтФАтФАтФАтФАтФАтФАтФАтФАтФАтФАтФАтФАтФАтФАтФАтФАтФАтФАтФАтФАтФАтФАтФАтФАтФАтФАтФАтФАтФАтФАтФАтФАтФАтФАтФАтФАтФАтФАтФАтФАтФАтФАтФАтФАтФАтФАтФАтФАтФАтФАтФАтФАтФА
  [1mMetric[0m                     [1mSmall[0m       [1mLarge[0m              [1m╬Ф%[0m  Flag
  тФАтФАтФАтФАтФАтФАтФАтФАтФАтФАтФАтФАтФАтФАтФАтФАтФАтФАтФАтФАтФАтФАтФАтФАтФАтФАтФАтФАтФАтФАтФАтФАтФАтФАтФАтФАтФАтФАтФАтФАтФАтФАтФАтФАтФАтФАтФАтФАтФАтФАтФАтФАтФАтФАтФАтФАтФАтФАтФАтФАтФАтФАтФАтФАтФАтФАтФАтФАтФАтФАтФАтФА
  wall (ms)                   1648        1555                       [32m-5.6%[0m  [32mтЬУ[0m
  heap (MB)                   6.93        6.97                       [32m+0.6%[0m  [32mтЬУ[0m
  heap╬Ф (MB)                  1.52        1.53                       [32m+0.7%[0m  [32mтЬУ[0m
  nodes                       3270        3258                       [32m-0.4%[0m  [32mтЬУ[0m
  task╬Ф (ms)                143.70      141.70                       [32m-1.4%[0m  [32mтЬУ[0m
  layouts╬Ф                       3           3                       [32m+0.0%[0m  [32mтЬУ[0m

  [36mlibrary_scroll[0m[90m тАФ Scroll to bottom and back[0m
  тФАтФАтФАтФАтФАтФАтФАтФАтФАтФАтФАтФАтФАтФАтФАтФАтФАтФАтФАтФАтФАтФАтФАтФАтФАтФАтФАтФАтФАтФАтФАтФАтФАтФАтФАтФАтФАтФАтФАтФАтФАтФАтФАтФАтФАтФАтФАтФАтФАтФАтФАтФАтФАтФАтФАтФАтФАтФАтФАтФАтФАтФАтФАтФАтФАтФАтФАтФАтФАтФАтФАтФА
  [1mMetric[0m                     [1mSmall[0m       [1mLarge[0m              [1m╬Ф%[0m  Flag
  тФАтФАтФАтФАтФАтФАтФАтФАтФАтФАтФАтФАтФАтФАтФАтФАтФАтФАтФАтФАтФАтФАтФАтФАтФАтФАтФАтФАтФАтФАтФАтФАтФАтФАтФАтФАтФАтФАтФАтФАтФАтФАтФАтФАтФАтФАтФАтФАтФАтФАтФАтФАтФАтФАтФАтФАтФАтФАтФАтФАтФАтФАтФАтФАтФАтФАтФАтФАтФАтФАтФАтФА
  wall (ms)                   1314        1318                       [32m+0.3%[0m  [32mтЬУ[0m
  heap (MB)                      7        7.04                       [32m+0.6%[0m  [32mтЬУ[0m
  heap╬Ф (MB)                  0.07        0.07                       [32m+0.0%[0m  [32mтЬУ[0m
  nodes                       3272        3260                       [32m-0.4%[0m  [32mтЬУ[0m
  task╬Ф (ms)                 20.10       23.30                      [32m+15.9%[0m  [32mтЬУ[0m
  layouts╬Ф                       0           0                           [90mтАФ[0m  [90mтАФ[0m

  [36msearch_by_name[0m[90m тАФ FTS5 search: "Chandler"[0m
  тФАтФАтФАтФАтФАтФАтФАтФАтФАтФАтФАтФАтФАтФАтФАтФАтФАтФАтФАтФАтФАтФАтФАтФАтФАтФАтФАтФАтФАтФАтФАтФАтФАтФАтФАтФАтФАтФАтФАтФАтФАтФАтФАтФАтФАтФАтФАтФАтФАтФАтФАтФАтФАтФАтФАтФАтФАтФАтФАтФАтФАтФАтФАтФАтФАтФАтФАтФАтФАтФАтФАтФА
  [1mMetric[0m                     [1mSmall[0m       [1mLarge[0m              [1m╬Ф%[0m  Flag
  тФАтФАтФАтФАтФАтФАтФАтФАтФАтФАтФАтФАтФАтФАтФАтФАтФАтФАтФАтФАтФАтФАтФАтФАтФАтФАтФАтФАтФАтФАтФАтФАтФАтФАтФАтФАтФАтФАтФАтФАтФАтФАтФАтФАтФАтФАтФАтФАтФАтФАтФАтФАтФАтФАтФАтФАтФАтФАтФАтФАтФАтФАтФАтФАтФАтФАтФАтФАтФАтФАтФАтФА
  wall (ms)                   1842        1824                       [32m-1.0%[0m  [32mтЬУ[0m
  heap (MB)                   7.24        7.18                       [32m-0.8%[0m  [32mтЬУ[0m
  heap╬Ф (MB)                  0.24        0.14                      [32m-41.7%[0m  [32mтЬУ[0m
  nodes                       5270        3279                      [32m-37.8%[0m  [32mтЬУ[0m
  task╬Ф (ms)                 92.10      111.30                      [32m+20.8%[0m  [32mтЬУ[0m
  layouts╬Ф                       5           5                       [32m+0.0%[0m  [32mтЬУ[0m

  [36mfilter_fluid_type[0m[90m тАФ Filter by fluid type (first option)[0m
  тФАтФАтФАтФАтФАтФАтФАтФАтФАтФАтФАтФАтФАтФАтФАтФАтФАтФАтФАтФАтФАтФАтФАтФАтФАтФАтФАтФАтФАтФАтФАтФАтФАтФАтФАтФАтФАтФАтФАтФАтФАтФАтФАтФАтФАтФАтФАтФАтФАтФАтФАтФАтФАтФАтФАтФАтФАтФАтФАтФАтФАтФАтФАтФАтФАтФАтФАтФАтФАтФАтФАтФА
  [1mMetric[0m                     [1mSmall[0m       [1mLarge[0m              [1m╬Ф%[0m  Flag
  тФАтФАтФАтФАтФАтФАтФАтФАтФАтФАтФАтФАтФАтФАтФАтФАтФАтФАтФАтФАтФАтФАтФАтФАтФАтФАтФАтФАтФАтФАтФАтФАтФАтФАтФАтФАтФАтФАтФАтФАтФАтФАтФАтФАтФАтФАтФАтФАтФАтФАтФАтФАтФАтФАтФАтФАтФАтФАтФАтФАтФАтФАтФАтФАтФАтФАтФАтФАтФАтФАтФАтФА
  wall (ms)                   1004        1034                       [32m+3.0%[0m  [32mтЬУ[0m
  heap (MB)                   7.22        7.27                       [32m+0.7%[0m  [32mтЬУ[0m
  heap╬Ф (MB)                 -0.02        0.09                     [31m+550.0%[0m  [31mтЬЧ[0m
  nodes                       3278        3266                       [32m-0.4%[0m  [32mтЬУ[0m
  task╬Ф (ms)                 72.30      103.90                      [32m+43.7%[0m  [32mтЬУ[0m
  layouts╬Ф                       6           6                       [32m+0.0%[0m  [32mтЬУ[0m

  [36mfilter_date_range[0m[90m тАФ Filter by date range 2024тАУ2025[0m
  тФАтФАтФАтФАтФАтФАтФАтФАтФАтФАтФАтФАтФАтФАтФАтФАтФАтФАтФАтФАтФАтФАтФАтФАтФАтФАтФАтФАтФАтФАтФАтФАтФАтФАтФАтФАтФАтФАтФАтФАтФАтФАтФАтФАтФАтФАтФАтФАтФАтФАтФАтФАтФАтФАтФАтФАтФАтФАтФАтФАтФАтФАтФАтФАтФАтФАтФАтФАтФАтФАтФАтФА
  [1mMetric[0m                     [1mSmall[0m       [1mLarge[0m              [1m╬Ф%[0m  Flag
  тФАтФАтФАтФАтФАтФАтФАтФАтФАтФАтФАтФАтФАтФАтФАтФАтФАтФАтФАтФАтФАтФАтФАтФАтФАтФАтФАтФАтФАтФАтФАтФАтФАтФАтФАтФАтФАтФАтФАтФАтФАтФАтФАтФАтФАтФАтФАтФАтФАтФАтФАтФАтФАтФАтФАтФАтФАтФАтФАтФАтФАтФАтФАтФАтФАтФАтФАтФАтФАтФАтФАтФА
  wall (ms)                    488         495                       [32m+1.4%[0m  [32mтЬУ[0m
  heap (MB)                   7.22        7.27                       [32m+0.7%[0m  [32mтЬУ[0m
  heap╬Ф (MB)                     0           0                           [90mтАФ[0m  [90mтАФ[0m
  nodes                       3278        3266                       [32m-0.4%[0m  [32mтЬУ[0m
  task╬Ф (ms)                 14.90       23.90                      [33m+60.4%[0m  [33m~[0m
  layouts╬Ф                       0           0                           [90mтАФ[0m  [90mтАФ[0m

  [36mfilter_reset[0m[90m тАФ Clear all filters[0m
  тФАтФАтФАтФАтФАтФАтФАтФАтФАтФАтФАтФАтФАтФАтФАтФАтФАтФАтФАтФАтФАтФАтФАтФАтФАтФАтФАтФАтФАтФАтФАтФАтФАтФАтФАтФАтФАтФАтФАтФАтФАтФАтФАтФАтФАтФАтФАтФАтФАтФАтФАтФАтФАтФАтФАтФАтФАтФАтФАтФАтФАтФАтФАтФАтФАтФАтФАтФАтФАтФАтФАтФА
  [1mMetric[0m                     [1mSmall[0m       [1mLarge[0m              [1m╬Ф%[0m  Flag
  тФАтФАтФАтФАтФАтФАтФАтФАтФАтФАтФАтФАтФАтФАтФАтФАтФАтФАтФАтФАтФАтФАтФАтФАтФАтФАтФАтФАтФАтФАтФАтФАтФАтФАтФАтФАтФАтФАтФАтФАтФАтФАтФАтФАтФАтФАтФАтФАтФАтФАтФАтФАтФАтФАтФАтФАтФАтФАтФАтФАтФАтФАтФАтФАтФАтФАтФАтФАтФАтФАтФАтФА
  wall (ms)                   1095        1097                       [32m+0.2%[0m  [32mтЬУ[0m
  heap (MB)                   7.22        7.28                       [32m+0.8%[0m  [32mтЬУ[0m
  heap╬Ф (MB)                     0        0.01                           [90mтАФ[0m  [90mтАФ[0m
  nodes                       3281        3269                       [32m-0.4%[0m  [32mтЬУ[0m
  task╬Ф (ms)                 15.40       16.60                       [32m+7.8%[0m  [32mтЬУ[0m
  layouts╬Ф                       0           0                           [90mтАФ[0m  [90mтАФ[0m

  [36mopen_experiment_card[0m[90m тАФ Open first experiment card[0m
  тФАтФАтФАтФАтФАтФАтФАтФАтФАтФАтФАтФАтФАтФАтФАтФАтФАтФАтФАтФАтФАтФАтФАтФАтФАтФАтФАтФАтФАтФАтФАтФАтФАтФАтФАтФАтФАтФАтФАтФАтФАтФАтФАтФАтФАтФАтФАтФАтФАтФАтФАтФАтФАтФАтФАтФАтФАтФАтФАтФАтФАтФАтФАтФАтФАтФАтФАтФАтФАтФАтФАтФА
  [1mMetric[0m                     [1mSmall[0m       [1mLarge[0m              [1m╬Ф%[0m  Flag
  тФАтФАтФАтФАтФАтФАтФАтФАтФАтФАтФАтФАтФАтФАтФАтФАтФАтФАтФАтФАтФАтФАтФАтФАтФАтФАтФАтФАтФАтФАтФАтФАтФАтФАтФАтФАтФАтФАтФАтФАтФАтФАтФАтФАтФАтФАтФАтФАтФАтФАтФАтФАтФАтФАтФАтФАтФАтФАтФАтФАтФАтФАтФАтФАтФАтФАтФАтФАтФАтФАтФАтФА
  wall (ms)                   1310        1319                       [32m+0.7%[0m  [32mтЬУ[0m
  heap (MB)                   7.23        7.29                       [32m+0.8%[0m  [32mтЬУ[0m
  heap╬Ф (MB)                  0.01        0.01                       [32m+0.0%[0m  [32mтЬУ[0m
  nodes                       3281        3269                       [32m-0.4%[0m  [32mтЬУ[0m
  task╬Ф (ms)                 40.70       40.40                       [32m-0.7%[0m  [32mтЬУ[0m
  layouts╬Ф                       0           0                           [90mтАФ[0m  [90mтАФ[0m

  [36mnavigate_dashboard[0m[90m тАФ Navigate to dashboard[0m
  тФАтФАтФАтФАтФАтФАтФАтФАтФАтФАтФАтФАтФАтФАтФАтФАтФАтФАтФАтФАтФАтФАтФАтФАтФАтФАтФАтФАтФАтФАтФАтФАтФАтФАтФАтФАтФАтФАтФАтФАтФАтФАтФАтФАтФАтФАтФАтФАтФАтФАтФАтФАтФАтФАтФАтФАтФАтФАтФАтФАтФАтФАтФАтФАтФАтФАтФАтФАтФАтФАтФАтФА
  [1mMetric[0m                     [1mSmall[0m       [1mLarge[0m              [1m╬Ф%[0m  Flag
  тФАтФАтФАтФАтФАтФАтФАтФАтФАтФАтФАтФАтФАтФАтФАтФАтФАтФАтФАтФАтФАтФАтФАтФАтФАтФАтФАтФАтФАтФАтФАтФАтФАтФАтФАтФАтФАтФАтФАтФАтФАтФАтФАтФАтФАтФАтФАтФАтФАтФАтФАтФАтФАтФАтФАтФАтФАтФАтФАтФАтФАтФАтФАтФАтФАтФАтФАтФАтФАтФАтФАтФА
  wall (ms)                   1355        1357                       [32m+0.1%[0m  [32mтЬУ[0m
  heap (MB)                   7.03        7.04                       [32m+0.1%[0m  [32mтЬУ[0m
  heap╬Ф (MB)                 -0.20       -0.25                      [32m-25.0%[0m  [32mтЬУ[0m
  nodes                       3353        3341                       [32m-0.4%[0m  [32mтЬУ[0m
  task╬Ф (ms)                 42.10       56.50                      [32m+34.2%[0m  [32mтЬУ[0m
  layouts╬Ф                       2           2                       [32m+0.0%[0m  [32mтЬУ[0m

  [36mdashboard_back[0m[90m тАФ Return to library from dashboard[0m
  тФАтФАтФАтФАтФАтФАтФАтФАтФАтФАтФАтФАтФАтФАтФАтФАтФАтФАтФАтФАтФАтФАтФАтФАтФАтФАтФАтФАтФАтФАтФАтФАтФАтФАтФАтФАтФАтФАтФАтФАтФАтФАтФАтФАтФАтФАтФАтФАтФАтФАтФАтФАтФАтФАтФАтФАтФАтФАтФАтФАтФАтФАтФАтФАтФАтФАтФАтФАтФАтФАтФАтФА
  [1mMetric[0m                     [1mSmall[0m       [1mLarge[0m              [1m╬Ф%[0m  Flag
  тФАтФАтФАтФАтФАтФАтФАтФАтФАтФАтФАтФАтФАтФАтФАтФАтФАтФАтФАтФАтФАтФАтФАтФАтФАтФАтФАтФАтФАтФАтФАтФАтФАтФАтФАтФАтФАтФАтФАтФАтФАтФАтФАтФАтФАтФАтФАтФАтФАтФАтФАтФАтФАтФАтФАтФАтФАтФАтФАтФАтФАтФАтФАтФАтФАтФАтФАтФАтФАтФАтФАтФА
  wall (ms)                   1144        1123                       [32m-1.8%[0m  [32mтЬУ[0m
  heap (MB)                   7.74        7.74                       [32m+0.0%[0m  [32mтЬУ[0m
  heap╬Ф (MB)                  0.71        0.70                       [32m-1.4%[0m  [32mтЬУ[0m
  nodes                       6395        6371                       [32m-0.4%[0m  [32mтЬУ[0m
  task╬Ф (ms)                104.80       90.80                      [32m-13.4%[0m  [32mтЬУ[0m
  layouts╬Ф                       3           3                       [32m+0.0%[0m  [32mтЬУ[0m

  тФАтФАтФАтФАтФАтФАтФАтФАтФАтФАтФАтФАтФАтФАтФАтФАтФАтФАтФАтФАтФАтФАтФАтФАтФАтФАтФАтФАтФАтФАтФАтФАтФАтФАтФАтФАтФАтФАтФАтФАтФАтФАтФАтФАтФАтФАтФАтФАтФАтФАтФАтФАтФАтФАтФАтФАтФАтФАтФАтФАтФАтФАтФАтФАтФАтФАтФАтФАтФАтФАтФАтФА

[1m  Scaling Analysis[0m
  DB size factor:    7056 / 12 = 588├Ч
  Wall time ratio:   11303 / 11379 = 0.99├Ч
  Scaling efficiency: [32m591.95[0m (higher is better; ideal = 588)

[32m  тЬУ Excellent scaling тАФ wall time grows much slower than DB size[0m

