[2026-04-22T20:11:35.954Z] $ npx eslint .

D:\Development\Rheolab\src\components\analysis\cycle-results-table.tsx
  7:33  error  'formatTime' is defined but never used. Allowed unused vars must match /^_/u  @typescript-eslint/no-unused-vars

D:\Development\Rheolab\src\components\comparison\comparison-chart-uplot.tsx
  309:8  error  React Hook useMemo has a missing dependency: 'chartSettings.rheologyUnits?.timeFormat'. Either include it or remove the dependency array  react-hooks/exhaustive-deps

D:\Development\Rheolab\src\components\shared\UpdateChecker.tsx
  133:9  error  Promises must be awaited, end with a call to .catch, end with a call to .then with a rejection handler or be explicitly marked as ignored with the `void` operator  @typescript-eslint/no-floating-promises

D:\Development\Rheolab\src\hooks\useRheologyChartOptions.ts
  200:5  warning  Unused eslint-disable directive (no problems were reported from 'react-hooks/exhaustive-deps')

D:\Development\Rheolab\src\hooks\useRheologyVisibility.ts
  39:5  error  'previewMode' is defined but never used. Allowed unused args must match /^_/u  @typescript-eslint/no-unused-vars
  40:5  error  'captureMode' is defined but never used. Allowed unused args must match /^_/u  @typescript-eslint/no-unused-vars

D:\Development\Rheolab\tests\e2e\licensing\real-license-ipc.tauri.spec.ts
  159:68  error  The `Function` type accepts any function-like value.
Prefer explicitly defining any function parameters and return type  @typescript-eslint/no-unsafe-function-type

D:\Development\Rheolab\tests\e2e\reports\real-native-export.tauri.spec.ts
  106:55  error  'page' is defined but never used. Allowed unused args must match /^_/u  @typescript-eslint/no-unused-vars
  124:57  error  'page' is defined but never used. Allowed unused args must match /^_/u  @typescript-eslint/no-unused-vars

✖ 9 problems (8 errors, 1 warning)
  0 errors and 1 warning potentially fixable with the `--fix` option.


[2026-04-22T20:11:49.996Z] exit=1 signal=none timedOut=false
