[2026-04-22T20:12:03.425Z] $ cargo check --manifest-path "D:/Development/Rheolab/src-tauri/Cargo.toml"
   Compiling proc-macro2 v1.0.106
   Compiling quote v1.0.45
   Compiling unicode-ident v1.0.24
   Compiling cfg-if v1.0.4
   Compiling serde_core v1.0.228
   Compiling serde v1.0.228
   Compiling zerocopy v0.8.48
   Compiling getrandom v0.3.4
   Compiling version_check v0.9.5
   Compiling autocfg v1.5.0
   Compiling thiserror v2.0.18
    Checking windows-link v0.2.1
   Compiling zmij v1.0.21
   Compiling icu_properties_data v2.2.0
   Compiling icu_normalizer_data v2.2.0
   Compiling getrandom v0.2.17
   Compiling find-msvc-tools v0.1.9
   Compiling shlex v1.3.0
   Compiling rand_core v0.6.4
   Compiling parking_lot_core v0.9.12
   Compiling siphasher v1.0.2
   Compiling stable_deref_trait v1.2.1
   Compiling memchr v2.8.0
   Compiling thiserror v1.0.69
    Checking smallvec v1.15.1
   Compiling phf_shared v0.11.3
   Compiling siphasher v0.3.11
   Compiling getrandom v0.1.16
   Compiling jobserver v0.1.34
    Checking once_cell v1.21.4
   Compiling typeid v1.0.3
    Checking itoa v1.0.18
    Checking windows-sys v0.61.2
   Compiling cc v1.2.60
   Compiling syn v1.0.109
   Compiling ident_case v1.0.1
   Compiling writeable v0.6.3
   Compiling strsim v0.11.1
   Compiling litemap v0.8.2
   Compiling utf8_iter v1.0.4
   Compiling rand_core v0.5.1
   Compiling erased-serde v0.4.10
    Checking value-bag v1.12.0
   Compiling phf_shared v0.8.0
   Compiling libc v0.2.185
   Compiling proc-macro-hack v0.5.20+deprecated
   Compiling rand_pcg v0.2.1
   Compiling phf_shared v0.10.0
   Compiling syn v2.0.117
    Checking log v0.4.29
   Compiling byteorder v1.5.0
   Compiling scopeguard v1.2.0
   Compiling getrandom v0.4.2
   Compiling new_debug_unreachable v1.0.6
   Compiling anyhow v1.0.102
   Compiling serde_json v1.0.149
   Compiling lock_api v0.4.14
   Compiling crc32fast v1.5.0
   Compiling precomputed-hash v0.1.1
   Compiling mac v0.1.1
   Compiling winnow v1.0.2
   Compiling parking_lot v0.12.5
   Compiling futf v0.1.5
   Compiling bitflags v1.3.2
   Compiling toml_writer v1.1.1+spec-1.1.0
   Compiling winnow v0.7.15
   Compiling utf-8 v0.7.6
   Compiling percent-encoding v2.3.2
   Compiling dtoa v1.0.11
   Compiling tendril v0.4.3
   Compiling aho-corasick v1.1.4
   Compiling indexmap v1.9.3
   Compiling toml_parser v1.1.2+spec-1.1.0
   Compiling dtoa-short v0.3.5
   Compiling form_urlencoded v1.2.2
   Compiling nodrop v0.1.14
   Compiling camino v1.2.2
   Compiling unic-char-range v0.9.0
   Compiling matches v0.1.10
   Compiling convert_case v0.4.0
   Compiling regex-syntax v0.8.10
   Compiling alloc-no-stdlib v2.0.4
   Compiling unic-common v0.9.0
   Compiling semver v1.0.28
   Compiling toml_datetime v0.7.5+spec-1.1.0
   Compiling serde_spanned v1.1.1
   Compiling uuid v1.23.1
   Compiling alloc-stdlib v0.2.2
   Compiling unic-char-property v0.9.0
   Compiling unic-ucd-version v0.9.0
   Compiling servo_arc v0.2.0
   Compiling fxhash v0.2.1
   Compiling phf v0.8.0
   Compiling windows_x86_64_msvc v0.52.6
   Compiling equivalent v1.0.2
   Compiling fnv v1.0.7
   Compiling hashbrown v0.17.0
   Compiling winapi-util v0.1.11
   Compiling schemars v0.8.22
   Compiling hashbrown v0.12.3
   Compiling cfb v0.7.3
   Compiling same-file v1.0.6
   Compiling unic-ucd-ident v0.9.0
   Compiling brotli-decompressor v5.0.0
   Compiling toml v0.9.12+spec-1.1.0
   Compiling generic-array v0.14.7
   Compiling indexmap v2.14.0
   Compiling dyn-clone v1.0.20
   Compiling dunce v1.0.5
   Compiling bytes v1.11.1
   Compiling infer v0.19.0
   Compiling serde-untagged v0.1.9
   Compiling walkdir v2.5.0
   Compiling glob v0.3.3
   Compiling rustc_version v0.4.1
   Compiling heck v0.5.0
   Compiling libm v0.2.16
   Compiling regex-automata v0.4.14
    Checking bitflags v2.11.1
   Compiling brotli v8.0.2
   Compiling http v1.4.0
   Compiling vswhom-sys v0.1.3
    Checking allocator-api2 v0.2.21
    Checking foldhash v0.2.0
   Compiling windows-targets v0.52.6
   Compiling synstructure v0.13.2
   Compiling darling_core v0.23.0
   Compiling serde_derive_internals v0.29.1
    Checking pin-project-lite v0.2.17
   Compiling windows-sys v0.59.0
   Compiling ppv-lite86 v0.2.21
    Checking simd-adler32 v0.3.9
   Compiling vswhom v0.1.0
   Compiling option-ext v0.2.0
   Compiling crossbeam-utils v0.8.21
   Compiling rand_chacha v0.3.1
   Compiling rand_chacha v0.2.2
   Compiling dirs-sys v0.5.0
    Checking adler2 v2.0.1
   Compiling dirs v6.0.0
    Checking miniz_oxide v0.8.9
   Compiling rand v0.8.6
   Compiling rand v0.7.3
   Compiling num-traits v0.2.19
   Compiling num-conv v0.2.1
   Compiling time-core v0.1.8
    Checking powerfmt v0.2.0
   Compiling cssparser v0.29.6
    Checking windows-link v0.1.3
    Checking deranged v0.5.8
   Compiling time-macros v0.2.27
    Checking flate2 v1.1.9
   Compiling serde_derive v1.0.228
   Compiling zerofrom-derive v0.1.7
   Compiling displaydoc v0.2.5
   Compiling yoke-derive v0.8.2
   Compiling zerovec-derive v0.11.3
   Compiling thiserror-impl v2.0.18
   Compiling phf_generator v0.11.3
   Compiling thiserror-impl v1.0.69
   Compiling phf_macros v0.11.3
   Compiling ctor v0.2.9
   Compiling string_cache_codegen v0.5.4
   Compiling phf_codegen v0.11.3
   Compiling phf_generator v0.8.0
   Compiling phf_generator v0.10.0
   Compiling phf_codegen v0.8.0
   Compiling cssparser-macros v0.6.1
   Compiling phf_macros v0.10.0
   Compiling zerofrom v0.1.7
   Compiling selectors v0.24.0
   Compiling match_token v0.1.0
   Compiling phf v0.11.3
   Compiling markup5ever v0.14.1
   Compiling derive_more v0.99.20
   Compiling schemars_derive v0.8.22
   Compiling yoke v0.8.2
   Compiling darling_macro v0.23.0
   Compiling regex v1.12.3
   Compiling winreg v0.55.0
   Compiling zerocopy-derive v0.8.48
   Compiling darling v0.23.0
   Compiling zerovec v0.11.6
   Compiling zerotrie v0.2.4
   Compiling embed-resource v3.0.8
   Compiling phf v0.10.1
    Checking mio v1.2.0
   Compiling serde_with_macros v3.18.0
    Checking time v0.3.47
   Compiling tauri-winres v0.3.5
    Checking socket2 v0.6.3
   Compiling tokio-macros v2.7.0
   Compiling windows-implement v0.60.2
   Compiling windows-interface v0.59.3
    Checking windows-result v0.3.4
    Checking windows-strings v0.4.2
   Compiling tinystr v0.8.3
   Compiling potential_utf v0.1.5
    Checking tracing-core v0.1.36
   Compiling icu_collections v2.2.0
   Compiling icu_locale_core v2.2.0
    Checking tokio v1.52.1
    Checking rand_core v0.10.1
   Compiling serde_with v3.18.0
    Checking windows-core v0.61.2
   Compiling tracing-attributes v0.1.31
    Checking typenum v1.20.0
    Checking unicode-segmentation v1.13.2
   Compiling string_cache v0.8.9
   Compiling jsonptr v0.6.3
   Compiling cargo-platform v0.1.9
   Compiling cargo_toml v0.22.3
   Compiling cargo_metadata v0.19.2
    Checking cpufeatures v0.3.0
   Compiling json-patch v3.0.1
    Checking chacha20 v0.10.0
    Checking windows-threading v0.1.0
    Checking subtle v2.6.1
    Checking windows-future v0.2.1
    Checking windows-numerics v0.2.0
    Checking windows-collections v0.2.0
    Checking rand v0.10.1
    Checking icu_provider v2.2.0
   Compiling bytemuck_derive v1.10.2
   Compiling cookie v0.18.1
    Checking icu_properties v2.2.0
   Compiling html5ever v0.29.1
    Checking icu_normalizer v2.2.0
    Checking tracing v0.1.44
    Checking raw-window-handle v0.6.2
   Compiling windows_x86_64_msvc v0.53.1
    Checking zeroize v1.8.2
    Checking windows v0.61.3
   Compiling webview2-com-sys v0.38.2
    Checking arrayvec v0.7.6
   Compiling kuchikiki v0.8.8-speedreader
    Checking bytemuck v1.25.0
    Checking crypto-common v0.1.7
    Checking dpi v0.1.2
    Checking idna_adapter v1.2.1
   Compiling yoke-derive v0.7.5
    Checking idna v1.1.0
    Checking base64 v0.22.1
    Checking url v2.5.8
    Checking futures-core v0.3.32
   Compiling block-buffer v0.10.4
    Checking windows-targets v0.53.5
   Compiling fdeflate v0.3.7
   Compiling webview2-com-macros v0.8.1
   Compiling zerovec-derive v0.10.3
    Checking windows-version v0.1.7
   Compiling urlpattern v0.3.0
    Checking yoke v0.7.5
   Compiling png v0.17.16
    Checking windows-sys v0.60.2
   Compiling digest v0.10.7
    Checking crossbeam-channel v0.5.15
   Compiling wry v0.54.4
   Compiling tauri-runtime v2.10.1
   Compiling cpufeatures v0.2.17
   Compiling ring v0.17.14
   Compiling sha2 v0.10.9
   Compiling ico v0.5.0
   Compiling ahash v0.8.12
   Compiling tauri-runtime-wry v2.10.1
    Checking zerovec v0.10.4
    Checking spin v0.9.8
   Compiling tauri-utils v2.8.3
    Checking softbuffer v0.4.8
    Checking keyboard-types v0.7.0
    Checking litemap v0.7.5
   Compiling serialize-to-javascript-impl v0.1.2
    Checking mime v0.3.17
   Compiling pkg-config v0.3.33
    Checking ryu v1.0.23
    Checking tinyvec_macros v0.1.1
    Checking slab v0.4.12
    Checking tinyvec v1.11.0
    Checking window-vibrancy v0.6.0
    Checking serialize-to-javascript v0.1.2
    Checking rustls-pki-types v1.14.0
    Checking cobs v0.3.0
    Checking core_maths v0.1.1
   Compiling serde_repr v0.1.20
    Checking tinystr v0.7.6
    Checking writeable v0.5.5
   Compiling object v0.37.3
    Checking untrusted v0.9.0
    Checking const-oid v0.9.6
    Checking futures-sink v0.3.32
    Checking postcard v1.1.3
    Checking hashbrown v0.14.5
    Checking http-body v1.0.1
   Compiling futures-macro v0.3.32
   Compiling icu_provider_macros v1.5.0
    Checking tokio-util v0.7.18
    Checking icu_locid v1.5.0
    Checking crossbeam-epoch v0.9.18
   Compiling slotmap v1.1.1
    Checking unicode-script v0.5.8
   Compiling rustversion v1.0.22
    Checking float-cmp v0.9.0
   Compiling rayon-core v1.13.0
   Compiling rustls v0.23.38
    Checking futures-task v0.3.32
   Compiling paste v1.0.15
   Compiling httparse v1.10.1
    Checking strict-num v0.1.1
    Checking icu_provider v1.5.0
    Checking crossbeam-deque v0.8.6
    Checking ttf-parser v0.24.1
    Checking lazy_static v1.5.0
    Checking num-integer v0.1.46
    Checking atomic-waker v1.1.2
    Checking tower-service v0.3.3
   Compiling portable-atomic v1.13.1
    Checking try-lock v0.2.5
    Checking arrayref v0.3.9
    Checking weezl v0.1.12
   Compiling icu_locid_transform_data v1.5.1
    Checking futures-util v0.3.32
    Checking color_quant v1.1.0
    Checking tiny-skia-path v0.11.4
    Checking want v0.3.1
    Checking h2 v0.4.13
    Checking futures-channel v0.3.32
    Checking font-types v0.10.1
    Checking kurbo v0.11.3
    Checking toml_datetime v0.6.3
    Checking serde_spanned v0.6.9
    Checking windows-strings v0.5.1
    Checking windows-result v0.4.1
    Checking encoding_rs v0.8.35
    Checking either v1.15.0
    Checking muda v0.17.2
    Checking byteorder-lite v0.1.0
    Checking unicode-bidi-mirroring v0.3.0
    Checking unscanny v0.1.0
    Checking memmap2 v0.9.10
    Checking winnow v0.5.40
    Checking bit-vec v0.8.0
   Compiling winapi v0.3.9
   Compiling rust_decimal v1.41.0
    Checking unicode-properties v0.1.4
    Checking unicode-ccc v0.3.0
    Checking data-url v0.3.2
    Checking compression-core v0.4.31
    Checking svgtypes v0.15.3
    Checking bit-set v0.8.0
    Checking compression-codecs v0.4.37
    Checking windows-registry v0.6.1
    Checking rayon v1.12.0
    Checking read-fonts v0.35.0
   Compiling strum_macros v0.26.4
    Checking rustybuzz v0.18.0
    Checking fontdb v0.21.0
    Checking half v2.7.1
    Checking sync_wrapper v1.0.2
    Checking block-padding v0.3.3
   Compiling pathfinder_simd v0.5.5
    Checking simplecss v0.2.2
    Checking quick-xml v0.38.4
    Checking thin-vec v0.2.16
    Checking ipnet v2.12.0
   Compiling icu_properties_data v1.5.1
    Checking toml_edit v0.20.2
    Checking unicode-bidi v0.3.18
   Compiling windows_x86_64_msvc v0.48.5
    Checking zune-core v0.5.1
    Checking pico-args v0.5.0
    Checking unicode-vo v0.1.0
    Checking roxmltree v0.20.0
    Checking base64ct v1.8.3
    Checking hyper v1.9.0
    Checking bumpalo v3.20.2
    Checking ciborium-io v0.2.2
   Compiling icu_segmenter_data v1.5.1
    Checking rustls-webpki v0.103.13
    Checking imagesize v0.13.0
    Checking linked-hash-map v0.5.6
    Checking xmlwriter v0.1.0
    Checking tower-layer v0.3.3
    Checking pxfm v0.1.29
    Checking yaml-rust v0.4.5
    Checking usvg v0.43.0
    Checking pem-rfc7468 v0.7.0
    Checking strum v0.26.3
    Checking ciborium-ll v0.2.2
    Checking tower v0.5.3
   Compiling ar_archive_writer v0.5.1
    Checking zune-jpeg v0.5.15
    Checking plist v1.8.0
    Checking inout v0.1.4
    Checking icu_locid_transform v1.5.0
    Checking async-compression v0.4.41
    Checking toml v0.8.2
    Checking fancy-regex v0.16.2
    Checking hyper-util v0.1.20
    Checking typst-utils v0.12.0
    Checking gif v0.14.2
    Checking string-interner v0.17.0
    Checking png v0.18.1
    Checking webpki-roots v1.0.7
    Checking http-body-util v0.1.3
    Checking unicode-normalization v0.1.25
   Compiling zstd-sys v2.0.16+zstd.1.5.7
    Checking icu_collections v1.5.0
    Checking kurbo v0.12.0
   Compiling psm v0.1.30
    Checking bincode v1.3.3
    Checking ecow v0.2.6
    Checking quick-xml v0.36.2
    Checking unic-langid-impl v0.9.6
   Compiling enum-ordinalize-derive v4.3.2
   Compiling stacker v0.1.23
    Checking quick-error v2.0.1
   Compiling by_address v1.2.1
    Checking unicode-math-class v0.1.0
    Checking indexmap-nostd v0.4.0
   Compiling palette v0.7.6
    Checking iri-string v0.7.12
    Checking numerals v0.1.4
    Checking zune-core v0.4.12
   Compiling tauri-plugin v2.5.4
   Compiling tauri-build v2.5.6
   Compiling tauri-codegen v2.5.5
    Checking unsafe-libyaml v0.2.11
   Compiling vcpkg v0.2.15
    Checking downcast-rs v1.2.1
    Checking wasmi_core v0.35.0
    Checking zune-jpeg v0.4.21
    Checking enum-ordinalize v4.3.2
    Checking biblatex v0.10.0
    Checking wasmparser-nostd v0.100.2
    Checking citationberg v0.5.0
    Checking serde_yaml v0.9.34+deprecated
    Checking skrifa v0.37.0
    Checking write-fonts v0.43.0
    Checking typst-syntax v0.12.0
    Checking wio v0.2.2
   Compiling libsqlite3-sys v0.30.1
   Compiling palette_derive v0.7.6
    Checking unic-langid v0.9.6
    Checking image-webp v0.1.3
    Checking syntect v5.3.0
    Checking wasmi_collections v0.35.0
    Checking tower-http v0.6.8
    Checking cipher v0.4.4
    Checking tokio-rustls v0.26.4
    Checking der v0.7.10
    Checking ciborium v0.2.2
    Checking tiny-skia v0.11.4
    Checking hyper-rustls v0.27.9
    Checking gif v0.13.3
    Checking num-bigint v0.4.6
    Checking zerotrie v0.1.3
    Checking rgb v0.8.53
    Checking approx v0.5.1
   Compiling comemo-macros v0.4.0
   Compiling num-derive v0.4.2
    Checking csv-core v0.1.13
   Compiling Inflector v0.11.4
    Checking chinese-variant v1.1.5
    Checking mutate_once v0.1.2
    Checking psl-types v2.0.11
    Checking rustc-hash v2.1.2
   Compiling font-kit v0.14.3
    Checking multi-stash v0.2.0
    Checking fast-srgb8 v1.0.0
   Compiling zip v2.4.2
   Compiling litrs v1.0.0
    Checking publicsuffix v2.3.0
    Checking resvg v0.43.0
    Checking moxcms v0.8.1
    Checking comemo v0.4.0
   Compiling specta-macros v2.0.0-rc.18
    Checking icu_provider_blob v1.5.0
    Checking chinese-number v0.7.8
    Checking kamadak-exif v0.5.5
    Checking csv v1.4.0
    Checking hayagriva v0.8.1
    Checking pathfinder_geometry v0.5.1
    Checking two-face v0.4.5
    Checking wasmi v0.35.0
    Checking icu_segmenter v1.5.0
    Checking icu_properties v1.5.1
    Checking spki v0.7.3
    Checking windows-targets v0.48.5
    Checking typst-timing v0.12.0
    Checking dwrote v0.11.5
   Compiling document-features v0.2.12
    Checking icu_provider_adapters v1.5.0
    Checking zopfli v0.8.3
    Checking lipsum v0.9.1
    Checking pdf-writer v0.12.1
    Checking subsetter v0.2.3
    Checking universal-hash v0.5.1
   Compiling typst-macros v0.12.0
   Compiling zstd-safe v7.2.4
    Checking typed-arena v2.0.2
    Checking az v1.3.0
    Checking if_chain v1.0.3
    Checking hypher v0.1.7
    Checking qcms v0.3.0
   Compiling rfd v0.16.0
    Checking typst-assets v0.12.0
   Compiling num-bigint-dig v0.8.6
    Checking float-ord v0.3.2
    Checking plotters-backend v0.3.7
    Checking opaque-debug v0.3.1
    Checking polyval v0.6.2
    Checking plotters-svg v0.3.7
    Checking specta v2.0.0-rc.22
    Checking cookie_store v0.22.1
    Checking pkcs8 v0.10.2
    Checking windows-sys v0.48.0
    Checking rustls-platform-verifier v0.6.2
    Checking codepage v0.1.2
    Checking quick-xml v0.30.0
    Checking num-iter v0.1.45
    Checking hashlink v0.9.1
    Checking serde_urlencoded v0.7.1
    Checking rand_core v0.9.5
    Checking open v5.3.4
    Checking zip v0.6.6
    Checking chrono v0.4.44
    Checking scheduled-thread-pool v0.2.7
   Compiling rust_xlsxwriter_derive v0.2.0
    Checking fastrand v2.4.1
    Checking fallible-streaming-iterator v0.1.9
    Checking utf8-width v0.1.8
    Checking fallible-iterator v0.3.0
    Checking ttf-parser v0.20.0
    Checking xmp-writer v0.3.3
    Checking byte-unit v5.2.0
    Checking tempfile v3.27.0
    Checking r2d2 v0.8.10
    Checking specta-serde v0.0.9
    Checking reqwest v0.12.28
    Checking rand_chacha v0.9.0
    Checking rusqlite v0.32.1
    Checking reqwest v0.13.2
    Checking pkcs1 v0.7.5
    Checking ghash v0.5.1
    Checking rust_xlsxwriter v0.80.0
    Checking dirs-sys v0.4.1
    Checking aes v0.8.4
    Checking ctr v0.9.2
    Checking image v0.25.10
    Checking hmac v0.12.1
    Checking calamine v0.22.1
    Checking signature v2.2.0
    Checking shared_child v1.1.1
    Checking sharded-slab v0.1.7
    Checking aead v0.5.2
    Checking matchers v0.2.0
    Checking os_info v3.14.0
    Checking tracing-log v0.2.0
    Checking nu-ansi-term v0.50.3
    Checking os_pipe v1.2.3
    Checking zip v4.6.1
    Checking fern v0.7.1
    Checking gethostname v1.1.0
    Checking thread_local v1.1.9
    Checking sys-locale v0.3.2
    Checking minisign-verify v0.2.5
    Checking r2d2_sqlite v0.25.0
    Checking aes-gcm v0.10.3
    Checking rsa v0.9.10
    Checking hkdf v0.12.4
    Checking dirs v5.0.1
    Checking plotters v0.3.7
    Checking rand v0.9.4
    Checking specta-typescript v0.0.9
    Checking cbc v0.1.2
   Compiling async-trait v0.1.89
    Checking lru v0.17.0
    Checking tracing-subscriber v0.3.23
    Checking hex v0.4.3
    Checking urlencoding v2.1.3
   Compiling tauri v2.10.3
   Compiling tauri-macros v2.5.5
   Compiling tauri-plugin-fs v2.5.0
   Compiling tauri-plugin-opener v2.5.3
   Compiling tauri-plugin-dialog v2.7.0
   Compiling tauri-plugin-process v2.3.1
   Compiling tauri-plugin-shell v2.3.5
   Compiling tauri-plugin-log v2.8.0
   Compiling tauri-plugin-http v2.5.8
   Compiling tauri-plugin-os v2.3.2
   Compiling tauri-plugin-updater v2.10.1
   Compiling rheolab-enterprise v0.2.0-beta.25 (D:\Development\Rheolab\src-tauri)
    Checking zstd v0.13.3
    Checking typst v0.12.0
    Checking svg2pdf v0.12.0
    Checking tao v0.34.8
    Checking webview2-com v0.38.2
    Checking typst-pdf v0.12.0
    Checking rheolab-core v0.1.0 (D:\Development\Rheolab\src\rust\rheolab-core)
    Finished `dev` profile [unoptimized + debuginfo] target(s) in 2m 13s

[2026-04-22T20:14:16.999Z] exit=0 signal=none timedOut=false
