[2026-04-23T18:30:53.851Z] wrapper start
[2026-04-23T18:30:53.852Z] cwd=D:\Development\Rheolab
[2026-04-23T18:30:53.852Z] command=npm.cmd exec tauri -- build
[2026-04-23T18:30:53.852Z] RHEOLAB_SKIP_VERSION_BUMP=
[2026-04-23T18:30:53.852Z] INTEGRITY_SECRET_KEY present=true dev_sentinel=false
[2026-04-23T18:30:53.852Z] TAURI_SIGNING_PRIVATE_KEY present=true len=348
[2026-04-23T18:30:53.852Z] TAURI_SIGNING_PRIVATE_KEY_PASSWORD present=true
[2026-04-23T18:30:53.854Z] direct spawn failed (EINVAL), switching to shell fallback
[2026-04-23T18:30:53.854Z] using shell fallback: npm.cmd "exec" "tauri" "--" "build"
[2026-04-23T18:30:54.538Z] [stderr]         Info Looking up installed tauri packages to check mismatched versions...
[2026-04-23T18:30:55.228Z] [stderr]      Running beforeBuildCommand `npm run build`
[2026-04-23T18:30:55.442Z] [stdout] 
[2026-04-23T18:30:55.442Z] [stdout] > rheolab-enterprise@0.2.0-beta.37 build
[2026-04-23T18:30:55.442Z] [stdout] > vite build
[2026-04-23T18:30:55.442Z] [stdout] 
[2026-04-23T18:30:55.748Z] [stdout] [36mvite v6.4.2 [32mbuilding for production...[36m[39m
[2026-04-23T18:30:55.788Z] [stdout] transforming...
[2026-04-23T18:31:05.898Z] [stderr] [33m[plugin vite:resolve] Module "crypto" has been externalized for browser compatibility, imported by "D:/Development/Rheolab/src/lib/utils/encryption.ts". See https://vite.dev/guide/troubleshooting.html#module-externalized-for-browser-compatibility for more details.[39m
[2026-04-23T18:31:07.112Z] [stdout] [32m✓[39m 2936 modules transformed.
[2026-04-23T18:31:07.320Z] [stdout] rendering chunks...
[2026-04-23T18:31:07.422Z] [stdout] computing gzip size...
[2026-04-23T18:31:07.436Z] [stdout] [2mdist/[22m[32mindex.html                                  [39m[1m[2m  1.70 kB[22m[1m[22m[2m │ gzip:  0.85 kB[22m
[2026-04-23T18:31:07.438Z] [stdout] [2mdist/[22m[35massets/ChartErrorBoundary-Saz_VHki.css      [39m[1m[2m  1.63 kB[22m[1m[22m[2m │ gzip:  0.70 kB[22m
[2026-04-23T18:31:07.438Z] [stdout] [2mdist/[22m[35massets/main-D3ikF6Pd.css                    [39m[1m[2m144.37 kB[22m[1m[22m[2m │ gzip: 20.84 kB[22m
[2026-04-23T18:31:07.438Z] [stdout] [2mdist/[22m[36massets/__vite-browser-external-BIHI7g3E.js  [39m[1m[2m  0.03 kB[22m[1m[22m[2m │ gzip:  0.05 kB[22m
[2026-04-23T18:31:07.438Z] [stdout] [2mdist/[22m[36massets/encryption-DBGXiK_l.js               [39m[1m[2m  0.14 kB[22m[1m[22m[2m │ gzip:  0.15 kB[22m
[2026-04-23T18:31:07.438Z] [stdout] [2mdist/[22m[36massets/page-ag22mqCL.js                     [39m[1m[2m  0.17 kB[22m[1m[22m[2m │ gzip:  0.16 kB[22m
[2026-04-23T18:31:07.439Z] [stdout] [2mdist/[22m[36massets/page-CdAzp9Ph.js                     [39m[1m[2m  0.20 kB[22m[1m[22m[2m │ gzip:  0.17 kB[22m
[2026-04-23T18:31:07.439Z] [stdout] [2mdist/[22m[36massets/tauri-bridge-CWoDbJA9.js             [39m[1m[2m  0.27 kB[22m[1m[22m[2m │ gzip:  0.20 kB[22m
[2026-04-23T18:31:07.439Z] [stdout] [2mdist/[22m[36massets/check-CH-T2z9b.js                    [39m[1m[2m  0.29 kB[22m[1m[22m[2m │ gzip:  0.24 kB[22m
[2026-04-23T18:31:07.439Z] [stdout] [2mdist/[22m[36massets/chevron-up-CsdJ9ldP.js               [39m[1m[2m  0.30 kB[22m[1m[22m[2m │ gzip:  0.25 kB[22m
[2026-04-23T18:31:07.439Z] [stdout] [2mdist/[22m[36massets/chevron-down-C8C826FZ.js             [39m[1m[2m  0.30 kB[22m[1m[22m[2m │ gzip:  0.25 kB[22m
[2026-04-23T18:31:07.439Z] [stdout] [2mdist/[22m[36massets/plus-CCuED682.js                     [39m[1m[2m  0.33 kB[22m[1m[22m[2m │ gzip:  0.25 kB[22m
[2026-04-23T18:31:07.439Z] [stdout] [2mdist/[22m[36massets/circle-check-DNapcnl5.js             [39m[1m[2m  0.35 kB[22m[1m[22m[2m │ gzip:  0.27 kB[22m
[2026-04-23T18:31:07.439Z] [stdout] [2mdist/[22m[36massets/rotate-ccw-DBbvO5AX.js               [39m[1m[2m  0.37 kB[22m[1m[22m[2m │ gzip:  0.29 kB[22m
[2026-04-23T18:31:07.439Z] [stdout] [2mdist/[22m[36massets/upload-Bl6AlYlq.js                   [39m[1m[2m  0.40 kB[22m[1m[22m[2m │ gzip:  0.30 kB[22m
[2026-04-23T18:31:07.439Z] [stdout] [2mdist/[22m[36massets/activity-BD4Zj-aH.js                 [39m[1m[2m  0.41 kB[22m[1m[22m[2m │ gzip:  0.30 kB[22m
[2026-04-23T18:31:07.439Z] [stdout] [2mdist/[22m[36massets/settings-2-C0Y339gA.js               [39m[1m[2m  0.42 kB[22m[1m[22m[2m │ gzip:  0.30 kB[22m
[2026-04-23T18:31:07.439Z] [stdout] [2mdist/[22m[36massets/circle-alert-DLb4FbZZ.js             [39m[1m[2m  0.42 kB[22m[1m[22m[2m │ gzip:  0.29 kB[22m
[2026-04-23T18:31:07.439Z] [stdout] [2mdist/[22m[36massets/calendar-BfzwSfOq.js                 [39m[1m[2m  0.43 kB[22m[1m[22m[2m │ gzip:  0.31 kB[22m
[2026-04-23T18:31:07.439Z] [stdout] [2mdist/[22m[36massets/key-BSun-19J.js                      [39m[1m[2m  0.43 kB[22m[1m[22m[2m │ gzip:  0.32 kB[22m
[2026-04-23T18:31:07.439Z] [stdout] [2mdist/[22m[36massets/pencil-Bb9le913.js                   [39m[1m[2m  0.45 kB[22m[1m[22m[2m │ gzip:  0.33 kB[22m
[2026-04-23T18:31:07.439Z] [stdout] [2mdist/[22m[36massets/flask-conical-DHOkuCbp.js            [39m[1m[2m  0.47 kB[22m[1m[22m[2m │ gzip:  0.33 kB[22m
[2026-04-23T18:31:07.439Z] [stdout] [2mdist/[22m[36massets/languages-CFs7y5-N.js                [39m[1m[2m  0.49 kB[22m[1m[22m[2m │ gzip:  0.32 kB[22m
[2026-04-23T18:31:07.440Z] [stdout] [2mdist/[22m[36massets/trash-2-hZnjIOIo.js                  [39m[1m[2m  0.50 kB[22m[1m[22m[2m │ gzip:  0.32 kB[22m
[2026-04-23T18:31:07.440Z] [stdout] [2mdist/[22m[36massets/file-down-CHNsDNcA.js                [39m[1m[2m  0.53 kB[22m[1m[22m[2m │ gzip:  0.35 kB[22m
[2026-04-23T18:31:07.440Z] [stdout] [2mdist/[22m[36massets/branding-store-DJ1t2B1V.js           [39m[1m[2m  0.54 kB[22m[1m[22m[2m │ gzip:  0.28 kB[22m
[2026-04-23T18:31:07.440Z] [stdout] [2mdist/[22m[36massets/building-2-C1T301-N.js               [39m[1m[2m  0.56 kB[22m[1m[22m[2m │ gzip:  0.34 kB[22m
[2026-04-23T18:31:07.440Z] [stdout] [2mdist/[22m[36massets/file-spreadsheet-BaN_OlXj.js         [39m[1m[2m  0.60 kB[22m[1m[22m[2m │ gzip:  0.37 kB[22m
[2026-04-23T18:31:07.440Z] [stdout] [2mdist/[22m[36massets/input-i6nmp06W.js                    [39m[1m[2m  0.60 kB[22m[1m[22m[2m │ gzip:  0.38 kB[22m
[2026-04-23T18:31:07.440Z] [stdout] [2mdist/[22m[36massets/circle-x-CFIHmeXG.js                 [39m[1m[2m  0.69 kB[22m[1m[22m[2m │ gzip:  0.35 kB[22m
[2026-04-23T18:31:07.440Z] [stdout] [2mdist/[22m[36massets/user-CtoOkCVG.js                     [39m[1m[2m  0.74 kB[22m[1m[22m[2m │ gzip:  0.38 kB[22m
[2026-04-23T18:31:07.440Z] [stdout] [2mdist/[22m[36massets/client-CuFA3hV5.js                   [39m[1m[2m  0.75 kB[22m[1m[22m[2m │ gzip:  0.40 kB[22m
[2026-04-23T18:31:07.440Z] [stdout] [2mdist/[22m[36massets/useFocusTrap-DBIo29X4.js             [39m[1m[2m  0.84 kB[22m[1m[22m[2m │ gzip:  0.44 kB[22m
[2026-04-23T18:31:07.440Z] [stdout] [2mdist/[22m[36massets/search-DzVjZZve.js                   [39m[1m[2m  0.89 kB[22m[1m[22m[2m │ gzip:  0.41 kB[22m
[2026-04-23T18:31:07.440Z] [stdout] [2mdist/[22m[36massets/settings--FWrom2u.js                 [39m[1m[2m  0.98 kB[22m[1m[22m[2m │ gzip:  0.42 kB[22m
[2026-04-23T18:31:07.440Z] [stdout] [2mdist/[22m[36massets/update-install-B-u1WbAO.js           [39m[1m[2m  1.11 kB[22m[1m[22m[2m │ gzip:  0.62 kB[22m
[2026-04-23T18:31:07.443Z] [stdout] [2mdist/[22m[36massets/card-_WmybIzk.js                     [39m[1m[2m  1.58 kB[22m[1m[22m[2m │ gzip:  0.67 kB[22m
[2026-04-23T18:31:07.443Z] [stdout] [2mdist/[22m[36massets/index-DIwJITar.js                    [39m[1m[2m  1.89 kB[22m[1m[22m[2m │ gzip:  0.92 kB[22m
[2026-04-23T18:31:07.444Z] [stdout] [2mdist/[22m[36massets/button-BT3G0Tmy.js                   [39m[1m[2m  1.94 kB[22m[1m[22m[2m │ gzip:  0.96 kB[22m
[2026-04-23T18:31:07.444Z] [stdout] [2mdist/[22m[36massets/PrecisionSettingsCard-Ch2wFW86.js    [39m[1m[2m  2.05 kB[22m[1m[22m[2m │ gzip:  0.98 kB[22m
[2026-04-23T18:31:07.444Z] [stdout] [2mdist/[22m[36massets/alert-dialog-BHLoW7Q4.js             [39m[1m[2m  2.12 kB[22m[1m[22m[2m │ gzip:  0.77 kB[22m
[2026-04-23T18:31:07.444Z] [stdout] [2mdist/[22m[36massets/TrialBanner-C0BNkvV9.js              [39m[1m[2m  2.26 kB[22m[1m[22m[2m │ gzip:  1.22 kB[22m
[2026-04-23T18:31:07.444Z] [stdout] [2mdist/[22m[36massets/label-BYP0SPCu.js                    [39m[1m[2m  2.52 kB[22m[1m[22m[2m │ gzip:  0.95 kB[22m
[2026-04-23T18:31:07.444Z] [stdout] [2mdist/[22m[36massets/BrandingManager-In4D4Vwc.js          [39m[1m[2m  2.55 kB[22m[1m[22m[2m │ gzip:  1.16 kB[22m
[2026-04-23T18:31:07.444Z] [stdout] [2mdist/[22m[36massets/UpdateChecker-CynkykrX.js            [39m[1m[2m  3.38 kB[22m[1m[22m[2m │ gzip:  1.46 kB[22m
[2026-04-23T18:31:07.444Z] [stdout] [2mdist/[22m[36massets/water-analysis-panel-VPYB6-Au.js     [39m[1m[2m  3.64 kB[22m[1m[22m[2m │ gzip:  1.61 kB[22m
[2026-04-23T18:31:07.444Z] [stdout] [2mdist/[22m[36massets/index-CK4idhfD.js                    [39m[1m[2m  3.66 kB[22m[1m[22m[2m │ gzip:  1.34 kB[22m
[2026-04-23T18:31:07.444Z] [stdout] [2mdist/[22m[36massets/expert-settings-panel-k4B90hc8.js    [39m[1m[2m  3.89 kB[22m[1m[22m[2m │ gzip:  1.38 kB[22m
[2026-04-23T18:31:07.444Z] [stdout] [2mdist/[22m[36massets/UnitSystemCard-DBn1AAJP.js           [39m[1m[2m  4.22 kB[22m[1m[22m[2m │ gzip:  1.76 kB[22m
[2026-04-23T18:31:07.444Z] [stdout] [2mdist/[22m[36massets/settings-shared-Cjk_IZEw.js          [39m[1m[2m  4.51 kB[22m[1m[22m[2m │ gzip:  1.75 kB[22m
[2026-04-23T18:31:07.444Z] [stdout] [2mdist/[22m[36massets/LicenseActivationDialog-BOABryqI.js  [39m[1m[2m  5.38 kB[22m[1m[22m[2m │ gzip:  2.14 kB[22m
[2026-04-23T18:31:07.444Z] [stdout] [2mdist/[22m[36massets/LaboratoryManager-CVix3RaA.js        [39m[1m[2m  5.61 kB[22m[1m[22m[2m │ gzip:  1.96 kB[22m
[2026-04-23T18:31:07.444Z] [stdout] [2mdist/[22m[36massets/LogViewer-x9y_bNoH.js                [39m[1m[2m  5.76 kB[22m[1m[22m[2m │ gzip:  2.43 kB[22m
[2026-04-23T18:31:07.445Z] [stdout] [2mdist/[22m[36massets/BackupManager-CuHOJCya.js            [39m[1m[2m  5.80 kB[22m[1m[22m[2m │ gzip:  2.23 kB[22m
[2026-04-23T18:31:07.445Z] [stdout] [2mdist/[22m[36massets/OperatorManager-4vt_fKvw.js          [39m[1m[2m  5.91 kB[22m[1m[22m[2m │ gzip:  2.14 kB[22m
[2026-04-23T18:31:07.445Z] [stdout] [2mdist/[22m[36massets/chart-settings-store-CFqHbzrA.js     [39m[1m[2m  5.94 kB[22m[1m[22m[2m │ gzip:  2.07 kB[22m
[2026-04-23T18:31:07.445Z] [stdout] [2mdist/[22m[36massets/recipe-panel-1KdOOYG1.js             [39m[1m[2m  6.61 kB[22m[1m[22m[2m │ gzip:  2.22 kB[22m
[2026-04-23T18:31:07.445Z] [stdout] [2mdist/[22m[36massets/cycle-editor-dialog-CszLBIX7.js      [39m[1m[2m  7.88 kB[22m[1m[22m[2m │ gzip:  2.63 kB[22m
[2026-04-23T18:31:07.445Z] [stdout] [2mdist/[22m[36massets/ChartSettingsManager-WtzCuQf5.js     [39m[1m[2m  7.89 kB[22m[1m[22m[2m │ gzip:  2.65 kB[22m
[2026-04-23T18:31:07.445Z] [stdout] [2mdist/[22m[36massets/ExperimentExportImport-BAlqQQ8O.js   [39m[1m[2m  8.00 kB[22m[1m[22m[2m │ gzip:  2.96 kB[22m
[2026-04-23T18:31:07.445Z] [stdout] [2mdist/[22m[36massets/raw-data-table-uFK97tlU.js           [39m[1m[2m  8.31 kB[22m[1m[22m[2m │ gzip:  2.62 kB[22m
[2026-04-23T18:31:07.445Z] [stdout] [2mdist/[22m[36massets/APIKeyManager-DKk3hVSn.js            [39m[1m[2m  8.79 kB[22m[1m[22m[2m │ gzip:  3.06 kB[22m
[2026-04-23T18:31:07.445Z] [stdout] [2mdist/[22m[36massets/client-BFnbe-0l.js                   [39m[1m[2m  9.13 kB[22m[1m[22m[2m │ gzip:  3.65 kB[22m
[2026-04-23T18:31:07.445Z] [stdout] [2mdist/[22m[36massets/AppSettingsExporter-BidfWwkd.js      [39m[1m[2m 11.12 kB[22m[1m[22m[2m │ gzip:  3.68 kB[22m
[2026-04-23T18:31:07.445Z] [stdout] [2mdist/[22m[36massets/cycle-results-table-Bzs1-yjm.js      [39m[1m[2m 11.61 kB[22m[1m[22m[2m │ gzip:  3.23 kB[22m
[2026-04-23T18:31:07.445Z] [stdout] [2mdist/[22m[36massets/ReportTab-BlP5FNBC.js                [39m[1m[2m 11.78 kB[22m[1m[22m[2m │ gzip:  3.66 kB[22m
[2026-04-23T18:31:07.445Z] [stdout] [2mdist/[22m[36massets/ru-C8Cx8G0_.js                       [39m[1m[2m 12.58 kB[22m[1m[22m[2m │ gzip:  3.14 kB[22m
[2026-04-23T18:31:07.445Z] [stdout] [2mdist/[22m[36massets/useToast-D-dOZ3vc.js                 [39m[1m[2m 14.15 kB[22m[1m[22m[2m │ gzip:  5.63 kB[22m
[2026-04-23T18:31:07.445Z] [stdout] [2mdist/[22m[36massets/report-save-DR8nYgmN.js              [39m[1m[2m 15.92 kB[22m[1m[22m[2m │ gzip:  4.30 kB[22m
[2026-04-23T18:31:07.445Z] [stdout] [2mdist/[22m[36massets/ComparisonReportTab-DZabPbK5.js      [39m[1m[2m 15.99 kB[22m[1m[22m[2m │ gzip:  4.96 kB[22m
[2026-04-23T18:31:07.445Z] [stdout] [2mdist/[22m[36massets/ChartErrorBoundary-BYmSI1BC.js       [39m[1m[2m 18.84 kB[22m[1m[22m[2m │ gzip:  7.77 kB[22m
[2026-04-23T18:31:07.446Z] [stdout] [2mdist/[22m[36massets/vendor-date-B1cgXEfA.js              [39m[1m[2m 20.00 kB[22m[1m[22m[2m │ gzip:  5.73 kB[22m
[2026-04-23T18:31:07.446Z] [stdout] [2mdist/[22m[36massets/CalibrationPanel-C2ekpC8F.js         [39m[1m[2m 25.33 kB[22m[1m[22m[2m │ gzip:  7.48 kB[22m
[2026-04-23T18:31:07.446Z] [stdout] [2mdist/[22m[36massets/page-DxkfKz_o.js                     [39m[1m[2m 27.75 kB[22m[1m[22m[2m │ gzip:  7.50 kB[22m
[2026-04-23T18:31:07.446Z] [stdout] [2mdist/[22m[36massets/page-F6AWdfod.js                     [39m[1m[2m 43.32 kB[22m[1m[22m[2m │ gzip: 13.88 kB[22m
[2026-04-23T18:31:07.446Z] [stdout] [2mdist/[22m[36massets/DashboardContent-CL3GbMcX.js         [39m[1m[2m 47.40 kB[22m[1m[22m[2m │ gzip: 14.28 kB[22m
[2026-04-23T18:31:07.446Z] [stdout] [2mdist/[22m[36massets/vendor-react-VsJEmFiX.js             [39m[1m[2m 48.76 kB[22m[1m[22m[2m │ gzip: 17.28 kB[22m
[2026-04-23T18:31:07.446Z] [stdout] [2mdist/[22m[36massets/vendor-charts-CziCK5UB.js            [39m[1m[2m 52.27 kB[22m[1m[22m[2m │ gzip: 23.28 kB[22m
[2026-04-23T18:31:07.446Z] [stdout] [2mdist/[22m[36massets/page-B0LnRJH_.js                     [39m[1m[2m103.91 kB[22m[1m[22m[2m │ gzip: 26.53 kB[22m
[2026-04-23T18:31:07.446Z] [stdout] [2mdist/[22m[36massets/vendor-radix-wOjfjdRn.js             [39m[1m[2m113.50 kB[22m[1m[22m[2m │ gzip: 36.46 kB[22m
[2026-04-23T18:31:07.446Z] [stdout] [2mdist/[22m[36massets/page-C2QCz1FR.js                     [39m[1m[2m135.83 kB[22m[1m[22m[2m │ gzip: 39.25 kB[22m
[2026-04-23T18:31:07.446Z] [stdout] [2mdist/[22m[36massets/main-DjkacxAk.js                     [39m[1m[2m271.84 kB[22m[1m[22m[2m │ gzip: 86.19 kB[22m
[2026-04-23T18:31:07.446Z] [stdout] [32m✓ built in 11.68s[39m
[2026-04-23T18:31:08.738Z] [stderr]    Compiling rheolab-enterprise v0.2.0-beta.37 (D:\Development\Rheolab\src-tauri)
[2026-04-23T18:31:08.874Z] heartbeat: pid=9452 elapsed=15.0s
[2026-04-23T18:31:23.879Z] heartbeat: pid=9452 elapsed=30.0s
[2026-04-23T18:31:38.879Z] heartbeat: pid=9452 elapsed=45.0s
[2026-04-23T18:31:53.886Z] heartbeat: pid=9452 elapsed=60.0s
[2026-04-23T18:32:08.886Z] heartbeat: pid=9452 elapsed=75.0s
[2026-04-23T18:32:23.891Z] heartbeat: pid=9452 elapsed=90.0s
[2026-04-23T18:32:38.902Z] heartbeat: pid=9452 elapsed=105.1s
[2026-04-23T18:32:53.911Z] heartbeat: pid=9452 elapsed=120.1s
[2026-04-23T18:33:08.914Z] heartbeat: pid=9452 elapsed=135.1s
[2026-04-23T18:33:23.917Z] heartbeat: pid=9452 elapsed=150.1s
[2026-04-23T18:33:38.927Z] heartbeat: pid=9452 elapsed=165.1s
[2026-04-23T18:33:53.941Z] heartbeat: pid=9452 elapsed=180.1s
[2026-04-23T18:34:08.941Z] heartbeat: pid=9452 elapsed=195.1s
[2026-04-23T18:34:18.466Z] [stderr]     Finished `release` profile [optimized] target(s) in 3m 10s
[2026-04-23T18:34:18.508Z] [stderr]        Built application at: D:\Development\Rheolab\src-tauri\target\release\rheolab-enterprise.exe
[2026-04-23T18:34:18.508Z] [stderr]         Info Patching binary "D:\\Development\\Rheolab\\src-tauri\\target\\release\\rheolab-enterprise.exe" for type nsis
[2026-04-23T18:34:18.518Z] [stderr]         Warn Failed to add bundler type to the binary: __TAURI_BUNDLE_TYPE variable not found in binary. Make sure tauri crate and tauri-cli are up to date. Updater plugin may not be able to update this package. This shouldn't normally happen, please report it to https://github.com/tauri-apps/tauri/issues
[2026-04-23T18:34:18.520Z] [stderr]         Info Target: x64
[2026-04-23T18:34:18.529Z] [stderr]      Running makensis to produce D:\Development\Rheolab\src-tauri\target\release\bundle\nsis\RheoLab Enterprise_0.2.0-beta.37_x64-setup.exe
[2026-04-23T18:34:23.954Z] heartbeat: pid=9452 elapsed=210.1s
[2026-04-23T18:34:28.901Z] [stderr]     Finished 1 bundle at:
[2026-04-23T18:34:28.901Z] [stderr]         D:\Development\Rheolab\src-tauri\target\release\bundle\nsis\RheoLab Enterprise_0.2.0-beta.37_x64-setup.exe
[2026-04-23T18:34:28.901Z] [stderr] 
[2026-04-23T18:34:28.919Z] wrapper exit: code=0 signal=null elapsed=215.1s
[2026-04-23T18:34:28.921Z] post-build sign: signing RheoLab Enterprise_0.2.0-beta.37_x64-setup.exe
[2026-04-23T18:34:29.590Z] post-build sign: success → RheoLab Enterprise_0.2.0-beta.37_x64-setup.exe.sig
