[2026-04-23T18:09:24.763Z] wrapper start
[2026-04-23T18:09:24.763Z] cwd=D:\Development\Rheolab
[2026-04-23T18:09:24.763Z] command=npm.cmd exec tauri -- build
[2026-04-23T18:09:24.763Z] RHEOLAB_SKIP_VERSION_BUMP=
[2026-04-23T18:09:24.763Z] INTEGRITY_SECRET_KEY present=true dev_sentinel=false
[2026-04-23T18:09:24.764Z] TAURI_SIGNING_PRIVATE_KEY present=true len=348
[2026-04-23T18:09:24.764Z] TAURI_SIGNING_PRIVATE_KEY_PASSWORD present=true
[2026-04-23T18:09:24.766Z] direct spawn failed (EINVAL), switching to shell fallback
[2026-04-23T18:09:24.766Z] using shell fallback: npm.cmd "exec" "tauri" "--" "build"
[2026-04-23T18:09:25.645Z] [stderr]         Info Looking up installed tauri packages to check mismatched versions...
[2026-04-23T18:09:26.534Z] [stderr]      Running beforeBuildCommand `npm run build`
[2026-04-23T18:09:26.811Z] [stdout] 
[2026-04-23T18:09:26.811Z] [stdout] > rheolab-enterprise@0.2.0-beta.36 build
[2026-04-23T18:09:26.811Z] [stdout] > vite build
[2026-04-23T18:09:26.811Z] [stdout] 
[2026-04-23T18:09:27.220Z] [stdout] [36mvite v6.4.2 [32mbuilding for production...[36m[39m
[2026-04-23T18:09:27.284Z] [stdout] transforming...
[2026-04-23T18:09:39.585Z] [stderr] [33m[plugin vite:resolve] Module "crypto" has been externalized for browser compatibility, imported by "D:/Development/Rheolab/src/lib/utils/encryption.ts". See https://vite.dev/guide/troubleshooting.html#module-externalized-for-browser-compatibility for more details.[39m
[2026-04-23T18:09:39.788Z] heartbeat: pid=4512 elapsed=15.0s
[2026-04-23T18:09:40.949Z] [stdout] [32m✓[39m 2936 modules transformed.
[2026-04-23T18:09:41.220Z] [stdout] rendering chunks...
[2026-04-23T18:09:41.347Z] [stdout] computing gzip size...
[2026-04-23T18:09:41.365Z] [stdout] [2mdist/[22m[32mindex.html                                  [39m[1m[2m  1.70 kB[22m[1m[22m[2m │ gzip:  0.86 kB[22m
[2026-04-23T18:09:41.369Z] [stdout] [2mdist/[22m[35massets/ChartErrorBoundary-Saz_VHki.css      [39m[1m[2m  1.63 kB[22m[1m[22m[2m │ gzip:  0.70 kB[22m
[2026-04-23T18:09:41.369Z] [stdout] [2mdist/[22m[35massets/main-B12N_xAv.css                    [39m[1m[2m143.58 kB[22m[1m[22m[2m │ gzip: 20.73 kB[22m
[2026-04-23T18:09:41.369Z] [stdout] [2mdist/[22m[36massets/__vite-browser-external-BIHI7g3E.js  [39m[1m[2m  0.03 kB[22m[1m[22m[2m │ gzip:  0.05 kB[22m
[2026-04-23T18:09:41.369Z] [stdout] [2mdist/[22m[36massets/encryption-D4P8ndqf.js               [39m[1m[2m  0.14 kB[22m[1m[22m[2m │ gzip:  0.15 kB[22m
[2026-04-23T18:09:41.369Z] [stdout] [2mdist/[22m[36massets/page-ag22mqCL.js                     [39m[1m[2m  0.17 kB[22m[1m[22m[2m │ gzip:  0.16 kB[22m
[2026-04-23T18:09:41.370Z] [stdout] [2mdist/[22m[36massets/page-CdAzp9Ph.js                     [39m[1m[2m  0.20 kB[22m[1m[22m[2m │ gzip:  0.17 kB[22m
[2026-04-23T18:09:41.370Z] [stdout] [2mdist/[22m[36massets/tauri-bridge-CwRlV86a.js             [39m[1m[2m  0.27 kB[22m[1m[22m[2m │ gzip:  0.20 kB[22m
[2026-04-23T18:09:41.370Z] [stdout] [2mdist/[22m[36massets/check-CYluNpKK.js                    [39m[1m[2m  0.29 kB[22m[1m[22m[2m │ gzip:  0.24 kB[22m
[2026-04-23T18:09:41.370Z] [stdout] [2mdist/[22m[36massets/chevron-up-DCGce7sZ.js               [39m[1m[2m  0.30 kB[22m[1m[22m[2m │ gzip:  0.25 kB[22m
[2026-04-23T18:09:41.370Z] [stdout] [2mdist/[22m[36massets/chevron-down-CNkV5WO5.js             [39m[1m[2m  0.30 kB[22m[1m[22m[2m │ gzip:  0.25 kB[22m
[2026-04-23T18:09:41.370Z] [stdout] [2mdist/[22m[36massets/plus-CpKEL-s-.js                     [39m[1m[2m  0.33 kB[22m[1m[22m[2m │ gzip:  0.25 kB[22m
[2026-04-23T18:09:41.370Z] [stdout] [2mdist/[22m[36massets/circle-check-ClBDeevc.js             [39m[1m[2m  0.35 kB[22m[1m[22m[2m │ gzip:  0.27 kB[22m
[2026-04-23T18:09:41.370Z] [stdout] [2mdist/[22m[36massets/rotate-ccw-BA8VDkxU.js               [39m[1m[2m  0.37 kB[22m[1m[22m[2m │ gzip:  0.29 kB[22m
[2026-04-23T18:09:41.370Z] [stdout] [2mdist/[22m[36massets/upload-BCCVu_qW.js                   [39m[1m[2m  0.40 kB[22m[1m[22m[2m │ gzip:  0.30 kB[22m
[2026-04-23T18:09:41.370Z] [stdout] [2mdist/[22m[36massets/activity-X3YUFT5O.js                 [39m[1m[2m  0.41 kB[22m[1m[22m[2m │ gzip:  0.31 kB[22m
[2026-04-23T18:09:41.370Z] [stdout] [2mdist/[22m[36massets/settings-2-BJq3Tlls.js               [39m[1m[2m  0.42 kB[22m[1m[22m[2m │ gzip:  0.30 kB[22m
[2026-04-23T18:09:41.370Z] [stdout] [2mdist/[22m[36massets/circle-alert-DRA3a9hh.js             [39m[1m[2m  0.42 kB[22m[1m[22m[2m │ gzip:  0.29 kB[22m
[2026-04-23T18:09:41.370Z] [stdout] [2mdist/[22m[36massets/calendar-BA_az6V5.js                 [39m[1m[2m  0.43 kB[22m[1m[22m[2m │ gzip:  0.31 kB[22m
[2026-04-23T18:09:41.370Z] [stdout] [2mdist/[22m[36massets/key-dw1vRMKF.js                      [39m[1m[2m  0.43 kB[22m[1m[22m[2m │ gzip:  0.32 kB[22m
[2026-04-23T18:09:41.370Z] [stdout] [2mdist/[22m[36massets/pencil-D6w8E5Z4.js                   [39m[1m[2m  0.45 kB[22m[1m[22m[2m │ gzip:  0.33 kB[22m
[2026-04-23T18:09:41.370Z] [stdout] [2mdist/[22m[36massets/flask-conical--nK0wBP4.js            [39m[1m[2m  0.47 kB[22m[1m[22m[2m │ gzip:  0.33 kB[22m
[2026-04-23T18:09:41.371Z] [stdout] [2mdist/[22m[36massets/languages-BXo1wRJl.js                [39m[1m[2m  0.49 kB[22m[1m[22m[2m │ gzip:  0.32 kB[22m
[2026-04-23T18:09:41.371Z] [stdout] [2mdist/[22m[36massets/trash-2-B60l2c5c.js                  [39m[1m[2m  0.50 kB[22m[1m[22m[2m │ gzip:  0.32 kB[22m
[2026-04-23T18:09:41.371Z] [stdout] [2mdist/[22m[36massets/file-down-_Ly543b5.js                [39m[1m[2m  0.53 kB[22m[1m[22m[2m │ gzip:  0.35 kB[22m
[2026-04-23T18:09:41.371Z] [stdout] [2mdist/[22m[36massets/branding-store-DfSCdl0Z.js           [39m[1m[2m  0.54 kB[22m[1m[22m[2m │ gzip:  0.29 kB[22m
[2026-04-23T18:09:41.371Z] [stdout] [2mdist/[22m[36massets/building-2-D7-Ol2V5.js               [39m[1m[2m  0.56 kB[22m[1m[22m[2m │ gzip:  0.34 kB[22m
[2026-04-23T18:09:41.371Z] [stdout] [2mdist/[22m[36massets/file-spreadsheet-BooBF4yT.js         [39m[1m[2m  0.60 kB[22m[1m[22m[2m │ gzip:  0.37 kB[22m
[2026-04-23T18:09:41.371Z] [stdout] [2mdist/[22m[36massets/input-DP2RTy0h.js                    [39m[1m[2m  0.60 kB[22m[1m[22m[2m │ gzip:  0.38 kB[22m
[2026-04-23T18:09:41.371Z] [stdout] [2mdist/[22m[36massets/circle-x-De_CItfk.js                 [39m[1m[2m  0.69 kB[22m[1m[22m[2m │ gzip:  0.36 kB[22m
[2026-04-23T18:09:41.371Z] [stdout] [2mdist/[22m[36massets/user-CEuDfUj8.js                     [39m[1m[2m  0.74 kB[22m[1m[22m[2m │ gzip:  0.38 kB[22m
[2026-04-23T18:09:41.371Z] [stdout] [2mdist/[22m[36massets/client-CnGRkxzA.js                   [39m[1m[2m  0.75 kB[22m[1m[22m[2m │ gzip:  0.40 kB[22m
[2026-04-23T18:09:41.371Z] [stdout] [2mdist/[22m[36massets/useFocusTrap-DBIo29X4.js             [39m[1m[2m  0.84 kB[22m[1m[22m[2m │ gzip:  0.44 kB[22m
[2026-04-23T18:09:41.371Z] [stdout] [2mdist/[22m[36massets/search-DESXpCGy.js                   [39m[1m[2m  0.89 kB[22m[1m[22m[2m │ gzip:  0.42 kB[22m
[2026-04-23T18:09:41.371Z] [stdout] [2mdist/[22m[36massets/settings-CeNg1O3U.js                 [39m[1m[2m  0.98 kB[22m[1m[22m[2m │ gzip:  0.42 kB[22m
[2026-04-23T18:09:41.371Z] [stdout] [2mdist/[22m[36massets/update-install-BWY5tmGV.js           [39m[1m[2m  1.11 kB[22m[1m[22m[2m │ gzip:  0.62 kB[22m
[2026-04-23T18:09:41.371Z] [stdout] [2mdist/[22m[36massets/card-B8URcfFf.js                     [39m[1m[2m  1.58 kB[22m[1m[22m[2m │ gzip:  0.67 kB[22m
[2026-04-23T18:09:41.371Z] [stdout] [2mdist/[22m[36massets/index-ftpflnl_.js                    [39m[1m[2m  1.89 kB[22m[1m[22m[2m │ gzip:  0.92 kB[22m
[2026-04-23T18:09:41.372Z] [stdout] [2mdist/[22m[36massets/button-BqzEcWwE.js                   [39m[1m[2m  1.94 kB[22m[1m[22m[2m │ gzip:  0.96 kB[22m
[2026-04-23T18:09:41.372Z] [stdout] [2mdist/[22m[36massets/PrecisionSettingsCard-DERM3vSu.js    [39m[1m[2m  2.05 kB[22m[1m[22m[2m │ gzip:  0.99 kB[22m
[2026-04-23T18:09:41.372Z] [stdout] [2mdist/[22m[36massets/alert-dialog-IsAH-Pub.js             [39m[1m[2m  2.12 kB[22m[1m[22m[2m │ gzip:  0.77 kB[22m
[2026-04-23T18:09:41.372Z] [stdout] [2mdist/[22m[36massets/TrialBanner-BQtBppAu.js              [39m[1m[2m  2.26 kB[22m[1m[22m[2m │ gzip:  1.22 kB[22m
[2026-04-23T18:09:41.372Z] [stdout] [2mdist/[22m[36massets/label-BpWh5pIq.js                    [39m[1m[2m  2.52 kB[22m[1m[22m[2m │ gzip:  0.95 kB[22m
[2026-04-23T18:09:41.372Z] [stdout] [2mdist/[22m[36massets/BrandingManager-C4tVqT3Y.js          [39m[1m[2m  2.55 kB[22m[1m[22m[2m │ gzip:  1.16 kB[22m
[2026-04-23T18:09:41.375Z] [stdout] [2mdist/[22m[36massets/UpdateChecker-BSPGBLtX.js            [39m[1m[2m  3.38 kB[22m[1m[22m[2m │ gzip:  1.46 kB[22m
[2026-04-23T18:09:41.375Z] [stdout] [2mdist/[22m[36massets/water-analysis-panel-CvIJZNjZ.js     [39m[1m[2m  3.64 kB[22m[1m[22m[2m │ gzip:  1.61 kB[22m
[2026-04-23T18:09:41.375Z] [stdout] [2mdist/[22m[36massets/index-PFV1-lHg.js                    [39m[1m[2m  3.66 kB[22m[1m[22m[2m │ gzip:  1.34 kB[22m
[2026-04-23T18:09:41.375Z] [stdout] [2mdist/[22m[36massets/expert-settings-panel-DCZONsUl.js    [39m[1m[2m  3.89 kB[22m[1m[22m[2m │ gzip:  1.38 kB[22m
[2026-04-23T18:09:41.375Z] [stdout] [2mdist/[22m[36massets/UnitSystemCard-BNmdcaVE.js           [39m[1m[2m  4.22 kB[22m[1m[22m[2m │ gzip:  1.76 kB[22m
[2026-04-23T18:09:41.375Z] [stdout] [2mdist/[22m[36massets/settings-shared-Cjk_IZEw.js          [39m[1m[2m  4.51 kB[22m[1m[22m[2m │ gzip:  1.75 kB[22m
[2026-04-23T18:09:41.375Z] [stdout] [2mdist/[22m[36massets/LicenseActivationDialog-CHqf2dnO.js  [39m[1m[2m  5.38 kB[22m[1m[22m[2m │ gzip:  2.14 kB[22m
[2026-04-23T18:09:41.375Z] [stdout] [2mdist/[22m[36massets/LaboratoryManager-DPp3YZR1.js        [39m[1m[2m  5.61 kB[22m[1m[22m[2m │ gzip:  1.96 kB[22m
[2026-04-23T18:09:41.375Z] [stdout] [2mdist/[22m[36massets/LogViewer-BrZRwikT.js                [39m[1m[2m  5.76 kB[22m[1m[22m[2m │ gzip:  2.43 kB[22m
[2026-04-23T18:09:41.376Z] [stdout] [2mdist/[22m[36massets/BackupManager-S9kzxsct.js            [39m[1m[2m  5.80 kB[22m[1m[22m[2m │ gzip:  2.23 kB[22m
[2026-04-23T18:09:41.376Z] [stdout] [2mdist/[22m[36massets/OperatorManager-3ODR8rbP.js          [39m[1m[2m  5.91 kB[22m[1m[22m[2m │ gzip:  2.14 kB[22m
[2026-04-23T18:09:41.376Z] [stdout] [2mdist/[22m[36massets/chart-settings-store-BYt7MHuz.js     [39m[1m[2m  5.94 kB[22m[1m[22m[2m │ gzip:  2.07 kB[22m
[2026-04-23T18:09:41.376Z] [stdout] [2mdist/[22m[36massets/recipe-panel-C3pi20C8.js             [39m[1m[2m  6.61 kB[22m[1m[22m[2m │ gzip:  2.22 kB[22m
[2026-04-23T18:09:41.376Z] [stdout] [2mdist/[22m[36massets/cycle-editor-dialog-Dgqc98kM.js      [39m[1m[2m  7.88 kB[22m[1m[22m[2m │ gzip:  2.63 kB[22m
[2026-04-23T18:09:41.376Z] [stdout] [2mdist/[22m[36massets/ChartSettingsManager-CClgUNou.js     [39m[1m[2m  7.89 kB[22m[1m[22m[2m │ gzip:  2.66 kB[22m
[2026-04-23T18:09:41.376Z] [stdout] [2mdist/[22m[36massets/ExperimentExportImport-D1Z-e2EU.js   [39m[1m[2m  8.00 kB[22m[1m[22m[2m │ gzip:  2.96 kB[22m
[2026-04-23T18:09:41.376Z] [stdout] [2mdist/[22m[36massets/raw-data-table-D6Jmal9V.js           [39m[1m[2m  8.31 kB[22m[1m[22m[2m │ gzip:  2.62 kB[22m
[2026-04-23T18:09:41.376Z] [stdout] [2mdist/[22m[36massets/APIKeyManager-CmRN6m18.js            [39m[1m[2m  8.79 kB[22m[1m[22m[2m │ gzip:  3.06 kB[22m
[2026-04-23T18:09:41.376Z] [stdout] [2mdist/[22m[36massets/client-DujIJnV9.js                   [39m[1m[2m  9.13 kB[22m[1m[22m[2m │ gzip:  3.65 kB[22m
[2026-04-23T18:09:41.376Z] [stdout] [2mdist/[22m[36massets/AppSettingsExporter-DjWf6Ah6.js      [39m[1m[2m 11.12 kB[22m[1m[22m[2m │ gzip:  3.69 kB[22m
[2026-04-23T18:09:41.376Z] [stdout] [2mdist/[22m[36massets/cycle-results-table-D7ZvgFn7.js      [39m[1m[2m 11.61 kB[22m[1m[22m[2m │ gzip:  3.23 kB[22m
[2026-04-23T18:09:41.376Z] [stdout] [2mdist/[22m[36massets/ReportTab-C2LjvY-h.js                [39m[1m[2m 11.78 kB[22m[1m[22m[2m │ gzip:  3.66 kB[22m
[2026-04-23T18:09:41.376Z] [stdout] [2mdist/[22m[36massets/ru-C8Cx8G0_.js                       [39m[1m[2m 12.58 kB[22m[1m[22m[2m │ gzip:  3.14 kB[22m
[2026-04-23T18:09:41.376Z] [stdout] [2mdist/[22m[36massets/useToast-DqcIUNxe.js                 [39m[1m[2m 14.15 kB[22m[1m[22m[2m │ gzip:  5.63 kB[22m
[2026-04-23T18:09:41.376Z] [stdout] [2mdist/[22m[36massets/report-save-B_ctp8ME.js              [39m[1m[2m 15.92 kB[22m[1m[22m[2m │ gzip:  4.31 kB[22m
[2026-04-23T18:09:41.377Z] [stdout] [2mdist/[22m[36massets/ComparisonReportTab-DI4mCECM.js      [39m[1m[2m 15.99 kB[22m[1m[22m[2m │ gzip:  4.96 kB[22m
[2026-04-23T18:09:41.377Z] [stdout] [2mdist/[22m[36massets/ChartErrorBoundary-CIUs5RHc.js       [39m[1m[2m 18.84 kB[22m[1m[22m[2m │ gzip:  7.77 kB[22m
[2026-04-23T18:09:41.377Z] [stdout] [2mdist/[22m[36massets/vendor-date-B1cgXEfA.js              [39m[1m[2m 20.00 kB[22m[1m[22m[2m │ gzip:  5.73 kB[22m
[2026-04-23T18:09:41.377Z] [stdout] [2mdist/[22m[36massets/CalibrationPanel-xXYaeiMh.js         [39m[1m[2m 25.33 kB[22m[1m[22m[2m │ gzip:  7.48 kB[22m
[2026-04-23T18:09:41.377Z] [stdout] [2mdist/[22m[36massets/page-Dvw0JO51.js                     [39m[1m[2m 27.75 kB[22m[1m[22m[2m │ gzip:  7.50 kB[22m
[2026-04-23T18:09:41.377Z] [stdout] [2mdist/[22m[36massets/page-CF6vKWdW.js                     [39m[1m[2m 43.32 kB[22m[1m[22m[2m │ gzip: 13.88 kB[22m
[2026-04-23T18:09:41.377Z] [stdout] [2mdist/[22m[36massets/DashboardContent-Bfen1qAg.js         [39m[1m[2m 47.40 kB[22m[1m[22m[2m │ gzip: 14.28 kB[22m
[2026-04-23T18:09:41.377Z] [stdout] [2mdist/[22m[36massets/vendor-react-VsJEmFiX.js             [39m[1m[2m 48.76 kB[22m[1m[22m[2m │ gzip: 17.28 kB[22m
[2026-04-23T18:09:41.377Z] [stdout] [2mdist/[22m[36massets/vendor-charts-CziCK5UB.js            [39m[1m[2m 52.27 kB[22m[1m[22m[2m │ gzip: 23.28 kB[22m
[2026-04-23T18:09:41.377Z] [stdout] [2mdist/[22m[36massets/page-D-ctHsUd.js                     [39m[1m[2m103.41 kB[22m[1m[22m[2m │ gzip: 26.46 kB[22m
[2026-04-23T18:09:41.377Z] [stdout] [2mdist/[22m[36massets/vendor-radix-wOjfjdRn.js             [39m[1m[2m113.50 kB[22m[1m[22m[2m │ gzip: 36.46 kB[22m
[2026-04-23T18:09:41.377Z] [stdout] [2mdist/[22m[36massets/page-DPoqttgn.js                     [39m[1m[2m135.83 kB[22m[1m[22m[2m │ gzip: 39.25 kB[22m
[2026-04-23T18:09:41.377Z] [stdout] [2mdist/[22m[36massets/main-DZPhk87I.js                     [39m[1m[2m271.84 kB[22m[1m[22m[2m │ gzip: 86.18 kB[22m
[2026-04-23T18:09:41.377Z] [stdout] [32m✓ built in 14.13s[39m
[2026-04-23T18:09:42.356Z] [stderr]     Blocking waiting for file lock on artifact directory
[2026-04-23T18:09:54.793Z] heartbeat: pid=4512 elapsed=30.0s
[2026-04-23T18:10:08.912Z] [stderr]    Compiling rheolab-enterprise v0.2.0-beta.36 (D:\Development\Rheolab\src-tauri)
[2026-04-23T18:10:09.798Z] heartbeat: pid=4512 elapsed=45.0s
[2026-04-23T18:10:24.805Z] heartbeat: pid=4512 elapsed=60.0s
