[2026-04-23T16:33:30.553Z] wrapper start
[2026-04-23T16:33:30.553Z] cwd=D:\Development\Rheolab
[2026-04-23T16:33:30.553Z] command=npm.cmd exec tauri -- build
[2026-04-23T16:33:30.553Z] RHEOLAB_SKIP_VERSION_BUMP=
[2026-04-23T16:33:30.553Z] INTEGRITY_SECRET_KEY present=true dev_sentinel=false
[2026-04-23T16:33:30.553Z] TAURI_SIGNING_PRIVATE_KEY present=true len=348
[2026-04-23T16:33:30.554Z] TAURI_SIGNING_PRIVATE_KEY_PASSWORD present=true
[2026-04-23T16:33:30.555Z] direct spawn failed (EINVAL), switching to shell fallback
[2026-04-23T16:33:30.556Z] using shell fallback: npm.cmd "exec" "tauri" "--" "build"
[2026-04-23T16:33:31.338Z] [stderr]         Info Looking up installed tauri packages to check mismatched versions...
[2026-04-23T16:33:32.056Z] [stderr]      Running beforeBuildCommand `npm run build`
[2026-04-23T16:33:32.281Z] [stdout] 
[2026-04-23T16:33:32.281Z] [stdout] > rheolab-enterprise@0.2.0-beta.35 build
[2026-04-23T16:33:32.281Z] [stdout] > vite build
[2026-04-23T16:33:32.281Z] [stdout] 
[2026-04-23T16:33:32.596Z] [stdout] [36mvite v6.4.2 [32mbuilding for production...[36m[39m
[2026-04-23T16:33:32.638Z] [stdout] transforming...
[2026-04-23T16:33:42.839Z] [stderr] [33m[plugin vite:resolve] Module "crypto" has been externalized for browser compatibility, imported by "D:/Development/Rheolab/src/lib/utils/encryption.ts". See https://vite.dev/guide/troubleshooting.html#module-externalized-for-browser-compatibility for more details.[39m
[2026-04-23T16:33:44.157Z] [stdout] [32m✓[39m 2936 modules transformed.
[2026-04-23T16:33:44.372Z] [stdout] rendering chunks...
[2026-04-23T16:33:44.485Z] [stdout] computing gzip size...
[2026-04-23T16:33:44.501Z] [stdout] [2mdist/[22m[32mindex.html                                  [39m[1m[2m  1.70 kB[22m[1m[22m[2m │ gzip:  0.86 kB[22m
[2026-04-23T16:33:44.504Z] [stdout] [2mdist/[22m[35massets/report-save-Saz_VHki.css             [39m[1m[2m  1.63 kB[22m[1m[22m[2m │ gzip:  0.70 kB[22m
[2026-04-23T16:33:44.504Z] [stdout] [2mdist/[22m[35massets/main-B12N_xAv.css                    [39m[1m[2m143.58 kB[22m[1m[22m[2m │ gzip: 20.73 kB[22m
[2026-04-23T16:33:44.504Z] [stdout] [2mdist/[22m[36massets/__vite-browser-external-BIHI7g3E.js  [39m[1m[2m  0.03 kB[22m[1m[22m[2m │ gzip:  0.05 kB[22m
[2026-04-23T16:33:44.504Z] [stdout] [2mdist/[22m[36massets/encryption-gLaklTkk.js               [39m[1m[2m  0.14 kB[22m[1m[22m[2m │ gzip:  0.15 kB[22m
[2026-04-23T16:33:44.504Z] [stdout] [2mdist/[22m[36massets/page-ag22mqCL.js                     [39m[1m[2m  0.17 kB[22m[1m[22m[2m │ gzip:  0.16 kB[22m
[2026-04-23T16:33:44.504Z] [stdout] [2mdist/[22m[36massets/page-CdAzp9Ph.js                     [39m[1m[2m  0.20 kB[22m[1m[22m[2m │ gzip:  0.17 kB[22m
[2026-04-23T16:33:44.504Z] [stdout] [2mdist/[22m[36massets/tauri-bridge-BlQfk8Dj.js             [39m[1m[2m  0.27 kB[22m[1m[22m[2m │ gzip:  0.20 kB[22m
[2026-04-23T16:33:44.505Z] [stdout] [2mdist/[22m[36massets/check-DNYZWJ9G.js                    [39m[1m[2m  0.29 kB[22m[1m[22m[2m │ gzip:  0.24 kB[22m
[2026-04-23T16:33:44.505Z] [stdout] [2mdist/[22m[36massets/chevron-up-DxEZeXgf.js               [39m[1m[2m  0.30 kB[22m[1m[22m[2m │ gzip:  0.25 kB[22m
[2026-04-23T16:33:44.505Z] [stdout] [2mdist/[22m[36massets/chevron-down-CaTQ3obn.js             [39m[1m[2m  0.30 kB[22m[1m[22m[2m │ gzip:  0.25 kB[22m
[2026-04-23T16:33:44.505Z] [stdout] [2mdist/[22m[36massets/plus-tE7HP2rJ.js                     [39m[1m[2m  0.33 kB[22m[1m[22m[2m │ gzip:  0.25 kB[22m
[2026-04-23T16:33:44.505Z] [stdout] [2mdist/[22m[36massets/circle-check-BjaKbLWH.js             [39m[1m[2m  0.35 kB[22m[1m[22m[2m │ gzip:  0.27 kB[22m
[2026-04-23T16:33:44.505Z] [stdout] [2mdist/[22m[36massets/rotate-ccw-DbWI4sPa.js               [39m[1m[2m  0.37 kB[22m[1m[22m[2m │ gzip:  0.29 kB[22m
[2026-04-23T16:33:44.505Z] [stdout] [2mdist/[22m[36massets/upload-CeXpFMjD.js                   [39m[1m[2m  0.40 kB[22m[1m[22m[2m │ gzip:  0.30 kB[22m
[2026-04-23T16:33:44.505Z] [stdout] [2mdist/[22m[36massets/settings-2-D0aZ2GUX.js               [39m[1m[2m  0.42 kB[22m[1m[22m[2m │ gzip:  0.30 kB[22m
[2026-04-23T16:33:44.505Z] [stdout] [2mdist/[22m[36massets/circle-alert-DjYU_oOg.js             [39m[1m[2m  0.42 kB[22m[1m[22m[2m │ gzip:  0.29 kB[22m
[2026-04-23T16:33:44.505Z] [stdout] [2mdist/[22m[36massets/key-hynZOOrq.js                      [39m[1m[2m  0.43 kB[22m[1m[22m[2m │ gzip:  0.32 kB[22m
[2026-04-23T16:33:44.505Z] [stdout] [2mdist/[22m[36massets/pencil-D03aaHHq.js                   [39m[1m[2m  0.45 kB[22m[1m[22m[2m │ gzip:  0.33 kB[22m
[2026-04-23T16:33:44.505Z] [stdout] [2mdist/[22m[36massets/flask-conical-BV8DGuab.js            [39m[1m[2m  0.47 kB[22m[1m[22m[2m │ gzip:  0.33 kB[22m
[2026-04-23T16:33:44.505Z] [stdout] [2mdist/[22m[36massets/trash-2-CkinKBHw.js                  [39m[1m[2m  0.50 kB[22m[1m[22m[2m │ gzip:  0.32 kB[22m
[2026-04-23T16:33:44.505Z] [stdout] [2mdist/[22m[36massets/file-down-CBMJNeMo.js                [39m[1m[2m  0.53 kB[22m[1m[22m[2m │ gzip:  0.35 kB[22m
[2026-04-23T16:33:44.505Z] [stdout] [2mdist/[22m[36massets/branding-store-nTqzI4ri.js           [39m[1m[2m  0.54 kB[22m[1m[22m[2m │ gzip:  0.28 kB[22m
[2026-04-23T16:33:44.505Z] [stdout] [2mdist/[22m[36massets/building-2-CoSKp7V3.js               [39m[1m[2m  0.56 kB[22m[1m[22m[2m │ gzip:  0.34 kB[22m
[2026-04-23T16:33:44.505Z] [stdout] [2mdist/[22m[36massets/input-DJltApoE.js                    [39m[1m[2m  0.60 kB[22m[1m[22m[2m │ gzip:  0.38 kB[22m
[2026-04-23T16:33:44.506Z] [stdout] [2mdist/[22m[36massets/circle-x-Bn_E82dZ.js                 [39m[1m[2m  0.69 kB[22m[1m[22m[2m │ gzip:  0.36 kB[22m
[2026-04-23T16:33:44.506Z] [stdout] [2mdist/[22m[36massets/user-rS599Uwo.js                     [39m[1m[2m  0.74 kB[22m[1m[22m[2m │ gzip:  0.38 kB[22m
[2026-04-23T16:33:44.506Z] [stdout] [2mdist/[22m[36massets/client-CI_nWDmr.js                   [39m[1m[2m  0.75 kB[22m[1m[22m[2m │ gzip:  0.40 kB[22m
[2026-04-23T16:33:44.506Z] [stdout] [2mdist/[22m[36massets/calendar-DfsHpsuR.js                 [39m[1m[2m  0.79 kB[22m[1m[22m[2m │ gzip:  0.41 kB[22m
[2026-04-23T16:33:44.506Z] [stdout] [2mdist/[22m[36massets/useFocusTrap-DBIo29X4.js             [39m[1m[2m  0.84 kB[22m[1m[22m[2m │ gzip:  0.44 kB[22m
[2026-04-23T16:33:44.506Z] [stdout] [2mdist/[22m[36massets/search-DH06lEsS.js                   [39m[1m[2m  0.89 kB[22m[1m[22m[2m │ gzip:  0.42 kB[22m
[2026-04-23T16:33:44.506Z] [stdout] [2mdist/[22m[36massets/update-install-CqQi6zRu.js           [39m[1m[2m  1.11 kB[22m[1m[22m[2m │ gzip:  0.62 kB[22m
[2026-04-23T16:33:44.506Z] [stdout] [2mdist/[22m[36massets/settings-DLD_LAcs.js                 [39m[1m[2m  1.43 kB[22m[1m[22m[2m │ gzip:  0.53 kB[22m
[2026-04-23T16:33:44.506Z] [stdout] [2mdist/[22m[36massets/card-nUXLWod2.js                     [39m[1m[2m  1.58 kB[22m[1m[22m[2m │ gzip:  0.67 kB[22m
[2026-04-23T16:33:44.506Z] [stdout] [2mdist/[22m[36massets/index-CSA4ckv2.js                    [39m[1m[2m  1.89 kB[22m[1m[22m[2m │ gzip:  0.92 kB[22m
[2026-04-23T16:33:44.506Z] [stdout] [2mdist/[22m[36massets/button-CXD2sTAM.js                   [39m[1m[2m  1.94 kB[22m[1m[22m[2m │ gzip:  0.96 kB[22m
[2026-04-23T16:33:44.506Z] [stdout] [2mdist/[22m[36massets/PrecisionSettingsCard-CW3Zvkro.js    [39m[1m[2m  2.05 kB[22m[1m[22m[2m │ gzip:  0.98 kB[22m
[2026-04-23T16:33:44.508Z] [stdout] [2mdist/[22m[36massets/alert-dialog-WslWUYpD.js             [39m[1m[2m  2.12 kB[22m[1m[22m[2m │ gzip:  0.77 kB[22m
[2026-04-23T16:33:44.508Z] [stdout] [2mdist/[22m[36massets/TrialBanner-BQMLjtyE.js              [39m[1m[2m  2.26 kB[22m[1m[22m[2m │ gzip:  1.22 kB[22m
[2026-04-23T16:33:44.508Z] [stdout] [2mdist/[22m[36massets/label-CZ-nSBws.js                    [39m[1m[2m  2.52 kB[22m[1m[22m[2m │ gzip:  0.95 kB[22m
[2026-04-23T16:33:44.509Z] [stdout] [2mdist/[22m[36massets/BrandingManager-CO0l89yN.js          [39m[1m[2m  2.55 kB[22m[1m[22m[2m │ gzip:  1.16 kB[22m
[2026-04-23T16:33:44.509Z] [stdout] [2mdist/[22m[36massets/UpdateChecker-BL51cayZ.js            [39m[1m[2m  3.38 kB[22m[1m[22m[2m │ gzip:  1.46 kB[22m
[2026-04-23T16:33:44.509Z] [stdout] [2mdist/[22m[36massets/index-CONMiNOj.js                    [39m[1m[2m  3.66 kB[22m[1m[22m[2m │ gzip:  1.34 kB[22m
[2026-04-23T16:33:44.509Z] [stdout] [2mdist/[22m[36massets/expert-settings-panel-ChJb1eu2.js    [39m[1m[2m  3.89 kB[22m[1m[22m[2m │ gzip:  1.39 kB[22m
[2026-04-23T16:33:44.509Z] [stdout] [2mdist/[22m[36massets/UnitSystemCard-Cyy4mxVl.js           [39m[1m[2m  4.22 kB[22m[1m[22m[2m │ gzip:  1.76 kB[22m
[2026-04-23T16:33:44.509Z] [stdout] [2mdist/[22m[36massets/settings-shared-Cjk_IZEw.js          [39m[1m[2m  4.51 kB[22m[1m[22m[2m │ gzip:  1.75 kB[22m
[2026-04-23T16:33:44.509Z] [stdout] [2mdist/[22m[36massets/LicenseActivationDialog-fd63qpTR.js  [39m[1m[2m  5.38 kB[22m[1m[22m[2m │ gzip:  2.14 kB[22m
[2026-04-23T16:33:44.509Z] [stdout] [2mdist/[22m[36massets/LaboratoryManager-DPckOlMG.js        [39m[1m[2m  5.61 kB[22m[1m[22m[2m │ gzip:  1.96 kB[22m
[2026-04-23T16:33:44.509Z] [stdout] [2mdist/[22m[36massets/LogViewer-DbJntKGU.js                [39m[1m[2m  5.76 kB[22m[1m[22m[2m │ gzip:  2.43 kB[22m
[2026-04-23T16:33:44.509Z] [stdout] [2mdist/[22m[36massets/BackupManager-C1dJ45fN.js            [39m[1m[2m  5.80 kB[22m[1m[22m[2m │ gzip:  2.23 kB[22m
[2026-04-23T16:33:44.509Z] [stdout] [2mdist/[22m[36massets/OperatorManager-D8IGbfTK.js          [39m[1m[2m  5.91 kB[22m[1m[22m[2m │ gzip:  2.15 kB[22m
[2026-04-23T16:33:44.509Z] [stdout] [2mdist/[22m[36massets/chart-settings-store-O3c-gOCu.js     [39m[1m[2m  5.94 kB[22m[1m[22m[2m │ gzip:  2.07 kB[22m
[2026-04-23T16:33:44.509Z] [stdout] [2mdist/[22m[36massets/ChartSettingsManager-CWvnS14s.js     [39m[1m[2m  7.86 kB[22m[1m[22m[2m │ gzip:  2.64 kB[22m
[2026-04-23T16:33:44.509Z] [stdout] [2mdist/[22m[36massets/ExperimentExportImport-C1gRS9jt.js   [39m[1m[2m  7.96 kB[22m[1m[22m[2m │ gzip:  2.95 kB[22m
[2026-04-23T16:33:44.509Z] [stdout] [2mdist/[22m[36massets/APIKeyManager-CpkGK0gp.js            [39m[1m[2m  8.79 kB[22m[1m[22m[2m │ gzip:  3.06 kB[22m
[2026-04-23T16:33:44.509Z] [stdout] [2mdist/[22m[36massets/client-DbLr4FM5.js                   [39m[1m[2m  9.69 kB[22m[1m[22m[2m │ gzip:  3.95 kB[22m
[2026-04-23T16:33:44.510Z] [stdout] [2mdist/[22m[36massets/AppSettingsExporter-CpkYjtF6.js      [39m[1m[2m 11.08 kB[22m[1m[22m[2m │ gzip:  3.67 kB[22m
[2026-04-23T16:33:44.510Z] [stdout] [2mdist/[22m[36massets/ru-C8Cx8G0_.js                       [39m[1m[2m 12.58 kB[22m[1m[22m[2m │ gzip:  3.14 kB[22m
[2026-04-23T16:33:44.510Z] [stdout] [2mdist/[22m[36massets/useToast-Y2dQO5lZ.js                 [39m[1m[2m 14.15 kB[22m[1m[22m[2m │ gzip:  5.63 kB[22m
[2026-04-23T16:33:44.510Z] [stdout] [2mdist/[22m[36massets/vendor-date-B1cgXEfA.js              [39m[1m[2m 20.00 kB[22m[1m[22m[2m │ gzip:  5.73 kB[22m
[2026-04-23T16:33:44.510Z] [stdout] [2mdist/[22m[36massets/page-Bn11S9Fo.js                     [39m[1m[2m 27.67 kB[22m[1m[22m[2m │ gzip:  7.46 kB[22m
[2026-04-23T16:33:44.510Z] [stdout] [2mdist/[22m[36massets/report-save-CsS4Jipf.js              [39m[1m[2m 34.79 kB[22m[1m[22m[2m │ gzip: 11.81 kB[22m
[2026-04-23T16:33:44.510Z] [stdout] [2mdist/[22m[36massets/vendor-react-VsJEmFiX.js             [39m[1m[2m 48.76 kB[22m[1m[22m[2m │ gzip: 17.28 kB[22m
[2026-04-23T16:33:44.510Z] [stdout] [2mdist/[22m[36massets/vendor-charts-CziCK5UB.js            [39m[1m[2m 52.27 kB[22m[1m[22m[2m │ gzip: 23.28 kB[22m
[2026-04-23T16:33:44.510Z] [stdout] [2mdist/[22m[36massets/page-BPbKomaP.js                     [39m[1m[2m 57.32 kB[22m[1m[22m[2m │ gzip: 17.14 kB[22m
[2026-04-23T16:33:44.510Z] [stdout] [2mdist/[22m[36massets/page-Dzi-1D5e.js                     [39m[1m[2m103.38 kB[22m[1m[22m[2m │ gzip: 26.45 kB[22m
[2026-04-23T16:33:44.510Z] [stdout] [2mdist/[22m[36massets/vendor-radix-wOjfjdRn.js             [39m[1m[2m113.50 kB[22m[1m[22m[2m │ gzip: 36.46 kB[22m
[2026-04-23T16:33:44.510Z] [stdout] [2mdist/[22m[36massets/DashboardContent-CVcpQyk6.js         [39m[1m[2m116.44 kB[22m[1m[22m[2m │ gzip: 30.31 kB[22m
[2026-04-23T16:33:44.510Z] [stdout] [2mdist/[22m[36massets/page-BjN9UGb_.js                     [39m[1m[2m136.17 kB[22m[1m[22m[2m │ gzip: 39.38 kB[22m
[2026-04-23T16:33:44.510Z] [stdout] [2mdist/[22m[36massets/main-DbzYyHCb.js                     [39m[1m[2m271.84 kB[22m[1m[22m[2m │ gzip: 86.18 kB[22m
[2026-04-23T16:33:44.510Z] [stdout] [32m✓ built in 11.90s[39m
[2026-04-23T16:33:45.574Z] heartbeat: pid=21408 elapsed=15.0s
[2026-04-23T16:33:45.630Z] [stderr]    Compiling rheolab-enterprise v0.2.0-beta.35 (D:\Development\Rheolab\src-tauri)
[2026-04-23T16:34:00.589Z] heartbeat: pid=21408 elapsed=30.0s
[2026-04-23T16:34:15.593Z] heartbeat: pid=21408 elapsed=45.0s
[2026-04-23T16:34:30.606Z] heartbeat: pid=21408 elapsed=60.1s
[2026-04-23T16:34:45.610Z] heartbeat: pid=21408 elapsed=75.1s
[2026-04-23T16:35:00.617Z] heartbeat: pid=21408 elapsed=90.1s
[2026-04-23T16:35:15.617Z] heartbeat: pid=21408 elapsed=105.1s
[2026-04-23T16:35:30.618Z] heartbeat: pid=21408 elapsed=120.1s
[2026-04-23T16:35:45.635Z] heartbeat: pid=21408 elapsed=135.1s
[2026-04-23T16:36:00.643Z] heartbeat: pid=21408 elapsed=150.1s
[2026-04-23T16:36:15.651Z] heartbeat: pid=21408 elapsed=165.1s
[2026-04-23T16:36:30.652Z] heartbeat: pid=21408 elapsed=180.1s
[2026-04-23T16:36:45.667Z] heartbeat: pid=21408 elapsed=195.1s
[2026-04-23T16:37:00.672Z] heartbeat: pid=21408 elapsed=210.1s
[2026-04-23T16:37:03.043Z] [stderr]     Finished `release` profile [optimized] target(s) in 3m 18s
[2026-04-23T16:37:03.087Z] [stderr]        Built application at: D:\Development\Rheolab\src-tauri\target\release\rheolab-enterprise.exe
[2026-04-23T16:37:03.088Z] [stderr]         Info Patching binary "D:\\Development\\Rheolab\\src-tauri\\target\\release\\rheolab-enterprise.exe" for type nsis
[2026-04-23T16:37:03.098Z] [stderr]         Warn Failed to add bundler type to the binary: __TAURI_BUNDLE_TYPE variable not found in binary. Make sure tauri crate and tauri-cli are up to date. Updater plugin may not be able to update this package. This shouldn't normally happen, please report it to https://github.com/tauri-apps/tauri/issues
[2026-04-23T16:37:03.100Z] [stderr]         Info Target: x64
[2026-04-23T16:37:03.109Z] [stderr]      Running makensis to produce D:\Development\Rheolab\src-tauri\target\release\bundle\nsis\RheoLab Enterprise_0.2.0-beta.35_x64-setup.exe
[2026-04-23T16:37:15.679Z] heartbeat: pid=21408 elapsed=225.1s
[2026-04-23T16:37:15.770Z] [stderr]     Finished 1 bundle at:
[2026-04-23T16:37:15.770Z] [stderr]         D:\Development\Rheolab\src-tauri\target\release\bundle\nsis\RheoLab Enterprise_0.2.0-beta.35_x64-setup.exe
[2026-04-23T16:37:15.770Z] [stderr] 
[2026-04-23T16:37:15.790Z] wrapper exit: code=0 signal=null elapsed=225.2s
[2026-04-23T16:37:15.792Z] post-build sign: signing RheoLab Enterprise_0.2.0-beta.35_x64-setup.exe
[2026-04-23T16:37:16.509Z] post-build sign: success → RheoLab Enterprise_0.2.0-beta.35_x64-setup.exe.sig
