[2026-04-23T05:45:58.396Z] wrapper start
[2026-04-23T05:45:58.396Z] cwd=D:\Development\Rheolab
[2026-04-23T05:45:58.396Z] command=npm.cmd exec tauri -- build --config D:\Development\Rheolab\runtime\release\tmp\tauri.release.1776923158347.json
[2026-04-23T05:45:58.396Z] RHEOLAB_SKIP_VERSION_BUMP=1
[2026-04-23T05:45:58.396Z] INTEGRITY_SECRET_KEY present=true dev_sentinel=false
[2026-04-23T05:45:58.396Z] TAURI_SIGNING_PRIVATE_KEY present=true len=348
[2026-04-23T05:45:58.397Z] TAURI_SIGNING_PRIVATE_KEY_PASSWORD present=true
[2026-04-23T05:45:58.400Z] direct spawn failed (EINVAL), switching to shell fallback
[2026-04-23T05:45:58.400Z] using shell fallback: npm.cmd "exec" "tauri" "--" "build" "--config" "D:\Development\Rheolab\runtime\release\tmp\tauri.release.1776923158347.json"
[2026-04-23T05:45:59.232Z] [stderr]         Info Looking up installed tauri packages to check mismatched versions...
[2026-04-23T05:46:00.095Z] [stderr]      Running beforeBuildCommand `npm run build`
[2026-04-23T05:46:00.363Z] [stdout] 
[2026-04-23T05:46:00.363Z] [stdout] > rheolab-enterprise@0.2.0-beta.32 build
[2026-04-23T05:46:00.363Z] [stdout] > vite build
[2026-04-23T05:46:00.363Z] [stdout] 
[2026-04-23T05:46:00.748Z] [stdout] [36mvite v6.4.2 [32mbuilding for production...[36m[39m
[2026-04-23T05:46:00.799Z] [stdout] transforming...
[2026-04-23T05:46:13.424Z] heartbeat: pid=10992 elapsed=15.0s
[2026-04-23T05:46:14.092Z] [stderr] [33m[plugin vite:resolve] Module "crypto" has been externalized for browser compatibility, imported by "D:/Development/Rheolab/src/lib/utils/encryption.ts". See https://vite.dev/guide/troubleshooting.html#module-externalized-for-browser-compatibility for more details.[39m
[2026-04-23T05:46:15.795Z] [stdout] [32m✓[39m 2935 modules transformed.
[2026-04-23T05:46:16.071Z] [stdout] rendering chunks...
[2026-04-23T05:46:16.199Z] [stdout] computing gzip size...
[2026-04-23T05:46:16.221Z] [stdout] [2mdist/[22m[32mindex.html                                  [39m[1m[2m  1.70 kB[22m[1m[22m[2m │ gzip:  0.85 kB[22m
[2026-04-23T05:46:16.222Z] [stdout] [2mdist/[22m[35massets/report-save-Saz_VHki.css             [39m[1m[2m  1.63 kB[22m[1m[22m[2m │ gzip:  0.70 kB[22m
[2026-04-23T05:46:16.222Z] [stdout] [2mdist/[22m[35massets/main-CevOLcZ3.css                    [39m[1m[2m143.22 kB[22m[1m[22m[2m │ gzip: 20.69 kB[22m
[2026-04-23T05:46:16.222Z] [stdout] [2mdist/[22m[36massets/__vite-browser-external-BIHI7g3E.js  [39m[1m[2m  0.03 kB[22m[1m[22m[2m │ gzip:  0.05 kB[22m
[2026-04-23T05:46:16.222Z] [stdout] [2mdist/[22m[36massets/encryption-IHuMh5QD.js               [39m[1m[2m  0.14 kB[22m[1m[22m[2m │ gzip:  0.15 kB[22m
[2026-04-23T05:46:16.222Z] [stdout] [2mdist/[22m[36massets/page-ag22mqCL.js                     [39m[1m[2m  0.17 kB[22m[1m[22m[2m │ gzip:  0.16 kB[22m
[2026-04-23T05:46:16.222Z] [stdout] [2mdist/[22m[36massets/page-CdAzp9Ph.js                     [39m[1m[2m  0.20 kB[22m[1m[22m[2m │ gzip:  0.17 kB[22m
[2026-04-23T05:46:16.222Z] [stdout] [2mdist/[22m[36massets/tauri-bridge-q-KMNx3w.js             [39m[1m[2m  0.27 kB[22m[1m[22m[2m │ gzip:  0.20 kB[22m
[2026-04-23T05:46:16.222Z] [stdout] [2mdist/[22m[36massets/check-B1wHRujy.js                    [39m[1m[2m  0.29 kB[22m[1m[22m[2m │ gzip:  0.24 kB[22m
[2026-04-23T05:46:16.222Z] [stdout] [2mdist/[22m[36massets/chevron-up-BEUW7jQ0.js               [39m[1m[2m  0.30 kB[22m[1m[22m[2m │ gzip:  0.25 kB[22m
[2026-04-23T05:46:16.222Z] [stdout] [2mdist/[22m[36massets/chevron-down-vBTjcVK0.js             [39m[1m[2m  0.30 kB[22m[1m[22m[2m │ gzip:  0.25 kB[22m
[2026-04-23T05:46:16.222Z] [stdout] [2mdist/[22m[36massets/plus-D4BBvpjm.js                     [39m[1m[2m  0.33 kB[22m[1m[22m[2m │ gzip:  0.25 kB[22m
[2026-04-23T05:46:16.222Z] [stdout] [2mdist/[22m[36massets/circle-check-1azYzXic.js             [39m[1m[2m  0.35 kB[22m[1m[22m[2m │ gzip:  0.27 kB[22m
[2026-04-23T05:46:16.222Z] [stdout] [2mdist/[22m[36massets/rotate-ccw-BCgbk4UK.js               [39m[1m[2m  0.37 kB[22m[1m[22m[2m │ gzip:  0.29 kB[22m
[2026-04-23T05:46:16.223Z] [stdout] [2mdist/[22m[36massets/upload-C1FQNzsG.js                   [39m[1m[2m  0.40 kB[22m[1m[22m[2m │ gzip:  0.30 kB[22m
[2026-04-23T05:46:16.223Z] [stdout] [2mdist/[22m[36massets/settings-2-1xqSPLS1.js               [39m[1m[2m  0.42 kB[22m[1m[22m[2m │ gzip:  0.30 kB[22m
[2026-04-23T05:46:16.223Z] [stdout] [2mdist/[22m[36massets/circle-alert-CcOlaTKd.js             [39m[1m[2m  0.42 kB[22m[1m[22m[2m │ gzip:  0.29 kB[22m
[2026-04-23T05:46:16.223Z] [stdout] [2mdist/[22m[36massets/key-C8jG0eJq.js                      [39m[1m[2m  0.43 kB[22m[1m[22m[2m │ gzip:  0.32 kB[22m
[2026-04-23T05:46:16.223Z] [stdout] [2mdist/[22m[36massets/pencil-BWAEOF88.js                   [39m[1m[2m  0.45 kB[22m[1m[22m[2m │ gzip:  0.33 kB[22m
[2026-04-23T05:46:16.223Z] [stdout] [2mdist/[22m[36massets/flask-conical-Ct6T2199.js            [39m[1m[2m  0.47 kB[22m[1m[22m[2m │ gzip:  0.33 kB[22m
[2026-04-23T05:46:16.223Z] [stdout] [2mdist/[22m[36massets/trash-2-B4iNirwd.js                  [39m[1m[2m  0.50 kB[22m[1m[22m[2m │ gzip:  0.32 kB[22m
[2026-04-23T05:46:16.223Z] [stdout] [2mdist/[22m[36massets/file-down-x4XRelWB.js                [39m[1m[2m  0.53 kB[22m[1m[22m[2m │ gzip:  0.35 kB[22m
[2026-04-23T05:46:16.223Z] [stdout] [2mdist/[22m[36massets/branding-store-DwCsJNZL.js           [39m[1m[2m  0.54 kB[22m[1m[22m[2m │ gzip:  0.28 kB[22m
[2026-04-23T05:46:16.223Z] [stdout] [2mdist/[22m[36massets/building-2-B6Ite-5Y.js               [39m[1m[2m  0.56 kB[22m[1m[22m[2m │ gzip:  0.34 kB[22m
[2026-04-23T05:46:16.223Z] [stdout] [2mdist/[22m[36massets/input-DXke8Wv_.js                    [39m[1m[2m  0.60 kB[22m[1m[22m[2m │ gzip:  0.38 kB[22m
[2026-04-23T05:46:16.223Z] [stdout] [2mdist/[22m[36massets/circle-x-fA5L6gqU.js                 [39m[1m[2m  0.69 kB[22m[1m[22m[2m │ gzip:  0.35 kB[22m
[2026-04-23T05:46:16.223Z] [stdout] [2mdist/[22m[36massets/user-DWx2sL3d.js                     [39m[1m[2m  0.74 kB[22m[1m[22m[2m │ gzip:  0.38 kB[22m
[2026-04-23T05:46:16.223Z] [stdout] [2mdist/[22m[36massets/client-pWLAVro3.js                   [39m[1m[2m  0.75 kB[22m[1m[22m[2m │ gzip:  0.40 kB[22m
[2026-04-23T05:46:16.223Z] [stdout] [2mdist/[22m[36massets/calendar-DT9V5Y0-.js                 [39m[1m[2m  0.79 kB[22m[1m[22m[2m │ gzip:  0.41 kB[22m
[2026-04-23T05:46:16.223Z] [stdout] [2mdist/[22m[36massets/useFocusTrap-DBIo29X4.js             [39m[1m[2m  0.84 kB[22m[1m[22m[2m │ gzip:  0.44 kB[22m
[2026-04-23T05:46:16.224Z] [stdout] [2mdist/[22m[36massets/search-uzq77q6H.js                   [39m[1m[2m  0.89 kB[22m[1m[22m[2m │ gzip:  0.41 kB[22m
[2026-04-23T05:46:16.224Z] [stdout] [2mdist/[22m[36massets/update-install-DTcQSIwL.js           [39m[1m[2m  1.11 kB[22m[1m[22m[2m │ gzip:  0.62 kB[22m
[2026-04-23T05:46:16.224Z] [stdout] [2mdist/[22m[36massets/tabs-CXKP8gXY.js                     [39m[1m[2m  1.35 kB[22m[1m[22m[2m │ gzip:  0.51 kB[22m
[2026-04-23T05:46:16.224Z] [stdout] [2mdist/[22m[36massets/settings-D-6tzwJQ.js                 [39m[1m[2m  1.43 kB[22m[1m[22m[2m │ gzip:  0.53 kB[22m
[2026-04-23T05:46:16.224Z] [stdout] [2mdist/[22m[36massets/card-DnFB79uM.js                     [39m[1m[2m  1.58 kB[22m[1m[22m[2m │ gzip:  0.67 kB[22m
[2026-04-23T05:46:16.225Z] [stdout] [2mdist/[22m[36massets/index-BsTXWdAo.js                    [39m[1m[2m  1.89 kB[22m[1m[22m[2m │ gzip:  0.92 kB[22m
[2026-04-23T05:46:16.225Z] [stdout] [2mdist/[22m[36massets/button-St7UMBzT.js                   [39m[1m[2m  1.94 kB[22m[1m[22m[2m │ gzip:  0.96 kB[22m
[2026-04-23T05:46:16.225Z] [stdout] [2mdist/[22m[36massets/PrecisionSettingsCard-CLRD0w7A.js    [39m[1m[2m  2.05 kB[22m[1m[22m[2m │ gzip:  0.98 kB[22m
[2026-04-23T05:46:16.225Z] [stdout] [2mdist/[22m[36massets/alert-dialog-ChbSPB3t.js             [39m[1m[2m  2.12 kB[22m[1m[22m[2m │ gzip:  0.77 kB[22m
[2026-04-23T05:46:16.225Z] [stdout] [2mdist/[22m[36massets/TrialBanner-ZgTfsJr-.js              [39m[1m[2m  2.26 kB[22m[1m[22m[2m │ gzip:  1.22 kB[22m
[2026-04-23T05:46:16.225Z] [stdout] [2mdist/[22m[36massets/label-CI-Om16h.js                    [39m[1m[2m  2.52 kB[22m[1m[22m[2m │ gzip:  0.95 kB[22m
[2026-04-23T05:46:16.225Z] [stdout] [2mdist/[22m[36massets/BrandingManager-okqD7I3g.js          [39m[1m[2m  2.55 kB[22m[1m[22m[2m │ gzip:  1.16 kB[22m
[2026-04-23T05:46:16.225Z] [stdout] [2mdist/[22m[36massets/UpdateChecker-DiwsN-N_.js            [39m[1m[2m  3.38 kB[22m[1m[22m[2m │ gzip:  1.46 kB[22m
[2026-04-23T05:46:16.226Z] [stdout] [2mdist/[22m[36massets/index-CuRPOpZr.js                    [39m[1m[2m  3.66 kB[22m[1m[22m[2m │ gzip:  1.34 kB[22m
[2026-04-23T05:46:16.226Z] [stdout] [2mdist/[22m[36massets/expert-settings-panel-D0D08y6_.js    [39m[1m[2m  3.89 kB[22m[1m[22m[2m │ gzip:  1.39 kB[22m
[2026-04-23T05:46:16.226Z] [stdout] [2mdist/[22m[36massets/UnitSystemCard-QjUkBb17.js           [39m[1m[2m  4.22 kB[22m[1m[22m[2m │ gzip:  1.76 kB[22m
[2026-04-23T05:46:16.226Z] [stdout] [2mdist/[22m[36massets/settings-shared-Cjk_IZEw.js          [39m[1m[2m  4.51 kB[22m[1m[22m[2m │ gzip:  1.75 kB[22m
[2026-04-23T05:46:16.226Z] [stdout] [2mdist/[22m[36massets/LicenseActivationDialog-DFDCKmPS.js  [39m[1m[2m  5.38 kB[22m[1m[22m[2m │ gzip:  2.15 kB[22m
[2026-04-23T05:46:16.226Z] [stdout] [2mdist/[22m[36massets/LaboratoryManager-C5pevOF_.js        [39m[1m[2m  5.61 kB[22m[1m[22m[2m │ gzip:  1.96 kB[22m
[2026-04-23T05:46:16.226Z] [stdout] [2mdist/[22m[36massets/LogViewer-DO7g_nAS.js                [39m[1m[2m  5.76 kB[22m[1m[22m[2m │ gzip:  2.43 kB[22m
[2026-04-23T05:46:16.226Z] [stdout] [2mdist/[22m[36massets/BackupManager-vbY_kRy7.js            [39m[1m[2m  5.80 kB[22m[1m[22m[2m │ gzip:  2.23 kB[22m
[2026-04-23T05:46:16.226Z] [stdout] [2mdist/[22m[36massets/OperatorManager-t3Jd1DNp.js          [39m[1m[2m  5.91 kB[22m[1m[22m[2m │ gzip:  2.14 kB[22m
[2026-04-23T05:46:16.226Z] [stdout] [2mdist/[22m[36massets/chart-settings-store-BAee64i0.js     [39m[1m[2m  5.94 kB[22m[1m[22m[2m │ gzip:  2.07 kB[22m
[2026-04-23T05:46:16.226Z] [stdout] [2mdist/[22m[36massets/ExperimentExportImport-CPmNWh_q.js   [39m[1m[2m  7.77 kB[22m[1m[22m[2m │ gzip:  2.85 kB[22m
[2026-04-23T05:46:16.227Z] [stdout] [2mdist/[22m[36massets/ChartSettingsManager-CSrUnj1T.js     [39m[1m[2m  7.89 kB[22m[1m[22m[2m │ gzip:  2.65 kB[22m
[2026-04-23T05:46:16.227Z] [stdout] [2mdist/[22m[36massets/APIKeyManager-C1kYuDEX.js            [39m[1m[2m  8.79 kB[22m[1m[22m[2m │ gzip:  3.06 kB[22m
[2026-04-23T05:46:16.227Z] [stdout] [2mdist/[22m[36massets/client-CYF7R8Jb.js                   [39m[1m[2m  9.69 kB[22m[1m[22m[2m │ gzip:  3.95 kB[22m
[2026-04-23T05:46:16.227Z] [stdout] [2mdist/[22m[36massets/AppSettingsExporter-BxXyElQe.js      [39m[1m[2m 11.11 kB[22m[1m[22m[2m │ gzip:  3.68 kB[22m
[2026-04-23T05:46:16.227Z] [stdout] [2mdist/[22m[36massets/ru-C8Cx8G0_.js                       [39m[1m[2m 12.58 kB[22m[1m[22m[2m │ gzip:  3.14 kB[22m
[2026-04-23T05:46:16.227Z] [stdout] [2mdist/[22m[36massets/useToast-ovATYKqD.js                 [39m[1m[2m 14.15 kB[22m[1m[22m[2m │ gzip:  5.63 kB[22m
[2026-04-23T05:46:16.227Z] [stdout] [2mdist/[22m[36massets/vendor-date-B1cgXEfA.js              [39m[1m[2m 20.00 kB[22m[1m[22m[2m │ gzip:  5.73 kB[22m
[2026-04-23T05:46:16.227Z] [stdout] [2mdist/[22m[36massets/page-DfstsRJR.js                     [39m[1m[2m 26.53 kB[22m[1m[22m[2m │ gzip:  7.19 kB[22m
[2026-04-23T05:46:16.227Z] [stdout] [2mdist/[22m[36massets/report-save-5B83QYy2.js              [39m[1m[2m 34.80 kB[22m[1m[22m[2m │ gzip: 11.82 kB[22m
[2026-04-23T05:46:16.227Z] [stdout] [2mdist/[22m[36massets/vendor-react-VsJEmFiX.js             [39m[1m[2m 48.76 kB[22m[1m[22m[2m │ gzip: 17.28 kB[22m
[2026-04-23T05:46:16.227Z] [stdout] [2mdist/[22m[36massets/vendor-charts-CziCK5UB.js            [39m[1m[2m 52.27 kB[22m[1m[22m[2m │ gzip: 23.28 kB[22m
[2026-04-23T05:46:16.227Z] [stdout] [2mdist/[22m[36massets/page-D13kgGfD.js                     [39m[1m[2m 57.60 kB[22m[1m[22m[2m │ gzip: 17.29 kB[22m
[2026-04-23T05:46:16.227Z] [stdout] [2mdist/[22m[36massets/page-DE6C5Szf.js                     [39m[1m[2m100.63 kB[22m[1m[22m[2m │ gzip: 25.74 kB[22m
[2026-04-23T05:46:16.227Z] [stdout] [2mdist/[22m[36massets/vendor-radix-wOjfjdRn.js             [39m[1m[2m113.50 kB[22m[1m[22m[2m │ gzip: 36.46 kB[22m
[2026-04-23T05:46:16.227Z] [stdout] [2mdist/[22m[36massets/DashboardContent-DCyi6DHV.js         [39m[1m[2m116.44 kB[22m[1m[22m[2m │ gzip: 30.32 kB[22m
[2026-04-23T05:46:16.227Z] [stdout] [2mdist/[22m[36massets/page-BxhaLOZh.js                     [39m[1m[2m136.17 kB[22m[1m[22m[2m │ gzip: 39.39 kB[22m
[2026-04-23T05:46:16.228Z] [stdout] [2mdist/[22m[36massets/main-ymn2_-8z.js                     [39m[1m[2m271.87 kB[22m[1m[22m[2m │ gzip: 86.21 kB[22m
[2026-04-23T05:46:16.228Z] [stdout] [32m✓ built in 15.46s[39m
[2026-04-23T05:46:17.856Z] [stderr]    Compiling rheolab-enterprise v0.2.0-beta.32 (D:\Development\Rheolab\src-tauri)
[2026-04-23T05:46:28.429Z] heartbeat: pid=10992 elapsed=30.0s
[2026-04-23T05:46:43.435Z] heartbeat: pid=10992 elapsed=45.0s
[2026-04-23T05:46:58.436Z] heartbeat: pid=10992 elapsed=60.0s
[2026-04-23T05:47:13.446Z] heartbeat: pid=10992 elapsed=75.0s
[2026-04-23T05:47:28.450Z] heartbeat: pid=10992 elapsed=90.1s
[2026-04-23T05:47:43.465Z] heartbeat: pid=10992 elapsed=105.1s
[2026-04-23T05:47:58.473Z] heartbeat: pid=10992 elapsed=120.1s
[2026-04-23T05:48:13.477Z] heartbeat: pid=10992 elapsed=135.1s
[2026-04-23T05:48:28.486Z] heartbeat: pid=10992 elapsed=150.1s
[2026-04-23T05:48:43.494Z] heartbeat: pid=10992 elapsed=165.1s
[2026-04-23T05:48:58.495Z] heartbeat: pid=10992 elapsed=180.1s
[2026-04-23T05:49:13.504Z] heartbeat: pid=10992 elapsed=195.1s
[2026-04-23T05:49:28.516Z] heartbeat: pid=10992 elapsed=210.1s
[2026-04-23T05:49:43.530Z] heartbeat: pid=10992 elapsed=225.1s
[2026-04-23T05:49:58.538Z] heartbeat: pid=10992 elapsed=240.1s
[2026-04-23T05:50:09.636Z] [stderr]     Finished `release` profile [optimized] target(s) in 3m 52s
[2026-04-23T05:50:09.688Z] [stderr]        Built application at: D:\Development\Rheolab\src-tauri\target\release\rheolab-enterprise.exe
[2026-04-23T05:50:09.689Z] [stderr]         Info Patching binary "D:\\Development\\Rheolab\\src-tauri\\target\\release\\rheolab-enterprise.exe" for type nsis
[2026-04-23T05:50:09.699Z] [stderr]         Warn Failed to add bundler type to the binary: __TAURI_BUNDLE_TYPE variable not found in binary. Make sure tauri crate and tauri-cli are up to date. Updater plugin may not be able to update this package. This shouldn't normally happen, please report it to https://github.com/tauri-apps/tauri/issues
[2026-04-23T05:50:09.701Z] [stderr]         Info Target: x64
[2026-04-23T05:50:09.713Z] [stderr]      Running makensis to produce D:\Development\Rheolab\src-tauri\target\release\bundle\nsis\RheoLab Enterprise_0.2.0-beta.32_x64-setup.exe
[2026-04-23T05:50:13.539Z] heartbeat: pid=10992 elapsed=255.1s
[2026-04-23T05:50:23.746Z] [stderr]     Finished 1 bundle at:
[2026-04-23T05:50:23.746Z] [stderr]         D:\Development\Rheolab\src-tauri\target\release\bundle\nsis\RheoLab Enterprise_0.2.0-beta.32_x64-setup.exe
[2026-04-23T05:50:23.746Z] [stderr] 
[2026-04-23T05:50:23.781Z] wrapper exit: code=0 signal=null elapsed=265.4s
[2026-04-23T05:50:23.783Z] post-build sign: signing RheoLab Enterprise_0.2.0-beta.32_x64-setup.exe
[2026-04-23T05:50:25.071Z] post-build sign: success → RheoLab Enterprise_0.2.0-beta.32_x64-setup.exe.sig
