[2026-04-21T08:52:11.460Z] wrapper start
[2026-04-21T08:52:11.461Z] cwd=D:\Development\Rheolab
[2026-04-21T08:52:11.461Z] command=npm.cmd exec tauri -- build
[2026-04-21T08:52:11.461Z] RHEOLAB_SKIP_VERSION_BUMP=1
[2026-04-21T08:52:11.461Z] INTEGRITY_SECRET_KEY present=true dev_sentinel=false
[2026-04-21T08:52:11.461Z] TAURI_SIGNING_PRIVATE_KEY present=true len=348
[2026-04-21T08:52:11.461Z] TAURI_SIGNING_PRIVATE_KEY_PASSWORD present=true
[2026-04-21T08:52:11.465Z] direct spawn failed (EINVAL), switching to shell fallback
[2026-04-21T08:52:11.465Z] using shell fallback: npm.cmd "exec" "tauri" "--" "build"
[2026-04-21T08:52:13.443Z] [stderr]         Info Looking up installed tauri packages to check mismatched versions...
[2026-04-21T08:52:14.145Z] [stderr]      Running beforeBuildCommand `npm run build`
[2026-04-21T08:52:14.378Z] [stdout] 
[2026-04-21T08:52:14.379Z] [stdout] > rheolab-enterprise@0.2.0-beta.12 build
[2026-04-21T08:52:14.379Z] [stdout] > vite build
[2026-04-21T08:52:14.379Z] [stdout] 
[2026-04-21T08:52:14.687Z] [stdout] [36mvite v6.4.1 [32mbuilding for production...[36m[39m
[2026-04-21T08:52:14.748Z] [stdout] transforming...
[2026-04-21T08:52:18.750Z] [stderr] [33m[plugin vite:resolve] Module "crypto" has been externalized for browser compatibility, imported by "D:/Development/Rheolab/src/lib/utils/encryption.ts". See https://vite.dev/guide/troubleshooting.html#module-externalized-for-browser-compatibility for more details.[39m
[2026-04-21T08:52:19.926Z] [stdout] [32m✓[39m 2908 modules transformed.
[2026-04-21T08:52:20.121Z] [stdout] rendering chunks...
[2026-04-21T08:52:20.228Z] [stdout] computing gzip size...
[2026-04-21T08:52:20.242Z] [stdout] [2mdist/[22m[32mindex.html                                  [39m[1m[2m  1.70 kB[22m[1m[22m[2m │ gzip:  0.86 kB[22m
[2026-04-21T08:52:20.246Z] [stdout] [2mdist/[22m[35massets/ChartErrorBoundary-Saz_VHki.css      [39m[1m[2m  1.63 kB[22m[1m[22m[2m │ gzip:  0.70 kB[22m
[2026-04-21T08:52:20.246Z] [stdout] [2mdist/[22m[35massets/main-BL55LwT_.css                    [39m[1m[2m141.53 kB[22m[1m[22m[2m │ gzip: 20.44 kB[22m
[2026-04-21T08:52:20.246Z] [stdout] [2mdist/[22m[36massets/__vite-browser-external-BIHI7g3E.js  [39m[1m[2m  0.03 kB[22m[1m[22m[2m │ gzip:  0.05 kB[22m
[2026-04-21T08:52:20.246Z] [stdout] [2mdist/[22m[36massets/encryption-COBXHRXd.js               [39m[1m[2m  0.14 kB[22m[1m[22m[2m │ gzip:  0.15 kB[22m
[2026-04-21T08:52:20.246Z] [stdout] [2mdist/[22m[36massets/page-ag22mqCL.js                     [39m[1m[2m  0.17 kB[22m[1m[22m[2m │ gzip:  0.16 kB[22m
[2026-04-21T08:52:20.246Z] [stdout] [2mdist/[22m[36massets/page-CdAzp9Ph.js                     [39m[1m[2m  0.20 kB[22m[1m[22m[2m │ gzip:  0.17 kB[22m
[2026-04-21T08:52:20.246Z] [stdout] [2mdist/[22m[36massets/tauri-bridge-DHa8dVPd.js             [39m[1m[2m  0.27 kB[22m[1m[22m[2m │ gzip:  0.20 kB[22m
[2026-04-21T08:52:20.246Z] [stdout] [2mdist/[22m[36massets/check-LZxaNR23.js                    [39m[1m[2m  0.29 kB[22m[1m[22m[2m │ gzip:  0.24 kB[22m
[2026-04-21T08:52:20.246Z] [stdout] [2mdist/[22m[36massets/chevron-down-l5iFtjYP.js             [39m[1m[2m  0.30 kB[22m[1m[22m[2m │ gzip:  0.25 kB[22m
[2026-04-21T08:52:20.246Z] [stdout] [2mdist/[22m[36massets/plus-DlVTN1NF.js                     [39m[1m[2m  0.33 kB[22m[1m[22m[2m │ gzip:  0.25 kB[22m
[2026-04-21T08:52:20.246Z] [stdout] [2mdist/[22m[36massets/circle-check-DOaWrhpX.js             [39m[1m[2m  0.35 kB[22m[1m[22m[2m │ gzip:  0.27 kB[22m
[2026-04-21T08:52:20.247Z] [stdout] [2mdist/[22m[36massets/rotate-ccw-NrSJjb9x.js               [39m[1m[2m  0.37 kB[22m[1m[22m[2m │ gzip:  0.29 kB[22m
[2026-04-21T08:52:20.247Z] [stdout] [2mdist/[22m[36massets/upload-C2bGGPRV.js                   [39m[1m[2m  0.40 kB[22m[1m[22m[2m │ gzip:  0.30 kB[22m
[2026-04-21T08:52:20.247Z] [stdout] [2mdist/[22m[36massets/database-Dr42pF2s.js                 [39m[1m[2m  0.42 kB[22m[1m[22m[2m │ gzip:  0.31 kB[22m
[2026-04-21T08:52:20.247Z] [stdout] [2mdist/[22m[36massets/settings-2-CXYsR-5q.js               [39m[1m[2m  0.42 kB[22m[1m[22m[2m │ gzip:  0.30 kB[22m
[2026-04-21T08:52:20.247Z] [stdout] [2mdist/[22m[36massets/circle-alert-BI_fwGyJ.js             [39m[1m[2m  0.42 kB[22m[1m[22m[2m │ gzip:  0.29 kB[22m
[2026-04-21T08:52:20.247Z] [stdout] [2mdist/[22m[36massets/key-CJenZcG6.js                      [39m[1m[2m  0.43 kB[22m[1m[22m[2m │ gzip:  0.32 kB[22m
[2026-04-21T08:52:20.247Z] [stdout] [2mdist/[22m[36massets/pencil-B8BS9HxO.js                   [39m[1m[2m  0.45 kB[22m[1m[22m[2m │ gzip:  0.33 kB[22m
[2026-04-21T08:52:20.247Z] [stdout] [2mdist/[22m[36massets/flask-conical-0C4CL45S.js            [39m[1m[2m  0.47 kB[22m[1m[22m[2m │ gzip:  0.33 kB[22m
[2026-04-21T08:52:20.247Z] [stdout] [2mdist/[22m[36massets/trash-2-BBLNAuxV.js                  [39m[1m[2m  0.50 kB[22m[1m[22m[2m │ gzip:  0.32 kB[22m
[2026-04-21T08:52:20.247Z] [stdout] [2mdist/[22m[36massets/building-2-DggPhbHh.js               [39m[1m[2m  0.56 kB[22m[1m[22m[2m │ gzip:  0.34 kB[22m
[2026-04-21T08:52:20.247Z] [stdout] [2mdist/[22m[36massets/ruler-DI78plVE.js                    [39m[1m[2m  0.57 kB[22m[1m[22m[2m │ gzip:  0.35 kB[22m
[2026-04-21T08:52:20.247Z] [stdout] [2mdist/[22m[36massets/input-g-H7rPmc.js                    [39m[1m[2m  0.60 kB[22m[1m[22m[2m │ gzip:  0.38 kB[22m
[2026-04-21T08:52:20.247Z] [stdout] [2mdist/[22m[36massets/circle-x-BUKR-bJO.js                 [39m[1m[2m  0.69 kB[22m[1m[22m[2m │ gzip:  0.36 kB[22m
[2026-04-21T08:52:20.247Z] [stdout] [2mdist/[22m[36massets/client-CncbFou7.js                   [39m[1m[2m  0.75 kB[22m[1m[22m[2m │ gzip:  0.40 kB[22m
[2026-04-21T08:52:20.248Z] [stdout] [2mdist/[22m[36massets/calendar-CdIjhbua.js                 [39m[1m[2m  0.79 kB[22m[1m[22m[2m │ gzip:  0.41 kB[22m
[2026-04-21T08:52:20.248Z] [stdout] [2mdist/[22m[36massets/useFocusTrap-DBIo29X4.js             [39m[1m[2m  0.84 kB[22m[1m[22m[2m │ gzip:  0.44 kB[22m
[2026-04-21T08:52:20.248Z] [stdout] [2mdist/[22m[36massets/search-BMiklmCG.js                   [39m[1m[2m  0.89 kB[22m[1m[22m[2m │ gzip:  0.42 kB[22m
[2026-04-21T08:52:20.248Z] [stdout] [2mdist/[22m[36massets/card-B5wkOuRc.js                     [39m[1m[2m  1.06 kB[22m[1m[22m[2m │ gzip:  0.41 kB[22m
[2026-04-21T08:52:20.248Z] [stdout] [2mdist/[22m[36massets/branding-store-v5EdtOik.js           [39m[1m[2m  1.36 kB[22m[1m[22m[2m │ gzip:  0.59 kB[22m
[2026-04-21T08:52:20.248Z] [stdout] [2mdist/[22m[36massets/UnitSystemCard-gnhEaIzg.js           [39m[1m[2m  1.82 kB[22m[1m[22m[2m │ gzip:  1.01 kB[22m
[2026-04-21T08:52:20.248Z] [stdout] [2mdist/[22m[36massets/index-ukMFSC8x.js                    [39m[1m[2m  1.89 kB[22m[1m[22m[2m │ gzip:  0.92 kB[22m
[2026-04-21T08:52:20.248Z] [stdout] [2mdist/[22m[36massets/button-2LMxeBBn.js                   [39m[1m[2m  1.94 kB[22m[1m[22m[2m │ gzip:  0.96 kB[22m
[2026-04-21T08:52:20.248Z] [stdout] [2mdist/[22m[36massets/alert-dialog-BwmYxi85.js             [39m[1m[2m  2.12 kB[22m[1m[22m[2m │ gzip:  0.77 kB[22m
[2026-04-21T08:52:20.248Z] [stdout] [2mdist/[22m[36massets/TrialBanner-BxfAmGS4.js              [39m[1m[2m  2.26 kB[22m[1m[22m[2m │ gzip:  1.22 kB[22m
[2026-04-21T08:52:20.248Z] [stdout] [2mdist/[22m[36massets/label-C8B8Z9N6.js                    [39m[1m[2m  2.52 kB[22m[1m[22m[2m │ gzip:  0.95 kB[22m
[2026-04-21T08:52:20.248Z] [stdout] [2mdist/[22m[36massets/BrandingManager-DUkcCfVS.js          [39m[1m[2m  2.55 kB[22m[1m[22m[2m │ gzip:  1.16 kB[22m
[2026-04-21T08:52:20.248Z] [stdout] [2mdist/[22m[36massets/index-C2fEM-cK.js                    [39m[1m[2m  3.59 kB[22m[1m[22m[2m │ gzip:  1.31 kB[22m
[2026-04-21T08:52:20.248Z] [stdout] [2mdist/[22m[36massets/chart-settings-store-BlS9Gyaf.js     [39m[1m[2m  3.90 kB[22m[1m[22m[2m │ gzip:  1.41 kB[22m
[2026-04-21T08:52:20.249Z] [stdout] [2mdist/[22m[36massets/expert-settings-panel-BQFaB53n.js    [39m[1m[2m  3.90 kB[22m[1m[22m[2m │ gzip:  1.39 kB[22m
[2026-04-21T08:52:20.249Z] [stdout] [2mdist/[22m[36massets/LicenseActivationDialog-HD7oDXD2.js  [39m[1m[2m  5.38 kB[22m[1m[22m[2m │ gzip:  2.14 kB[22m
[2026-04-21T08:52:20.249Z] [stdout] [2mdist/[22m[36massets/LaboratoryManager-DDASy4DA.js        [39m[1m[2m  5.61 kB[22m[1m[22m[2m │ gzip:  1.96 kB[22m
[2026-04-21T08:52:20.249Z] [stdout] [2mdist/[22m[36massets/LogViewer-CN5SOsq-.js                [39m[1m[2m  5.76 kB[22m[1m[22m[2m │ gzip:  2.43 kB[22m
[2026-04-21T08:52:20.249Z] [stdout] [2mdist/[22m[36massets/BackupManager-uinZd9Et.js            [39m[1m[2m  5.80 kB[22m[1m[22m[2m │ gzip:  2.23 kB[22m
[2026-04-21T08:52:20.249Z] [stdout] [2mdist/[22m[36massets/OperatorManager-CSe74INN.js          [39m[1m[2m  5.91 kB[22m[1m[22m[2m │ gzip:  2.15 kB[22m
[2026-04-21T08:52:20.249Z] [stdout] [2mdist/[22m[36massets/ExperimentExportImport-lv2Kn5yW.js   [39m[1m[2m  8.33 kB[22m[1m[22m[2m │ gzip:  2.94 kB[22m
[2026-04-21T08:52:20.249Z] [stdout] [2mdist/[22m[36massets/APIKeyManager-rr8mtuLH.js            [39m[1m[2m  8.79 kB[22m[1m[22m[2m │ gzip:  3.06 kB[22m
[2026-04-21T08:52:20.249Z] [stdout] [2mdist/[22m[36massets/client-sfsK2YSc.js                   [39m[1m[2m  9.13 kB[22m[1m[22m[2m │ gzip:  3.65 kB[22m
[2026-04-21T08:52:20.249Z] [stdout] [2mdist/[22m[36massets/AppSettingsExporter-BQ3q5wjy.js      [39m[1m[2m 10.98 kB[22m[1m[22m[2m │ gzip:  3.62 kB[22m
[2026-04-21T08:52:20.250Z] [stdout] [2mdist/[22m[36massets/ru-C8Cx8G0_.js                       [39m[1m[2m 12.58 kB[22m[1m[22m[2m │ gzip:  3.14 kB[22m
[2026-04-21T08:52:20.251Z] [stdout] [2mdist/[22m[36massets/ChartSettingsManager-CoU-m-0e.js     [39m[1m[2m 13.64 kB[22m[1m[22m[2m │ gzip:  4.15 kB[22m
[2026-04-21T08:52:20.251Z] [stdout] [2mdist/[22m[36massets/useToast-B39f-fSM.js                 [39m[1m[2m 14.36 kB[22m[1m[22m[2m │ gzip:  5.65 kB[22m
[2026-04-21T08:52:20.251Z] [stdout] [2mdist/[22m[36massets/ChartErrorBoundary-CXzvtD_9.js       [39m[1m[2m 15.03 kB[22m[1m[22m[2m │ gzip:  6.28 kB[22m
[2026-04-21T08:52:20.251Z] [stdout] [2mdist/[22m[36massets/vendor-date-B1cgXEfA.js              [39m[1m[2m 20.00 kB[22m[1m[22m[2m │ gzip:  5.73 kB[22m
[2026-04-21T08:52:20.251Z] [stdout] [2mdist/[22m[36massets/page-D8dxmZ6N.js                     [39m[1m[2m 29.44 kB[22m[1m[22m[2m │ gzip:  7.70 kB[22m
[2026-04-21T08:52:20.251Z] [stdout] [2mdist/[22m[36massets/page-uL7EQkqd.js                     [39m[1m[2m 40.89 kB[22m[1m[22m[2m │ gzip: 13.06 kB[22m
[2026-04-21T08:52:20.251Z] [stdout] [2mdist/[22m[36massets/vendor-react-VsJEmFiX.js             [39m[1m[2m 48.76 kB[22m[1m[22m[2m │ gzip: 17.28 kB[22m
[2026-04-21T08:52:20.251Z] [stdout] [2mdist/[22m[36massets/vendor-charts-CziCK5UB.js            [39m[1m[2m 52.27 kB[22m[1m[22m[2m │ gzip: 23.28 kB[22m
[2026-04-21T08:52:20.251Z] [stdout] [2mdist/[22m[36massets/page-C726iHDu.js                     [39m[1m[2m 92.70 kB[22m[1m[22m[2m │ gzip: 23.29 kB[22m
[2026-04-21T08:52:20.251Z] [stdout] [2mdist/[22m[36massets/vendor-radix-wOjfjdRn.js             [39m[1m[2m113.50 kB[22m[1m[22m[2m │ gzip: 36.46 kB[22m
[2026-04-21T08:52:20.251Z] [stdout] [2mdist/[22m[36massets/DashboardContent-DCC1FXUz.js         [39m[1m[2m121.27 kB[22m[1m[22m[2m │ gzip: 31.45 kB[22m
[2026-04-21T08:52:20.251Z] [stdout] [2mdist/[22m[36massets/page-COtKAAwy.js                     [39m[1m[2m132.65 kB[22m[1m[22m[2m │ gzip: 38.23 kB[22m
[2026-04-21T08:52:20.252Z] [stdout] [2mdist/[22m[36massets/main-DztXYomW.js                     [39m[1m[2m278.24 kB[22m[1m[22m[2m │ gzip: 88.44 kB[22m
[2026-04-21T08:52:20.252Z] [stdout] [32m✓ built in 5.53s[39m
[2026-04-21T08:52:26.480Z] heartbeat: pid=6812 elapsed=15.0s
[2026-04-21T08:52:41.495Z] heartbeat: pid=6812 elapsed=30.0s
[2026-04-21T08:52:47.812Z] [stderr]    Compiling rheolab-enterprise v0.2.0-beta.12 (D:\Development\Rheolab\src-tauri)
[2026-04-21T08:52:56.502Z] heartbeat: pid=6812 elapsed=45.0s
[2026-04-21T08:53:11.503Z] heartbeat: pid=6812 elapsed=60.0s
[2026-04-21T08:53:26.515Z] heartbeat: pid=6812 elapsed=75.1s
[2026-04-21T08:53:41.522Z] heartbeat: pid=6812 elapsed=90.1s
[2026-04-21T08:53:56.533Z] heartbeat: pid=6812 elapsed=105.1s
[2026-04-21T08:54:11.538Z] heartbeat: pid=6812 elapsed=120.1s
[2026-04-21T08:54:26.541Z] heartbeat: pid=6812 elapsed=135.1s
[2026-04-21T08:54:41.553Z] heartbeat: pid=6812 elapsed=150.1s
[2026-04-21T08:54:56.559Z] heartbeat: pid=6812 elapsed=165.1s
[2026-04-21T08:55:11.567Z] heartbeat: pid=6812 elapsed=180.1s
[2026-04-21T08:55:26.575Z] heartbeat: pid=6812 elapsed=195.1s
[2026-04-21T08:55:41.578Z] heartbeat: pid=6812 elapsed=210.1s
[2026-04-21T08:55:56.578Z] heartbeat: pid=6812 elapsed=225.1s
[2026-04-21T08:56:11.584Z] heartbeat: pid=6812 elapsed=240.1s
[2026-04-21T08:56:16.509Z] [stderr]     Finished `release` profile [optimized] target(s) in 3m 55s
[2026-04-21T08:56:16.579Z] [stderr]        Built application at: D:\Development\Rheolab\src-tauri\target\release\rheolab-enterprise.exe
[2026-04-21T08:56:16.581Z] [stderr]         Info Patching binary "D:\\Development\\Rheolab\\src-tauri\\target\\release\\rheolab-enterprise.exe" for type nsis
[2026-04-21T08:56:16.609Z] [stderr]         Info Target: x64
[2026-04-21T08:56:16.622Z] [stderr]      Running makensis to produce D:\Development\Rheolab\src-tauri\target\release\bundle\nsis\RheoLab Enterprise_0.2.0-beta.12_x64-setup.exe
[2026-04-21T08:56:26.587Z] heartbeat: pid=6812 elapsed=255.1s
[2026-04-21T08:56:29.966Z] [stderr]     Finished 1 bundle at:
[2026-04-21T08:56:29.966Z] [stderr]         D:\Development\Rheolab\src-tauri\target\release\bundle\nsis\RheoLab Enterprise_0.2.0-beta.12_x64-setup.exe
[2026-04-21T08:56:29.966Z] [stderr] 
[2026-04-21T08:56:29.999Z] wrapper exit: code=0 signal=null elapsed=258.5s
[2026-04-21T08:56:30.000Z] post-build sign: signing RheoLab Enterprise_0.2.0-beta.12_x64-setup.exe
[2026-04-21T08:56:30.735Z] post-build sign: success → RheoLab Enterprise_0.2.0-beta.12_x64-setup.exe.sig
