[2026-04-23T05:04:21.055Z] wrapper start
[2026-04-23T05:04:21.055Z] cwd=D:\Development\Rheolab
[2026-04-23T05:04:21.055Z] command=npm.cmd exec tauri -- build --config D:\Development\Rheolab\runtime\release\tmp\tauri.release.1776920660995.json
[2026-04-23T05:04:21.055Z] RHEOLAB_SKIP_VERSION_BUMP=1
[2026-04-23T05:04:21.056Z] INTEGRITY_SECRET_KEY present=true dev_sentinel=false
[2026-04-23T05:04:21.056Z] TAURI_SIGNING_PRIVATE_KEY present=true len=348
[2026-04-23T05:04:21.056Z] TAURI_SIGNING_PRIVATE_KEY_PASSWORD present=true
[2026-04-23T05:04:21.060Z] direct spawn failed (EINVAL), switching to shell fallback
[2026-04-23T05:04:21.060Z] using shell fallback: npm.cmd "exec" "tauri" "--" "build" "--config" "D:\Development\Rheolab\runtime\release\tmp\tauri.release.1776920660995.json"
[2026-04-23T05:04:22.033Z] [stderr]         Info Looking up installed tauri packages to check mismatched versions...
[2026-04-23T05:04:23.267Z] [stderr]      Running beforeBuildCommand `npm run build`
[2026-04-23T05:04:23.563Z] [stdout] 
[2026-04-23T05:04:23.563Z] [stdout] > rheolab-enterprise@0.2.0-beta.31 build
[2026-04-23T05:04:23.563Z] [stdout] > vite build
[2026-04-23T05:04:23.563Z] [stdout] 
[2026-04-23T05:04:23.936Z] [stdout] [36mvite v6.4.2 [32mbuilding for production...[36m[39m
[2026-04-23T05:04:23.986Z] [stdout] transforming...
[2026-04-23T05:04:36.076Z] heartbeat: pid=18492 elapsed=15.0s
[2026-04-23T05:04:36.698Z] [stderr] [33m[plugin vite:resolve] Module "crypto" has been externalized for browser compatibility, imported by "D:/Development/Rheolab/src/lib/utils/encryption.ts". See https://vite.dev/guide/troubleshooting.html#module-externalized-for-browser-compatibility for more details.[39m
[2026-04-23T05:04:38.488Z] [stdout] [32m✓[39m 2935 modules transformed.
[2026-04-23T05:04:38.798Z] [stdout] rendering chunks...
[2026-04-23T05:04:38.949Z] [stdout] computing gzip size...
[2026-04-23T05:04:38.971Z] [stdout] [2mdist/[22m[32mindex.html                                  [39m[1m[2m  1.70 kB[22m[1m[22m[2m │ gzip:  0.85 kB[22m
[2026-04-23T05:04:38.971Z] [stdout] [2mdist/[22m[35massets/report-save-Saz_VHki.css             [39m[1m[2m  1.63 kB[22m[1m[22m[2m │ gzip:  0.70 kB[22m
[2026-04-23T05:04:38.971Z] [stdout] [2mdist/[22m[35massets/main-CevOLcZ3.css                    [39m[1m[2m143.22 kB[22m[1m[22m[2m │ gzip: 20.69 kB[22m
[2026-04-23T05:04:38.972Z] [stdout] [2mdist/[22m[36massets/__vite-browser-external-BIHI7g3E.js  [39m[1m[2m  0.03 kB[22m[1m[22m[2m │ gzip:  0.05 kB[22m
[2026-04-23T05:04:38.972Z] [stdout] [2mdist/[22m[36massets/encryption-wNYFrRF9.js               [39m[1m[2m  0.14 kB[22m[1m[22m[2m │ gzip:  0.15 kB[22m
[2026-04-23T05:04:38.972Z] [stdout] [2mdist/[22m[36massets/page-ag22mqCL.js                     [39m[1m[2m  0.17 kB[22m[1m[22m[2m │ gzip:  0.16 kB[22m
[2026-04-23T05:04:38.972Z] [stdout] [2mdist/[22m[36massets/page-CdAzp9Ph.js                     [39m[1m[2m  0.20 kB[22m[1m[22m[2m │ gzip:  0.17 kB[22m
[2026-04-23T05:04:38.972Z] [stdout] [2mdist/[22m[36massets/tauri-bridge-Cc6JYY_k.js             [39m[1m[2m  0.27 kB[22m[1m[22m[2m │ gzip:  0.20 kB[22m
[2026-04-23T05:04:38.972Z] [stdout] [2mdist/[22m[36massets/check-DWdY72UT.js                    [39m[1m[2m  0.29 kB[22m[1m[22m[2m │ gzip:  0.24 kB[22m
[2026-04-23T05:04:38.972Z] [stdout] [2mdist/[22m[36massets/chevron-up-D97DkPk7.js               [39m[1m[2m  0.30 kB[22m[1m[22m[2m │ gzip:  0.25 kB[22m
[2026-04-23T05:04:38.972Z] [stdout] [2mdist/[22m[36massets/chevron-down-C9Ls4GVs.js             [39m[1m[2m  0.30 kB[22m[1m[22m[2m │ gzip:  0.25 kB[22m
[2026-04-23T05:04:38.973Z] [stdout] [2mdist/[22m[36massets/plus-CCk4JvOm.js                     [39m[1m[2m  0.33 kB[22m[1m[22m[2m │ gzip:  0.25 kB[22m
[2026-04-23T05:04:38.973Z] [stdout] [2mdist/[22m[36massets/circle-check-DUMAAu3H.js             [39m[1m[2m  0.35 kB[22m[1m[22m[2m │ gzip:  0.27 kB[22m
[2026-04-23T05:04:38.973Z] [stdout] [2mdist/[22m[36massets/rotate-ccw-CjIctrML.js               [39m[1m[2m  0.37 kB[22m[1m[22m[2m │ gzip:  0.29 kB[22m
[2026-04-23T05:04:38.973Z] [stdout] [2mdist/[22m[36massets/upload-DocR18qw.js                   [39m[1m[2m  0.40 kB[22m[1m[22m[2m │ gzip:  0.30 kB[22m
[2026-04-23T05:04:38.973Z] [stdout] [2mdist/[22m[36massets/settings-2-BOQ0v033.js               [39m[1m[2m  0.42 kB[22m[1m[22m[2m │ gzip:  0.30 kB[22m
[2026-04-23T05:04:38.973Z] [stdout] [2mdist/[22m[36massets/circle-alert-CTHRbkfl.js             [39m[1m[2m  0.42 kB[22m[1m[22m[2m │ gzip:  0.29 kB[22m
[2026-04-23T05:04:38.973Z] [stdout] [2mdist/[22m[36massets/key-0l_Jkb0c.js                      [39m[1m[2m  0.43 kB[22m[1m[22m[2m │ gzip:  0.32 kB[22m
[2026-04-23T05:04:38.973Z] [stdout] [2mdist/[22m[36massets/pencil-DX-dtXY1.js                   [39m[1m[2m  0.45 kB[22m[1m[22m[2m │ gzip:  0.33 kB[22m
[2026-04-23T05:04:38.973Z] [stdout] [2mdist/[22m[36massets/flask-conical-Crj4rlkt.js            [39m[1m[2m  0.47 kB[22m[1m[22m[2m │ gzip:  0.33 kB[22m
[2026-04-23T05:04:38.974Z] [stdout] [2mdist/[22m[36massets/trash-2-DbBNE0Ja.js                  [39m[1m[2m  0.50 kB[22m[1m[22m[2m │ gzip:  0.32 kB[22m
[2026-04-23T05:04:38.974Z] [stdout] [2mdist/[22m[36massets/file-down-DCX2nccN.js                [39m[1m[2m  0.53 kB[22m[1m[22m[2m │ gzip:  0.35 kB[22m
[2026-04-23T05:04:38.974Z] [stdout] [2mdist/[22m[36massets/branding-store-BoeTTmQe.js           [39m[1m[2m  0.54 kB[22m[1m[22m[2m │ gzip:  0.28 kB[22m
[2026-04-23T05:04:38.974Z] [stdout] [2mdist/[22m[36massets/building-2-DxYlHVoU.js               [39m[1m[2m  0.56 kB[22m[1m[22m[2m │ gzip:  0.34 kB[22m
[2026-04-23T05:04:38.974Z] [stdout] [2mdist/[22m[36massets/input-C0GCPwc0.js                    [39m[1m[2m  0.60 kB[22m[1m[22m[2m │ gzip:  0.38 kB[22m
[2026-04-23T05:04:38.974Z] [stdout] [2mdist/[22m[36massets/circle-x-KXG7ssUI.js                 [39m[1m[2m  0.69 kB[22m[1m[22m[2m │ gzip:  0.36 kB[22m
[2026-04-23T05:04:38.974Z] [stdout] [2mdist/[22m[36massets/user-DSk0lDiy.js                     [39m[1m[2m  0.74 kB[22m[1m[22m[2m │ gzip:  0.38 kB[22m
[2026-04-23T05:04:38.974Z] [stdout] [2mdist/[22m[36massets/client-Bz07EWhg.js                   [39m[1m[2m  0.75 kB[22m[1m[22m[2m │ gzip:  0.40 kB[22m
[2026-04-23T05:04:38.974Z] [stdout] [2mdist/[22m[36massets/calendar-DIV2dWRL.js                 [39m[1m[2m  0.79 kB[22m[1m[22m[2m │ gzip:  0.41 kB[22m
[2026-04-23T05:04:38.974Z] [stdout] [2mdist/[22m[36massets/useFocusTrap-DBIo29X4.js             [39m[1m[2m  0.84 kB[22m[1m[22m[2m │ gzip:  0.44 kB[22m
[2026-04-23T05:04:38.975Z] [stdout] [2mdist/[22m[36massets/search-B8guI0Gy.js                   [39m[1m[2m  0.89 kB[22m[1m[22m[2m │ gzip:  0.42 kB[22m
[2026-04-23T05:04:38.975Z] [stdout] [2mdist/[22m[36massets/update-install-Cm7yM8Ch.js           [39m[1m[2m  1.11 kB[22m[1m[22m[2m │ gzip:  0.62 kB[22m
[2026-04-23T05:04:38.975Z] [stdout] [2mdist/[22m[36massets/tabs-ROsXvkj7.js                     [39m[1m[2m  1.35 kB[22m[1m[22m[2m │ gzip:  0.51 kB[22m
[2026-04-23T05:04:38.975Z] [stdout] [2mdist/[22m[36massets/settings-BuNe2etv.js                 [39m[1m[2m  1.43 kB[22m[1m[22m[2m │ gzip:  0.53 kB[22m
[2026-04-23T05:04:38.975Z] [stdout] [2mdist/[22m[36massets/card-DTxKcTeh.js                     [39m[1m[2m  1.58 kB[22m[1m[22m[2m │ gzip:  0.67 kB[22m
[2026-04-23T05:04:38.975Z] [stdout] [2mdist/[22m[36massets/index-BUJca8QH.js                    [39m[1m[2m  1.89 kB[22m[1m[22m[2m │ gzip:  0.92 kB[22m
[2026-04-23T05:04:38.975Z] [stdout] [2mdist/[22m[36massets/button-5RBGM1iD.js                   [39m[1m[2m  1.94 kB[22m[1m[22m[2m │ gzip:  0.96 kB[22m
[2026-04-23T05:04:38.975Z] [stdout] [2mdist/[22m[36massets/PrecisionSettingsCard-2vSpGGTK.js    [39m[1m[2m  2.05 kB[22m[1m[22m[2m │ gzip:  0.98 kB[22m
[2026-04-23T05:04:38.975Z] [stdout] [2mdist/[22m[36massets/alert-dialog-CSP6tGFQ.js             [39m[1m[2m  2.12 kB[22m[1m[22m[2m │ gzip:  0.77 kB[22m
[2026-04-23T05:04:38.975Z] [stdout] [2mdist/[22m[36massets/TrialBanner-Cf2PsOk6.js              [39m[1m[2m  2.26 kB[22m[1m[22m[2m │ gzip:  1.22 kB[22m
[2026-04-23T05:04:38.975Z] [stdout] [2mdist/[22m[36massets/label-7i9PdII0.js                    [39m[1m[2m  2.52 kB[22m[1m[22m[2m │ gzip:  0.95 kB[22m
[2026-04-23T05:04:38.975Z] [stdout] [2mdist/[22m[36massets/BrandingManager-Bcx1W_Vv.js          [39m[1m[2m  2.55 kB[22m[1m[22m[2m │ gzip:  1.16 kB[22m
[2026-04-23T05:04:38.975Z] [stdout] [2mdist/[22m[36massets/UpdateChecker-CImVcTSq.js            [39m[1m[2m  3.38 kB[22m[1m[22m[2m │ gzip:  1.46 kB[22m
[2026-04-23T05:04:38.976Z] [stdout] [2mdist/[22m[36massets/index-DAx0UbLv.js                    [39m[1m[2m  3.66 kB[22m[1m[22m[2m │ gzip:  1.34 kB[22m
[2026-04-23T05:04:38.976Z] [stdout] [2mdist/[22m[36massets/expert-settings-panel-Cra5BtRC.js    [39m[1m[2m  3.89 kB[22m[1m[22m[2m │ gzip:  1.38 kB[22m
[2026-04-23T05:04:38.976Z] [stdout] [2mdist/[22m[36massets/UnitSystemCard-C4pU-C30.js           [39m[1m[2m  4.22 kB[22m[1m[22m[2m │ gzip:  1.76 kB[22m
[2026-04-23T05:04:38.976Z] [stdout] [2mdist/[22m[36massets/settings-shared-Cjk_IZEw.js          [39m[1m[2m  4.51 kB[22m[1m[22m[2m │ gzip:  1.75 kB[22m
[2026-04-23T05:04:38.976Z] [stdout] [2mdist/[22m[36massets/LicenseActivationDialog-CCCvbLXA.js  [39m[1m[2m  5.38 kB[22m[1m[22m[2m │ gzip:  2.14 kB[22m
[2026-04-23T05:04:38.976Z] [stdout] [2mdist/[22m[36massets/LaboratoryManager-CfF_V-1_.js        [39m[1m[2m  5.61 kB[22m[1m[22m[2m │ gzip:  1.96 kB[22m
[2026-04-23T05:04:38.976Z] [stdout] [2mdist/[22m[36massets/LogViewer-O-nSpKSw.js                [39m[1m[2m  5.76 kB[22m[1m[22m[2m │ gzip:  2.43 kB[22m
[2026-04-23T05:04:38.976Z] [stdout] [2mdist/[22m[36massets/BackupManager-DfuMa6EU.js            [39m[1m[2m  5.80 kB[22m[1m[22m[2m │ gzip:  2.23 kB[22m
[2026-04-23T05:04:38.976Z] [stdout] [2mdist/[22m[36massets/OperatorManager-Ct6IpGj6.js          [39m[1m[2m  5.91 kB[22m[1m[22m[2m │ gzip:  2.15 kB[22m
[2026-04-23T05:04:38.976Z] [stdout] [2mdist/[22m[36massets/chart-settings-store-DzPniZzT.js     [39m[1m[2m  5.94 kB[22m[1m[22m[2m │ gzip:  2.07 kB[22m
[2026-04-23T05:04:38.976Z] [stdout] [2mdist/[22m[36massets/ExperimentExportImport-zSXSoBEh.js   [39m[1m[2m  7.77 kB[22m[1m[22m[2m │ gzip:  2.85 kB[22m
[2026-04-23T05:04:38.976Z] [stdout] [2mdist/[22m[36massets/ChartSettingsManager-D4n0UAHL.js     [39m[1m[2m  7.89 kB[22m[1m[22m[2m │ gzip:  2.65 kB[22m
[2026-04-23T05:04:38.976Z] [stdout] [2mdist/[22m[36massets/APIKeyManager-C9qK845Z.js            [39m[1m[2m  8.79 kB[22m[1m[22m[2m │ gzip:  3.06 kB[22m
[2026-04-23T05:04:38.976Z] [stdout] [2mdist/[22m[36massets/client-BOl6xBSZ.js                   [39m[1m[2m  9.69 kB[22m[1m[22m[2m │ gzip:  3.95 kB[22m
[2026-04-23T05:04:38.977Z] [stdout] [2mdist/[22m[36massets/AppSettingsExporter-DRwg-e7w.js      [39m[1m[2m 11.11 kB[22m[1m[22m[2m │ gzip:  3.68 kB[22m
[2026-04-23T05:04:38.977Z] [stdout] [2mdist/[22m[36massets/ru-C8Cx8G0_.js                       [39m[1m[2m 12.58 kB[22m[1m[22m[2m │ gzip:  3.14 kB[22m
[2026-04-23T05:04:38.977Z] [stdout] [2mdist/[22m[36massets/useToast-BD35PMpG.js                 [39m[1m[2m 14.15 kB[22m[1m[22m[2m │ gzip:  5.63 kB[22m
[2026-04-23T05:04:38.977Z] [stdout] [2mdist/[22m[36massets/vendor-date-B1cgXEfA.js              [39m[1m[2m 20.00 kB[22m[1m[22m[2m │ gzip:  5.73 kB[22m
[2026-04-23T05:04:38.977Z] [stdout] [2mdist/[22m[36massets/page-BCaCoKKk.js                     [39m[1m[2m 26.53 kB[22m[1m[22m[2m │ gzip:  7.19 kB[22m
[2026-04-23T05:04:38.977Z] [stdout] [2mdist/[22m[36massets/report-save-FxYp_xpw.js              [39m[1m[2m 34.80 kB[22m[1m[22m[2m │ gzip: 11.82 kB[22m
[2026-04-23T05:04:38.977Z] [stdout] [2mdist/[22m[36massets/vendor-react-VsJEmFiX.js             [39m[1m[2m 48.76 kB[22m[1m[22m[2m │ gzip: 17.28 kB[22m
[2026-04-23T05:04:38.977Z] [stdout] [2mdist/[22m[36massets/vendor-charts-CziCK5UB.js            [39m[1m[2m 52.27 kB[22m[1m[22m[2m │ gzip: 23.28 kB[22m
[2026-04-23T05:04:38.977Z] [stdout] [2mdist/[22m[36massets/page-1_Sk1x0o.js                     [39m[1m[2m 57.60 kB[22m[1m[22m[2m │ gzip: 17.28 kB[22m
[2026-04-23T05:04:38.977Z] [stdout] [2mdist/[22m[36massets/page-S006K6Mh.js                     [39m[1m[2m100.63 kB[22m[1m[22m[2m │ gzip: 25.74 kB[22m
[2026-04-23T05:04:38.977Z] [stdout] [2mdist/[22m[36massets/vendor-radix-wOjfjdRn.js             [39m[1m[2m113.50 kB[22m[1m[22m[2m │ gzip: 36.46 kB[22m
[2026-04-23T05:04:38.977Z] [stdout] [2mdist/[22m[36massets/DashboardContent-C6we1KD_.js         [39m[1m[2m116.44 kB[22m[1m[22m[2m │ gzip: 30.31 kB[22m
[2026-04-23T05:04:38.977Z] [stdout] [2mdist/[22m[36massets/page-CQLD_w0b.js                     [39m[1m[2m136.17 kB[22m[1m[22m[2m │ gzip: 39.38 kB[22m
[2026-04-23T05:04:38.977Z] [stdout] [2mdist/[22m[36massets/main-BdUboSFW.js                     [39m[1m[2m271.87 kB[22m[1m[22m[2m │ gzip: 86.20 kB[22m
[2026-04-23T05:04:38.977Z] [stdout] [32m✓ built in 15.03s[39m
[2026-04-23T05:04:40.584Z] [stderr]    Compiling rheolab-enterprise v0.2.0-beta.31 (D:\Development\Rheolab\src-tauri)
[2026-04-23T05:04:51.077Z] heartbeat: pid=18492 elapsed=30.0s
[2026-04-23T05:05:06.080Z] heartbeat: pid=18492 elapsed=45.0s
[2026-04-23T05:05:21.092Z] heartbeat: pid=18492 elapsed=60.0s
[2026-04-23T05:05:36.102Z] heartbeat: pid=18492 elapsed=75.0s
[2026-04-23T05:05:51.105Z] heartbeat: pid=18492 elapsed=90.0s
[2026-04-23T05:06:06.105Z] heartbeat: pid=18492 elapsed=105.0s
[2026-04-23T05:06:21.107Z] heartbeat: pid=18492 elapsed=120.1s
[2026-04-23T05:06:36.112Z] heartbeat: pid=18492 elapsed=135.1s
[2026-04-23T05:06:51.156Z] heartbeat: pid=18492 elapsed=150.1s
[2026-04-23T05:07:06.163Z] heartbeat: pid=18492 elapsed=165.1s
[2026-04-23T05:07:21.167Z] heartbeat: pid=18492 elapsed=180.1s
[2026-04-23T05:07:36.174Z] heartbeat: pid=18492 elapsed=195.1s
[2026-04-23T05:07:51.179Z] heartbeat: pid=18492 elapsed=210.1s
[2026-04-23T05:08:06.181Z] heartbeat: pid=18492 elapsed=225.1s
[2026-04-23T05:08:21.185Z] heartbeat: pid=18492 elapsed=240.1s
[2026-04-23T05:08:33.809Z] [stderr]     Finished `release` profile [optimized] target(s) in 3m 54s
[2026-04-23T05:08:33.862Z] [stderr]        Built application at: D:\Development\Rheolab\src-tauri\target\release\rheolab-enterprise.exe
[2026-04-23T05:08:33.863Z] [stderr]         Info Patching binary "D:\\Development\\Rheolab\\src-tauri\\target\\release\\rheolab-enterprise.exe" for type nsis
[2026-04-23T05:08:33.874Z] [stderr]         Warn Failed to add bundler type to the binary: __TAURI_BUNDLE_TYPE variable not found in binary. Make sure tauri crate and tauri-cli are up to date. Updater plugin may not be able to update this package. This shouldn't normally happen, please report it to https://github.com/tauri-apps/tauri/issues
[2026-04-23T05:08:33.876Z] [stderr]         Info Target: x64
[2026-04-23T05:08:33.887Z] [stderr]      Running makensis to produce D:\Development\Rheolab\src-tauri\target\release\bundle\nsis\RheoLab Enterprise_0.2.0-beta.31_x64-setup.exe
[2026-04-23T05:08:36.200Z] heartbeat: pid=18492 elapsed=255.1s
[2026-04-23T05:08:48.831Z] [stderr]     Finished 1 bundle at:
[2026-04-23T05:08:48.832Z] [stderr]         D:\Development\Rheolab\src-tauri\target\release\bundle\nsis\RheoLab Enterprise_0.2.0-beta.31_x64-setup.exe
[2026-04-23T05:08:48.832Z] [stderr] 
[2026-04-23T05:08:48.854Z] wrapper exit: code=0 signal=null elapsed=267.8s
[2026-04-23T05:08:48.856Z] post-build sign: signing RheoLab Enterprise_0.2.0-beta.31_x64-setup.exe
[2026-04-23T05:08:49.678Z] post-build sign: success → RheoLab Enterprise_0.2.0-beta.31_x64-setup.exe.sig
