[2026-04-22T04:31:57.065Z] wrapper start
[2026-04-22T04:31:57.065Z] cwd=D:\Development\Rheolab
[2026-04-22T04:31:57.065Z] command=npm.cmd exec tauri -- build --config D:\Development\Rheolab\runtime\release\tmp\tauri.release.1776832317028.json
[2026-04-22T04:31:57.065Z] RHEOLAB_SKIP_VERSION_BUMP=1
[2026-04-22T04:31:57.065Z] INTEGRITY_SECRET_KEY present=true dev_sentinel=false
[2026-04-22T04:31:57.065Z] TAURI_SIGNING_PRIVATE_KEY present=true len=348
[2026-04-22T04:31:57.065Z] TAURI_SIGNING_PRIVATE_KEY_PASSWORD present=true
[2026-04-22T04:31:57.068Z] direct spawn failed (EINVAL), switching to shell fallback
[2026-04-22T04:31:57.068Z] using shell fallback: npm.cmd "exec" "tauri" "--" "build" "--config" "D:\Development\Rheolab\runtime\release\tmp\tauri.release.1776832317028.json"
[2026-04-22T04:31:57.732Z] [stderr]         Info Looking up installed tauri packages to check mismatched versions...
[2026-04-22T04:31:58.431Z] [stderr]      Running beforeBuildCommand `npm run build`
[2026-04-22T04:31:58.652Z] [stdout] 
[2026-04-22T04:31:58.652Z] [stdout] > rheolab-enterprise@0.2.0-beta.23 build
[2026-04-22T04:31:58.652Z] [stdout] > vite build
[2026-04-22T04:31:58.652Z] [stdout] 
[2026-04-22T04:31:58.965Z] [stdout] [36mvite v6.4.2 [32mbuilding for production...[36m[39m
[2026-04-22T04:31:59.012Z] [stdout] transforming...
[2026-04-22T04:32:08.389Z] [stderr] [33m[plugin vite:resolve] Module "crypto" has been externalized for browser compatibility, imported by "D:/Development/Rheolab/src/lib/utils/encryption.ts". See https://vite.dev/guide/troubleshooting.html#module-externalized-for-browser-compatibility for more details.[39m
[2026-04-22T04:32:09.604Z] [stdout] [32m✓[39m 2931 modules transformed.
[2026-04-22T04:32:09.819Z] [stdout] rendering chunks...
[2026-04-22T04:32:09.931Z] [stdout] computing gzip size...
[2026-04-22T04:32:09.947Z] [stdout] [2mdist/[22m[32mindex.html                                  [39m[1m[2m  1.70 kB[22m[1m[22m[2m │ gzip:  0.85 kB[22m
[2026-04-22T04:32:09.950Z] [stdout] [2mdist/[22m[35massets/report-save-Saz_VHki.css             [39m[1m[2m  1.63 kB[22m[1m[22m[2m │ gzip:  0.70 kB[22m
[2026-04-22T04:32:09.950Z] [stdout] [2mdist/[22m[35massets/main-0QJmqvms.css                    [39m[1m[2m142.52 kB[22m[1m[22m[2m │ gzip: 20.61 kB[22m
[2026-04-22T04:32:09.950Z] [stdout] [2mdist/[22m[36massets/__vite-browser-external-BIHI7g3E.js  [39m[1m[2m  0.03 kB[22m[1m[22m[2m │ gzip:  0.05 kB[22m
[2026-04-22T04:32:09.951Z] [stdout] [2mdist/[22m[36massets/encryption-bIxdE6ih.js               [39m[1m[2m  0.14 kB[22m[1m[22m[2m │ gzip:  0.15 kB[22m
[2026-04-22T04:32:09.951Z] [stdout] [2mdist/[22m[36massets/page-ag22mqCL.js                     [39m[1m[2m  0.17 kB[22m[1m[22m[2m │ gzip:  0.16 kB[22m
[2026-04-22T04:32:09.951Z] [stdout] [2mdist/[22m[36massets/page-CdAzp9Ph.js                     [39m[1m[2m  0.20 kB[22m[1m[22m[2m │ gzip:  0.17 kB[22m
[2026-04-22T04:32:09.951Z] [stdout] [2mdist/[22m[36massets/tauri-bridge-DXbi8Idw.js             [39m[1m[2m  0.27 kB[22m[1m[22m[2m │ gzip:  0.20 kB[22m
[2026-04-22T04:32:09.951Z] [stdout] [2mdist/[22m[36massets/check-vzx8o9gx.js                    [39m[1m[2m  0.29 kB[22m[1m[22m[2m │ gzip:  0.24 kB[22m
[2026-04-22T04:32:09.951Z] [stdout] [2mdist/[22m[36massets/chevron-up-4gpriq5S.js               [39m[1m[2m  0.30 kB[22m[1m[22m[2m │ gzip:  0.25 kB[22m
[2026-04-22T04:32:09.951Z] [stdout] [2mdist/[22m[36massets/chevron-down-DPXXqc9f.js             [39m[1m[2m  0.30 kB[22m[1m[22m[2m │ gzip:  0.25 kB[22m
[2026-04-22T04:32:09.951Z] [stdout] [2mdist/[22m[36massets/plus-DzZR2h-s.js                     [39m[1m[2m  0.33 kB[22m[1m[22m[2m │ gzip:  0.25 kB[22m
[2026-04-22T04:32:09.951Z] [stdout] [2mdist/[22m[36massets/circle-check-Ckv_20Hg.js             [39m[1m[2m  0.35 kB[22m[1m[22m[2m │ gzip:  0.27 kB[22m
[2026-04-22T04:32:09.951Z] [stdout] [2mdist/[22m[36massets/rotate-ccw-DxrsSMKF.js               [39m[1m[2m  0.37 kB[22m[1m[22m[2m │ gzip:  0.29 kB[22m
[2026-04-22T04:32:09.951Z] [stdout] [2mdist/[22m[36massets/upload-BULL7PiD.js                   [39m[1m[2m  0.40 kB[22m[1m[22m[2m │ gzip:  0.30 kB[22m
[2026-04-22T04:32:09.951Z] [stdout] [2mdist/[22m[36massets/settings-2-Byy-x7P7.js               [39m[1m[2m  0.42 kB[22m[1m[22m[2m │ gzip:  0.30 kB[22m
[2026-04-22T04:32:09.951Z] [stdout] [2mdist/[22m[36massets/circle-alert-bvsbIy0O.js             [39m[1m[2m  0.42 kB[22m[1m[22m[2m │ gzip:  0.29 kB[22m
[2026-04-22T04:32:09.951Z] [stdout] [2mdist/[22m[36massets/key-DwO08Vf8.js                      [39m[1m[2m  0.43 kB[22m[1m[22m[2m │ gzip:  0.32 kB[22m
[2026-04-22T04:32:09.951Z] [stdout] [2mdist/[22m[36massets/pencil-DRM8Civ1.js                   [39m[1m[2m  0.45 kB[22m[1m[22m[2m │ gzip:  0.33 kB[22m
[2026-04-22T04:32:09.951Z] [stdout] [2mdist/[22m[36massets/flask-conical-BJFQGqmX.js            [39m[1m[2m  0.47 kB[22m[1m[22m[2m │ gzip:  0.33 kB[22m
[2026-04-22T04:32:09.951Z] [stdout] [2mdist/[22m[36massets/trash-2-DUE4FAVs.js                  [39m[1m[2m  0.50 kB[22m[1m[22m[2m │ gzip:  0.32 kB[22m
[2026-04-22T04:32:09.952Z] [stdout] [2mdist/[22m[36massets/file-down-CSdufNvz.js                [39m[1m[2m  0.53 kB[22m[1m[22m[2m │ gzip:  0.35 kB[22m
[2026-04-22T04:32:09.952Z] [stdout] [2mdist/[22m[36massets/branding-store-DTMsMZ86.js           [39m[1m[2m  0.54 kB[22m[1m[22m[2m │ gzip:  0.28 kB[22m
[2026-04-22T04:32:09.952Z] [stdout] [2mdist/[22m[36massets/building-2-m9MlL79H.js               [39m[1m[2m  0.56 kB[22m[1m[22m[2m │ gzip:  0.34 kB[22m
[2026-04-22T04:32:09.952Z] [stdout] [2mdist/[22m[36massets/input-DznzbcAj.js                    [39m[1m[2m  0.60 kB[22m[1m[22m[2m │ gzip:  0.38 kB[22m
[2026-04-22T04:32:09.952Z] [stdout] [2mdist/[22m[36massets/circle-x-DtJOJm0X.js                 [39m[1m[2m  0.69 kB[22m[1m[22m[2m │ gzip:  0.36 kB[22m
[2026-04-22T04:32:09.952Z] [stdout] [2mdist/[22m[36massets/user-hKRhJRgQ.js                     [39m[1m[2m  0.74 kB[22m[1m[22m[2m │ gzip:  0.38 kB[22m
[2026-04-22T04:32:09.952Z] [stdout] [2mdist/[22m[36massets/client-B7-_PfTD.js                   [39m[1m[2m  0.75 kB[22m[1m[22m[2m │ gzip:  0.40 kB[22m
[2026-04-22T04:32:09.952Z] [stdout] [2mdist/[22m[36massets/calendar-qSHNIrLL.js                 [39m[1m[2m  0.79 kB[22m[1m[22m[2m │ gzip:  0.41 kB[22m
[2026-04-22T04:32:09.952Z] [stdout] [2mdist/[22m[36massets/useFocusTrap-DBIo29X4.js             [39m[1m[2m  0.84 kB[22m[1m[22m[2m │ gzip:  0.44 kB[22m
[2026-04-22T04:32:09.952Z] [stdout] [2mdist/[22m[36massets/search-Dikp010i.js                   [39m[1m[2m  0.89 kB[22m[1m[22m[2m │ gzip:  0.42 kB[22m
[2026-04-22T04:32:09.952Z] [stdout] [2mdist/[22m[36massets/update-install-BUjutGCS.js           [39m[1m[2m  1.11 kB[22m[1m[22m[2m │ gzip:  0.62 kB[22m
[2026-04-22T04:32:09.952Z] [stdout] [2mdist/[22m[36massets/tabs-C2X_K56o.js                     [39m[1m[2m  1.35 kB[22m[1m[22m[2m │ gzip:  0.51 kB[22m
[2026-04-22T04:32:09.952Z] [stdout] [2mdist/[22m[36massets/settings-BMwjHSsy.js                 [39m[1m[2m  1.43 kB[22m[1m[22m[2m │ gzip:  0.53 kB[22m
[2026-04-22T04:32:09.952Z] [stdout] [2mdist/[22m[36massets/card-D6iM60L5.js                     [39m[1m[2m  1.58 kB[22m[1m[22m[2m │ gzip:  0.67 kB[22m
[2026-04-22T04:32:09.952Z] [stdout] [2mdist/[22m[36massets/index-But_RhZR.js                    [39m[1m[2m  1.89 kB[22m[1m[22m[2m │ gzip:  0.92 kB[22m
[2026-04-22T04:32:09.952Z] [stdout] [2mdist/[22m[36massets/button-CnwkQFsf.js                   [39m[1m[2m  1.94 kB[22m[1m[22m[2m │ gzip:  0.96 kB[22m
[2026-04-22T04:32:09.953Z] [stdout] [2mdist/[22m[36massets/PrecisionSettingsCard-DQKwXgwa.js    [39m[1m[2m  2.05 kB[22m[1m[22m[2m │ gzip:  0.98 kB[22m
[2026-04-22T04:32:09.953Z] [stdout] [2mdist/[22m[36massets/alert-dialog-JJVP2Cmw.js             [39m[1m[2m  2.12 kB[22m[1m[22m[2m │ gzip:  0.77 kB[22m
[2026-04-22T04:32:09.953Z] [stdout] [2mdist/[22m[36massets/TrialBanner-D3XlKreI.js              [39m[1m[2m  2.26 kB[22m[1m[22m[2m │ gzip:  1.22 kB[22m
[2026-04-22T04:32:09.953Z] [stdout] [2mdist/[22m[36massets/label-CuJQvUcp.js                    [39m[1m[2m  2.52 kB[22m[1m[22m[2m │ gzip:  0.95 kB[22m
[2026-04-22T04:32:09.953Z] [stdout] [2mdist/[22m[36massets/BrandingManager-Yc_NZKdJ.js          [39m[1m[2m  2.55 kB[22m[1m[22m[2m │ gzip:  1.16 kB[22m
[2026-04-22T04:32:09.953Z] [stdout] [2mdist/[22m[36massets/UpdateChecker-BDb4IQwT.js            [39m[1m[2m  3.38 kB[22m[1m[22m[2m │ gzip:  1.45 kB[22m
[2026-04-22T04:32:09.953Z] [stdout] [2mdist/[22m[36massets/index-DOvgCKB4.js                    [39m[1m[2m  3.66 kB[22m[1m[22m[2m │ gzip:  1.34 kB[22m
[2026-04-22T04:32:09.953Z] [stdout] [2mdist/[22m[36massets/expert-settings-panel-B08co8rt.js    [39m[1m[2m  3.89 kB[22m[1m[22m[2m │ gzip:  1.38 kB[22m
[2026-04-22T04:32:09.955Z] [stdout] [2mdist/[22m[36massets/UnitSystemCard-DlYrGBf4.js           [39m[1m[2m  4.22 kB[22m[1m[22m[2m │ gzip:  1.76 kB[22m
[2026-04-22T04:32:09.955Z] [stdout] [2mdist/[22m[36massets/settings-shared-Cjk_IZEw.js          [39m[1m[2m  4.51 kB[22m[1m[22m[2m │ gzip:  1.75 kB[22m
[2026-04-22T04:32:09.955Z] [stdout] [2mdist/[22m[36massets/LicenseActivationDialog-BnLg8iLS.js  [39m[1m[2m  5.38 kB[22m[1m[22m[2m │ gzip:  2.14 kB[22m
[2026-04-22T04:32:09.955Z] [stdout] [2mdist/[22m[36massets/LaboratoryManager-DxpBnaN4.js        [39m[1m[2m  5.61 kB[22m[1m[22m[2m │ gzip:  1.96 kB[22m
[2026-04-22T04:32:09.955Z] [stdout] [2mdist/[22m[36massets/LogViewer-CnLAazP0.js                [39m[1m[2m  5.76 kB[22m[1m[22m[2m │ gzip:  2.43 kB[22m
[2026-04-22T04:32:09.955Z] [stdout] [2mdist/[22m[36massets/BackupManager-BqAVHqrv.js            [39m[1m[2m  5.80 kB[22m[1m[22m[2m │ gzip:  2.23 kB[22m
[2026-04-22T04:32:09.955Z] [stdout] [2mdist/[22m[36massets/OperatorManager-DVkSalDN.js          [39m[1m[2m  5.91 kB[22m[1m[22m[2m │ gzip:  2.14 kB[22m
[2026-04-22T04:32:09.955Z] [stdout] [2mdist/[22m[36massets/chart-settings-store-Bz6cW-_O.js     [39m[1m[2m  5.94 kB[22m[1m[22m[2m │ gzip:  2.07 kB[22m
[2026-04-22T04:32:09.955Z] [stdout] [2mdist/[22m[36massets/ExperimentExportImport-DklEy5dK.js   [39m[1m[2m  7.77 kB[22m[1m[22m[2m │ gzip:  2.85 kB[22m
[2026-04-22T04:32:09.955Z] [stdout] [2mdist/[22m[36massets/ChartSettingsManager-C8eERVlc.js     [39m[1m[2m  7.89 kB[22m[1m[22m[2m │ gzip:  2.65 kB[22m
[2026-04-22T04:32:09.955Z] [stdout] [2mdist/[22m[36massets/APIKeyManager-BlGshimp.js            [39m[1m[2m  8.79 kB[22m[1m[22m[2m │ gzip:  3.06 kB[22m
[2026-04-22T04:32:09.956Z] [stdout] [2mdist/[22m[36massets/client-C4HQEhJQ.js                   [39m[1m[2m  9.69 kB[22m[1m[22m[2m │ gzip:  3.95 kB[22m
[2026-04-22T04:32:09.956Z] [stdout] [2mdist/[22m[36massets/AppSettingsExporter-CFHzAsBO.js      [39m[1m[2m 11.11 kB[22m[1m[22m[2m │ gzip:  3.69 kB[22m
[2026-04-22T04:32:09.956Z] [stdout] [2mdist/[22m[36massets/ru-C8Cx8G0_.js                       [39m[1m[2m 12.58 kB[22m[1m[22m[2m │ gzip:  3.14 kB[22m
[2026-04-22T04:32:09.956Z] [stdout] [2mdist/[22m[36massets/useToast-BhPT1o4Y.js                 [39m[1m[2m 14.15 kB[22m[1m[22m[2m │ gzip:  5.63 kB[22m
[2026-04-22T04:32:09.956Z] [stdout] [2mdist/[22m[36massets/vendor-date-B1cgXEfA.js              [39m[1m[2m 20.00 kB[22m[1m[22m[2m │ gzip:  5.73 kB[22m
[2026-04-22T04:32:09.956Z] [stdout] [2mdist/[22m[36massets/page-1XnRBeGH.js                     [39m[1m[2m 26.53 kB[22m[1m[22m[2m │ gzip:  7.19 kB[22m
[2026-04-22T04:32:09.956Z] [stdout] [2mdist/[22m[36massets/report-save-T_sDVnnz.js              [39m[1m[2m 32.00 kB[22m[1m[22m[2m │ gzip: 11.02 kB[22m
[2026-04-22T04:32:09.956Z] [stdout] [2mdist/[22m[36massets/vendor-react-VsJEmFiX.js             [39m[1m[2m 48.76 kB[22m[1m[22m[2m │ gzip: 17.28 kB[22m
[2026-04-22T04:32:09.956Z] [stdout] [2mdist/[22m[36massets/vendor-charts-CziCK5UB.js            [39m[1m[2m 52.27 kB[22m[1m[22m[2m │ gzip: 23.28 kB[22m
[2026-04-22T04:32:09.956Z] [stdout] [2mdist/[22m[36massets/page-DjGRujn-.js                     [39m[1m[2m 57.39 kB[22m[1m[22m[2m │ gzip: 17.21 kB[22m
[2026-04-22T04:32:09.956Z] [stdout] [2mdist/[22m[36massets/page-K8bVg_NK.js                     [39m[1m[2m 92.39 kB[22m[1m[22m[2m │ gzip: 23.24 kB[22m
[2026-04-22T04:32:09.956Z] [stdout] [2mdist/[22m[36massets/vendor-radix-wOjfjdRn.js             [39m[1m[2m113.50 kB[22m[1m[22m[2m │ gzip: 36.46 kB[22m
[2026-04-22T04:32:09.956Z] [stdout] [2mdist/[22m[36massets/DashboardContent-DBMcK1ir.js         [39m[1m[2m115.48 kB[22m[1m[22m[2m │ gzip: 29.86 kB[22m
[2026-04-22T04:32:09.956Z] [stdout] [2mdist/[22m[36massets/page-DX0zCItd.js                     [39m[1m[2m136.17 kB[22m[1m[22m[2m │ gzip: 39.38 kB[22m
[2026-04-22T04:32:09.956Z] [stdout] [2mdist/[22m[36massets/main-QTHg_oVe.js                     [39m[1m[2m271.47 kB[22m[1m[22m[2m │ gzip: 86.00 kB[22m
[2026-04-22T04:32:09.956Z] [stdout] [32m✓ built in 10.97s[39m
[2026-04-22T04:32:11.273Z] [stderr]    Compiling rheolab-core v0.1.0 (D:\Development\Rheolab\src\rust\rheolab-core)
[2026-04-22T04:32:12.086Z] heartbeat: pid=3380 elapsed=15.0s
[2026-04-22T04:32:14.435Z] [stderr]    Compiling rheolab-enterprise v0.2.0-beta.23 (D:\Development\Rheolab\src-tauri)
[2026-04-22T04:32:27.087Z] heartbeat: pid=3380 elapsed=30.0s
[2026-04-22T04:32:42.090Z] heartbeat: pid=3380 elapsed=45.0s
[2026-04-22T04:32:57.097Z] heartbeat: pid=3380 elapsed=60.0s
[2026-04-22T04:33:12.109Z] heartbeat: pid=3380 elapsed=75.0s
[2026-04-22T04:33:27.123Z] heartbeat: pid=3380 elapsed=90.1s
[2026-04-22T04:33:42.128Z] heartbeat: pid=3380 elapsed=105.1s
[2026-04-22T04:33:57.131Z] heartbeat: pid=3380 elapsed=120.1s
[2026-04-22T04:34:12.134Z] heartbeat: pid=3380 elapsed=135.1s
[2026-04-22T04:34:27.141Z] heartbeat: pid=3380 elapsed=150.1s
[2026-04-22T04:34:42.147Z] heartbeat: pid=3380 elapsed=165.1s
[2026-04-22T04:34:57.150Z] heartbeat: pid=3380 elapsed=180.1s
[2026-04-22T04:35:12.152Z] heartbeat: pid=3380 elapsed=195.1s
[2026-04-22T04:35:19.897Z] [stderr]     Finished `release` profile [optimized] target(s) in 3m 09s
[2026-04-22T04:35:19.946Z] [stderr]        Built application at: D:\Development\Rheolab\src-tauri\target\release\rheolab-enterprise.exe
[2026-04-22T04:35:19.946Z] [stderr]         Info Patching binary "D:\\Development\\Rheolab\\src-tauri\\target\\release\\rheolab-enterprise.exe" for type nsis
[2026-04-22T04:35:19.956Z] [stderr]         Warn Failed to add bundler type to the binary: __TAURI_BUNDLE_TYPE variable not found in binary. Make sure tauri crate and tauri-cli are up to date. Updater plugin may not be able to update this package. This shouldn't normally happen, please report it to https://github.com/tauri-apps/tauri/issues
[2026-04-22T04:35:19.958Z] [stderr]         Info Target: x64
[2026-04-22T04:35:19.967Z] [stderr]      Running makensis to produce D:\Development\Rheolab\src-tauri\target\release\bundle\nsis\RheoLab Enterprise_0.2.0-beta.23_x64-setup.exe
[2026-04-22T04:35:27.159Z] heartbeat: pid=3380 elapsed=210.1s
[2026-04-22T04:35:32.139Z] [stderr]     Finished 1 bundle at:
[2026-04-22T04:35:32.139Z] [stderr]         D:\Development\Rheolab\src-tauri\target\release\bundle\nsis\RheoLab Enterprise_0.2.0-beta.23_x64-setup.exe
[2026-04-22T04:35:32.139Z] [stderr] 
[2026-04-22T04:35:32.160Z] wrapper exit: code=0 signal=null elapsed=215.1s
[2026-04-22T04:35:32.161Z] post-build sign: signing RheoLab Enterprise_0.2.0-beta.23_x64-setup.exe
[2026-04-22T04:35:32.851Z] post-build sign: success → RheoLab Enterprise_0.2.0-beta.23_x64-setup.exe.sig
