[2026-04-23T18:42:15.684Z] wrapper start
[2026-04-23T18:42:15.684Z] cwd=D:\Development\Rheolab
[2026-04-23T18:42:15.684Z] command=npm.cmd exec tauri -- build
[2026-04-23T18:42:15.684Z] RHEOLAB_SKIP_VERSION_BUMP=
[2026-04-23T18:42:15.684Z] INTEGRITY_SECRET_KEY present=true dev_sentinel=false
[2026-04-23T18:42:15.684Z] TAURI_SIGNING_PRIVATE_KEY present=true len=348
[2026-04-23T18:42:15.685Z] TAURI_SIGNING_PRIVATE_KEY_PASSWORD present=true
[2026-04-23T18:42:15.686Z] direct spawn failed (EINVAL), switching to shell fallback
[2026-04-23T18:42:15.686Z] using shell fallback: npm.cmd "exec" "tauri" "--" "build"
[2026-04-23T18:42:16.387Z] [stderr]         Info Looking up installed tauri packages to check mismatched versions...
[2026-04-23T18:42:17.115Z] [stderr]      Running beforeBuildCommand `npm run build`
[2026-04-23T18:42:17.339Z] [stdout] 
[2026-04-23T18:42:17.339Z] [stdout] > rheolab-enterprise@0.2.0-beta.38 build
[2026-04-23T18:42:17.340Z] [stdout] > vite build
[2026-04-23T18:42:17.340Z] [stdout] 
[2026-04-23T18:42:17.648Z] [stdout] [36mvite v6.4.2 [32mbuilding for production...[36m[39m
[2026-04-23T18:42:17.688Z] [stdout] transforming...
[2026-04-23T18:42:27.904Z] [stderr] [33m[plugin vite:resolve] Module "crypto" has been externalized for browser compatibility, imported by "D:/Development/Rheolab/src/lib/utils/encryption.ts". See https://vite.dev/guide/troubleshooting.html#module-externalized-for-browser-compatibility for more details.[39m
[2026-04-23T18:42:29.132Z] [stdout] [32m✓[39m 2936 modules transformed.
[2026-04-23T18:42:29.358Z] [stdout] rendering chunks...
[2026-04-23T18:42:29.497Z] [stdout] computing gzip size...
[2026-04-23T18:42:29.515Z] [stdout] [2mdist/[22m[32mindex.html                                  [39m[1m[2m  1.70 kB[22m[1m[22m[2m │ gzip:  0.86 kB[22m
[2026-04-23T18:42:29.519Z] [stdout] [2mdist/[22m[35massets/ChartErrorBoundary-Saz_VHki.css      [39m[1m[2m  1.63 kB[22m[1m[22m[2m │ gzip:  0.70 kB[22m
[2026-04-23T18:42:29.519Z] [stdout] [2mdist/[22m[35massets/main-D3ikF6Pd.css                    [39m[1m[2m144.37 kB[22m[1m[22m[2m │ gzip: 20.84 kB[22m
[2026-04-23T18:42:29.519Z] [stdout] [2mdist/[22m[36massets/__vite-browser-external-BIHI7g3E.js  [39m[1m[2m  0.03 kB[22m[1m[22m[2m │ gzip:  0.05 kB[22m
[2026-04-23T18:42:29.519Z] [stdout] [2mdist/[22m[36massets/encryption-BxL06zoM.js               [39m[1m[2m  0.14 kB[22m[1m[22m[2m │ gzip:  0.15 kB[22m
[2026-04-23T18:42:29.519Z] [stdout] [2mdist/[22m[36massets/page-ag22mqCL.js                     [39m[1m[2m  0.17 kB[22m[1m[22m[2m │ gzip:  0.16 kB[22m
[2026-04-23T18:42:29.519Z] [stdout] [2mdist/[22m[36massets/page-CdAzp9Ph.js                     [39m[1m[2m  0.20 kB[22m[1m[22m[2m │ gzip:  0.17 kB[22m
[2026-04-23T18:42:29.519Z] [stdout] [2mdist/[22m[36massets/tauri-bridge-DdG3MnRO.js             [39m[1m[2m  0.27 kB[22m[1m[22m[2m │ gzip:  0.20 kB[22m
[2026-04-23T18:42:29.519Z] [stdout] [2mdist/[22m[36massets/check-CiJejM6m.js                    [39m[1m[2m  0.29 kB[22m[1m[22m[2m │ gzip:  0.24 kB[22m
[2026-04-23T18:42:29.519Z] [stdout] [2mdist/[22m[36massets/chevron-up-DGnjZndK.js               [39m[1m[2m  0.30 kB[22m[1m[22m[2m │ gzip:  0.25 kB[22m
[2026-04-23T18:42:29.519Z] [stdout] [2mdist/[22m[36massets/chevron-down-DVmRBHUf.js             [39m[1m[2m  0.30 kB[22m[1m[22m[2m │ gzip:  0.25 kB[22m
[2026-04-23T18:42:29.519Z] [stdout] [2mdist/[22m[36massets/plus-Bcy0x-_a.js                     [39m[1m[2m  0.33 kB[22m[1m[22m[2m │ gzip:  0.25 kB[22m
[2026-04-23T18:42:29.520Z] [stdout] [2mdist/[22m[36massets/circle-check-CL2eWXOh.js             [39m[1m[2m  0.35 kB[22m[1m[22m[2m │ gzip:  0.27 kB[22m
[2026-04-23T18:42:29.520Z] [stdout] [2mdist/[22m[36massets/rotate-ccw-B3ycz7QC.js               [39m[1m[2m  0.37 kB[22m[1m[22m[2m │ gzip:  0.29 kB[22m
[2026-04-23T18:42:29.520Z] [stdout] [2mdist/[22m[36massets/upload-Kyo-Zy88.js                   [39m[1m[2m  0.40 kB[22m[1m[22m[2m │ gzip:  0.30 kB[22m
[2026-04-23T18:42:29.520Z] [stdout] [2mdist/[22m[36massets/activity-Dnf6sVe-.js                 [39m[1m[2m  0.41 kB[22m[1m[22m[2m │ gzip:  0.31 kB[22m
[2026-04-23T18:42:29.520Z] [stdout] [2mdist/[22m[36massets/settings-2-CtFrBZMT.js               [39m[1m[2m  0.42 kB[22m[1m[22m[2m │ gzip:  0.30 kB[22m
[2026-04-23T18:42:29.520Z] [stdout] [2mdist/[22m[36massets/circle-alert-BgRjE_0L.js             [39m[1m[2m  0.42 kB[22m[1m[22m[2m │ gzip:  0.29 kB[22m
[2026-04-23T18:42:29.520Z] [stdout] [2mdist/[22m[36massets/calendar-BCvIYIgk.js                 [39m[1m[2m  0.43 kB[22m[1m[22m[2m │ gzip:  0.31 kB[22m
[2026-04-23T18:42:29.520Z] [stdout] [2mdist/[22m[36massets/key-D5Dr_p6M.js                      [39m[1m[2m  0.43 kB[22m[1m[22m[2m │ gzip:  0.32 kB[22m
[2026-04-23T18:42:29.520Z] [stdout] [2mdist/[22m[36massets/pencil-CDo0IvtM.js                   [39m[1m[2m  0.45 kB[22m[1m[22m[2m │ gzip:  0.33 kB[22m
[2026-04-23T18:42:29.520Z] [stdout] [2mdist/[22m[36massets/flask-conical-3QfHoLjO.js            [39m[1m[2m  0.47 kB[22m[1m[22m[2m │ gzip:  0.33 kB[22m
[2026-04-23T18:42:29.520Z] [stdout] [2mdist/[22m[36massets/languages-DT7RMB3W.js                [39m[1m[2m  0.49 kB[22m[1m[22m[2m │ gzip:  0.32 kB[22m
[2026-04-23T18:42:29.520Z] [stdout] [2mdist/[22m[36massets/trash-2-B1ODpUNi.js                  [39m[1m[2m  0.50 kB[22m[1m[22m[2m │ gzip:  0.32 kB[22m
[2026-04-23T18:42:29.520Z] [stdout] [2mdist/[22m[36massets/file-down-D0HwvO48.js                [39m[1m[2m  0.53 kB[22m[1m[22m[2m │ gzip:  0.35 kB[22m
[2026-04-23T18:42:29.520Z] [stdout] [2mdist/[22m[36massets/branding-store-BNqGprBC.js           [39m[1m[2m  0.54 kB[22m[1m[22m[2m │ gzip:  0.29 kB[22m
[2026-04-23T18:42:29.520Z] [stdout] [2mdist/[22m[36massets/building-2-BMm5G8hv.js               [39m[1m[2m  0.56 kB[22m[1m[22m[2m │ gzip:  0.34 kB[22m
[2026-04-23T18:42:29.520Z] [stdout] [2mdist/[22m[36massets/input-DhT01Obr.js                    [39m[1m[2m  0.60 kB[22m[1m[22m[2m │ gzip:  0.38 kB[22m
[2026-04-23T18:42:29.520Z] [stdout] [2mdist/[22m[36massets/circle-x-BEx1yy0F.js                 [39m[1m[2m  0.69 kB[22m[1m[22m[2m │ gzip:  0.36 kB[22m
[2026-04-23T18:42:29.521Z] [stdout] [2mdist/[22m[36massets/user-DYFIElyt.js                     [39m[1m[2m  0.74 kB[22m[1m[22m[2m │ gzip:  0.38 kB[22m
[2026-04-23T18:42:29.521Z] [stdout] [2mdist/[22m[36massets/client-DMoBNgBx.js                   [39m[1m[2m  0.75 kB[22m[1m[22m[2m │ gzip:  0.40 kB[22m
[2026-04-23T18:42:29.521Z] [stdout] [2mdist/[22m[36massets/client-Zb7GQeCl.js                   [39m[1m[2m  0.83 kB[22m[1m[22m[2m │ gzip:  0.46 kB[22m
[2026-04-23T18:42:29.521Z] [stdout] [2mdist/[22m[36massets/useFocusTrap-DBIo29X4.js             [39m[1m[2m  0.84 kB[22m[1m[22m[2m │ gzip:  0.44 kB[22m
[2026-04-23T18:42:29.521Z] [stdout] [2mdist/[22m[36massets/search-XP_jig2k.js                   [39m[1m[2m  0.89 kB[22m[1m[22m[2m │ gzip:  0.42 kB[22m
[2026-04-23T18:42:29.521Z] [stdout] [2mdist/[22m[36massets/settings-GOfe7nmX.js                 [39m[1m[2m  0.98 kB[22m[1m[22m[2m │ gzip:  0.42 kB[22m
[2026-04-23T18:42:29.521Z] [stdout] [2mdist/[22m[36massets/update-install-BOsdOBnO.js           [39m[1m[2m  1.11 kB[22m[1m[22m[2m │ gzip:  0.62 kB[22m
[2026-04-23T18:42:29.521Z] [stdout] [2mdist/[22m[36massets/card-DqL8n4cc.js                     [39m[1m[2m  1.58 kB[22m[1m[22m[2m │ gzip:  0.67 kB[22m
[2026-04-23T18:42:29.521Z] [stdout] [2mdist/[22m[36massets/index-BJfSdmLf.js                    [39m[1m[2m  1.89 kB[22m[1m[22m[2m │ gzip:  0.92 kB[22m
[2026-04-23T18:42:29.521Z] [stdout] [2mdist/[22m[36massets/button-BKRbu9RR.js                   [39m[1m[2m  1.94 kB[22m[1m[22m[2m │ gzip:  0.96 kB[22m
[2026-04-23T18:42:29.521Z] [stdout] [2mdist/[22m[36massets/PrecisionSettingsCard-DRIIiMSz.js    [39m[1m[2m  2.05 kB[22m[1m[22m[2m │ gzip:  0.98 kB[22m
[2026-04-23T18:42:29.521Z] [stdout] [2mdist/[22m[36massets/alert-dialog-DbAw3i9g.js             [39m[1m[2m  2.12 kB[22m[1m[22m[2m │ gzip:  0.77 kB[22m
[2026-04-23T18:42:29.521Z] [stdout] [2mdist/[22m[36massets/TrialBanner-B7gtaIjc.js              [39m[1m[2m  2.26 kB[22m[1m[22m[2m │ gzip:  1.22 kB[22m
[2026-04-23T18:42:29.521Z] [stdout] [2mdist/[22m[36massets/label-CZwpUhRL.js                    [39m[1m[2m  2.52 kB[22m[1m[22m[2m │ gzip:  0.95 kB[22m
[2026-04-23T18:42:29.521Z] [stdout] [2mdist/[22m[36massets/BrandingManager-BN5RrRvS.js          [39m[1m[2m  2.55 kB[22m[1m[22m[2m │ gzip:  1.16 kB[22m
[2026-04-23T18:42:29.521Z] [stdout] [2mdist/[22m[36massets/UpdateChecker-9wfM46Gk.js            [39m[1m[2m  3.38 kB[22m[1m[22m[2m │ gzip:  1.46 kB[22m
[2026-04-23T18:42:29.522Z] [stdout] [2mdist/[22m[36massets/water-analysis-panel-vOcdHiHl.js     [39m[1m[2m  3.63 kB[22m[1m[22m[2m │ gzip:  1.61 kB[22m
[2026-04-23T18:42:29.522Z] [stdout] [2mdist/[22m[36massets/index-CJ4BH_kF.js                    [39m[1m[2m  3.66 kB[22m[1m[22m[2m │ gzip:  1.34 kB[22m
[2026-04-23T18:42:29.522Z] [stdout] [2mdist/[22m[36massets/expert-settings-panel-BMFV3e0H.js    [39m[1m[2m  3.89 kB[22m[1m[22m[2m │ gzip:  1.38 kB[22m
[2026-04-23T18:42:29.524Z] [stdout] [2mdist/[22m[36massets/UnitSystemCard-DZ7dC102.js           [39m[1m[2m  4.22 kB[22m[1m[22m[2m │ gzip:  1.76 kB[22m
[2026-04-23T18:42:29.524Z] [stdout] [2mdist/[22m[36massets/settings-shared-Cjk_IZEw.js          [39m[1m[2m  4.51 kB[22m[1m[22m[2m │ gzip:  1.75 kB[22m
[2026-04-23T18:42:29.524Z] [stdout] [2mdist/[22m[36massets/LicenseActivationDialog-2GzL7cAS.js  [39m[1m[2m  5.38 kB[22m[1m[22m[2m │ gzip:  2.14 kB[22m
[2026-04-23T18:42:29.525Z] [stdout] [2mdist/[22m[36massets/LaboratoryManager-CSKfrwJW.js        [39m[1m[2m  5.61 kB[22m[1m[22m[2m │ gzip:  1.96 kB[22m
[2026-04-23T18:42:29.525Z] [stdout] [2mdist/[22m[36massets/LogViewer-C2NAa4dg.js                [39m[1m[2m  5.76 kB[22m[1m[22m[2m │ gzip:  2.43 kB[22m
[2026-04-23T18:42:29.525Z] [stdout] [2mdist/[22m[36massets/BackupManager-BKgryyvb.js            [39m[1m[2m  5.80 kB[22m[1m[22m[2m │ gzip:  2.23 kB[22m
[2026-04-23T18:42:29.525Z] [stdout] [2mdist/[22m[36massets/OperatorManager-BpZsEy3l.js          [39m[1m[2m  5.91 kB[22m[1m[22m[2m │ gzip:  2.14 kB[22m
[2026-04-23T18:42:29.525Z] [stdout] [2mdist/[22m[36massets/chart-settings-store-Br2TVgMt.js     [39m[1m[2m  5.94 kB[22m[1m[22m[2m │ gzip:  2.07 kB[22m
[2026-04-23T18:42:29.525Z] [stdout] [2mdist/[22m[36massets/recipe-panel-B2ymK6nH.js             [39m[1m[2m  6.61 kB[22m[1m[22m[2m │ gzip:  2.22 kB[22m
[2026-04-23T18:42:29.525Z] [stdout] [2mdist/[22m[36massets/cycle-editor-dialog-Bz6jf2C4.js      [39m[1m[2m  7.88 kB[22m[1m[22m[2m │ gzip:  2.63 kB[22m
[2026-04-23T18:42:29.525Z] [stdout] [2mdist/[22m[36massets/ChartSettingsManager-rfnbZmm_.js     [39m[1m[2m  7.89 kB[22m[1m[22m[2m │ gzip:  2.66 kB[22m
[2026-04-23T18:42:29.525Z] [stdout] [2mdist/[22m[36massets/ExperimentExportImport-KPznNSuU.js   [39m[1m[2m  8.00 kB[22m[1m[22m[2m │ gzip:  2.96 kB[22m
[2026-04-23T18:42:29.525Z] [stdout] [2mdist/[22m[36massets/raw-data-table-CRp-KJkX.js           [39m[1m[2m  8.30 kB[22m[1m[22m[2m │ gzip:  2.61 kB[22m
[2026-04-23T18:42:29.525Z] [stdout] [2mdist/[22m[36massets/APIKeyManager-BNRGeuhQ.js            [39m[1m[2m  8.79 kB[22m[1m[22m[2m │ gzip:  3.06 kB[22m
[2026-04-23T18:42:29.525Z] [stdout] [2mdist/[22m[36massets/client-2uaf9Rc8.js                   [39m[1m[2m  9.13 kB[22m[1m[22m[2m │ gzip:  3.65 kB[22m
[2026-04-23T18:42:29.525Z] [stdout] [2mdist/[22m[36massets/AppSettingsExporter-CAlukSlA.js      [39m[1m[2m 11.12 kB[22m[1m[22m[2m │ gzip:  3.68 kB[22m
[2026-04-23T18:42:29.525Z] [stdout] [2mdist/[22m[36massets/cycle-results-table-DZuM4Z70.js      [39m[1m[2m 11.61 kB[22m[1m[22m[2m │ gzip:  3.23 kB[22m
[2026-04-23T18:42:29.525Z] [stdout] [2mdist/[22m[36massets/ReportTab-C3l6YdsX.js                [39m[1m[2m 11.78 kB[22m[1m[22m[2m │ gzip:  3.66 kB[22m
[2026-04-23T18:42:29.525Z] [stdout] [2mdist/[22m[36massets/ru-C8Cx8G0_.js                       [39m[1m[2m 12.58 kB[22m[1m[22m[2m │ gzip:  3.14 kB[22m
[2026-04-23T18:42:29.526Z] [stdout] [2mdist/[22m[36massets/useToast-0nmx1eW-.js                 [39m[1m[2m 14.15 kB[22m[1m[22m[2m │ gzip:  5.63 kB[22m
[2026-04-23T18:42:29.526Z] [stdout] [2mdist/[22m[36massets/report-save-CAFiUxw1.js              [39m[1m[2m 15.92 kB[22m[1m[22m[2m │ gzip:  4.31 kB[22m
[2026-04-23T18:42:29.526Z] [stdout] [2mdist/[22m[36massets/ComparisonReportTab-BuliMqzT.js      [39m[1m[2m 16.72 kB[22m[1m[22m[2m │ gzip:  5.25 kB[22m
[2026-04-23T18:42:29.526Z] [stdout] [2mdist/[22m[36massets/ChartErrorBoundary-t8V6GKrq.js       [39m[1m[2m 18.84 kB[22m[1m[22m[2m │ gzip:  7.77 kB[22m
[2026-04-23T18:42:29.526Z] [stdout] [2mdist/[22m[36massets/vendor-date-B1cgXEfA.js              [39m[1m[2m 20.00 kB[22m[1m[22m[2m │ gzip:  5.73 kB[22m
[2026-04-23T18:42:29.526Z] [stdout] [2mdist/[22m[36massets/CalibrationPanel-BTpPAQKq.js         [39m[1m[2m 25.33 kB[22m[1m[22m[2m │ gzip:  7.48 kB[22m
[2026-04-23T18:42:29.526Z] [stdout] [2mdist/[22m[36massets/page-DwplCBPy.js                     [39m[1m[2m 27.75 kB[22m[1m[22m[2m │ gzip:  7.49 kB[22m
[2026-04-23T18:42:29.526Z] [stdout] [2mdist/[22m[36massets/page-DZdgPaz7.js                     [39m[1m[2m 43.31 kB[22m[1m[22m[2m │ gzip: 13.87 kB[22m
[2026-04-23T18:42:29.526Z] [stdout] [2mdist/[22m[36massets/DashboardContent-jCFz9UUl.js         [39m[1m[2m 47.38 kB[22m[1m[22m[2m │ gzip: 14.27 kB[22m
[2026-04-23T18:42:29.526Z] [stdout] [2mdist/[22m[36massets/vendor-react-VsJEmFiX.js             [39m[1m[2m 48.76 kB[22m[1m[22m[2m │ gzip: 17.28 kB[22m
[2026-04-23T18:42:29.526Z] [stdout] [2mdist/[22m[36massets/vendor-charts-CziCK5UB.js            [39m[1m[2m 52.27 kB[22m[1m[22m[2m │ gzip: 23.28 kB[22m
[2026-04-23T18:42:29.526Z] [stdout] [2mdist/[22m[36massets/page-Cf4pdmZM.js                     [39m[1m[2m103.91 kB[22m[1m[22m[2m │ gzip: 26.53 kB[22m
[2026-04-23T18:42:29.526Z] [stdout] [2mdist/[22m[36massets/vendor-radix-wOjfjdRn.js             [39m[1m[2m113.50 kB[22m[1m[22m[2m │ gzip: 36.46 kB[22m
[2026-04-23T18:42:29.526Z] [stdout] [2mdist/[22m[36massets/page-DXGMU8ql.js                     [39m[1m[2m135.62 kB[22m[1m[22m[2m │ gzip: 39.19 kB[22m
[2026-04-23T18:42:29.526Z] [stdout] [2mdist/[22m[36massets/main-8vGWr_ZT.js                     [39m[1m[2m271.83 kB[22m[1m[22m[2m │ gzip: 86.18 kB[22m
[2026-04-23T18:42:29.526Z] [stdout] [32m✓ built in 11.86s[39m
[2026-04-23T18:42:30.675Z] [stderr]    Compiling rheolab-enterprise v0.2.0-beta.38 (D:\Development\Rheolab\src-tauri)
[2026-04-23T18:42:30.694Z] heartbeat: pid=22508 elapsed=15.0s
[2026-04-23T18:42:45.695Z] heartbeat: pid=22508 elapsed=30.0s
[2026-04-23T18:43:00.710Z] heartbeat: pid=22508 elapsed=45.0s
[2026-04-23T18:43:15.720Z] heartbeat: pid=22508 elapsed=60.0s
[2026-04-23T18:43:30.727Z] heartbeat: pid=22508 elapsed=75.0s
[2026-04-23T18:43:45.731Z] heartbeat: pid=22508 elapsed=90.0s
[2026-04-23T18:44:00.738Z] heartbeat: pid=22508 elapsed=105.1s
[2026-04-23T18:44:15.745Z] heartbeat: pid=22508 elapsed=120.1s
[2026-04-23T18:44:30.752Z] heartbeat: pid=22508 elapsed=135.1s
[2026-04-23T18:44:45.757Z] heartbeat: pid=22508 elapsed=150.1s
[2026-04-23T18:45:00.760Z] heartbeat: pid=22508 elapsed=165.1s
[2026-04-23T18:45:15.774Z] heartbeat: pid=22508 elapsed=180.1s
[2026-04-23T18:45:30.779Z] heartbeat: pid=22508 elapsed=195.1s
[2026-04-23T18:45:45.785Z] heartbeat: pid=22508 elapsed=210.1s
[2026-04-23T18:45:49.481Z] [stderr]     Finished `release` profile [optimized] target(s) in 3m 19s
[2026-04-23T18:45:49.525Z] [stderr]        Built application at: D:\Development\Rheolab\src-tauri\target\release\rheolab-enterprise.exe
[2026-04-23T18:45:49.526Z] [stderr]         Info Patching binary "D:\\Development\\Rheolab\\src-tauri\\target\\release\\rheolab-enterprise.exe" for type nsis
[2026-04-23T18:45:49.537Z] [stderr]         Warn Failed to add bundler type to the binary: __TAURI_BUNDLE_TYPE variable not found in binary. Make sure tauri crate and tauri-cli are up to date. Updater plugin may not be able to update this package. This shouldn't normally happen, please report it to https://github.com/tauri-apps/tauri/issues
[2026-04-23T18:45:49.539Z] [stderr]         Info Target: x64
[2026-04-23T18:45:49.548Z] [stderr]      Running makensis to produce D:\Development\Rheolab\src-tauri\target\release\bundle\nsis\RheoLab Enterprise_0.2.0-beta.38_x64-setup.exe
[2026-04-23T18:46:00.786Z] heartbeat: pid=22508 elapsed=225.1s
[2026-04-23T18:46:01.883Z] [stderr]     Finished 1 bundle at:
[2026-04-23T18:46:01.883Z] [stderr]         D:\Development\Rheolab\src-tauri\target\release\bundle\nsis\RheoLab Enterprise_0.2.0-beta.38_x64-setup.exe
[2026-04-23T18:46:01.883Z] [stderr] 
[2026-04-23T18:46:01.904Z] wrapper exit: code=0 signal=null elapsed=226.2s
[2026-04-23T18:46:01.906Z] post-build sign: signing RheoLab Enterprise_0.2.0-beta.38_x64-setup.exe
[2026-04-23T18:46:02.611Z] post-build sign: success → RheoLab Enterprise_0.2.0-beta.38_x64-setup.exe.sig
