[2026-04-23T19:35:27.304Z] wrapper start
[2026-04-23T19:35:27.304Z] cwd=D:\Development\Rheolab
[2026-04-23T19:35:27.304Z] command=npm.cmd exec tauri -- dev
[2026-04-23T19:35:27.304Z] RHEOLAB_SKIP_VERSION_BUMP=
[2026-04-23T19:35:27.308Z] direct spawn failed (EINVAL), switching to shell fallback
[2026-04-23T19:35:27.308Z] using shell fallback: npm.cmd "exec" "tauri" "--" "dev"
[2026-04-23T19:35:28.092Z] [stderr]      Running BeforeDevCommand (`npm run dev`)
[2026-04-23T19:35:28.388Z] [stdout] 
[2026-04-23T19:35:28.388Z] [stdout] > rheolab-enterprise@0.2.0-beta.39 dev
[2026-04-23T19:35:28.388Z] [stdout] > vite
[2026-04-23T19:35:28.388Z] [stdout] 
[2026-04-23T19:35:28.841Z] [stdout] 
[2026-04-23T19:35:28.842Z] [stdout]   [32m[1mVITE[22m v6.4.2[39m  [2mready in [0m[1m389[22m[2m[0m ms[22m
[2026-04-23T19:35:28.842Z] [stdout] 
[2026-04-23T19:35:28.843Z] [stdout]   [32m➜[39m  [1mLocal[22m:   [36mhttp://localhost:[1m1420[22m/[39m
[2026-04-23T19:35:32.129Z] [stderr]      Running DevCommand (`cargo  run --no-default-features --color always --`)
[2026-04-23T19:35:32.239Z] [stderr]         Info Watching D:\Development\Rheolab\src-tauri for changes...
[2026-04-23T19:35:33.208Z] [stderr] [1m[92m   Compiling[0m rheolab-core v0.1.0 (D:\Development\Rheolab\src\rust\rheolab-core)
[2026-04-23T19:35:34.715Z] [stderr] [1m[96m    Building[0m [=======================> ] 822/825: rheolab…                                                            [1m[92m   Compiling[0m rheolab-enterprise v0.2.0-beta.39 (D:\Development\Rheolab\src-tauri)
[2026-04-23T19:35:42.321Z] heartbeat: pid=8160 elapsed=15.0s
[2026-04-23T19:35:57.326Z] heartbeat: pid=8160 elapsed=30.0s
[2026-04-23T19:35:57.937Z] [stderr] [1m[96m    Building[0m [=======================> ] 822/825: rheolab…[1m[96m    Building[0m [=======================> ] 823/825: rheolab…[1m[96m    Building[0m [=======================> ] 824/825: rheolab…                                                            [1m[92m    Finished[0m ]8;;https://doc.rust-lang.org/cargo/reference/profiles.html#default-profiles\`dev` profile [unoptimized + debuginfo]]8;;\ target(s) in 25.72s
[2026-04-23T19:35:57.979Z] [stderr] [1m[92m     Running[0m `target\debug\rheolab-enterprise.exe`
[2026-04-23T19:36:04.904Z] [stdout] [2026-04-23][19:36:04][reqwest::connect][DEBUG] starting new connection: https://license.vizbuka.ru/
[2026-04-23T19:36:05.168Z] [stdout] [2026-04-23][19:36:05][reqwest::retry][TRACE] shouldn't retry!
[2026-04-23T19:36:12.335Z] heartbeat: pid=8160 elapsed=45.0s
[2026-04-23T19:36:27.337Z] heartbeat: pid=8160 elapsed=60.0s
[2026-04-23T19:36:42.354Z] heartbeat: pid=8160 elapsed=75.0s
[2026-04-23T19:36:49.955Z] [stdout] [2m00:36:49[22m [36m[1m[vite][22m[39m [90m[2m(client)[22m[39m [32mpage reload [39m[2msrc/types/generated.d.ts[22m
[2026-04-23T19:36:57.365Z] heartbeat: pid=8160 elapsed=90.1s
[2026-04-23T19:37:12.376Z] heartbeat: pid=8160 elapsed=105.1s
[2026-04-23T19:37:27.379Z] heartbeat: pid=8160 elapsed=120.1s
[2026-04-23T19:37:42.383Z] heartbeat: pid=8160 elapsed=135.1s
[2026-04-23T19:37:57.394Z] heartbeat: pid=8160 elapsed=150.1s
[2026-04-23T19:38:12.403Z] heartbeat: pid=8160 elapsed=165.1s
[2026-04-23T19:38:19.168Z] [stdout] [2m00:38:19[22m [36m[1m[vite][22m[39m [90m[2m(client)[22m[39m [32mpage reload [39m[2mplaywright-report-db-scale-small/index.html[22m
[2026-04-23T19:38:19.187Z] [stdout] [2m00:38:19[22m [36m[1m[vite][22m[39m [90m[2m(client)[22m[39m [32mpage reload [39m[2m.tauri-db-scale.pid[22m
[2026-04-23T19:38:27.411Z] heartbeat: pid=8160 elapsed=180.1s
[2026-04-23T19:38:42.415Z] heartbeat: pid=8160 elapsed=195.1s
[2026-04-23T19:38:57.420Z] heartbeat: pid=8160 elapsed=210.1s
[2026-04-23T19:39:12.425Z] heartbeat: pid=8160 elapsed=225.1s
[2026-04-23T19:39:27.425Z] heartbeat: pid=8160 elapsed=240.1s
[2026-04-23T19:39:42.435Z] heartbeat: pid=8160 elapsed=255.1s
[2026-04-23T19:39:57.450Z] heartbeat: pid=8160 elapsed=270.1s
[2026-04-23T19:40:12.454Z] heartbeat: pid=8160 elapsed=285.1s
[2026-04-23T19:40:27.463Z] heartbeat: pid=8160 elapsed=300.2s
[2026-04-23T19:40:37.840Z] [stdout] [2026-04-23][19:40:37][webview:forwardErrorToTauri@http://localhost:1420/src/lib/logger.ts:47:11][ERROR] [ComparisonReport] PDF generation failed: TauriError: Internal error
[2026-04-23T19:40:37.840Z] [stdout]     at TauriError.from (http://localhost:1420/src/lib/tauri/errors.ts:57:42)
[2026-04-23T19:40:37.841Z] [stdout]     at safeInvoke (http://localhost:1420/src/lib/tauri/core.ts:119:35)
[2026-04-23T19:40:37.841Z] [stdout]     at async Object.generateComparisonPdf (http://localhost:1420/src/lib/tauri/reports.ts:32:20)
[2026-04-23T19:40:37.841Z] [stdout]     at async tryGenerateComparisonPdfNative (http://localhost:1420/src/lib/reports/client.ts:65:17)
[2026-04-23T19:40:37.841Z] [stdout]     at async generateComparisonPdfReportBlob (http://localhost:1420/src/lib/reports/client.ts:81:12)
[2026-04-23T19:40:37.841Z] [stdout]     at async http://localhost:1420/src/components/comparison/reports/hooks/useComparisonReportExport.ts:185:20
[2026-04-23T19:40:42.473Z] heartbeat: pid=8160 elapsed=315.2s
[2026-04-23T19:40:43.037Z] [stdout] [2026-04-23][19:40:43][tao::platform_impl::platform::event_loop::runner][DEBUG] NewEvents emitted without explicit RedrawEventsCleared
[2026-04-23T19:40:43.039Z] [stdout] [2026-04-23][19:40:43][tao::platform_impl::platform::event_loop::runner][DEBUG] RedrawEventsCleared emitted without explicit MainEventsCleared
[2026-04-23T19:40:44.072Z] [stdout] [2026-04-23][19:40:44][webview:forwardErrorToTauri@http://localhost:1420/src/lib/logger.ts:47:11][ERROR] [ComparisonReport] PDF generation failed: TauriError: Internal error
[2026-04-23T19:40:44.073Z] [stdout]     at TauriError.from (http://localhost:1420/src/lib/tauri/errors.ts:57:42)
[2026-04-23T19:40:44.073Z] [stdout]     at safeInvoke (http://localhost:1420/src/lib/tauri/core.ts:119:35)
[2026-04-23T19:40:44.073Z] [stdout]     at async Object.generateComparisonPdf (http://localhost:1420/src/lib/tauri/reports.ts:32:20)
[2026-04-23T19:40:44.073Z] [stdout]     at async tryGenerateComparisonPdfNative (http://localhost:1420/src/lib/reports/client.ts:65:17)
[2026-04-23T19:40:44.073Z] [stdout]     at async generateComparisonPdfReportBlob (http://localhost:1420/src/lib/reports/client.ts:81:12)
[2026-04-23T19:40:44.073Z] [stdout]     at async http://localhost:1420/src/components/comparison/reports/hooks/useComparisonReportExport.ts:185:20
[2026-04-23T19:40:57.487Z] heartbeat: pid=8160 elapsed=330.2s
[2026-04-23T19:41:12.499Z] heartbeat: pid=8160 elapsed=345.2s
[2026-04-23T19:41:27.505Z] heartbeat: pid=8160 elapsed=360.2s
[2026-04-23T19:41:42.517Z] heartbeat: pid=8160 elapsed=375.2s
[2026-04-23T19:41:57.527Z] heartbeat: pid=8160 elapsed=390.2s
[2026-04-23T19:42:06.007Z] [stderr]         Info File src-tauri\src\commands\reports.rs changed. Rebuilding application...
[2026-04-23T19:42:06.010Z] [stderr]      Running DevCommand (`cargo  run --no-default-features --color always --`)
[2026-04-23T19:42:07.223Z] [stderr] [1m[92m   Compiling[0m rheolab-enterprise v0.2.0-beta.39 (D:\Development\Rheolab\src-tauri)
[2026-04-23T19:42:12.535Z] heartbeat: pid=8160 elapsed=405.2s
[2026-04-23T19:42:17.150Z] [stderr] [1m[96m    Building[0m [=======================> ] 823/825: rheolab…[1m[96m    Building[0m [=======================> ] 824/825: rheolab…                                                            [1m[92m    Finished[0m ]8;;https://doc.rust-lang.org/cargo/reference/profiles.html#default-profiles\`dev` profile [unoptimized + debuginfo]]8;;\ target(s) in 11.07s
[2026-04-23T19:42:17.194Z] [stderr] [1m[92m     Running[0m `target\debug\rheolab-enterprise.exe`
[2026-04-23T19:42:19.221Z] [stdout] [2m00:42:19[22m [36m[1m[vite][22m[39m [90m[2m(client)[22m[39m [32mpage reload [39m[2msrc/types/generated.d.ts[22m
[2026-04-23T19:42:23.587Z] [stdout] [2026-04-23][19:42:23][reqwest::connect][DEBUG] starting new connection: https://license.vizbuka.ru/
[2026-04-23T19:42:23.833Z] [stdout] [2026-04-23][19:42:23][reqwest::retry][TRACE] shouldn't retry!
[2026-04-23T19:42:27.540Z] heartbeat: pid=8160 elapsed=420.2s
[2026-04-23T19:42:42.546Z] heartbeat: pid=8160 elapsed=435.2s
[2026-04-23T19:42:49.417Z] [stdout] [2026-04-23][19:42:49][tao::platform_impl::platform::event_loop::runner][DEBUG] NewEvents emitted without explicit RedrawEventsCleared
[2026-04-23T19:42:49.418Z] [stdout] [2026-04-23][19:42:49][tao::platform_impl::platform::event_loop::runner][DEBUG] RedrawEventsCleared emitted without explicit MainEventsCleared
[2026-04-23T19:42:57.547Z] heartbeat: pid=8160 elapsed=450.2s
[2026-04-23T19:43:12.559Z] heartbeat: pid=8160 elapsed=465.3s
[2026-04-23T19:43:25.777Z] wrapper exit: code=4294967295 signal=null elapsed=478.5s
