[2026-04-23T04:28:51.574Z] wrapper start
[2026-04-23T04:28:51.575Z] cwd=D:\Development\Rheolab
[2026-04-23T04:28:51.575Z] command=npm.cmd exec tauri -- build --config D:\Development\Rheolab\runtime\release\tmp\tauri.release.1776918531526.json
[2026-04-23T04:28:51.575Z] RHEOLAB_SKIP_VERSION_BUMP=1
[2026-04-23T04:28:51.575Z] INTEGRITY_SECRET_KEY present=true dev_sentinel=false
[2026-04-23T04:28:51.575Z] TAURI_SIGNING_PRIVATE_KEY present=true len=348
[2026-04-23T04:28:51.575Z] TAURI_SIGNING_PRIVATE_KEY_PASSWORD present=true
[2026-04-23T04:28:51.578Z] direct spawn failed (EINVAL), switching to shell fallback
[2026-04-23T04:28:51.578Z] using shell fallback: npm.cmd "exec" "tauri" "--" "build" "--config" "D:\Development\Rheolab\runtime\release\tmp\tauri.release.1776918531526.json"
[2026-04-23T04:28:52.426Z] [stderr]         Info Looking up installed tauri packages to check mismatched versions...
[2026-04-23T04:28:53.279Z] [stderr]      Running beforeBuildCommand `npm run build`
[2026-04-23T04:28:53.540Z] [stdout] 
[2026-04-23T04:28:53.540Z] [stdout] > rheolab-enterprise@0.2.0-beta.29 build
[2026-04-23T04:28:53.540Z] [stdout] > vite build
[2026-04-23T04:28:53.540Z] [stdout] 
[2026-04-23T04:28:53.906Z] [stdout] [36mvite v6.4.2 [32mbuilding for production...[36m[39m
[2026-04-23T04:28:53.953Z] [stdout] transforming...
[2026-04-23T04:29:06.590Z] heartbeat: pid=19208 elapsed=15.0s
[2026-04-23T04:29:06.638Z] [stderr] [33m[plugin vite:resolve] Module "crypto" has been externalized for browser compatibility, imported by "D:/Development/Rheolab/src/lib/utils/encryption.ts". See https://vite.dev/guide/troubleshooting.html#module-externalized-for-browser-compatibility for more details.[39m
[2026-04-23T04:29:08.538Z] [stdout] [32m✓[39m 2935 modules transformed.
[2026-04-23T04:29:08.837Z] [stdout] rendering chunks...
[2026-04-23T04:29:08.968Z] [stdout] computing gzip size...
[2026-04-23T04:29:08.989Z] [stdout] [2mdist/[22m[32mindex.html                                  [39m[1m[2m  1.70 kB[22m[1m[22m[2m │ gzip:  0.85 kB[22m
[2026-04-23T04:29:08.990Z] [stdout] [2mdist/[22m[35massets/report-save-Saz_VHki.css             [39m[1m[2m  1.63 kB[22m[1m[22m[2m │ gzip:  0.70 kB[22m
[2026-04-23T04:29:08.990Z] [stdout] [2mdist/[22m[35massets/main-CevOLcZ3.css                    [39m[1m[2m143.22 kB[22m[1m[22m[2m │ gzip: 20.69 kB[22m
[2026-04-23T04:29:08.990Z] [stdout] [2mdist/[22m[36massets/__vite-browser-external-BIHI7g3E.js  [39m[1m[2m  0.03 kB[22m[1m[22m[2m │ gzip:  0.05 kB[22m
[2026-04-23T04:29:08.990Z] [stdout] [2mdist/[22m[36massets/encryption-9ewoWR2F.js               [39m[1m[2m  0.14 kB[22m[1m[22m[2m │ gzip:  0.15 kB[22m
[2026-04-23T04:29:08.991Z] [stdout] [2mdist/[22m[36massets/page-ag22mqCL.js                     [39m[1m[2m  0.17 kB[22m[1m[22m[2m │ gzip:  0.16 kB[22m
[2026-04-23T04:29:08.991Z] [stdout] [2mdist/[22m[36massets/page-CdAzp9Ph.js                     [39m[1m[2m  0.20 kB[22m[1m[22m[2m │ gzip:  0.17 kB[22m
[2026-04-23T04:29:08.991Z] [stdout] [2mdist/[22m[36massets/tauri-bridge-D0csCS9p.js             [39m[1m[2m  0.27 kB[22m[1m[22m[2m │ gzip:  0.20 kB[22m
[2026-04-23T04:29:08.991Z] [stdout] [2mdist/[22m[36massets/check-Do2GWiqS.js                    [39m[1m[2m  0.29 kB[22m[1m[22m[2m │ gzip:  0.24 kB[22m
[2026-04-23T04:29:08.991Z] [stdout] [2mdist/[22m[36massets/chevron-up-kb9PBaQv.js               [39m[1m[2m  0.30 kB[22m[1m[22m[2m │ gzip:  0.25 kB[22m
[2026-04-23T04:29:08.991Z] [stdout] [2mdist/[22m[36massets/chevron-down-yRgr4gyM.js             [39m[1m[2m  0.30 kB[22m[1m[22m[2m │ gzip:  0.25 kB[22m
[2026-04-23T04:29:08.991Z] [stdout] [2mdist/[22m[36massets/plus-C9qtOWip.js                     [39m[1m[2m  0.33 kB[22m[1m[22m[2m │ gzip:  0.25 kB[22m
[2026-04-23T04:29:08.991Z] [stdout] [2mdist/[22m[36massets/circle-check-BYAY4l0F.js             [39m[1m[2m  0.35 kB[22m[1m[22m[2m │ gzip:  0.27 kB[22m
[2026-04-23T04:29:08.991Z] [stdout] [2mdist/[22m[36massets/rotate-ccw-CBypTlX3.js               [39m[1m[2m  0.37 kB[22m[1m[22m[2m │ gzip:  0.29 kB[22m
[2026-04-23T04:29:08.991Z] [stdout] [2mdist/[22m[36massets/upload-ZbwOkQf-.js                   [39m[1m[2m  0.40 kB[22m[1m[22m[2m │ gzip:  0.30 kB[22m
[2026-04-23T04:29:08.991Z] [stdout] [2mdist/[22m[36massets/settings-2-DMA_UOUF.js               [39m[1m[2m  0.42 kB[22m[1m[22m[2m │ gzip:  0.30 kB[22m
[2026-04-23T04:29:08.992Z] [stdout] [2mdist/[22m[36massets/circle-alert-C9suDtq3.js             [39m[1m[2m  0.42 kB[22m[1m[22m[2m │ gzip:  0.29 kB[22m
[2026-04-23T04:29:08.992Z] [stdout] [2mdist/[22m[36massets/key-hInq6oIE.js                      [39m[1m[2m  0.43 kB[22m[1m[22m[2m │ gzip:  0.32 kB[22m
[2026-04-23T04:29:08.992Z] [stdout] [2mdist/[22m[36massets/pencil-DC1Dwtm1.js                   [39m[1m[2m  0.45 kB[22m[1m[22m[2m │ gzip:  0.33 kB[22m
[2026-04-23T04:29:08.992Z] [stdout] [2mdist/[22m[36massets/flask-conical-pamvGt5n.js            [39m[1m[2m  0.47 kB[22m[1m[22m[2m │ gzip:  0.33 kB[22m
[2026-04-23T04:29:08.992Z] [stdout] [2mdist/[22m[36massets/trash-2-CSuXdLvi.js                  [39m[1m[2m  0.50 kB[22m[1m[22m[2m │ gzip:  0.32 kB[22m
[2026-04-23T04:29:08.993Z] [stdout] [2mdist/[22m[36massets/file-down-cTSz7QjI.js                [39m[1m[2m  0.53 kB[22m[1m[22m[2m │ gzip:  0.35 kB[22m
[2026-04-23T04:29:08.993Z] [stdout] [2mdist/[22m[36massets/branding-store-Br58Jino.js           [39m[1m[2m  0.54 kB[22m[1m[22m[2m │ gzip:  0.28 kB[22m
[2026-04-23T04:29:08.993Z] [stdout] [2mdist/[22m[36massets/building-2-BYc83lV2.js               [39m[1m[2m  0.56 kB[22m[1m[22m[2m │ gzip:  0.34 kB[22m
[2026-04-23T04:29:08.993Z] [stdout] [2mdist/[22m[36massets/input-D8upY7JI.js                    [39m[1m[2m  0.60 kB[22m[1m[22m[2m │ gzip:  0.38 kB[22m
[2026-04-23T04:29:08.993Z] [stdout] [2mdist/[22m[36massets/circle-x-B1Xr2Ypv.js                 [39m[1m[2m  0.69 kB[22m[1m[22m[2m │ gzip:  0.36 kB[22m
[2026-04-23T04:29:08.993Z] [stdout] [2mdist/[22m[36massets/user-Bk0xecBO.js                     [39m[1m[2m  0.74 kB[22m[1m[22m[2m │ gzip:  0.38 kB[22m
[2026-04-23T04:29:08.993Z] [stdout] [2mdist/[22m[36massets/client-CoeRl2LM.js                   [39m[1m[2m  0.75 kB[22m[1m[22m[2m │ gzip:  0.40 kB[22m
[2026-04-23T04:29:08.994Z] [stdout] [2mdist/[22m[36massets/calendar-P9FA55rW.js                 [39m[1m[2m  0.79 kB[22m[1m[22m[2m │ gzip:  0.41 kB[22m
[2026-04-23T04:29:08.994Z] [stdout] [2mdist/[22m[36massets/useFocusTrap-DBIo29X4.js             [39m[1m[2m  0.84 kB[22m[1m[22m[2m │ gzip:  0.44 kB[22m
[2026-04-23T04:29:08.994Z] [stdout] [2mdist/[22m[36massets/search-C-b7lM5t.js                   [39m[1m[2m  0.89 kB[22m[1m[22m[2m │ gzip:  0.42 kB[22m
[2026-04-23T04:29:08.994Z] [stdout] [2mdist/[22m[36massets/update-install-C97GMI5M.js           [39m[1m[2m  1.11 kB[22m[1m[22m[2m │ gzip:  0.62 kB[22m
[2026-04-23T04:29:08.994Z] [stdout] [2mdist/[22m[36massets/tabs-BBS1A9_m.js                     [39m[1m[2m  1.35 kB[22m[1m[22m[2m │ gzip:  0.51 kB[22m
[2026-04-23T04:29:08.994Z] [stdout] [2mdist/[22m[36massets/settings-PKcGTEPZ.js                 [39m[1m[2m  1.43 kB[22m[1m[22m[2m │ gzip:  0.53 kB[22m
[2026-04-23T04:29:08.994Z] [stdout] [2mdist/[22m[36massets/card-B50tRDjA.js                     [39m[1m[2m  1.58 kB[22m[1m[22m[2m │ gzip:  0.67 kB[22m
[2026-04-23T04:29:08.994Z] [stdout] [2mdist/[22m[36massets/index-BxYEXIZX.js                    [39m[1m[2m  1.89 kB[22m[1m[22m[2m │ gzip:  0.92 kB[22m
[2026-04-23T04:29:08.994Z] [stdout] [2mdist/[22m[36massets/button-BbJNuzPA.js                   [39m[1m[2m  1.94 kB[22m[1m[22m[2m │ gzip:  0.96 kB[22m
[2026-04-23T04:29:08.995Z] [stdout] [2mdist/[22m[36massets/PrecisionSettingsCard-CWymxy6j.js    [39m[1m[2m  2.05 kB[22m[1m[22m[2m │ gzip:  0.98 kB[22m
[2026-04-23T04:29:08.995Z] [stdout] [2mdist/[22m[36massets/alert-dialog-CQrVgwNQ.js             [39m[1m[2m  2.12 kB[22m[1m[22m[2m │ gzip:  0.77 kB[22m
[2026-04-23T04:29:08.995Z] [stdout] [2mdist/[22m[36massets/TrialBanner-9uFfZcIG.js              [39m[1m[2m  2.26 kB[22m[1m[22m[2m │ gzip:  1.22 kB[22m
[2026-04-23T04:29:08.995Z] [stdout] [2mdist/[22m[36massets/label-COpD-yUR.js                    [39m[1m[2m  2.52 kB[22m[1m[22m[2m │ gzip:  0.95 kB[22m
[2026-04-23T04:29:08.995Z] [stdout] [2mdist/[22m[36massets/BrandingManager-BB-5UztJ.js          [39m[1m[2m  2.55 kB[22m[1m[22m[2m │ gzip:  1.16 kB[22m
[2026-04-23T04:29:08.995Z] [stdout] [2mdist/[22m[36massets/UpdateChecker-DTiulN7z.js            [39m[1m[2m  3.38 kB[22m[1m[22m[2m │ gzip:  1.46 kB[22m
[2026-04-23T04:29:08.995Z] [stdout] [2mdist/[22m[36massets/index-C2uC0YP2.js                    [39m[1m[2m  3.66 kB[22m[1m[22m[2m │ gzip:  1.34 kB[22m
[2026-04-23T04:29:08.995Z] [stdout] [2mdist/[22m[36massets/expert-settings-panel-59ewLc7c.js    [39m[1m[2m  3.89 kB[22m[1m[22m[2m │ gzip:  1.39 kB[22m
[2026-04-23T04:29:08.995Z] [stdout] [2mdist/[22m[36massets/UnitSystemCard-rrq4_ngH.js           [39m[1m[2m  4.22 kB[22m[1m[22m[2m │ gzip:  1.75 kB[22m
[2026-04-23T04:29:08.995Z] [stdout] [2mdist/[22m[36massets/settings-shared-Cjk_IZEw.js          [39m[1m[2m  4.51 kB[22m[1m[22m[2m │ gzip:  1.75 kB[22m
[2026-04-23T04:29:08.996Z] [stdout] [2mdist/[22m[36massets/LicenseActivationDialog-0NqL1i_3.js  [39m[1m[2m  5.38 kB[22m[1m[22m[2m │ gzip:  2.14 kB[22m
[2026-04-23T04:29:08.996Z] [stdout] [2mdist/[22m[36massets/LaboratoryManager-60fZKnUH.js        [39m[1m[2m  5.61 kB[22m[1m[22m[2m │ gzip:  1.96 kB[22m
[2026-04-23T04:29:08.996Z] [stdout] [2mdist/[22m[36massets/LogViewer-DuMjfd7U.js                [39m[1m[2m  5.76 kB[22m[1m[22m[2m │ gzip:  2.43 kB[22m
[2026-04-23T04:29:08.996Z] [stdout] [2mdist/[22m[36massets/BackupManager-azoPkH4a.js            [39m[1m[2m  5.80 kB[22m[1m[22m[2m │ gzip:  2.23 kB[22m
[2026-04-23T04:29:08.996Z] [stdout] [2mdist/[22m[36massets/OperatorManager-1WmXEG4A.js          [39m[1m[2m  5.91 kB[22m[1m[22m[2m │ gzip:  2.14 kB[22m
[2026-04-23T04:29:08.996Z] [stdout] [2mdist/[22m[36massets/chart-settings-store-Cigp6rrF.js     [39m[1m[2m  5.94 kB[22m[1m[22m[2m │ gzip:  2.07 kB[22m
[2026-04-23T04:29:08.996Z] [stdout] [2mdist/[22m[36massets/ExperimentExportImport-MR2OSj4y.js   [39m[1m[2m  7.77 kB[22m[1m[22m[2m │ gzip:  2.85 kB[22m
[2026-04-23T04:29:08.996Z] [stdout] [2mdist/[22m[36massets/ChartSettingsManager-DdOI_wj8.js     [39m[1m[2m  7.89 kB[22m[1m[22m[2m │ gzip:  2.65 kB[22m
[2026-04-23T04:29:08.996Z] [stdout] [2mdist/[22m[36massets/APIKeyManager-3IMqW8qY.js            [39m[1m[2m  8.79 kB[22m[1m[22m[2m │ gzip:  3.06 kB[22m
[2026-04-23T04:29:08.996Z] [stdout] [2mdist/[22m[36massets/client-CLsX8YqV.js                   [39m[1m[2m  9.69 kB[22m[1m[22m[2m │ gzip:  3.95 kB[22m
[2026-04-23T04:29:08.996Z] [stdout] [2mdist/[22m[36massets/AppSettingsExporter-Axc_r-6w.js      [39m[1m[2m 11.11 kB[22m[1m[22m[2m │ gzip:  3.68 kB[22m
[2026-04-23T04:29:08.996Z] [stdout] [2mdist/[22m[36massets/ru-C8Cx8G0_.js                       [39m[1m[2m 12.58 kB[22m[1m[22m[2m │ gzip:  3.14 kB[22m
[2026-04-23T04:29:08.997Z] [stdout] [2mdist/[22m[36massets/useToast-DKU3pQ76.js                 [39m[1m[2m 14.15 kB[22m[1m[22m[2m │ gzip:  5.63 kB[22m
[2026-04-23T04:29:08.997Z] [stdout] [2mdist/[22m[36massets/vendor-date-B1cgXEfA.js              [39m[1m[2m 20.00 kB[22m[1m[22m[2m │ gzip:  5.73 kB[22m
[2026-04-23T04:29:08.997Z] [stdout] [2mdist/[22m[36massets/page-CcrUnxYw.js                     [39m[1m[2m 26.53 kB[22m[1m[22m[2m │ gzip:  7.19 kB[22m
[2026-04-23T04:29:08.997Z] [stdout] [2mdist/[22m[36massets/report-save-DhWDgp57.js              [39m[1m[2m 34.80 kB[22m[1m[22m[2m │ gzip: 11.82 kB[22m
[2026-04-23T04:29:08.997Z] [stdout] [2mdist/[22m[36massets/vendor-react-VsJEmFiX.js             [39m[1m[2m 48.76 kB[22m[1m[22m[2m │ gzip: 17.28 kB[22m
[2026-04-23T04:29:08.997Z] [stdout] [2mdist/[22m[36massets/vendor-charts-CziCK5UB.js            [39m[1m[2m 52.27 kB[22m[1m[22m[2m │ gzip: 23.28 kB[22m
[2026-04-23T04:29:08.997Z] [stdout] [2mdist/[22m[36massets/page-D80eVQx3.js                     [39m[1m[2m 57.60 kB[22m[1m[22m[2m │ gzip: 17.28 kB[22m
[2026-04-23T04:29:08.997Z] [stdout] [2mdist/[22m[36massets/page-Bg_gPjmV.js                     [39m[1m[2m100.63 kB[22m[1m[22m[2m │ gzip: 25.73 kB[22m
[2026-04-23T04:29:08.997Z] [stdout] [2mdist/[22m[36massets/vendor-radix-wOjfjdRn.js             [39m[1m[2m113.50 kB[22m[1m[22m[2m │ gzip: 36.46 kB[22m
[2026-04-23T04:29:08.997Z] [stdout] [2mdist/[22m[36massets/DashboardContent-D5NChwTj.js         [39m[1m[2m116.44 kB[22m[1m[22m[2m │ gzip: 30.31 kB[22m
[2026-04-23T04:29:08.997Z] [stdout] [2mdist/[22m[36massets/page-BtidjJuO.js                     [39m[1m[2m136.17 kB[22m[1m[22m[2m │ gzip: 39.38 kB[22m
[2026-04-23T04:29:08.997Z] [stdout] [2mdist/[22m[36massets/main-CZNDrtsY.js                     [39m[1m[2m271.87 kB[22m[1m[22m[2m │ gzip: 86.20 kB[22m
[2026-04-23T04:29:08.998Z] [stdout] [32m✓ built in 15.07s[39m
[2026-04-23T04:29:10.599Z] [stderr]    Compiling rheolab-enterprise v0.2.0-beta.29 (D:\Development\Rheolab\src-tauri)
[2026-04-23T04:29:21.589Z] heartbeat: pid=19208 elapsed=30.0s
[2026-04-23T04:29:36.590Z] heartbeat: pid=19208 elapsed=45.0s
[2026-04-23T04:29:51.604Z] heartbeat: pid=19208 elapsed=60.0s
[2026-04-23T04:30:06.614Z] heartbeat: pid=19208 elapsed=75.0s
[2026-04-23T04:30:21.622Z] heartbeat: pid=19208 elapsed=90.0s
[2026-04-23T04:30:36.627Z] heartbeat: pid=19208 elapsed=105.1s
[2026-04-23T04:30:51.637Z] heartbeat: pid=19208 elapsed=120.1s
[2026-04-23T04:31:06.651Z] heartbeat: pid=19208 elapsed=135.1s
[2026-04-23T04:31:21.657Z] heartbeat: pid=19208 elapsed=150.1s
[2026-04-23T04:31:36.670Z] heartbeat: pid=19208 elapsed=165.1s
[2026-04-23T04:31:51.691Z] heartbeat: pid=19208 elapsed=180.1s
[2026-04-23T04:32:06.696Z] heartbeat: pid=19208 elapsed=195.1s
[2026-04-23T04:32:21.701Z] heartbeat: pid=19208 elapsed=210.1s
[2026-04-23T04:32:36.707Z] heartbeat: pid=19208 elapsed=225.1s
[2026-04-23T04:32:51.711Z] heartbeat: pid=19208 elapsed=240.1s
[2026-04-23T04:33:06.727Z] heartbeat: pid=19208 elapsed=255.2s
[2026-04-23T04:33:13.308Z] [stderr]     Finished `release` profile [optimized] target(s) in 4m 03s
[2026-04-23T04:33:13.358Z] [stderr]        Built application at: D:\Development\Rheolab\src-tauri\target\release\rheolab-enterprise.exe
[2026-04-23T04:33:13.358Z] [stderr]         Info Patching binary "D:\\Development\\Rheolab\\src-tauri\\target\\release\\rheolab-enterprise.exe" for type nsis
[2026-04-23T04:33:13.370Z] [stderr]         Warn Failed to add bundler type to the binary: __TAURI_BUNDLE_TYPE variable not found in binary. Make sure tauri crate and tauri-cli are up to date. Updater plugin may not be able to update this package. This shouldn't normally happen, please report it to https://github.com/tauri-apps/tauri/issues
[2026-04-23T04:33:13.372Z] [stderr]         Info Target: x64
[2026-04-23T04:33:13.382Z] [stderr]      Running makensis to produce D:\Development\Rheolab\src-tauri\target\release\bundle\nsis\RheoLab Enterprise_0.2.0-beta.29_x64-setup.exe
[2026-04-23T04:33:21.727Z] heartbeat: pid=19208 elapsed=270.2s
[2026-04-23T04:33:26.997Z] [stderr]     Finished 1 bundle at:
[2026-04-23T04:33:26.997Z] [stderr]         D:\Development\Rheolab\src-tauri\target\release\bundle\nsis\RheoLab Enterprise_0.2.0-beta.29_x64-setup.exe
[2026-04-23T04:33:26.998Z] [stderr] 
[2026-04-23T04:33:27.020Z] wrapper exit: code=0 signal=null elapsed=275.4s
[2026-04-23T04:33:27.022Z] post-build sign: signing RheoLab Enterprise_0.2.0-beta.29_x64-setup.exe
[2026-04-23T04:33:27.843Z] post-build sign: success → RheoLab Enterprise_0.2.0-beta.29_x64-setup.exe.sig
