[2026-04-23T03:32:29.214Z] wrapper start
[2026-04-23T03:32:29.214Z] cwd=D:\Development\Rheolab
[2026-04-23T03:32:29.214Z] command=npm.cmd exec tauri -- build --config D:\Development\Rheolab\runtime\release\tmp\tauri.release.1776915149171.json
[2026-04-23T03:32:29.214Z] RHEOLAB_SKIP_VERSION_BUMP=1
[2026-04-23T03:32:29.214Z] INTEGRITY_SECRET_KEY present=true dev_sentinel=false
[2026-04-23T03:32:29.214Z] TAURI_SIGNING_PRIVATE_KEY present=true len=348
[2026-04-23T03:32:29.215Z] TAURI_SIGNING_PRIVATE_KEY_PASSWORD present=true
[2026-04-23T03:32:29.218Z] direct spawn failed (EINVAL), switching to shell fallback
[2026-04-23T03:32:29.218Z] using shell fallback: npm.cmd "exec" "tauri" "--" "build" "--config" "D:\Development\Rheolab\runtime\release\tmp\tauri.release.1776915149171.json"
[2026-04-23T03:32:30.032Z] [stderr]         Info Looking up installed tauri packages to check mismatched versions...
[2026-04-23T03:32:30.806Z] [stderr]      Running beforeBuildCommand `npm run build`
[2026-04-23T03:32:31.050Z] [stdout] 
[2026-04-23T03:32:31.050Z] [stdout] > rheolab-enterprise@0.2.0-beta.27 build
[2026-04-23T03:32:31.051Z] [stdout] > vite build
[2026-04-23T03:32:31.051Z] [stdout] 
[2026-04-23T03:32:31.383Z] [stdout] [36mvite v6.4.2 [32mbuilding for production...[36m[39m
[2026-04-23T03:32:31.431Z] [stdout] transforming...
[2026-04-23T03:32:42.450Z] [stderr] [33m[plugin vite:resolve] Module "crypto" has been externalized for browser compatibility, imported by "D:/Development/Rheolab/src/lib/utils/encryption.ts". See https://vite.dev/guide/troubleshooting.html#module-externalized-for-browser-compatibility for more details.[39m
[2026-04-23T03:32:43.858Z] [stdout] [32m✓[39m 2935 modules transformed.
[2026-04-23T03:32:44.131Z] [stdout] rendering chunks...
[2026-04-23T03:32:44.231Z] heartbeat: pid=17128 elapsed=15.0s
[2026-04-23T03:32:44.254Z] [stdout] computing gzip size...
[2026-04-23T03:32:44.271Z] [stdout] [2mdist/[22m[32mindex.html                                  [39m[1m[2m  1.70 kB[22m[1m[22m[2m │ gzip:  0.85 kB[22m
[2026-04-23T03:32:44.274Z] [stdout] [2mdist/[22m[35massets/report-save-Saz_VHki.css             [39m[1m[2m  1.63 kB[22m[1m[22m[2m │ gzip:  0.70 kB[22m
[2026-04-23T03:32:44.274Z] [stdout] [2mdist/[22m[35massets/main-CevOLcZ3.css                    [39m[1m[2m143.22 kB[22m[1m[22m[2m │ gzip: 20.69 kB[22m
[2026-04-23T03:32:44.274Z] [stdout] [2mdist/[22m[36massets/__vite-browser-external-BIHI7g3E.js  [39m[1m[2m  0.03 kB[22m[1m[22m[2m │ gzip:  0.05 kB[22m
[2026-04-23T03:32:44.274Z] [stdout] [2mdist/[22m[36massets/encryption-CgzHw2KF.js               [39m[1m[2m  0.14 kB[22m[1m[22m[2m │ gzip:  0.15 kB[22m
[2026-04-23T03:32:44.274Z] [stdout] [2mdist/[22m[36massets/page-ag22mqCL.js                     [39m[1m[2m  0.17 kB[22m[1m[22m[2m │ gzip:  0.16 kB[22m
[2026-04-23T03:32:44.275Z] [stdout] [2mdist/[22m[36massets/page-CdAzp9Ph.js                     [39m[1m[2m  0.20 kB[22m[1m[22m[2m │ gzip:  0.17 kB[22m
[2026-04-23T03:32:44.275Z] [stdout] [2mdist/[22m[36massets/tauri-bridge-DgFX2sJs.js             [39m[1m[2m  0.27 kB[22m[1m[22m[2m │ gzip:  0.20 kB[22m
[2026-04-23T03:32:44.275Z] [stdout] [2mdist/[22m[36massets/check-B2nU8W8W.js                    [39m[1m[2m  0.29 kB[22m[1m[22m[2m │ gzip:  0.24 kB[22m
[2026-04-23T03:32:44.275Z] [stdout] [2mdist/[22m[36massets/chevron-up-AjX9uD3V.js               [39m[1m[2m  0.30 kB[22m[1m[22m[2m │ gzip:  0.25 kB[22m
[2026-04-23T03:32:44.275Z] [stdout] [2mdist/[22m[36massets/chevron-down-D-_bI72a.js             [39m[1m[2m  0.30 kB[22m[1m[22m[2m │ gzip:  0.25 kB[22m
[2026-04-23T03:32:44.275Z] [stdout] [2mdist/[22m[36massets/plus-sWZZQjCi.js                     [39m[1m[2m  0.33 kB[22m[1m[22m[2m │ gzip:  0.25 kB[22m
[2026-04-23T03:32:44.275Z] [stdout] [2mdist/[22m[36massets/circle-check-C97xdgVa.js             [39m[1m[2m  0.35 kB[22m[1m[22m[2m │ gzip:  0.27 kB[22m
[2026-04-23T03:32:44.275Z] [stdout] [2mdist/[22m[36massets/rotate-ccw-HAep-BUQ.js               [39m[1m[2m  0.37 kB[22m[1m[22m[2m │ gzip:  0.29 kB[22m
[2026-04-23T03:32:44.275Z] [stdout] [2mdist/[22m[36massets/upload-DYiBTq8b.js                   [39m[1m[2m  0.40 kB[22m[1m[22m[2m │ gzip:  0.30 kB[22m
[2026-04-23T03:32:44.275Z] [stdout] [2mdist/[22m[36massets/settings-2-DkzDuC6D.js               [39m[1m[2m  0.42 kB[22m[1m[22m[2m │ gzip:  0.30 kB[22m
[2026-04-23T03:32:44.275Z] [stdout] [2mdist/[22m[36massets/circle-alert-DrvNOeGk.js             [39m[1m[2m  0.42 kB[22m[1m[22m[2m │ gzip:  0.29 kB[22m
[2026-04-23T03:32:44.275Z] [stdout] [2mdist/[22m[36massets/key-D4NEdYf2.js                      [39m[1m[2m  0.43 kB[22m[1m[22m[2m │ gzip:  0.32 kB[22m
[2026-04-23T03:32:44.276Z] [stdout] [2mdist/[22m[36massets/pencil-AxfL-r8P.js                   [39m[1m[2m  0.45 kB[22m[1m[22m[2m │ gzip:  0.33 kB[22m
[2026-04-23T03:32:44.276Z] [stdout] [2mdist/[22m[36massets/flask-conical-Bh7CRgLB.js            [39m[1m[2m  0.47 kB[22m[1m[22m[2m │ gzip:  0.33 kB[22m
[2026-04-23T03:32:44.276Z] [stdout] [2mdist/[22m[36massets/trash-2-lsCHgs8U.js                  [39m[1m[2m  0.50 kB[22m[1m[22m[2m │ gzip:  0.32 kB[22m
[2026-04-23T03:32:44.276Z] [stdout] [2mdist/[22m[36massets/file-down-D5O6Xlcz.js                [39m[1m[2m  0.53 kB[22m[1m[22m[2m │ gzip:  0.35 kB[22m
[2026-04-23T03:32:44.276Z] [stdout] [2mdist/[22m[36massets/branding-store-DhJjb2r5.js           [39m[1m[2m  0.54 kB[22m[1m[22m[2m │ gzip:  0.28 kB[22m
[2026-04-23T03:32:44.276Z] [stdout] [2mdist/[22m[36massets/building-2-D6k_jYK2.js               [39m[1m[2m  0.56 kB[22m[1m[22m[2m │ gzip:  0.34 kB[22m
[2026-04-23T03:32:44.276Z] [stdout] [2mdist/[22m[36massets/input-DoHYNjYt.js                    [39m[1m[2m  0.60 kB[22m[1m[22m[2m │ gzip:  0.38 kB[22m
[2026-04-23T03:32:44.276Z] [stdout] [2mdist/[22m[36massets/circle-x-D-U8lrZ0.js                 [39m[1m[2m  0.69 kB[22m[1m[22m[2m │ gzip:  0.35 kB[22m
[2026-04-23T03:32:44.276Z] [stdout] [2mdist/[22m[36massets/user-CLnEp-kw.js                     [39m[1m[2m  0.74 kB[22m[1m[22m[2m │ gzip:  0.38 kB[22m
[2026-04-23T03:32:44.276Z] [stdout] [2mdist/[22m[36massets/client-nLe8cvT6.js                   [39m[1m[2m  0.75 kB[22m[1m[22m[2m │ gzip:  0.40 kB[22m
[2026-04-23T03:32:44.276Z] [stdout] [2mdist/[22m[36massets/calendar-Cur2x7ik.js                 [39m[1m[2m  0.79 kB[22m[1m[22m[2m │ gzip:  0.41 kB[22m
[2026-04-23T03:32:44.276Z] [stdout] [2mdist/[22m[36massets/useFocusTrap-DBIo29X4.js             [39m[1m[2m  0.84 kB[22m[1m[22m[2m │ gzip:  0.44 kB[22m
[2026-04-23T03:32:44.276Z] [stdout] [2mdist/[22m[36massets/search-C2GQB5fT.js                   [39m[1m[2m  0.89 kB[22m[1m[22m[2m │ gzip:  0.42 kB[22m
[2026-04-23T03:32:44.276Z] [stdout] [2mdist/[22m[36massets/update-install-DOBE8rWN.js           [39m[1m[2m  1.11 kB[22m[1m[22m[2m │ gzip:  0.62 kB[22m
[2026-04-23T03:32:44.276Z] [stdout] [2mdist/[22m[36massets/tabs-CqlCIiL1.js                     [39m[1m[2m  1.35 kB[22m[1m[22m[2m │ gzip:  0.51 kB[22m
[2026-04-23T03:32:44.276Z] [stdout] [2mdist/[22m[36massets/settings-CD3ixuZb.js                 [39m[1m[2m  1.43 kB[22m[1m[22m[2m │ gzip:  0.53 kB[22m
[2026-04-23T03:32:44.277Z] [stdout] [2mdist/[22m[36massets/card-Co3nabMY.js                     [39m[1m[2m  1.58 kB[22m[1m[22m[2m │ gzip:  0.67 kB[22m
[2026-04-23T03:32:44.277Z] [stdout] [2mdist/[22m[36massets/index-DlOe9Wt5.js                    [39m[1m[2m  1.89 kB[22m[1m[22m[2m │ gzip:  0.92 kB[22m
[2026-04-23T03:32:44.280Z] [stdout] [2mdist/[22m[36massets/button-BwHGqIGh.js                   [39m[1m[2m  1.94 kB[22m[1m[22m[2m │ gzip:  0.96 kB[22m
[2026-04-23T03:32:44.280Z] [stdout] [2mdist/[22m[36massets/PrecisionSettingsCard-B3gK0Zmm.js    [39m[1m[2m  2.05 kB[22m[1m[22m[2m │ gzip:  0.98 kB[22m
[2026-04-23T03:32:44.280Z] [stdout] [2mdist/[22m[36massets/alert-dialog-KPVC4i-d.js             [39m[1m[2m  2.12 kB[22m[1m[22m[2m │ gzip:  0.76 kB[22m
[2026-04-23T03:32:44.281Z] [stdout] [2mdist/[22m[36massets/TrialBanner-BLAId8Vz.js              [39m[1m[2m  2.26 kB[22m[1m[22m[2m │ gzip:  1.23 kB[22m
[2026-04-23T03:32:44.281Z] [stdout] [2mdist/[22m[36massets/label-tR3n3wIw.js                    [39m[1m[2m  2.52 kB[22m[1m[22m[2m │ gzip:  0.95 kB[22m
[2026-04-23T03:32:44.281Z] [stdout] [2mdist/[22m[36massets/BrandingManager-BZU2bjzx.js          [39m[1m[2m  2.55 kB[22m[1m[22m[2m │ gzip:  1.16 kB[22m
[2026-04-23T03:32:44.281Z] [stdout] [2mdist/[22m[36massets/UpdateChecker-wumSRET9.js            [39m[1m[2m  3.38 kB[22m[1m[22m[2m │ gzip:  1.46 kB[22m
[2026-04-23T03:32:44.281Z] [stdout] [2mdist/[22m[36massets/index-BTGOhsiQ.js                    [39m[1m[2m  3.66 kB[22m[1m[22m[2m │ gzip:  1.34 kB[22m
[2026-04-23T03:32:44.281Z] [stdout] [2mdist/[22m[36massets/expert-settings-panel-EzqFK_Gh.js    [39m[1m[2m  3.89 kB[22m[1m[22m[2m │ gzip:  1.38 kB[22m
[2026-04-23T03:32:44.281Z] [stdout] [2mdist/[22m[36massets/UnitSystemCard-DdGy985Q.js           [39m[1m[2m  4.22 kB[22m[1m[22m[2m │ gzip:  1.76 kB[22m
[2026-04-23T03:32:44.281Z] [stdout] [2mdist/[22m[36massets/settings-shared-Cjk_IZEw.js          [39m[1m[2m  4.51 kB[22m[1m[22m[2m │ gzip:  1.75 kB[22m
[2026-04-23T03:32:44.281Z] [stdout] [2mdist/[22m[36massets/LicenseActivationDialog-BXUHxn1w.js  [39m[1m[2m  5.38 kB[22m[1m[22m[2m │ gzip:  2.14 kB[22m
[2026-04-23T03:32:44.281Z] [stdout] [2mdist/[22m[36massets/LaboratoryManager-D1xWQo_t.js        [39m[1m[2m  5.61 kB[22m[1m[22m[2m │ gzip:  1.96 kB[22m
[2026-04-23T03:32:44.281Z] [stdout] [2mdist/[22m[36massets/LogViewer-CfgGGZ1y.js                [39m[1m[2m  5.76 kB[22m[1m[22m[2m │ gzip:  2.43 kB[22m
[2026-04-23T03:32:44.281Z] [stdout] [2mdist/[22m[36massets/BackupManager-DCGUEPz-.js            [39m[1m[2m  5.80 kB[22m[1m[22m[2m │ gzip:  2.23 kB[22m
[2026-04-23T03:32:44.281Z] [stdout] [2mdist/[22m[36massets/OperatorManager-DEXijKu1.js          [39m[1m[2m  5.91 kB[22m[1m[22m[2m │ gzip:  2.15 kB[22m
[2026-04-23T03:32:44.281Z] [stdout] [2mdist/[22m[36massets/chart-settings-store-8qfz7CHG.js     [39m[1m[2m  5.94 kB[22m[1m[22m[2m │ gzip:  2.07 kB[22m
[2026-04-23T03:32:44.281Z] [stdout] [2mdist/[22m[36massets/ExperimentExportImport-DMuZfzh2.js   [39m[1m[2m  7.77 kB[22m[1m[22m[2m │ gzip:  2.85 kB[22m
[2026-04-23T03:32:44.282Z] [stdout] [2mdist/[22m[36massets/ChartSettingsManager-BTgKYp5v.js     [39m[1m[2m  7.89 kB[22m[1m[22m[2m │ gzip:  2.65 kB[22m
[2026-04-23T03:32:44.282Z] [stdout] [2mdist/[22m[36massets/APIKeyManager-DIb5_00f.js            [39m[1m[2m  8.79 kB[22m[1m[22m[2m │ gzip:  3.06 kB[22m
[2026-04-23T03:32:44.282Z] [stdout] [2mdist/[22m[36massets/client-xg63qp9S.js                   [39m[1m[2m  9.69 kB[22m[1m[22m[2m │ gzip:  3.95 kB[22m
[2026-04-23T03:32:44.282Z] [stdout] [2mdist/[22m[36massets/AppSettingsExporter-KqTxeFeC.js      [39m[1m[2m 11.11 kB[22m[1m[22m[2m │ gzip:  3.69 kB[22m
[2026-04-23T03:32:44.282Z] [stdout] [2mdist/[22m[36massets/ru-C8Cx8G0_.js                       [39m[1m[2m 12.58 kB[22m[1m[22m[2m │ gzip:  3.14 kB[22m
[2026-04-23T03:32:44.282Z] [stdout] [2mdist/[22m[36massets/useToast-CPgYvde4.js                 [39m[1m[2m 14.15 kB[22m[1m[22m[2m │ gzip:  5.63 kB[22m
[2026-04-23T03:32:44.282Z] [stdout] [2mdist/[22m[36massets/vendor-date-B1cgXEfA.js              [39m[1m[2m 20.00 kB[22m[1m[22m[2m │ gzip:  5.73 kB[22m
[2026-04-23T03:32:44.282Z] [stdout] [2mdist/[22m[36massets/page-BaX0FvdL.js                     [39m[1m[2m 26.53 kB[22m[1m[22m[2m │ gzip:  7.20 kB[22m
[2026-04-23T03:32:44.282Z] [stdout] [2mdist/[22m[36massets/report-save-CzprwHks.js              [39m[1m[2m 34.80 kB[22m[1m[22m[2m │ gzip: 11.82 kB[22m
[2026-04-23T03:32:44.282Z] [stdout] [2mdist/[22m[36massets/vendor-react-VsJEmFiX.js             [39m[1m[2m 48.76 kB[22m[1m[22m[2m │ gzip: 17.28 kB[22m
[2026-04-23T03:32:44.282Z] [stdout] [2mdist/[22m[36massets/vendor-charts-CziCK5UB.js            [39m[1m[2m 52.27 kB[22m[1m[22m[2m │ gzip: 23.28 kB[22m
[2026-04-23T03:32:44.282Z] [stdout] [2mdist/[22m[36massets/page-CI7kR5Q8.js                     [39m[1m[2m 57.60 kB[22m[1m[22m[2m │ gzip: 17.29 kB[22m
[2026-04-23T03:32:44.282Z] [stdout] [2mdist/[22m[36massets/page-CO1h2Rmb.js                     [39m[1m[2m100.63 kB[22m[1m[22m[2m │ gzip: 25.73 kB[22m
[2026-04-23T03:32:44.282Z] [stdout] [2mdist/[22m[36massets/vendor-radix-wOjfjdRn.js             [39m[1m[2m113.50 kB[22m[1m[22m[2m │ gzip: 36.46 kB[22m
[2026-04-23T03:32:44.282Z] [stdout] [2mdist/[22m[36massets/DashboardContent-BT7jYjdI.js         [39m[1m[2m116.44 kB[22m[1m[22m[2m │ gzip: 30.31 kB[22m
[2026-04-23T03:32:44.282Z] [stdout] [2mdist/[22m[36massets/page-CtxLBvIg.js                     [39m[1m[2m136.17 kB[22m[1m[22m[2m │ gzip: 39.38 kB[22m
[2026-04-23T03:32:44.282Z] [stdout] [2mdist/[22m[36massets/main-bc4HINdg.js                     [39m[1m[2m271.87 kB[22m[1m[22m[2m │ gzip: 86.21 kB[22m
[2026-04-23T03:32:44.283Z] [stdout] [32m✓ built in 12.88s[39m
[2026-04-23T03:32:45.729Z] [stderr]    Compiling rheolab-enterprise v0.2.0-beta.27 (D:\Development\Rheolab\src-tauri)
[2026-04-23T03:32:59.230Z] heartbeat: pid=17128 elapsed=30.0s
[2026-04-23T03:33:14.244Z] heartbeat: pid=17128 elapsed=45.0s
[2026-04-23T03:33:29.255Z] heartbeat: pid=17128 elapsed=60.0s
[2026-04-23T03:33:44.268Z] heartbeat: pid=17128 elapsed=75.1s
[2026-04-23T03:33:59.281Z] heartbeat: pid=17128 elapsed=90.1s
[2026-04-23T03:34:14.285Z] heartbeat: pid=17128 elapsed=105.1s
[2026-04-23T03:34:29.296Z] heartbeat: pid=17128 elapsed=120.1s
[2026-04-23T03:34:44.299Z] heartbeat: pid=17128 elapsed=135.1s
[2026-04-23T03:34:59.322Z] heartbeat: pid=17128 elapsed=150.1s
[2026-04-23T03:35:14.325Z] heartbeat: pid=17128 elapsed=165.1s
[2026-04-23T03:35:29.329Z] heartbeat: pid=17128 elapsed=180.1s
[2026-04-23T03:35:44.330Z] heartbeat: pid=17128 elapsed=195.1s
[2026-04-23T03:35:59.340Z] heartbeat: pid=17128 elapsed=210.1s
[2026-04-23T03:36:14.347Z] heartbeat: pid=17128 elapsed=225.1s
[2026-04-23T03:36:28.819Z] [stderr]     Finished `release` profile [optimized] target(s) in 3m 44s
[2026-04-23T03:36:28.872Z] [stderr]        Built application at: D:\Development\Rheolab\src-tauri\target\release\rheolab-enterprise.exe
[2026-04-23T03:36:28.872Z] [stderr]         Info Patching binary "D:\\Development\\Rheolab\\src-tauri\\target\\release\\rheolab-enterprise.exe" for type nsis
[2026-04-23T03:36:28.885Z] [stderr]         Warn Failed to add bundler type to the binary: __TAURI_BUNDLE_TYPE variable not found in binary. Make sure tauri crate and tauri-cli are up to date. Updater plugin may not be able to update this package. This shouldn't normally happen, please report it to https://github.com/tauri-apps/tauri/issues
[2026-04-23T03:36:28.887Z] [stderr]         Info Target: x64
[2026-04-23T03:36:28.898Z] [stderr]      Running makensis to produce D:\Development\Rheolab\src-tauri\target\release\bundle\nsis\RheoLab Enterprise_0.2.0-beta.27_x64-setup.exe
[2026-04-23T03:36:29.352Z] heartbeat: pid=17128 elapsed=240.1s
[2026-04-23T03:36:42.883Z] [stderr]     Finished 1 bundle at:
[2026-04-23T03:36:42.884Z] [stderr]         D:\Development\Rheolab\src-tauri\target\release\bundle\nsis\RheoLab Enterprise_0.2.0-beta.27_x64-setup.exe
[2026-04-23T03:36:42.884Z] [stderr] 
[2026-04-23T03:36:42.907Z] wrapper exit: code=0 signal=null elapsed=253.7s
[2026-04-23T03:36:42.909Z] post-build sign: signing RheoLab Enterprise_0.2.0-beta.27_x64-setup.exe
[2026-04-23T03:36:43.726Z] post-build sign: success → RheoLab Enterprise_0.2.0-beta.27_x64-setup.exe.sig
