[2026-04-23T18:02:26.144Z] wrapper start
[2026-04-23T18:02:26.144Z] cwd=D:\Development\Rheolab
[2026-04-23T18:02:26.144Z] command=npm.cmd exec tauri -- build
[2026-04-23T18:02:26.144Z] RHEOLAB_SKIP_VERSION_BUMP=
[2026-04-23T18:02:26.144Z] INTEGRITY_SECRET_KEY present=true dev_sentinel=false
[2026-04-23T18:02:26.145Z] TAURI_SIGNING_PRIVATE_KEY present=true len=348
[2026-04-23T18:02:26.145Z] TAURI_SIGNING_PRIVATE_KEY_PASSWORD present=true
[2026-04-23T18:02:26.147Z] direct spawn failed (EINVAL), switching to shell fallback
[2026-04-23T18:02:26.147Z] using shell fallback: npm.cmd "exec" "tauri" "--" "build"
[2026-04-23T18:02:27.402Z] [stderr]         Info Looking up installed tauri packages to check mismatched versions...
[2026-04-23T18:02:28.450Z] [stderr]      Running beforeBuildCommand `npm run build`
[2026-04-23T18:02:28.710Z] [stdout] 
[2026-04-23T18:02:28.710Z] [stdout] > rheolab-enterprise@0.2.0-beta.35 build
[2026-04-23T18:02:28.710Z] [stdout] > vite build
[2026-04-23T18:02:28.710Z] [stdout] 
[2026-04-23T18:02:29.040Z] [stdout] [36mvite v6.4.2 [32mbuilding for production...[36m[39m
[2026-04-23T18:02:29.082Z] [stdout] transforming...
[2026-04-23T18:02:39.498Z] [stderr] [33m[plugin vite:resolve] Module "crypto" has been externalized for browser compatibility, imported by "D:/Development/Rheolab/src/lib/utils/encryption.ts". See https://vite.dev/guide/troubleshooting.html#module-externalized-for-browser-compatibility for more details.[39m
[2026-04-23T18:02:40.785Z] [stdout] [32m✓[39m 2936 modules transformed.
[2026-04-23T18:02:41.006Z] [stdout] rendering chunks...
[2026-04-23T18:02:41.127Z] [stdout] computing gzip size...
[2026-04-23T18:02:41.147Z] [stdout] [2mdist/[22m[32mindex.html                                  [39m[1m[2m  1.70 kB[22m[1m[22m[2m │ gzip:  0.86 kB[22m
[2026-04-23T18:02:41.150Z] [stdout] [2mdist/[22m[35massets/ChartErrorBoundary-Saz_VHki.css      [39m[1m[2m  1.63 kB[22m[1m[22m[2m │ gzip:  0.70 kB[22m
[2026-04-23T18:02:41.150Z] [stdout] [2mdist/[22m[35massets/main-B12N_xAv.css                    [39m[1m[2m143.58 kB[22m[1m[22m[2m │ gzip: 20.73 kB[22m
[2026-04-23T18:02:41.150Z] [stdout] [2mdist/[22m[36massets/__vite-browser-external-BIHI7g3E.js  [39m[1m[2m  0.03 kB[22m[1m[22m[2m │ gzip:  0.05 kB[22m
[2026-04-23T18:02:41.150Z] [stdout] [2mdist/[22m[36massets/encryption-DiDKDdmH.js               [39m[1m[2m  0.14 kB[22m[1m[22m[2m │ gzip:  0.15 kB[22m
[2026-04-23T18:02:41.151Z] [stdout] [2mdist/[22m[36massets/page-ag22mqCL.js                     [39m[1m[2m  0.17 kB[22m[1m[22m[2m │ gzip:  0.16 kB[22m
[2026-04-23T18:02:41.151Z] [stdout] [2mdist/[22m[36massets/page-CdAzp9Ph.js                     [39m[1m[2m  0.20 kB[22m[1m[22m[2m │ gzip:  0.17 kB[22m
[2026-04-23T18:02:41.151Z] [stdout] [2mdist/[22m[36massets/tauri-bridge-DP1mE1U6.js             [39m[1m[2m  0.27 kB[22m[1m[22m[2m │ gzip:  0.20 kB[22m
[2026-04-23T18:02:41.151Z] [stdout] [2mdist/[22m[36massets/check-BFFkXDv_.js                    [39m[1m[2m  0.29 kB[22m[1m[22m[2m │ gzip:  0.24 kB[22m
[2026-04-23T18:02:41.151Z] [stdout] [2mdist/[22m[36massets/chevron-up-Ce3zlEAq.js               [39m[1m[2m  0.30 kB[22m[1m[22m[2m │ gzip:  0.25 kB[22m
[2026-04-23T18:02:41.151Z] [stdout] [2mdist/[22m[36massets/chevron-down-Dg_1W7Kf.js             [39m[1m[2m  0.30 kB[22m[1m[22m[2m │ gzip:  0.25 kB[22m
[2026-04-23T18:02:41.151Z] [stdout] [2mdist/[22m[36massets/plus-siEiiSHe.js                     [39m[1m[2m  0.33 kB[22m[1m[22m[2m │ gzip:  0.26 kB[22m
[2026-04-23T18:02:41.151Z] [stdout] [2mdist/[22m[36massets/circle-check-CKFve0xq.js             [39m[1m[2m  0.35 kB[22m[1m[22m[2m │ gzip:  0.27 kB[22m
[2026-04-23T18:02:41.151Z] [stdout] [2mdist/[22m[36massets/rotate-ccw-V3iK6qNs.js               [39m[1m[2m  0.37 kB[22m[1m[22m[2m │ gzip:  0.29 kB[22m
[2026-04-23T18:02:41.151Z] [stdout] [2mdist/[22m[36massets/upload-AZ087uSm.js                   [39m[1m[2m  0.40 kB[22m[1m[22m[2m │ gzip:  0.30 kB[22m
[2026-04-23T18:02:41.151Z] [stdout] [2mdist/[22m[36massets/activity-Dmt5tI81.js                 [39m[1m[2m  0.41 kB[22m[1m[22m[2m │ gzip:  0.31 kB[22m
[2026-04-23T18:02:41.151Z] [stdout] [2mdist/[22m[36massets/settings-2-csmzUorj.js               [39m[1m[2m  0.42 kB[22m[1m[22m[2m │ gzip:  0.30 kB[22m
[2026-04-23T18:02:41.151Z] [stdout] [2mdist/[22m[36massets/circle-alert-DwetWRn-.js             [39m[1m[2m  0.42 kB[22m[1m[22m[2m │ gzip:  0.29 kB[22m
[2026-04-23T18:02:41.151Z] [stdout] [2mdist/[22m[36massets/calendar-BXm2K3XE.js                 [39m[1m[2m  0.43 kB[22m[1m[22m[2m │ gzip:  0.31 kB[22m
[2026-04-23T18:02:41.151Z] [stdout] [2mdist/[22m[36massets/key-CnsuNWOB.js                      [39m[1m[2m  0.43 kB[22m[1m[22m[2m │ gzip:  0.32 kB[22m
[2026-04-23T18:02:41.151Z] [stdout] [2mdist/[22m[36massets/pencil-C8e9LKJU.js                   [39m[1m[2m  0.45 kB[22m[1m[22m[2m │ gzip:  0.33 kB[22m
[2026-04-23T18:02:41.152Z] [stdout] [2mdist/[22m[36massets/flask-conical-at9WLATN.js            [39m[1m[2m  0.47 kB[22m[1m[22m[2m │ gzip:  0.33 kB[22m
[2026-04-23T18:02:41.152Z] [stdout] [2mdist/[22m[36massets/languages-B5jdgVQR.js                [39m[1m[2m  0.49 kB[22m[1m[22m[2m │ gzip:  0.32 kB[22m
[2026-04-23T18:02:41.152Z] [stdout] [2mdist/[22m[36massets/trash-2-D32fSN9G.js                  [39m[1m[2m  0.50 kB[22m[1m[22m[2m │ gzip:  0.32 kB[22m
[2026-04-23T18:02:41.152Z] [stdout] [2mdist/[22m[36massets/file-down-Cl-eCenP.js                [39m[1m[2m  0.53 kB[22m[1m[22m[2m │ gzip:  0.35 kB[22m
[2026-04-23T18:02:41.152Z] [stdout] [2mdist/[22m[36massets/branding-store-oSq_DJdt.js           [39m[1m[2m  0.54 kB[22m[1m[22m[2m │ gzip:  0.28 kB[22m
[2026-04-23T18:02:41.152Z] [stdout] [2mdist/[22m[36massets/building-2-B2TOtx61.js               [39m[1m[2m  0.56 kB[22m[1m[22m[2m │ gzip:  0.34 kB[22m
[2026-04-23T18:02:41.152Z] [stdout] [2mdist/[22m[36massets/file-spreadsheet-H6oERKDQ.js         [39m[1m[2m  0.60 kB[22m[1m[22m[2m │ gzip:  0.37 kB[22m
[2026-04-23T18:02:41.152Z] [stdout] [2mdist/[22m[36massets/input-Dvp9d9Ll.js                    [39m[1m[2m  0.60 kB[22m[1m[22m[2m │ gzip:  0.38 kB[22m
[2026-04-23T18:02:41.152Z] [stdout] [2mdist/[22m[36massets/circle-x-DM_wHrZ3.js                 [39m[1m[2m  0.69 kB[22m[1m[22m[2m │ gzip:  0.36 kB[22m
[2026-04-23T18:02:41.152Z] [stdout] [2mdist/[22m[36massets/user-BJlw9ER9.js                     [39m[1m[2m  0.74 kB[22m[1m[22m[2m │ gzip:  0.38 kB[22m
[2026-04-23T18:02:41.152Z] [stdout] [2mdist/[22m[36massets/client-CoHLyplA.js                   [39m[1m[2m  0.75 kB[22m[1m[22m[2m │ gzip:  0.40 kB[22m
[2026-04-23T18:02:41.152Z] [stdout] [2mdist/[22m[36massets/useFocusTrap-DBIo29X4.js             [39m[1m[2m  0.84 kB[22m[1m[22m[2m │ gzip:  0.44 kB[22m
[2026-04-23T18:02:41.152Z] [stdout] [2mdist/[22m[36massets/search-k2M3ccW7.js                   [39m[1m[2m  0.89 kB[22m[1m[22m[2m │ gzip:  0.42 kB[22m
[2026-04-23T18:02:41.152Z] [stdout] [2mdist/[22m[36massets/settings-QcwuBDRo.js                 [39m[1m[2m  0.98 kB[22m[1m[22m[2m │ gzip:  0.42 kB[22m
[2026-04-23T18:02:41.153Z] [stdout] [2mdist/[22m[36massets/update-install-DUiWid91.js           [39m[1m[2m  1.11 kB[22m[1m[22m[2m │ gzip:  0.62 kB[22m
[2026-04-23T18:02:41.153Z] [stdout] [2mdist/[22m[36massets/card-BNTZ3xjN.js                     [39m[1m[2m  1.58 kB[22m[1m[22m[2m │ gzip:  0.67 kB[22m
[2026-04-23T18:02:41.153Z] [stdout] [2mdist/[22m[36massets/index-tOawTKTP.js                    [39m[1m[2m  1.89 kB[22m[1m[22m[2m │ gzip:  0.92 kB[22m
[2026-04-23T18:02:41.153Z] [stdout] [2mdist/[22m[36massets/button-CwffFxYD.js                   [39m[1m[2m  1.94 kB[22m[1m[22m[2m │ gzip:  0.96 kB[22m
[2026-04-23T18:02:41.153Z] [stdout] [2mdist/[22m[36massets/PrecisionSettingsCard-C5KfIt9Y.js    [39m[1m[2m  2.05 kB[22m[1m[22m[2m │ gzip:  0.98 kB[22m
[2026-04-23T18:02:41.153Z] [stdout] [2mdist/[22m[36massets/alert-dialog-DwhxEAV2.js             [39m[1m[2m  2.12 kB[22m[1m[22m[2m │ gzip:  0.77 kB[22m
[2026-04-23T18:02:41.153Z] [stdout] [2mdist/[22m[36massets/TrialBanner-CEBKyZrP.js              [39m[1m[2m  2.26 kB[22m[1m[22m[2m │ gzip:  1.23 kB[22m
[2026-04-23T18:02:41.153Z] [stdout] [2mdist/[22m[36massets/label-Bz-nCjZa.js                    [39m[1m[2m  2.52 kB[22m[1m[22m[2m │ gzip:  0.95 kB[22m
[2026-04-23T18:02:41.153Z] [stdout] [2mdist/[22m[36massets/BrandingManager-CUGIeKX5.js          [39m[1m[2m  2.55 kB[22m[1m[22m[2m │ gzip:  1.16 kB[22m
[2026-04-23T18:02:41.153Z] [stdout] [2mdist/[22m[36massets/UpdateChecker-B8kNwPOS.js            [39m[1m[2m  3.38 kB[22m[1m[22m[2m │ gzip:  1.46 kB[22m
[2026-04-23T18:02:41.153Z] [stdout] [2mdist/[22m[36massets/water-analysis-panel-Cf2Wfl6q.js     [39m[1m[2m  3.64 kB[22m[1m[22m[2m │ gzip:  1.61 kB[22m
[2026-04-23T18:02:41.153Z] [stdout] [2mdist/[22m[36massets/index-jUz7vXmC.js                    [39m[1m[2m  3.66 kB[22m[1m[22m[2m │ gzip:  1.34 kB[22m
[2026-04-23T18:02:41.156Z] [stdout] [2mdist/[22m[36massets/expert-settings-panel-CLMiOyGG.js    [39m[1m[2m  3.89 kB[22m[1m[22m[2m │ gzip:  1.38 kB[22m
[2026-04-23T18:02:41.156Z] [stdout] [2mdist/[22m[36massets/UnitSystemCard-d_dEBX2C.js           [39m[1m[2m  4.22 kB[22m[1m[22m[2m │ gzip:  1.76 kB[22m
[2026-04-23T18:02:41.156Z] [stdout] [2mdist/[22m[36massets/settings-shared-Cjk_IZEw.js          [39m[1m[2m  4.51 kB[22m[1m[22m[2m │ gzip:  1.75 kB[22m
[2026-04-23T18:02:41.156Z] [stdout] [2mdist/[22m[36massets/LicenseActivationDialog-1bW1Zlde.js  [39m[1m[2m  5.38 kB[22m[1m[22m[2m │ gzip:  2.14 kB[22m
[2026-04-23T18:02:41.156Z] [stdout] [2mdist/[22m[36massets/LaboratoryManager-8OF7WAOZ.js        [39m[1m[2m  5.61 kB[22m[1m[22m[2m │ gzip:  1.96 kB[22m
[2026-04-23T18:02:41.156Z] [stdout] [2mdist/[22m[36massets/LogViewer-Nn9POGIO.js                [39m[1m[2m  5.76 kB[22m[1m[22m[2m │ gzip:  2.43 kB[22m
[2026-04-23T18:02:41.156Z] [stdout] [2mdist/[22m[36massets/BackupManager-C8Os79Lx.js            [39m[1m[2m  5.80 kB[22m[1m[22m[2m │ gzip:  2.23 kB[22m
[2026-04-23T18:02:41.156Z] [stdout] [2mdist/[22m[36massets/OperatorManager-CPe1s_kX.js          [39m[1m[2m  5.91 kB[22m[1m[22m[2m │ gzip:  2.15 kB[22m
[2026-04-23T18:02:41.157Z] [stdout] [2mdist/[22m[36massets/chart-settings-store-f8oZhDTm.js     [39m[1m[2m  5.94 kB[22m[1m[22m[2m │ gzip:  2.07 kB[22m
[2026-04-23T18:02:41.157Z] [stdout] [2mdist/[22m[36massets/recipe-panel-BPnPVY48.js             [39m[1m[2m  6.61 kB[22m[1m[22m[2m │ gzip:  2.22 kB[22m
[2026-04-23T18:02:41.157Z] [stdout] [2mdist/[22m[36massets/cycle-editor-dialog-CA5g6Fbi.js      [39m[1m[2m  7.88 kB[22m[1m[22m[2m │ gzip:  2.63 kB[22m
[2026-04-23T18:02:41.157Z] [stdout] [2mdist/[22m[36massets/ChartSettingsManager-EKx-7VLU.js     [39m[1m[2m  7.89 kB[22m[1m[22m[2m │ gzip:  2.66 kB[22m
[2026-04-23T18:02:41.157Z] [stdout] [2mdist/[22m[36massets/ExperimentExportImport-nUH0Cjt8.js   [39m[1m[2m  8.00 kB[22m[1m[22m[2m │ gzip:  2.96 kB[22m
[2026-04-23T18:02:41.157Z] [stdout] [2mdist/[22m[36massets/raw-data-table-DOOBcdZb.js           [39m[1m[2m  8.31 kB[22m[1m[22m[2m │ gzip:  2.62 kB[22m
[2026-04-23T18:02:41.157Z] [stdout] [2mdist/[22m[36massets/APIKeyManager-B3xtQmZZ.js            [39m[1m[2m  8.79 kB[22m[1m[22m[2m │ gzip:  3.06 kB[22m
[2026-04-23T18:02:41.157Z] [stdout] [2mdist/[22m[36massets/client-BYW0ks1X.js                   [39m[1m[2m  9.13 kB[22m[1m[22m[2m │ gzip:  3.65 kB[22m
[2026-04-23T18:02:41.157Z] [stdout] [2mdist/[22m[36massets/AppSettingsExporter-Bye5jnbo.js      [39m[1m[2m 11.12 kB[22m[1m[22m[2m │ gzip:  3.69 kB[22m
[2026-04-23T18:02:41.157Z] [stdout] [2mdist/[22m[36massets/cycle-results-table-BKN9HRd-.js      [39m[1m[2m 11.61 kB[22m[1m[22m[2m │ gzip:  3.23 kB[22m
[2026-04-23T18:02:41.157Z] [stdout] [2mdist/[22m[36massets/ReportTab-BJGKDKWg.js                [39m[1m[2m 11.78 kB[22m[1m[22m[2m │ gzip:  3.66 kB[22m
[2026-04-23T18:02:41.157Z] [stdout] [2mdist/[22m[36massets/ru-C8Cx8G0_.js                       [39m[1m[2m 12.58 kB[22m[1m[22m[2m │ gzip:  3.14 kB[22m
[2026-04-23T18:02:41.157Z] [stdout] [2mdist/[22m[36massets/useToast-DgdtQcbu.js                 [39m[1m[2m 14.15 kB[22m[1m[22m[2m │ gzip:  5.63 kB[22m
[2026-04-23T18:02:41.157Z] [stdout] [2mdist/[22m[36massets/report-save-Bev90mtH.js              [39m[1m[2m 15.92 kB[22m[1m[22m[2m │ gzip:  4.31 kB[22m
[2026-04-23T18:02:41.158Z] [stdout] [2mdist/[22m[36massets/ComparisonReportTab-CYC-CZEK.js      [39m[1m[2m 15.99 kB[22m[1m[22m[2m │ gzip:  4.95 kB[22m
[2026-04-23T18:02:41.158Z] [stdout] [2mdist/[22m[36massets/ChartErrorBoundary-B_kiYf4o.js       [39m[1m[2m 18.84 kB[22m[1m[22m[2m │ gzip:  7.77 kB[22m
[2026-04-23T18:02:41.158Z] [stdout] [2mdist/[22m[36massets/vendor-date-B1cgXEfA.js              [39m[1m[2m 20.00 kB[22m[1m[22m[2m │ gzip:  5.73 kB[22m
[2026-04-23T18:02:41.158Z] [stdout] [2mdist/[22m[36massets/CalibrationPanel-Cqfd8sKA.js         [39m[1m[2m 25.33 kB[22m[1m[22m[2m │ gzip:  7.48 kB[22m
[2026-04-23T18:02:41.158Z] [stdout] [2mdist/[22m[36massets/page-C2pUjUx7.js                     [39m[1m[2m 27.75 kB[22m[1m[22m[2m │ gzip:  7.49 kB[22m
[2026-04-23T18:02:41.158Z] [stdout] [2mdist/[22m[36massets/page-DwUK9aFO.js                     [39m[1m[2m 43.32 kB[22m[1m[22m[2m │ gzip: 13.88 kB[22m
[2026-04-23T18:02:41.158Z] [stdout] [2mdist/[22m[36massets/DashboardContent-NDkNsDsM.js         [39m[1m[2m 47.40 kB[22m[1m[22m[2m │ gzip: 14.29 kB[22m
[2026-04-23T18:02:41.158Z] [stdout] [2mdist/[22m[36massets/vendor-react-VsJEmFiX.js             [39m[1m[2m 48.76 kB[22m[1m[22m[2m │ gzip: 17.28 kB[22m
[2026-04-23T18:02:41.158Z] [stdout] [2mdist/[22m[36massets/vendor-charts-CziCK5UB.js            [39m[1m[2m 52.27 kB[22m[1m[22m[2m │ gzip: 23.28 kB[22m
[2026-04-23T18:02:41.158Z] [stdout] [2mdist/[22m[36massets/page-CuAzhwcV.js                     [39m[1m[2m103.41 kB[22m[1m[22m[2m │ gzip: 26.46 kB[22m
[2026-04-23T18:02:41.158Z] [stdout] [2mdist/[22m[36massets/vendor-radix-wOjfjdRn.js             [39m[1m[2m113.50 kB[22m[1m[22m[2m │ gzip: 36.46 kB[22m
[2026-04-23T18:02:41.158Z] [stdout] [2mdist/[22m[36massets/page-BMeo-ok9.js                     [39m[1m[2m135.83 kB[22m[1m[22m[2m │ gzip: 39.25 kB[22m
[2026-04-23T18:02:41.158Z] [stdout] [2mdist/[22m[36massets/main-DxmhWGXK.js                     [39m[1m[2m271.84 kB[22m[1m[22m[2m │ gzip: 86.19 kB[22m
[2026-04-23T18:02:41.158Z] [stdout] [32m✓ built in 12.10s[39m
[2026-04-23T18:02:41.158Z] heartbeat: pid=17076 elapsed=15.0s
[2026-04-23T18:02:42.513Z] [stderr]    Compiling rheolab-enterprise v0.2.0-beta.35 (D:\Development\Rheolab\src-tauri)
[2026-04-23T18:02:56.169Z] heartbeat: pid=17076 elapsed=30.0s
[2026-04-23T18:03:11.178Z] heartbeat: pid=17076 elapsed=45.0s
[2026-04-23T18:03:26.183Z] heartbeat: pid=17076 elapsed=60.0s
[2026-04-23T18:03:41.192Z] heartbeat: pid=17076 elapsed=75.0s
[2026-04-23T18:03:56.195Z] heartbeat: pid=17076 elapsed=90.1s
[2026-04-23T18:04:11.200Z] heartbeat: pid=17076 elapsed=105.1s
[2026-04-23T18:04:26.204Z] heartbeat: pid=17076 elapsed=120.1s
[2026-04-23T18:04:41.214Z] heartbeat: pid=17076 elapsed=135.1s
[2026-04-23T18:04:56.223Z] heartbeat: pid=17076 elapsed=150.1s
[2026-04-23T18:05:11.238Z] heartbeat: pid=17076 elapsed=165.1s
[2026-04-23T18:05:26.244Z] heartbeat: pid=17076 elapsed=180.1s
[2026-04-23T18:05:41.249Z] heartbeat: pid=17076 elapsed=195.1s
[2026-04-23T18:05:44.731Z] [stderr]     Finished `release` profile [optimized] target(s) in 3m 03s
[2026-04-23T18:05:44.780Z] [stderr]        Built application at: D:\Development\Rheolab\src-tauri\target\release\rheolab-enterprise.exe
[2026-04-23T18:05:44.781Z] [stderr]         Info Patching binary "D:\\Development\\Rheolab\\src-tauri\\target\\release\\rheolab-enterprise.exe" for type nsis
[2026-04-23T18:05:44.792Z] [stderr]         Warn Failed to add bundler type to the binary: __TAURI_BUNDLE_TYPE variable not found in binary. Make sure tauri crate and tauri-cli are up to date. Updater plugin may not be able to update this package. This shouldn't normally happen, please report it to https://github.com/tauri-apps/tauri/issues
[2026-04-23T18:05:44.794Z] [stderr]         Info Target: x64
[2026-04-23T18:05:44.804Z] [stderr]      Running makensis to produce D:\Development\Rheolab\src-tauri\target\release\bundle\nsis\RheoLab Enterprise_0.2.0-beta.35_x64-setup.exe
[2026-04-23T18:05:56.250Z] heartbeat: pid=17076 elapsed=210.1s
[2026-04-23T18:05:58.359Z] [stderr]     Finished 1 bundle at:
[2026-04-23T18:05:58.359Z] [stderr]         D:\Development\Rheolab\src-tauri\target\release\bundle\nsis\RheoLab Enterprise_0.2.0-beta.35_x64-setup.exe
[2026-04-23T18:05:58.359Z] [stderr] 
[2026-04-23T18:05:58.382Z] wrapper exit: code=0 signal=null elapsed=212.2s
[2026-04-23T18:05:58.384Z] post-build sign: signing RheoLab Enterprise_0.2.0-beta.35_x64-setup.exe
[2026-04-23T18:05:59.129Z] post-build sign: success → RheoLab Enterprise_0.2.0-beta.35_x64-setup.exe.sig
