[2026-04-21T10:43:39.874Z] wrapper start
[2026-04-21T10:43:39.874Z] cwd=D:\Development\Rheolab
[2026-04-21T10:43:39.874Z] command=npm.cmd exec tauri -- build
[2026-04-21T10:43:39.874Z] RHEOLAB_SKIP_VERSION_BUMP=1
[2026-04-21T10:43:39.874Z] INTEGRITY_SECRET_KEY present=true dev_sentinel=false
[2026-04-21T10:43:39.874Z] TAURI_SIGNING_PRIVATE_KEY present=true len=348
[2026-04-21T10:43:39.875Z] TAURI_SIGNING_PRIVATE_KEY_PASSWORD present=true
[2026-04-21T10:43:39.877Z] direct spawn failed (EINVAL), switching to shell fallback
[2026-04-21T10:43:39.878Z] using shell fallback: npm.cmd "exec" "tauri" "--" "build"
[2026-04-21T10:43:40.558Z] [stderr]         Info Looking up installed tauri packages to check mismatched versions...
[2026-04-21T10:43:41.282Z] [stderr]      Running beforeBuildCommand `npm run build`
[2026-04-21T10:43:41.498Z] [stdout] 
[2026-04-21T10:43:41.498Z] [stdout] > rheolab-enterprise@0.2.0-beta.17 build
[2026-04-21T10:43:41.498Z] [stdout] > vite build
[2026-04-21T10:43:41.499Z] [stdout] 
[2026-04-21T10:43:41.797Z] [stdout] [36mvite v6.4.1 [32mbuilding for production...[36m[39m
[2026-04-21T10:43:41.837Z] [stdout] transforming...
[2026-04-21T10:43:45.324Z] [stderr] [33m[plugin vite:resolve] Module "crypto" has been externalized for browser compatibility, imported by "D:/Development/Rheolab/src/lib/utils/encryption.ts". See https://vite.dev/guide/troubleshooting.html#module-externalized-for-browser-compatibility for more details.[39m
[2026-04-21T10:43:46.568Z] [stdout] [32m✓[39m 2909 modules transformed.
[2026-04-21T10:43:46.768Z] [stdout] rendering chunks...
[2026-04-21T10:43:46.871Z] [stdout] computing gzip size...
[2026-04-21T10:43:46.885Z] [stdout] [2mdist/[22m[32mindex.html                                  [39m[1m[2m  1.70 kB[22m[1m[22m[2m │ gzip:  0.86 kB[22m
[2026-04-21T10:43:46.888Z] [stdout] [2mdist/[22m[35massets/ChartErrorBoundary-Saz_VHki.css      [39m[1m[2m  1.63 kB[22m[1m[22m[2m │ gzip:  0.70 kB[22m
[2026-04-21T10:43:46.888Z] [stdout] [2mdist/[22m[35massets/main-B92Wx5VR.css                    [39m[1m[2m141.78 kB[22m[1m[22m[2m │ gzip: 20.47 kB[22m
[2026-04-21T10:43:46.888Z] [stdout] [2mdist/[22m[36massets/__vite-browser-external-BIHI7g3E.js  [39m[1m[2m  0.03 kB[22m[1m[22m[2m │ gzip:  0.05 kB[22m
[2026-04-21T10:43:46.888Z] [stdout] [2mdist/[22m[36massets/encryption-B4byyKz5.js               [39m[1m[2m  0.14 kB[22m[1m[22m[2m │ gzip:  0.15 kB[22m
[2026-04-21T10:43:46.888Z] [stdout] [2mdist/[22m[36massets/page-ag22mqCL.js                     [39m[1m[2m  0.17 kB[22m[1m[22m[2m │ gzip:  0.16 kB[22m
[2026-04-21T10:43:46.888Z] [stdout] [2mdist/[22m[36massets/page-CdAzp9Ph.js                     [39m[1m[2m  0.20 kB[22m[1m[22m[2m │ gzip:  0.17 kB[22m
[2026-04-21T10:43:46.888Z] [stdout] [2mdist/[22m[36massets/tauri-bridge-WHj075ii.js             [39m[1m[2m  0.27 kB[22m[1m[22m[2m │ gzip:  0.20 kB[22m
[2026-04-21T10:43:46.888Z] [stdout] [2mdist/[22m[36massets/check-MuM7_RGe.js                    [39m[1m[2m  0.29 kB[22m[1m[22m[2m │ gzip:  0.24 kB[22m
[2026-04-21T10:43:46.888Z] [stdout] [2mdist/[22m[36massets/chevron-up-CpxoHHuf.js               [39m[1m[2m  0.30 kB[22m[1m[22m[2m │ gzip:  0.25 kB[22m
[2026-04-21T10:43:46.888Z] [stdout] [2mdist/[22m[36massets/chevron-down-DNG_jRr2.js             [39m[1m[2m  0.30 kB[22m[1m[22m[2m │ gzip:  0.25 kB[22m
[2026-04-21T10:43:46.888Z] [stdout] [2mdist/[22m[36massets/plus-B9uQTPUZ.js                     [39m[1m[2m  0.33 kB[22m[1m[22m[2m │ gzip:  0.25 kB[22m
[2026-04-21T10:43:46.889Z] [stdout] [2mdist/[22m[36massets/circle-check-DRyLsF-C.js             [39m[1m[2m  0.35 kB[22m[1m[22m[2m │ gzip:  0.27 kB[22m
[2026-04-21T10:43:46.889Z] [stdout] [2mdist/[22m[36massets/rotate-ccw-wO479vHL.js               [39m[1m[2m  0.37 kB[22m[1m[22m[2m │ gzip:  0.29 kB[22m
[2026-04-21T10:43:46.889Z] [stdout] [2mdist/[22m[36massets/upload-DKouxCSc.js                   [39m[1m[2m  0.40 kB[22m[1m[22m[2m │ gzip:  0.30 kB[22m
[2026-04-21T10:43:46.889Z] [stdout] [2mdist/[22m[36massets/database-Bxersl8_.js                 [39m[1m[2m  0.42 kB[22m[1m[22m[2m │ gzip:  0.31 kB[22m
[2026-04-21T10:43:46.889Z] [stdout] [2mdist/[22m[36massets/settings-2-BslE8fRs.js               [39m[1m[2m  0.42 kB[22m[1m[22m[2m │ gzip:  0.30 kB[22m
[2026-04-21T10:43:46.889Z] [stdout] [2mdist/[22m[36massets/circle-alert-C9dxt2x2.js             [39m[1m[2m  0.42 kB[22m[1m[22m[2m │ gzip:  0.29 kB[22m
[2026-04-21T10:43:46.889Z] [stdout] [2mdist/[22m[36massets/key-BANBmR-7.js                      [39m[1m[2m  0.43 kB[22m[1m[22m[2m │ gzip:  0.32 kB[22m
[2026-04-21T10:43:46.889Z] [stdout] [2mdist/[22m[36massets/pencil-h613q6rb.js                   [39m[1m[2m  0.45 kB[22m[1m[22m[2m │ gzip:  0.33 kB[22m
[2026-04-21T10:43:46.889Z] [stdout] [2mdist/[22m[36massets/flask-conical-BQJ5Aicp.js            [39m[1m[2m  0.47 kB[22m[1m[22m[2m │ gzip:  0.33 kB[22m
[2026-04-21T10:43:46.889Z] [stdout] [2mdist/[22m[36massets/trash-2-BZvXuE0a.js                  [39m[1m[2m  0.50 kB[22m[1m[22m[2m │ gzip:  0.32 kB[22m
[2026-04-21T10:43:46.889Z] [stdout] [2mdist/[22m[36massets/building-2-BG-o0aIJ.js               [39m[1m[2m  0.56 kB[22m[1m[22m[2m │ gzip:  0.34 kB[22m
[2026-04-21T10:43:46.889Z] [stdout] [2mdist/[22m[36massets/ruler-Bw00F_6s.js                    [39m[1m[2m  0.57 kB[22m[1m[22m[2m │ gzip:  0.35 kB[22m
[2026-04-21T10:43:46.889Z] [stdout] [2mdist/[22m[36massets/input-DBWuACjj.js                    [39m[1m[2m  0.60 kB[22m[1m[22m[2m │ gzip:  0.38 kB[22m
[2026-04-21T10:43:46.889Z] [stdout] [2mdist/[22m[36massets/circle-x-CvgIN4Kx.js                 [39m[1m[2m  0.69 kB[22m[1m[22m[2m │ gzip:  0.36 kB[22m
[2026-04-21T10:43:46.890Z] [stdout] [2mdist/[22m[36massets/client-D-ogbiCJ.js                   [39m[1m[2m  0.75 kB[22m[1m[22m[2m │ gzip:  0.40 kB[22m
[2026-04-21T10:43:46.890Z] [stdout] [2mdist/[22m[36massets/calendar-BshuqHhG.js                 [39m[1m[2m  0.79 kB[22m[1m[22m[2m │ gzip:  0.41 kB[22m
[2026-04-21T10:43:46.890Z] [stdout] [2mdist/[22m[36massets/useFocusTrap-DBIo29X4.js             [39m[1m[2m  0.84 kB[22m[1m[22m[2m │ gzip:  0.44 kB[22m
[2026-04-21T10:43:46.890Z] [stdout] [2mdist/[22m[36massets/search-sxn6Jke8.js                   [39m[1m[2m  0.89 kB[22m[1m[22m[2m │ gzip:  0.42 kB[22m
[2026-04-21T10:43:46.890Z] [stdout] [2mdist/[22m[36massets/card-C74oHfDw.js                     [39m[1m[2m  1.06 kB[22m[1m[22m[2m │ gzip:  0.41 kB[22m
[2026-04-21T10:43:46.890Z] [stdout] [2mdist/[22m[36massets/branding-store-GshwVckj.js           [39m[1m[2m  1.48 kB[22m[1m[22m[2m │ gzip:  0.62 kB[22m
[2026-04-21T10:43:46.890Z] [stdout] [2mdist/[22m[36massets/index-Ck2ltWv0.js                    [39m[1m[2m  1.89 kB[22m[1m[22m[2m │ gzip:  0.92 kB[22m
[2026-04-21T10:43:46.890Z] [stdout] [2mdist/[22m[36massets/button-CImdbA2e.js                   [39m[1m[2m  1.94 kB[22m[1m[22m[2m │ gzip:  0.96 kB[22m
[2026-04-21T10:43:46.890Z] [stdout] [2mdist/[22m[36massets/alert-dialog-BbCx7iGw.js             [39m[1m[2m  2.12 kB[22m[1m[22m[2m │ gzip:  0.77 kB[22m
[2026-04-21T10:43:46.890Z] [stdout] [2mdist/[22m[36massets/TrialBanner-D8ONQCx4.js              [39m[1m[2m  2.26 kB[22m[1m[22m[2m │ gzip:  1.22 kB[22m
[2026-04-21T10:43:46.890Z] [stdout] [2mdist/[22m[36massets/label-BOYDRNJA.js                    [39m[1m[2m  2.52 kB[22m[1m[22m[2m │ gzip:  0.95 kB[22m
[2026-04-21T10:43:46.890Z] [stdout] [2mdist/[22m[36massets/BrandingManager-B85Ut_h2.js          [39m[1m[2m  2.55 kB[22m[1m[22m[2m │ gzip:  1.16 kB[22m
[2026-04-21T10:43:46.890Z] [stdout] [2mdist/[22m[36massets/index-Czl2JsTK.js                    [39m[1m[2m  3.59 kB[22m[1m[22m[2m │ gzip:  1.31 kB[22m
[2026-04-21T10:43:46.890Z] [stdout] [2mdist/[22m[36massets/expert-settings-panel-DpvuAZ7_.js    [39m[1m[2m  3.90 kB[22m[1m[22m[2m │ gzip:  1.39 kB[22m
[2026-04-21T10:43:46.891Z] [stdout] [2mdist/[22m[36massets/UnitSystemCard-BRhnGEg6.js           [39m[1m[2m  4.06 kB[22m[1m[22m[2m │ gzip:  1.72 kB[22m
[2026-04-21T10:43:46.891Z] [stdout] [2mdist/[22m[36massets/LicenseActivationDialog-jKW52uNz.js  [39m[1m[2m  5.38 kB[22m[1m[22m[2m │ gzip:  2.14 kB[22m
[2026-04-21T10:43:46.891Z] [stdout] [2mdist/[22m[36massets/chart-settings-store-DxG0WCxg.js     [39m[1m[2m  5.56 kB[22m[1m[22m[2m │ gzip:  1.91 kB[22m
[2026-04-21T10:43:46.891Z] [stdout] [2mdist/[22m[36massets/LaboratoryManager-tFXlT656.js        [39m[1m[2m  5.61 kB[22m[1m[22m[2m │ gzip:  1.96 kB[22m
[2026-04-21T10:43:46.891Z] [stdout] [2mdist/[22m[36massets/LogViewer-B-EyS_kb.js                [39m[1m[2m  5.76 kB[22m[1m[22m[2m │ gzip:  2.43 kB[22m
[2026-04-21T10:43:46.892Z] [stdout] [2mdist/[22m[36massets/BackupManager-Bl6PSVIl.js            [39m[1m[2m  5.80 kB[22m[1m[22m[2m │ gzip:  2.23 kB[22m
[2026-04-21T10:43:46.892Z] [stdout] [2mdist/[22m[36massets/OperatorManager-c7ioE9fk.js          [39m[1m[2m  5.91 kB[22m[1m[22m[2m │ gzip:  2.15 kB[22m
[2026-04-21T10:43:46.893Z] [stdout] [2mdist/[22m[36massets/ExperimentExportImport-CjeKtGCK.js   [39m[1m[2m  8.33 kB[22m[1m[22m[2m │ gzip:  2.94 kB[22m
[2026-04-21T10:43:46.893Z] [stdout] [2mdist/[22m[36massets/APIKeyManager-Dl7is5Pn.js            [39m[1m[2m  8.79 kB[22m[1m[22m[2m │ gzip:  3.06 kB[22m
[2026-04-21T10:43:46.893Z] [stdout] [2mdist/[22m[36massets/client-A4RZHh-E.js                   [39m[1m[2m  9.13 kB[22m[1m[22m[2m │ gzip:  3.65 kB[22m
[2026-04-21T10:43:46.893Z] [stdout] [2mdist/[22m[36massets/AppSettingsExporter-DDHmkwcZ.js      [39m[1m[2m 10.98 kB[22m[1m[22m[2m │ gzip:  3.62 kB[22m
[2026-04-21T10:43:46.893Z] [stdout] [2mdist/[22m[36massets/ru-C8Cx8G0_.js                       [39m[1m[2m 12.58 kB[22m[1m[22m[2m │ gzip:  3.14 kB[22m
[2026-04-21T10:43:46.893Z] [stdout] [2mdist/[22m[36massets/ChartSettingsManager-Yw9bO5V9.js     [39m[1m[2m 13.64 kB[22m[1m[22m[2m │ gzip:  4.15 kB[22m
[2026-04-21T10:43:46.893Z] [stdout] [2mdist/[22m[36massets/useToast-LBBhLX3c.js                 [39m[1m[2m 14.15 kB[22m[1m[22m[2m │ gzip:  5.63 kB[22m
[2026-04-21T10:43:46.893Z] [stdout] [2mdist/[22m[36massets/ChartErrorBoundary-Cu5UCY5w.js       [39m[1m[2m 15.03 kB[22m[1m[22m[2m │ gzip:  6.27 kB[22m
[2026-04-21T10:43:46.893Z] [stdout] [2mdist/[22m[36massets/vendor-date-B1cgXEfA.js              [39m[1m[2m 20.00 kB[22m[1m[22m[2m │ gzip:  5.73 kB[22m
[2026-04-21T10:43:46.893Z] [stdout] [2mdist/[22m[36massets/page-C8DUzxbK.js                     [39m[1m[2m 29.52 kB[22m[1m[22m[2m │ gzip:  7.74 kB[22m
[2026-04-21T10:43:46.893Z] [stdout] [2mdist/[22m[36massets/page-C0dUXj4X.js                     [39m[1m[2m 40.89 kB[22m[1m[22m[2m │ gzip: 13.06 kB[22m
[2026-04-21T10:43:46.893Z] [stdout] [2mdist/[22m[36massets/vendor-react-VsJEmFiX.js             [39m[1m[2m 48.76 kB[22m[1m[22m[2m │ gzip: 17.28 kB[22m
[2026-04-21T10:43:46.893Z] [stdout] [2mdist/[22m[36massets/vendor-charts-CziCK5UB.js            [39m[1m[2m 52.27 kB[22m[1m[22m[2m │ gzip: 23.28 kB[22m
[2026-04-21T10:43:46.893Z] [stdout] [2mdist/[22m[36massets/page-DgHytf-m.js                     [39m[1m[2m 92.73 kB[22m[1m[22m[2m │ gzip: 23.31 kB[22m
[2026-04-21T10:43:46.893Z] [stdout] [2mdist/[22m[36massets/vendor-radix-wOjfjdRn.js             [39m[1m[2m113.50 kB[22m[1m[22m[2m │ gzip: 36.46 kB[22m
[2026-04-21T10:43:46.893Z] [stdout] [2mdist/[22m[36massets/DashboardContent-BGRSQYhE.js         [39m[1m[2m125.04 kB[22m[1m[22m[2m │ gzip: 32.30 kB[22m
[2026-04-21T10:43:46.894Z] [stdout] [2mdist/[22m[36massets/page-DVFAul0e.js                     [39m[1m[2m132.69 kB[22m[1m[22m[2m │ gzip: 38.25 kB[22m
[2026-04-21T10:43:46.894Z] [stdout] [2mdist/[22m[36massets/main-DqhNn-Hl.js                     [39m[1m[2m278.28 kB[22m[1m[22m[2m │ gzip: 88.45 kB[22m
[2026-04-21T10:43:46.894Z] [stdout] [32m✓ built in 5.08s[39m
[2026-04-21T10:43:48.007Z] [stderr]    Compiling rheolab-enterprise v0.2.0-beta.17 (D:\Development\Rheolab\src-tauri)
[2026-04-21T10:43:54.899Z] heartbeat: pid=11848 elapsed=15.0s
[2026-04-21T10:44:09.904Z] heartbeat: pid=11848 elapsed=30.0s
[2026-04-21T10:44:24.920Z] heartbeat: pid=11848 elapsed=45.0s
[2026-04-21T10:44:39.921Z] heartbeat: pid=11848 elapsed=60.0s
[2026-04-21T10:44:54.920Z] heartbeat: pid=11848 elapsed=75.0s
[2026-04-21T10:45:09.923Z] heartbeat: pid=11848 elapsed=90.0s
[2026-04-21T10:45:24.933Z] heartbeat: pid=11848 elapsed=105.1s
[2026-04-21T10:45:39.950Z] heartbeat: pid=11848 elapsed=120.1s
[2026-04-21T10:45:54.951Z] heartbeat: pid=11848 elapsed=135.1s
[2026-04-21T10:46:09.965Z] heartbeat: pid=11848 elapsed=150.1s
[2026-04-21T10:46:24.969Z] heartbeat: pid=11848 elapsed=165.1s
[2026-04-21T10:46:39.974Z] heartbeat: pid=11848 elapsed=180.1s
[2026-04-21T10:46:54.973Z] heartbeat: pid=11848 elapsed=195.1s
[2026-04-21T10:47:09.054Z] [stderr]     Finished `release` profile [optimized] target(s) in 3m 21s
[2026-04-21T10:47:09.100Z] [stderr]        Built application at: D:\Development\Rheolab\src-tauri\target\release\rheolab-enterprise.exe
[2026-04-21T10:47:09.100Z] [stderr]         Info Patching binary "D:\\Development\\Rheolab\\src-tauri\\target\\release\\rheolab-enterprise.exe" for type nsis
[2026-04-21T10:47:09.124Z] [stderr]         Info Target: x64
[2026-04-21T10:47:09.134Z] [stderr]      Running makensis to produce D:\Development\Rheolab\src-tauri\target\release\bundle\nsis\RheoLab Enterprise_0.2.0-beta.17_x64-setup.exe
[2026-04-21T10:47:09.982Z] heartbeat: pid=11848 elapsed=210.1s
[2026-04-21T10:47:22.328Z] [stderr]     Finished 1 bundle at:
[2026-04-21T10:47:22.329Z] [stderr]         D:\Development\Rheolab\src-tauri\target\release\bundle\nsis\RheoLab Enterprise_0.2.0-beta.17_x64-setup.exe
[2026-04-21T10:47:22.329Z] [stderr] 
[2026-04-21T10:47:22.349Z] wrapper exit: code=0 signal=null elapsed=222.5s
[2026-04-21T10:47:22.350Z] post-build sign: signing RheoLab Enterprise_0.2.0-beta.17_x64-setup.exe
[2026-04-21T10:47:23.073Z] post-build sign: success → RheoLab Enterprise_0.2.0-beta.17_x64-setup.exe.sig
