[2026-04-23T17:55:34.033Z] wrapper start
[2026-04-23T17:55:34.034Z] cwd=D:\Development\Rheolab
[2026-04-23T17:55:34.034Z] command=npm.cmd exec tauri -- dev
[2026-04-23T17:55:34.034Z] RHEOLAB_SKIP_VERSION_BUMP=
[2026-04-23T17:55:34.038Z] direct spawn failed (EINVAL), switching to shell fallback
[2026-04-23T17:55:34.039Z] using shell fallback: npm.cmd "exec" "tauri" "--" "dev"
[2026-04-23T17:55:36.072Z] [stderr]      Running BeforeDevCommand (`npm run dev`)
[2026-04-23T17:55:36.464Z] [stdout] 
[2026-04-23T17:55:36.464Z] [stdout] > rheolab-enterprise@0.2.0-beta.35 dev
[2026-04-23T17:55:36.464Z] [stdout] > vite
[2026-04-23T17:55:36.464Z] [stdout] 
[2026-04-23T17:55:36.930Z] [stdout] 
[2026-04-23T17:55:36.936Z] [stdout]   [32m[1mVITE[22m v6.4.2[39m  [2mready in [0m[1m396[22m[2m[0m ms[22m
[2026-04-23T17:55:36.936Z] [stdout] 
[2026-04-23T17:55:36.937Z] [stdout]   [32m➜[39m  [1mLocal[22m:   [36mhttp://localhost:[1m1420[22m/[39m
[2026-04-23T17:55:40.128Z] [stderr]      Running DevCommand (`cargo  run --no-default-features --color always --`)
[2026-04-23T17:55:40.201Z] [stderr]         Info Watching D:\Development\Rheolab\src-tauri for changes...
[2026-04-23T17:55:41.783Z] [stderr] [1m[92m    Finished[0m ]8;;https://doc.rust-lang.org/cargo/reference/profiles.html#default-profiles\`dev` profile [unoptimized + debuginfo]]8;;\ target(s) in 1.60s
[2026-04-23T17:55:41.840Z] [stderr] [1m[92m     Running[0m `target\debug\rheolab-enterprise.exe`
[2026-04-23T17:55:48.555Z] [stdout] [2026-04-23][17:55:48][reqwest::connect][DEBUG] starting new connection: https://license.vizbuka.ru/
[2026-04-23T17:55:48.807Z] [stdout] [2026-04-23][17:55:48][reqwest::retry][TRACE] shouldn't retry!
[2026-04-23T17:55:49.064Z] heartbeat: pid=5024 elapsed=15.0s
[2026-04-23T17:56:04.071Z] heartbeat: pid=5024 elapsed=30.0s
[2026-04-23T17:56:19.083Z] heartbeat: pid=5024 elapsed=45.0s
[2026-04-23T17:56:34.095Z] heartbeat: pid=5024 elapsed=60.1s
[2026-04-23T17:56:49.098Z] heartbeat: pid=5024 elapsed=75.1s
[2026-04-23T17:57:04.105Z] heartbeat: pid=5024 elapsed=90.1s
[2026-04-23T17:57:19.119Z] heartbeat: pid=5024 elapsed=105.1s
[2026-04-23T17:57:34.127Z] heartbeat: pid=5024 elapsed=120.1s
[2026-04-23T17:57:49.130Z] heartbeat: pid=5024 elapsed=135.1s
[2026-04-23T17:58:04.144Z] heartbeat: pid=5024 elapsed=150.1s
[2026-04-23T17:58:19.157Z] heartbeat: pid=5024 elapsed=165.1s
[2026-04-23T17:58:34.167Z] heartbeat: pid=5024 elapsed=180.1s
[2026-04-23T17:58:40.913Z] wrapper exit: code=0 signal=null elapsed=186.9s
