[2026-04-23T16:53:02.802Z] wrapper start
[2026-04-23T16:53:02.802Z] cwd=D:\Development\Rheolab
[2026-04-23T16:53:02.802Z] command=npm.cmd exec tauri -- build
[2026-04-23T16:53:02.802Z] RHEOLAB_SKIP_VERSION_BUMP=
[2026-04-23T16:53:02.802Z] INTEGRITY_SECRET_KEY present=true dev_sentinel=false
[2026-04-23T16:53:02.802Z] TAURI_SIGNING_PRIVATE_KEY present=true len=348
[2026-04-23T16:53:02.803Z] TAURI_SIGNING_PRIVATE_KEY_PASSWORD present=true
[2026-04-23T16:53:02.804Z] direct spawn failed (EINVAL), switching to shell fallback
[2026-04-23T16:53:02.804Z] using shell fallback: npm.cmd "exec" "tauri" "--" "build"
[2026-04-23T16:53:03.536Z] [stderr]         Info Looking up installed tauri packages to check mismatched versions...
[2026-04-23T16:53:04.395Z] [stderr]      Running beforeBuildCommand `npm run build`
[2026-04-23T16:53:04.656Z] [stdout] 
[2026-04-23T16:53:04.656Z] [stdout] > rheolab-enterprise@0.2.0-beta.35 build
[2026-04-23T16:53:04.656Z] [stdout] > vite build
[2026-04-23T16:53:04.656Z] [stdout] 
[2026-04-23T16:53:04.978Z] [stdout] [36mvite v6.4.2 [32mbuilding for production...[36m[39m
[2026-04-23T16:53:05.019Z] [stdout] transforming...
[2026-04-23T16:53:15.018Z] [stderr] [33m[plugin vite:resolve] Module "crypto" has been externalized for browser compatibility, imported by "D:/Development/Rheolab/src/lib/utils/encryption.ts". See https://vite.dev/guide/troubleshooting.html#module-externalized-for-browser-compatibility for more details.[39m
[2026-04-23T16:53:16.229Z] [stdout] [32m✓[39m 2936 modules transformed.
[2026-04-23T16:53:16.442Z] [stdout] rendering chunks...
[2026-04-23T16:53:16.549Z] [stdout] computing gzip size...
[2026-04-23T16:53:16.562Z] [stdout] [2mdist/[22m[32mindex.html                                  [39m[1m[2m  1.70 kB[22m[1m[22m[2m │ gzip:  0.86 kB[22m
[2026-04-23T16:53:16.564Z] [stdout] [2mdist/[22m[35massets/report-save-Saz_VHki.css             [39m[1m[2m  1.63 kB[22m[1m[22m[2m │ gzip:  0.70 kB[22m
[2026-04-23T16:53:16.564Z] [stdout] [2mdist/[22m[35massets/main-B12N_xAv.css                    [39m[1m[2m143.58 kB[22m[1m[22m[2m │ gzip: 20.73 kB[22m
[2026-04-23T16:53:16.565Z] [stdout] [2mdist/[22m[36massets/__vite-browser-external-BIHI7g3E.js  [39m[1m[2m  0.03 kB[22m[1m[22m[2m │ gzip:  0.05 kB[22m
[2026-04-23T16:53:16.565Z] [stdout] [2mdist/[22m[36massets/encryption-Dx5yiw0d.js               [39m[1m[2m  0.14 kB[22m[1m[22m[2m │ gzip:  0.15 kB[22m
[2026-04-23T16:53:16.565Z] [stdout] [2mdist/[22m[36massets/page-ag22mqCL.js                     [39m[1m[2m  0.17 kB[22m[1m[22m[2m │ gzip:  0.16 kB[22m
[2026-04-23T16:53:16.565Z] [stdout] [2mdist/[22m[36massets/page-CdAzp9Ph.js                     [39m[1m[2m  0.20 kB[22m[1m[22m[2m │ gzip:  0.17 kB[22m
[2026-04-23T16:53:16.565Z] [stdout] [2mdist/[22m[36massets/tauri-bridge-CMBBbQ2V.js             [39m[1m[2m  0.27 kB[22m[1m[22m[2m │ gzip:  0.20 kB[22m
[2026-04-23T16:53:16.565Z] [stdout] [2mdist/[22m[36massets/check-BOnGXy2w.js                    [39m[1m[2m  0.29 kB[22m[1m[22m[2m │ gzip:  0.24 kB[22m
[2026-04-23T16:53:16.565Z] [stdout] [2mdist/[22m[36massets/chevron-up-CiVfxQUM.js               [39m[1m[2m  0.30 kB[22m[1m[22m[2m │ gzip:  0.25 kB[22m
[2026-04-23T16:53:16.565Z] [stdout] [2mdist/[22m[36massets/chevron-down-BoPXwbpI.js             [39m[1m[2m  0.30 kB[22m[1m[22m[2m │ gzip:  0.25 kB[22m
[2026-04-23T16:53:16.565Z] [stdout] [2mdist/[22m[36massets/plus-CQowlFDi.js                     [39m[1m[2m  0.33 kB[22m[1m[22m[2m │ gzip:  0.26 kB[22m
[2026-04-23T16:53:16.565Z] [stdout] [2mdist/[22m[36massets/circle-check-V_sxU-1Z.js             [39m[1m[2m  0.35 kB[22m[1m[22m[2m │ gzip:  0.27 kB[22m
[2026-04-23T16:53:16.565Z] [stdout] [2mdist/[22m[36massets/rotate-ccw-BJlYGr-z.js               [39m[1m[2m  0.37 kB[22m[1m[22m[2m │ gzip:  0.29 kB[22m
[2026-04-23T16:53:16.565Z] [stdout] [2mdist/[22m[36massets/upload-D4RwsRB4.js                   [39m[1m[2m  0.40 kB[22m[1m[22m[2m │ gzip:  0.30 kB[22m
[2026-04-23T16:53:16.565Z] [stdout] [2mdist/[22m[36massets/settings-2-BhAi2scq.js               [39m[1m[2m  0.42 kB[22m[1m[22m[2m │ gzip:  0.30 kB[22m
[2026-04-23T16:53:16.565Z] [stdout] [2mdist/[22m[36massets/circle-alert-CTYspYw8.js             [39m[1m[2m  0.42 kB[22m[1m[22m[2m │ gzip:  0.29 kB[22m
[2026-04-23T16:53:16.565Z] [stdout] [2mdist/[22m[36massets/key-CeAHvQq0.js                      [39m[1m[2m  0.43 kB[22m[1m[22m[2m │ gzip:  0.32 kB[22m
[2026-04-23T16:53:16.565Z] [stdout] [2mdist/[22m[36massets/pencil-CA9C3biQ.js                   [39m[1m[2m  0.45 kB[22m[1m[22m[2m │ gzip:  0.33 kB[22m
[2026-04-23T16:53:16.565Z] [stdout] [2mdist/[22m[36massets/flask-conical-CyFUCN_s.js            [39m[1m[2m  0.47 kB[22m[1m[22m[2m │ gzip:  0.33 kB[22m
[2026-04-23T16:53:16.566Z] [stdout] [2mdist/[22m[36massets/trash-2-DykpuVRj.js                  [39m[1m[2m  0.50 kB[22m[1m[22m[2m │ gzip:  0.32 kB[22m
[2026-04-23T16:53:16.566Z] [stdout] [2mdist/[22m[36massets/file-down-BeDQ-mq1.js                [39m[1m[2m  0.53 kB[22m[1m[22m[2m │ gzip:  0.35 kB[22m
[2026-04-23T16:53:16.566Z] [stdout] [2mdist/[22m[36massets/branding-store-BunBeku2.js           [39m[1m[2m  0.54 kB[22m[1m[22m[2m │ gzip:  0.28 kB[22m
[2026-04-23T16:53:16.566Z] [stdout] [2mdist/[22m[36massets/building-2-DCJg4WvW.js               [39m[1m[2m  0.56 kB[22m[1m[22m[2m │ gzip:  0.34 kB[22m
[2026-04-23T16:53:16.566Z] [stdout] [2mdist/[22m[36massets/input-0zbvdf0l.js                    [39m[1m[2m  0.60 kB[22m[1m[22m[2m │ gzip:  0.38 kB[22m
[2026-04-23T16:53:16.566Z] [stdout] [2mdist/[22m[36massets/circle-x-STF7etOZ.js                 [39m[1m[2m  0.69 kB[22m[1m[22m[2m │ gzip:  0.36 kB[22m
[2026-04-23T16:53:16.566Z] [stdout] [2mdist/[22m[36massets/user-C1DMHx7T.js                     [39m[1m[2m  0.74 kB[22m[1m[22m[2m │ gzip:  0.38 kB[22m
[2026-04-23T16:53:16.566Z] [stdout] [2mdist/[22m[36massets/client-BXBdG49R.js                   [39m[1m[2m  0.75 kB[22m[1m[22m[2m │ gzip:  0.40 kB[22m
[2026-04-23T16:53:16.566Z] [stdout] [2mdist/[22m[36massets/calendar-BNoh69kI.js                 [39m[1m[2m  0.79 kB[22m[1m[22m[2m │ gzip:  0.41 kB[22m
[2026-04-23T16:53:16.566Z] [stdout] [2mdist/[22m[36massets/useFocusTrap-DBIo29X4.js             [39m[1m[2m  0.84 kB[22m[1m[22m[2m │ gzip:  0.44 kB[22m
[2026-04-23T16:53:16.566Z] [stdout] [2mdist/[22m[36massets/search-g6ZcYwIa.js                   [39m[1m[2m  0.89 kB[22m[1m[22m[2m │ gzip:  0.42 kB[22m
[2026-04-23T16:53:16.566Z] [stdout] [2mdist/[22m[36massets/update-install-DD0efYyp.js           [39m[1m[2m  1.11 kB[22m[1m[22m[2m │ gzip:  0.62 kB[22m
[2026-04-23T16:53:16.566Z] [stdout] [2mdist/[22m[36massets/settings-okiFoXn4.js                 [39m[1m[2m  1.43 kB[22m[1m[22m[2m │ gzip:  0.53 kB[22m
[2026-04-23T16:53:16.566Z] [stdout] [2mdist/[22m[36massets/card-D9jZ5jUj.js                     [39m[1m[2m  1.58 kB[22m[1m[22m[2m │ gzip:  0.67 kB[22m
[2026-04-23T16:53:16.566Z] [stdout] [2mdist/[22m[36massets/index-D_IOvEoD.js                    [39m[1m[2m  1.89 kB[22m[1m[22m[2m │ gzip:  0.92 kB[22m
[2026-04-23T16:53:16.569Z] [stdout] [2mdist/[22m[36massets/button-D3uMYW4y.js                   [39m[1m[2m  1.94 kB[22m[1m[22m[2m │ gzip:  0.96 kB[22m
[2026-04-23T16:53:16.569Z] [stdout] [2mdist/[22m[36massets/PrecisionSettingsCard-CWtVItLn.js    [39m[1m[2m  2.05 kB[22m[1m[22m[2m │ gzip:  0.98 kB[22m
[2026-04-23T16:53:16.569Z] [stdout] [2mdist/[22m[36massets/alert-dialog-DcyfdDj3.js             [39m[1m[2m  2.12 kB[22m[1m[22m[2m │ gzip:  0.77 kB[22m
[2026-04-23T16:53:16.569Z] [stdout] [2mdist/[22m[36massets/TrialBanner-DWIrtfCS.js              [39m[1m[2m  2.26 kB[22m[1m[22m[2m │ gzip:  1.22 kB[22m
[2026-04-23T16:53:16.569Z] [stdout] [2mdist/[22m[36massets/label-BGn1tYEP.js                    [39m[1m[2m  2.52 kB[22m[1m[22m[2m │ gzip:  0.95 kB[22m
[2026-04-23T16:53:16.569Z] [stdout] [2mdist/[22m[36massets/BrandingManager-Ci1pfjhl.js          [39m[1m[2m  2.55 kB[22m[1m[22m[2m │ gzip:  1.16 kB[22m
[2026-04-23T16:53:16.569Z] [stdout] [2mdist/[22m[36massets/UpdateChecker-XGcwe__v.js            [39m[1m[2m  3.38 kB[22m[1m[22m[2m │ gzip:  1.46 kB[22m
[2026-04-23T16:53:16.569Z] [stdout] [2mdist/[22m[36massets/index-B_J7JS-B.js                    [39m[1m[2m  3.66 kB[22m[1m[22m[2m │ gzip:  1.35 kB[22m
[2026-04-23T16:53:16.569Z] [stdout] [2mdist/[22m[36massets/expert-settings-panel-C3QXEzsL.js    [39m[1m[2m  3.89 kB[22m[1m[22m[2m │ gzip:  1.38 kB[22m
[2026-04-23T16:53:16.569Z] [stdout] [2mdist/[22m[36massets/UnitSystemCard-Dw60359U.js           [39m[1m[2m  4.22 kB[22m[1m[22m[2m │ gzip:  1.76 kB[22m
[2026-04-23T16:53:16.569Z] [stdout] [2mdist/[22m[36massets/settings-shared-Cjk_IZEw.js          [39m[1m[2m  4.51 kB[22m[1m[22m[2m │ gzip:  1.75 kB[22m
[2026-04-23T16:53:16.569Z] [stdout] [2mdist/[22m[36massets/LicenseActivationDialog-Dwivc5ym.js  [39m[1m[2m  5.38 kB[22m[1m[22m[2m │ gzip:  2.14 kB[22m
[2026-04-23T16:53:16.569Z] [stdout] [2mdist/[22m[36massets/LaboratoryManager-BdM5GJ40.js        [39m[1m[2m  5.61 kB[22m[1m[22m[2m │ gzip:  1.96 kB[22m
[2026-04-23T16:53:16.569Z] [stdout] [2mdist/[22m[36massets/LogViewer-CAhtw4Ly.js                [39m[1m[2m  5.76 kB[22m[1m[22m[2m │ gzip:  2.43 kB[22m
[2026-04-23T16:53:16.569Z] [stdout] [2mdist/[22m[36massets/BackupManager-BDdx484-.js            [39m[1m[2m  5.80 kB[22m[1m[22m[2m │ gzip:  2.23 kB[22m
[2026-04-23T16:53:16.570Z] [stdout] [2mdist/[22m[36massets/OperatorManager-Kq341oyC.js          [39m[1m[2m  5.91 kB[22m[1m[22m[2m │ gzip:  2.14 kB[22m
[2026-04-23T16:53:16.570Z] [stdout] [2mdist/[22m[36massets/chart-settings-store-C8hsSQNV.js     [39m[1m[2m  5.94 kB[22m[1m[22m[2m │ gzip:  2.07 kB[22m
[2026-04-23T16:53:16.570Z] [stdout] [2mdist/[22m[36massets/ChartSettingsManager-rLp6F0Ln.js     [39m[1m[2m  7.86 kB[22m[1m[22m[2m │ gzip:  2.64 kB[22m
[2026-04-23T16:53:16.570Z] [stdout] [2mdist/[22m[36massets/ExperimentExportImport-ljh6p2xo.js   [39m[1m[2m  7.96 kB[22m[1m[22m[2m │ gzip:  2.95 kB[22m
[2026-04-23T16:53:16.570Z] [stdout] [2mdist/[22m[36massets/APIKeyManager-H9Qc4swW.js            [39m[1m[2m  8.79 kB[22m[1m[22m[2m │ gzip:  3.06 kB[22m
[2026-04-23T16:53:16.570Z] [stdout] [2mdist/[22m[36massets/client-VTXO9Gte.js                   [39m[1m[2m  9.69 kB[22m[1m[22m[2m │ gzip:  3.95 kB[22m
[2026-04-23T16:53:16.570Z] [stdout] [2mdist/[22m[36massets/AppSettingsExporter-D-rv4C7o.js      [39m[1m[2m 11.08 kB[22m[1m[22m[2m │ gzip:  3.67 kB[22m
[2026-04-23T16:53:16.570Z] [stdout] [2mdist/[22m[36massets/ru-C8Cx8G0_.js                       [39m[1m[2m 12.58 kB[22m[1m[22m[2m │ gzip:  3.14 kB[22m
[2026-04-23T16:53:16.570Z] [stdout] [2mdist/[22m[36massets/useToast-DQn5SkO3.js                 [39m[1m[2m 14.15 kB[22m[1m[22m[2m │ gzip:  5.63 kB[22m
[2026-04-23T16:53:16.570Z] [stdout] [2mdist/[22m[36massets/vendor-date-B1cgXEfA.js              [39m[1m[2m 20.00 kB[22m[1m[22m[2m │ gzip:  5.73 kB[22m
[2026-04-23T16:53:16.570Z] [stdout] [2mdist/[22m[36massets/page-Bks7RwEP.js                     [39m[1m[2m 27.67 kB[22m[1m[22m[2m │ gzip:  7.47 kB[22m
[2026-04-23T16:53:16.570Z] [stdout] [2mdist/[22m[36massets/report-save-lrnBnp6k.js              [39m[1m[2m 34.79 kB[22m[1m[22m[2m │ gzip: 11.81 kB[22m
[2026-04-23T16:53:16.570Z] [stdout] [2mdist/[22m[36massets/vendor-react-VsJEmFiX.js             [39m[1m[2m 48.76 kB[22m[1m[22m[2m │ gzip: 17.28 kB[22m
[2026-04-23T16:53:16.570Z] [stdout] [2mdist/[22m[36massets/vendor-charts-CziCK5UB.js            [39m[1m[2m 52.27 kB[22m[1m[22m[2m │ gzip: 23.28 kB[22m
[2026-04-23T16:53:16.570Z] [stdout] [2mdist/[22m[36massets/page-C3FC3yJ7.js                     [39m[1m[2m 57.32 kB[22m[1m[22m[2m │ gzip: 17.14 kB[22m
[2026-04-23T16:53:16.570Z] [stdout] [2mdist/[22m[36massets/page-DroLsmd1.js                     [39m[1m[2m103.38 kB[22m[1m[22m[2m │ gzip: 26.45 kB[22m
[2026-04-23T16:53:16.570Z] [stdout] [2mdist/[22m[36massets/vendor-radix-wOjfjdRn.js             [39m[1m[2m113.50 kB[22m[1m[22m[2m │ gzip: 36.46 kB[22m
[2026-04-23T16:53:16.571Z] [stdout] [2mdist/[22m[36massets/DashboardContent-DEVJf-Uy.js         [39m[1m[2m116.44 kB[22m[1m[22m[2m │ gzip: 30.31 kB[22m
[2026-04-23T16:53:16.571Z] [stdout] [2mdist/[22m[36massets/page-B399LlRR.js                     [39m[1m[2m136.17 kB[22m[1m[22m[2m │ gzip: 39.38 kB[22m
[2026-04-23T16:53:16.571Z] [stdout] [2mdist/[22m[36massets/main-Dc3ZYZaH.js                     [39m[1m[2m271.84 kB[22m[1m[22m[2m │ gzip: 86.19 kB[22m
[2026-04-23T16:53:16.571Z] [stdout] [32m✓ built in 11.58s[39m
[2026-04-23T16:53:17.628Z] [stderr]    Compiling rheolab-core v0.1.0 (D:\Development\Rheolab\src\rust\rheolab-core)
[2026-04-23T16:53:17.816Z] heartbeat: pid=19556 elapsed=15.0s
[2026-04-23T16:53:20.575Z] [stderr]    Compiling rheolab-enterprise v0.2.0-beta.35 (D:\Development\Rheolab\src-tauri)
[2026-04-23T16:53:32.830Z] heartbeat: pid=19556 elapsed=30.0s
[2026-04-23T16:53:47.832Z] heartbeat: pid=19556 elapsed=45.0s
[2026-04-23T16:54:02.847Z] heartbeat: pid=19556 elapsed=60.0s
[2026-04-23T16:54:17.848Z] heartbeat: pid=19556 elapsed=75.0s
[2026-04-23T16:54:32.858Z] heartbeat: pid=19556 elapsed=90.1s
[2026-04-23T16:54:47.865Z] heartbeat: pid=19556 elapsed=105.1s
[2026-04-23T16:55:02.886Z] heartbeat: pid=19556 elapsed=120.1s
[2026-04-23T16:55:17.919Z] heartbeat: pid=19556 elapsed=135.1s
[2026-04-23T16:55:32.929Z] heartbeat: pid=19556 elapsed=150.1s
[2026-04-23T16:55:47.937Z] heartbeat: pid=19556 elapsed=165.1s
[2026-04-23T16:56:02.952Z] heartbeat: pid=19556 elapsed=180.2s
[2026-04-23T16:56:17.954Z] heartbeat: pid=19556 elapsed=195.2s
[2026-04-23T16:56:21.840Z] [stderr]     Finished `release` profile [optimized] target(s) in 3m 04s
[2026-04-23T16:56:21.882Z] [stderr]        Built application at: D:\Development\Rheolab\src-tauri\target\release\rheolab-enterprise.exe
[2026-04-23T16:56:21.883Z] [stderr]         Info Patching binary "D:\\Development\\Rheolab\\src-tauri\\target\\release\\rheolab-enterprise.exe" for type nsis
[2026-04-23T16:56:21.893Z] [stderr]         Warn Failed to add bundler type to the binary: __TAURI_BUNDLE_TYPE variable not found in binary. Make sure tauri crate and tauri-cli are up to date. Updater plugin may not be able to update this package. This shouldn't normally happen, please report it to https://github.com/tauri-apps/tauri/issues
[2026-04-23T16:56:21.894Z] [stderr]         Info Target: x64
[2026-04-23T16:56:21.903Z] [stderr]      Running makensis to produce D:\Development\Rheolab\src-tauri\target\release\bundle\nsis\RheoLab Enterprise_0.2.0-beta.35_x64-setup.exe
[2026-04-23T16:56:32.963Z] heartbeat: pid=19556 elapsed=210.2s
[2026-04-23T16:56:33.695Z] [stderr]     Finished 1 bundle at:
[2026-04-23T16:56:33.695Z] [stderr]         D:\Development\Rheolab\src-tauri\target\release\bundle\nsis\RheoLab Enterprise_0.2.0-beta.35_x64-setup.exe
[2026-04-23T16:56:33.696Z] [stderr] 
[2026-04-23T16:56:33.716Z] wrapper exit: code=0 signal=null elapsed=210.9s
[2026-04-23T16:56:33.717Z] post-build sign: signing RheoLab Enterprise_0.2.0-beta.35_x64-setup.exe
[2026-04-23T16:56:34.403Z] post-build sign: success → RheoLab Enterprise_0.2.0-beta.35_x64-setup.exe.sig
