[2026-04-23T09:41:20.009Z] wrapper start
[2026-04-23T09:41:20.009Z] cwd=D:\Development\Rheolab
[2026-04-23T09:41:20.010Z] command=npm.cmd exec tauri -- build
[2026-04-23T09:41:20.010Z] RHEOLAB_SKIP_VERSION_BUMP=
[2026-04-23T09:41:20.010Z] INTEGRITY_SECRET_KEY present=true dev_sentinel=false
[2026-04-23T09:41:20.010Z] TAURI_SIGNING_PRIVATE_KEY present=true len=348
[2026-04-23T09:41:20.010Z] TAURI_SIGNING_PRIVATE_KEY_PASSWORD present=true
[2026-04-23T09:41:20.011Z] direct spawn failed (EINVAL), switching to shell fallback
[2026-04-23T09:41:20.011Z] using shell fallback: npm.cmd "exec" "tauri" "--" "build"
[2026-04-23T09:41:20.806Z] [stderr]         Info Looking up installed tauri packages to check mismatched versions...
[2026-04-23T09:41:21.557Z] [stderr]      Running beforeBuildCommand `npm run build`
[2026-04-23T09:41:21.784Z] [stdout] 
[2026-04-23T09:41:21.785Z] [stdout] > rheolab-enterprise@0.2.0-beta.33 build
[2026-04-23T09:41:21.785Z] [stdout] > vite build
[2026-04-23T09:41:21.785Z] [stdout] 
[2026-04-23T09:41:22.107Z] [stdout] [36mvite v6.4.2 [32mbuilding for production...[36m[39m
[2026-04-23T09:41:22.151Z] [stdout] transforming...
[2026-04-23T09:41:32.575Z] [stderr] [33m[plugin vite:resolve] Module "crypto" has been externalized for browser compatibility, imported by "D:/Development/Rheolab/src/lib/utils/encryption.ts". See https://vite.dev/guide/troubleshooting.html#module-externalized-for-browser-compatibility for more details.[39m
[2026-04-23T09:41:33.930Z] [stdout] [32m✓[39m 2935 modules transformed.
[2026-04-23T09:41:34.148Z] [stdout] rendering chunks...
[2026-04-23T09:41:34.256Z] [stdout] computing gzip size...
[2026-04-23T09:41:34.272Z] [stdout] [2mdist/[22m[32mindex.html                                  [39m[1m[2m  1.70 kB[22m[1m[22m[2m │ gzip:  0.85 kB[22m
[2026-04-23T09:41:34.272Z] [stdout] [2mdist/[22m[35massets/report-save-Saz_VHki.css             [39m[1m[2m  1.63 kB[22m[1m[22m[2m │ gzip:  0.70 kB[22m
[2026-04-23T09:41:34.272Z] [stdout] [2mdist/[22m[35massets/main-B80SeU88.css                    [39m[1m[2m143.42 kB[22m[1m[22m[2m │ gzip: 20.70 kB[22m
[2026-04-23T09:41:34.272Z] [stdout] [2mdist/[22m[36massets/__vite-browser-external-BIHI7g3E.js  [39m[1m[2m  0.03 kB[22m[1m[22m[2m │ gzip:  0.05 kB[22m
[2026-04-23T09:41:34.272Z] [stdout] [2mdist/[22m[36massets/encryption-DiIbqtVc.js               [39m[1m[2m  0.14 kB[22m[1m[22m[2m │ gzip:  0.15 kB[22m
[2026-04-23T09:41:34.272Z] [stdout] [2mdist/[22m[36massets/page-ag22mqCL.js                     [39m[1m[2m  0.17 kB[22m[1m[22m[2m │ gzip:  0.16 kB[22m
[2026-04-23T09:41:34.272Z] [stdout] [2mdist/[22m[36massets/page-CdAzp9Ph.js                     [39m[1m[2m  0.20 kB[22m[1m[22m[2m │ gzip:  0.17 kB[22m
[2026-04-23T09:41:34.272Z] [stdout] [2mdist/[22m[36massets/tauri-bridge-CflVhHlO.js             [39m[1m[2m  0.27 kB[22m[1m[22m[2m │ gzip:  0.20 kB[22m
[2026-04-23T09:41:34.272Z] [stdout] [2mdist/[22m[36massets/check-sXXXFYZK.js                    [39m[1m[2m  0.29 kB[22m[1m[22m[2m │ gzip:  0.24 kB[22m
[2026-04-23T09:41:34.273Z] [stdout] [2mdist/[22m[36massets/chevron-up-CIE0keKC.js               [39m[1m[2m  0.30 kB[22m[1m[22m[2m │ gzip:  0.25 kB[22m
[2026-04-23T09:41:34.273Z] [stdout] [2mdist/[22m[36massets/chevron-down-CpoExbm0.js             [39m[1m[2m  0.30 kB[22m[1m[22m[2m │ gzip:  0.25 kB[22m
[2026-04-23T09:41:34.273Z] [stdout] [2mdist/[22m[36massets/plus-vjlcdQAh.js                     [39m[1m[2m  0.33 kB[22m[1m[22m[2m │ gzip:  0.25 kB[22m
[2026-04-23T09:41:34.273Z] [stdout] [2mdist/[22m[36massets/circle-check-CN_4Ud6B.js             [39m[1m[2m  0.35 kB[22m[1m[22m[2m │ gzip:  0.27 kB[22m
[2026-04-23T09:41:34.273Z] [stdout] [2mdist/[22m[36massets/rotate-ccw-Bv2r4tb7.js               [39m[1m[2m  0.37 kB[22m[1m[22m[2m │ gzip:  0.29 kB[22m
[2026-04-23T09:41:34.273Z] [stdout] [2mdist/[22m[36massets/upload-BCLU6wrT.js                   [39m[1m[2m  0.40 kB[22m[1m[22m[2m │ gzip:  0.30 kB[22m
[2026-04-23T09:41:34.273Z] [stdout] [2mdist/[22m[36massets/settings-2-BErexsUZ.js               [39m[1m[2m  0.42 kB[22m[1m[22m[2m │ gzip:  0.30 kB[22m
[2026-04-23T09:41:34.273Z] [stdout] [2mdist/[22m[36massets/circle-alert-Dv9mrH1Z.js             [39m[1m[2m  0.42 kB[22m[1m[22m[2m │ gzip:  0.29 kB[22m
[2026-04-23T09:41:34.273Z] [stdout] [2mdist/[22m[36massets/key-PscHlv86.js                      [39m[1m[2m  0.43 kB[22m[1m[22m[2m │ gzip:  0.32 kB[22m
[2026-04-23T09:41:34.273Z] [stdout] [2mdist/[22m[36massets/pencil-CSnFtSr8.js                   [39m[1m[2m  0.45 kB[22m[1m[22m[2m │ gzip:  0.33 kB[22m
[2026-04-23T09:41:34.273Z] [stdout] [2mdist/[22m[36massets/flask-conical-A2zMsx5p.js            [39m[1m[2m  0.47 kB[22m[1m[22m[2m │ gzip:  0.33 kB[22m
[2026-04-23T09:41:34.273Z] [stdout] [2mdist/[22m[36massets/trash-2-4I60CJHs.js                  [39m[1m[2m  0.50 kB[22m[1m[22m[2m │ gzip:  0.32 kB[22m
[2026-04-23T09:41:34.273Z] [stdout] [2mdist/[22m[36massets/file-down-CMXXSHIU.js                [39m[1m[2m  0.53 kB[22m[1m[22m[2m │ gzip:  0.35 kB[22m
[2026-04-23T09:41:34.273Z] [stdout] [2mdist/[22m[36massets/branding-store-BfUSQr6Y.js           [39m[1m[2m  0.54 kB[22m[1m[22m[2m │ gzip:  0.28 kB[22m
[2026-04-23T09:41:34.273Z] [stdout] [2mdist/[22m[36massets/building-2-BxiOYcAG.js               [39m[1m[2m  0.56 kB[22m[1m[22m[2m │ gzip:  0.34 kB[22m
[2026-04-23T09:41:34.273Z] [stdout] [2mdist/[22m[36massets/input-DBbRSRHj.js                    [39m[1m[2m  0.60 kB[22m[1m[22m[2m │ gzip:  0.38 kB[22m
[2026-04-23T09:41:34.274Z] [stdout] [2mdist/[22m[36massets/circle-x-eTQMYHT_.js                 [39m[1m[2m  0.69 kB[22m[1m[22m[2m │ gzip:  0.36 kB[22m
[2026-04-23T09:41:34.274Z] [stdout] [2mdist/[22m[36massets/user-DzkSR4qc.js                     [39m[1m[2m  0.74 kB[22m[1m[22m[2m │ gzip:  0.38 kB[22m
[2026-04-23T09:41:34.274Z] [stdout] [2mdist/[22m[36massets/client-D9G7zHD1.js                   [39m[1m[2m  0.75 kB[22m[1m[22m[2m │ gzip:  0.40 kB[22m
[2026-04-23T09:41:34.274Z] [stdout] [2mdist/[22m[36massets/calendar-Dgjhx6Vw.js                 [39m[1m[2m  0.79 kB[22m[1m[22m[2m │ gzip:  0.41 kB[22m
[2026-04-23T09:41:34.274Z] [stdout] [2mdist/[22m[36massets/useFocusTrap-DBIo29X4.js             [39m[1m[2m  0.84 kB[22m[1m[22m[2m │ gzip:  0.44 kB[22m
[2026-04-23T09:41:34.274Z] [stdout] [2mdist/[22m[36massets/search-C4VZqmPq.js                   [39m[1m[2m  0.89 kB[22m[1m[22m[2m │ gzip:  0.41 kB[22m
[2026-04-23T09:41:34.274Z] [stdout] [2mdist/[22m[36massets/update-install-BdpkCz3y.js           [39m[1m[2m  1.11 kB[22m[1m[22m[2m │ gzip:  0.62 kB[22m
[2026-04-23T09:41:34.274Z] [stdout] [2mdist/[22m[36massets/tabs-CyYjQlgA.js                     [39m[1m[2m  1.35 kB[22m[1m[22m[2m │ gzip:  0.51 kB[22m
[2026-04-23T09:41:34.274Z] [stdout] [2mdist/[22m[36massets/settings-DY1-PvSQ.js                 [39m[1m[2m  1.43 kB[22m[1m[22m[2m │ gzip:  0.53 kB[22m
[2026-04-23T09:41:34.274Z] [stdout] [2mdist/[22m[36massets/card-DxLHhHiE.js                     [39m[1m[2m  1.58 kB[22m[1m[22m[2m │ gzip:  0.67 kB[22m
[2026-04-23T09:41:34.275Z] [stdout] [2mdist/[22m[36massets/index-_MsvmsRB.js                    [39m[1m[2m  1.89 kB[22m[1m[22m[2m │ gzip:  0.92 kB[22m
[2026-04-23T09:41:34.275Z] [stdout] [2mdist/[22m[36massets/button-DbuQEtbY.js                   [39m[1m[2m  1.94 kB[22m[1m[22m[2m │ gzip:  0.96 kB[22m
[2026-04-23T09:41:34.275Z] [stdout] [2mdist/[22m[36massets/PrecisionSettingsCard-BR9Mhara.js    [39m[1m[2m  2.05 kB[22m[1m[22m[2m │ gzip:  0.98 kB[22m
[2026-04-23T09:41:34.275Z] [stdout] [2mdist/[22m[36massets/alert-dialog-BeZpTqhq.js             [39m[1m[2m  2.12 kB[22m[1m[22m[2m │ gzip:  0.77 kB[22m
[2026-04-23T09:41:34.275Z] [stdout] [2mdist/[22m[36massets/TrialBanner-DfuRhCRw.js              [39m[1m[2m  2.26 kB[22m[1m[22m[2m │ gzip:  1.22 kB[22m
[2026-04-23T09:41:34.275Z] [stdout] [2mdist/[22m[36massets/label-BcASUF_B.js                    [39m[1m[2m  2.52 kB[22m[1m[22m[2m │ gzip:  0.95 kB[22m
[2026-04-23T09:41:34.275Z] [stdout] [2mdist/[22m[36massets/BrandingManager-uDE60Tbe.js          [39m[1m[2m  2.55 kB[22m[1m[22m[2m │ gzip:  1.16 kB[22m
[2026-04-23T09:41:34.275Z] [stdout] [2mdist/[22m[36massets/UpdateChecker-DLrLFlrj.js            [39m[1m[2m  3.38 kB[22m[1m[22m[2m │ gzip:  1.45 kB[22m
[2026-04-23T09:41:34.275Z] [stdout] [2mdist/[22m[36massets/index-DpKSrMdl.js                    [39m[1m[2m  3.66 kB[22m[1m[22m[2m │ gzip:  1.34 kB[22m
[2026-04-23T09:41:34.275Z] [stdout] [2mdist/[22m[36massets/expert-settings-panel-ehlakOA_.js    [39m[1m[2m  3.89 kB[22m[1m[22m[2m │ gzip:  1.38 kB[22m
[2026-04-23T09:41:34.275Z] [stdout] [2mdist/[22m[36massets/UnitSystemCard-D-oYkLC2.js           [39m[1m[2m  4.22 kB[22m[1m[22m[2m │ gzip:  1.76 kB[22m
[2026-04-23T09:41:34.275Z] [stdout] [2mdist/[22m[36massets/settings-shared-Cjk_IZEw.js          [39m[1m[2m  4.51 kB[22m[1m[22m[2m │ gzip:  1.75 kB[22m
[2026-04-23T09:41:34.275Z] [stdout] [2mdist/[22m[36massets/LicenseActivationDialog-DZA2Z22Z.js  [39m[1m[2m  5.38 kB[22m[1m[22m[2m │ gzip:  2.14 kB[22m
[2026-04-23T09:41:34.275Z] [stdout] [2mdist/[22m[36massets/LaboratoryManager-BJq9SJT0.js        [39m[1m[2m  5.61 kB[22m[1m[22m[2m │ gzip:  1.96 kB[22m
[2026-04-23T09:41:34.275Z] [stdout] [2mdist/[22m[36massets/LogViewer-DVPNYY-_.js                [39m[1m[2m  5.76 kB[22m[1m[22m[2m │ gzip:  2.43 kB[22m
[2026-04-23T09:41:34.275Z] [stdout] [2mdist/[22m[36massets/BackupManager-HX-jVxGp.js            [39m[1m[2m  5.80 kB[22m[1m[22m[2m │ gzip:  2.23 kB[22m
[2026-04-23T09:41:34.275Z] [stdout] [2mdist/[22m[36massets/OperatorManager-CscGgSAq.js          [39m[1m[2m  5.91 kB[22m[1m[22m[2m │ gzip:  2.14 kB[22m
[2026-04-23T09:41:34.275Z] [stdout] [2mdist/[22m[36massets/chart-settings-store-BDE7LQtk.js     [39m[1m[2m  5.94 kB[22m[1m[22m[2m │ gzip:  2.06 kB[22m
[2026-04-23T09:41:34.276Z] [stdout] [2mdist/[22m[36massets/ExperimentExportImport-BXiwbU9M.js   [39m[1m[2m  7.77 kB[22m[1m[22m[2m │ gzip:  2.85 kB[22m
[2026-04-23T09:41:34.276Z] [stdout] [2mdist/[22m[36massets/ChartSettingsManager-CmfRx80w.js     [39m[1m[2m  7.89 kB[22m[1m[22m[2m │ gzip:  2.65 kB[22m
[2026-04-23T09:41:34.276Z] [stdout] [2mdist/[22m[36massets/APIKeyManager-OrmJ2yGU.js            [39m[1m[2m  8.79 kB[22m[1m[22m[2m │ gzip:  3.06 kB[22m
[2026-04-23T09:41:34.276Z] [stdout] [2mdist/[22m[36massets/client-B39MJbGt.js                   [39m[1m[2m  9.69 kB[22m[1m[22m[2m │ gzip:  3.95 kB[22m
[2026-04-23T09:41:34.276Z] [stdout] [2mdist/[22m[36massets/AppSettingsExporter-BQgqhCBT.js      [39m[1m[2m 11.11 kB[22m[1m[22m[2m │ gzip:  3.68 kB[22m
[2026-04-23T09:41:34.276Z] [stdout] [2mdist/[22m[36massets/ru-C8Cx8G0_.js                       [39m[1m[2m 12.58 kB[22m[1m[22m[2m │ gzip:  3.14 kB[22m
[2026-04-23T09:41:34.276Z] [stdout] [2mdist/[22m[36massets/useToast-D39B9C0b.js                 [39m[1m[2m 14.15 kB[22m[1m[22m[2m │ gzip:  5.63 kB[22m
[2026-04-23T09:41:34.276Z] [stdout] [2mdist/[22m[36massets/vendor-date-B1cgXEfA.js              [39m[1m[2m 20.00 kB[22m[1m[22m[2m │ gzip:  5.73 kB[22m
[2026-04-23T09:41:34.276Z] [stdout] [2mdist/[22m[36massets/page-rZohui4g.js                     [39m[1m[2m 26.53 kB[22m[1m[22m[2m │ gzip:  7.19 kB[22m
[2026-04-23T09:41:34.276Z] [stdout] [2mdist/[22m[36massets/report-save-DAgW2oEX.js              [39m[1m[2m 34.79 kB[22m[1m[22m[2m │ gzip: 11.81 kB[22m
[2026-04-23T09:41:34.276Z] [stdout] [2mdist/[22m[36massets/vendor-react-VsJEmFiX.js             [39m[1m[2m 48.76 kB[22m[1m[22m[2m │ gzip: 17.28 kB[22m
[2026-04-23T09:41:34.276Z] [stdout] [2mdist/[22m[36massets/vendor-charts-CziCK5UB.js            [39m[1m[2m 52.27 kB[22m[1m[22m[2m │ gzip: 23.28 kB[22m
[2026-04-23T09:41:34.276Z] [stdout] [2mdist/[22m[36massets/page-D0onCm8J.js                     [39m[1m[2m 57.60 kB[22m[1m[22m[2m │ gzip: 17.28 kB[22m
[2026-04-23T09:41:34.276Z] [stdout] [2mdist/[22m[36massets/page-BZmlUbhI.js                     [39m[1m[2m101.09 kB[22m[1m[22m[2m │ gzip: 25.94 kB[22m
[2026-04-23T09:41:34.276Z] [stdout] [2mdist/[22m[36massets/vendor-radix-wOjfjdRn.js             [39m[1m[2m113.50 kB[22m[1m[22m[2m │ gzip: 36.46 kB[22m
[2026-04-23T09:41:34.276Z] [stdout] [2mdist/[22m[36massets/DashboardContent-jrXBAdFr.js         [39m[1m[2m116.44 kB[22m[1m[22m[2m │ gzip: 30.31 kB[22m
[2026-04-23T09:41:34.276Z] [stdout] [2mdist/[22m[36massets/page-TilNFPyy.js                     [39m[1m[2m136.17 kB[22m[1m[22m[2m │ gzip: 39.38 kB[22m
[2026-04-23T09:41:34.277Z] [stdout] [2mdist/[22m[36massets/main-BsacffAu.js                     [39m[1m[2m271.87 kB[22m[1m[22m[2m │ gzip: 86.21 kB[22m
[2026-04-23T09:41:34.277Z] [stdout] [32m✓ built in 12.15s[39m
[2026-04-23T09:41:35.029Z] heartbeat: pid=5420 elapsed=15.0s
[2026-04-23T09:41:35.624Z] [stderr]    Compiling rheolab-core v0.1.0 (D:\Development\Rheolab\src\rust\rheolab-core)
[2026-04-23T09:41:39.286Z] [stderr]    Compiling rheolab-enterprise v0.2.0-beta.33 (D:\Development\Rheolab\src-tauri)
[2026-04-23T09:41:50.042Z] heartbeat: pid=5420 elapsed=30.0s
[2026-04-23T09:42:05.050Z] heartbeat: pid=5420 elapsed=45.0s
[2026-04-23T09:42:20.053Z] heartbeat: pid=5420 elapsed=60.0s
[2026-04-23T09:42:35.057Z] heartbeat: pid=5420 elapsed=75.0s
[2026-04-23T09:42:50.060Z] heartbeat: pid=5420 elapsed=90.1s
[2026-04-23T09:43:05.070Z] heartbeat: pid=5420 elapsed=105.1s
[2026-04-23T09:43:20.077Z] heartbeat: pid=5420 elapsed=120.1s
[2026-04-23T09:43:35.091Z] heartbeat: pid=5420 elapsed=135.1s
[2026-04-23T09:43:50.105Z] heartbeat: pid=5420 elapsed=150.1s
[2026-04-23T09:44:05.107Z] heartbeat: pid=5420 elapsed=165.1s
[2026-04-23T09:44:20.108Z] heartbeat: pid=5420 elapsed=180.1s
[2026-04-23T09:44:35.112Z] heartbeat: pid=5420 elapsed=195.1s
[2026-04-23T09:44:50.114Z] heartbeat: pid=5420 elapsed=210.1s
[2026-04-23T09:45:02.752Z] [stderr]     Finished `release` profile [optimized] target(s) in 3m 28s
[2026-04-23T09:45:02.797Z] [stderr]        Built application at: D:\Development\Rheolab\src-tauri\target\release\rheolab-enterprise.exe
[2026-04-23T09:45:02.798Z] [stderr]         Info Patching binary "D:\\Development\\Rheolab\\src-tauri\\target\\release\\rheolab-enterprise.exe" for type nsis
[2026-04-23T09:45:02.807Z] [stderr]         Warn Failed to add bundler type to the binary: __TAURI_BUNDLE_TYPE variable not found in binary. Make sure tauri crate and tauri-cli are up to date. Updater plugin may not be able to update this package. This shouldn't normally happen, please report it to https://github.com/tauri-apps/tauri/issues
[2026-04-23T09:45:02.808Z] [stderr]         Info Target: x64
[2026-04-23T09:45:02.818Z] [stderr]      Running makensis to produce D:\Development\Rheolab\src-tauri\target\release\bundle\nsis\RheoLab Enterprise_0.2.0-beta.33_x64-setup.exe
[2026-04-23T09:45:05.114Z] heartbeat: pid=5420 elapsed=225.1s
[2026-04-23T09:45:14.177Z] [stderr]     Finished 1 bundle at:
[2026-04-23T09:45:14.178Z] [stderr]         D:\Development\Rheolab\src-tauri\target\release\bundle\nsis\RheoLab Enterprise_0.2.0-beta.33_x64-setup.exe
[2026-04-23T09:45:14.178Z] [stderr] 
[2026-04-23T09:45:14.197Z] wrapper exit: code=0 signal=null elapsed=234.2s
[2026-04-23T09:45:14.199Z] post-build sign: signing RheoLab Enterprise_0.2.0-beta.33_x64-setup.exe
[2026-04-23T09:45:14.905Z] post-build sign: success → RheoLab Enterprise_0.2.0-beta.33_x64-setup.exe.sig
