[2026-04-19T02:52:34.503Z] wrapper start
[2026-04-19T02:52:34.503Z] cwd=D:\Development\Rheolab
[2026-04-19T02:52:34.503Z] command=npm.cmd exec tauri -- build
[2026-04-19T02:52:34.503Z] RHEOLAB_SKIP_VERSION_BUMP=1
[2026-04-19T02:52:34.504Z] INTEGRITY_SECRET_KEY present=true dev_sentinel=false
[2026-04-19T02:52:34.504Z] TAURI_SIGNING_PRIVATE_KEY present=true len=348
[2026-04-19T02:52:34.504Z] TAURI_SIGNING_PRIVATE_KEY_PASSWORD present=true
[2026-04-19T02:52:34.507Z] direct spawn failed (EINVAL), switching to shell fallback
[2026-04-19T02:52:34.508Z] using shell fallback: npm.cmd "exec" "tauri" "--" "build"
[2026-04-19T02:52:35.396Z] [stderr]         Info Looking up installed tauri packages to check mismatched versions...
[2026-04-19T02:52:36.207Z] [stderr]      Running beforeBuildCommand `npm run build`
[2026-04-19T02:52:36.462Z] [stdout] 
[2026-04-19T02:52:36.462Z] [stdout] > rheolab-enterprise@0.2.0-beta.10 build
[2026-04-19T02:52:36.463Z] [stdout] > vite build
[2026-04-19T02:52:36.463Z] [stdout] 
[2026-04-19T02:52:36.820Z] [stdout] [36mvite v6.4.1 [32mbuilding for production...[36m[39m
[2026-04-19T02:52:36.864Z] [stdout] transforming...
[2026-04-19T02:52:41.009Z] [stderr] [33m[plugin vite:resolve] Module "crypto" has been externalized for browser compatibility, imported by "D:/Development/Rheolab/src/lib/utils/encryption.ts". See https://vite.dev/guide/troubleshooting.html#module-externalized-for-browser-compatibility for more details.[39m
[2026-04-19T02:52:42.391Z] [stdout] [32m✓[39m 2910 modules transformed.
[2026-04-19T02:52:42.632Z] [stdout] rendering chunks...
[2026-04-19T02:52:42.766Z] [stdout] computing gzip size...
[2026-04-19T02:52:42.784Z] [stdout] [2mdist/[22m[32mindex.html                                  [39m[1m[2m  1.70 kB[22m[1m[22m[2m │ gzip:  0.85 kB[22m
[2026-04-19T02:52:42.787Z] [stdout] [2mdist/[22m[35massets/touch-point-Saz_VHki.css             [39m[1m[2m  1.63 kB[22m[1m[22m[2m │ gzip:  0.70 kB[22m
[2026-04-19T02:52:42.787Z] [stdout] [2mdist/[22m[35massets/main-ztzCWvFw.css                    [39m[1m[2m141.53 kB[22m[1m[22m[2m │ gzip: 20.44 kB[22m
[2026-04-19T02:52:42.787Z] [stdout] [2mdist/[22m[36massets/__vite-browser-external-BIHI7g3E.js  [39m[1m[2m  0.03 kB[22m[1m[22m[2m │ gzip:  0.05 kB[22m
[2026-04-19T02:52:42.787Z] [stdout] [2mdist/[22m[36massets/encryption-7rYuXnYD.js               [39m[1m[2m  0.14 kB[22m[1m[22m[2m │ gzip:  0.15 kB[22m
[2026-04-19T02:52:42.787Z] [stdout] [2mdist/[22m[36massets/page-ag22mqCL.js                     [39m[1m[2m  0.17 kB[22m[1m[22m[2m │ gzip:  0.16 kB[22m
[2026-04-19T02:52:42.787Z] [stdout] [2mdist/[22m[36massets/page-CdAzp9Ph.js                     [39m[1m[2m  0.20 kB[22m[1m[22m[2m │ gzip:  0.17 kB[22m
[2026-04-19T02:52:42.788Z] [stdout] [2mdist/[22m[36massets/tauri-bridge-CnIWqxH0.js             [39m[1m[2m  0.27 kB[22m[1m[22m[2m │ gzip:  0.20 kB[22m
[2026-04-19T02:52:42.788Z] [stdout] [2mdist/[22m[36massets/check-Dlxrl7IN.js                    [39m[1m[2m  0.29 kB[22m[1m[22m[2m │ gzip:  0.24 kB[22m
[2026-04-19T02:52:42.788Z] [stdout] [2mdist/[22m[36massets/chevron-up-BHzXCchN.js               [39m[1m[2m  0.30 kB[22m[1m[22m[2m │ gzip:  0.25 kB[22m
[2026-04-19T02:52:42.788Z] [stdout] [2mdist/[22m[36massets/chevron-down-BdYIhebv.js             [39m[1m[2m  0.30 kB[22m[1m[22m[2m │ gzip:  0.25 kB[22m
[2026-04-19T02:52:42.788Z] [stdout] [2mdist/[22m[36massets/plus-7DnTHE7E.js                     [39m[1m[2m  0.33 kB[22m[1m[22m[2m │ gzip:  0.25 kB[22m
[2026-04-19T02:52:42.788Z] [stdout] [2mdist/[22m[36massets/circle-check-BalOfHb5.js             [39m[1m[2m  0.35 kB[22m[1m[22m[2m │ gzip:  0.27 kB[22m
[2026-04-19T02:52:42.788Z] [stdout] [2mdist/[22m[36massets/branding-store-D73R438U.js           [39m[1m[2m  0.36 kB[22m[1m[22m[2m │ gzip:  0.23 kB[22m
[2026-04-19T02:52:42.788Z] [stdout] [2mdist/[22m[36massets/rotate-ccw-CYiMCecd.js               [39m[1m[2m  0.37 kB[22m[1m[22m[2m │ gzip:  0.29 kB[22m
[2026-04-19T02:52:42.788Z] [stdout] [2mdist/[22m[36massets/upload-B2z_Hi4q.js                   [39m[1m[2m  0.40 kB[22m[1m[22m[2m │ gzip:  0.30 kB[22m
[2026-04-19T02:52:42.788Z] [stdout] [2mdist/[22m[36massets/database-BtHv6Pgp.js                 [39m[1m[2m  0.42 kB[22m[1m[22m[2m │ gzip:  0.31 kB[22m
[2026-04-19T02:52:42.788Z] [stdout] [2mdist/[22m[36massets/settings-2-CjVA6jQs.js               [39m[1m[2m  0.42 kB[22m[1m[22m[2m │ gzip:  0.30 kB[22m
[2026-04-19T02:52:42.788Z] [stdout] [2mdist/[22m[36massets/circle-alert-CzWSQ7AP.js             [39m[1m[2m  0.42 kB[22m[1m[22m[2m │ gzip:  0.29 kB[22m
[2026-04-19T02:52:42.788Z] [stdout] [2mdist/[22m[36massets/key-Ci52Tiew.js                      [39m[1m[2m  0.43 kB[22m[1m[22m[2m │ gzip:  0.32 kB[22m
[2026-04-19T02:52:42.788Z] [stdout] [2mdist/[22m[36massets/pencil-Bq4glSqP.js                   [39m[1m[2m  0.45 kB[22m[1m[22m[2m │ gzip:  0.33 kB[22m
[2026-04-19T02:52:42.788Z] [stdout] [2mdist/[22m[36massets/flask-conical-Dn1KaVzm.js            [39m[1m[2m  0.47 kB[22m[1m[22m[2m │ gzip:  0.33 kB[22m
[2026-04-19T02:52:42.788Z] [stdout] [2mdist/[22m[36massets/trash-2-KGzoOyKx.js                  [39m[1m[2m  0.50 kB[22m[1m[22m[2m │ gzip:  0.32 kB[22m
[2026-04-19T02:52:42.788Z] [stdout] [2mdist/[22m[36massets/display-settings-store-zjpXwdRu.js   [39m[1m[2m  0.50 kB[22m[1m[22m[2m │ gzip:  0.31 kB[22m
[2026-04-19T02:52:42.789Z] [stdout] [2mdist/[22m[36massets/file-down-CkknFA1z.js                [39m[1m[2m  0.53 kB[22m[1m[22m[2m │ gzip:  0.35 kB[22m
[2026-04-19T02:52:42.789Z] [stdout] [2mdist/[22m[36massets/building-2-Bh9j536x.js               [39m[1m[2m  0.56 kB[22m[1m[22m[2m │ gzip:  0.34 kB[22m
[2026-04-19T02:52:42.789Z] [stdout] [2mdist/[22m[36massets/file-text-DButV7t9.js                [39m[1m[2m  0.56 kB[22m[1m[22m[2m │ gzip:  0.35 kB[22m
[2026-04-19T02:52:42.789Z] [stdout] [2mdist/[22m[36massets/input-C9aJvusl.js                    [39m[1m[2m  0.60 kB[22m[1m[22m[2m │ gzip:  0.38 kB[22m
[2026-04-19T02:52:42.789Z] [stdout] [2mdist/[22m[36massets/circle-x-DOxOoDtC.js                 [39m[1m[2m  0.69 kB[22m[1m[22m[2m │ gzip:  0.36 kB[22m
[2026-04-19T02:52:42.789Z] [stdout] [2mdist/[22m[36massets/client-BK9z_Kcr.js                   [39m[1m[2m  0.75 kB[22m[1m[22m[2m │ gzip:  0.40 kB[22m
[2026-04-19T02:52:42.789Z] [stdout] [2mdist/[22m[36massets/calendar-C3Bm9r3n.js                 [39m[1m[2m  0.79 kB[22m[1m[22m[2m │ gzip:  0.41 kB[22m
[2026-04-19T02:52:42.789Z] [stdout] [2mdist/[22m[36massets/useFocusTrap-DBIo29X4.js             [39m[1m[2m  0.84 kB[22m[1m[22m[2m │ gzip:  0.44 kB[22m
[2026-04-19T02:52:42.789Z] [stdout] [2mdist/[22m[36massets/search-BZChUMKT.js                   [39m[1m[2m  0.89 kB[22m[1m[22m[2m │ gzip:  0.42 kB[22m
[2026-04-19T02:52:42.789Z] [stdout] [2mdist/[22m[36massets/settings-B9JIb_jc.js                 [39m[1m[2m  0.98 kB[22m[1m[22m[2m │ gzip:  0.42 kB[22m
[2026-04-19T02:52:42.789Z] [stdout] [2mdist/[22m[36massets/ChartErrorBoundary-BYaV_zCA.js       [39m[1m[2m  1.16 kB[22m[1m[22m[2m │ gzip:  0.68 kB[22m
[2026-04-19T02:52:42.789Z] [stdout] [2mdist/[22m[36massets/card-DcSuLe6B.js                     [39m[1m[2m  1.58 kB[22m[1m[22m[2m │ gzip:  0.67 kB[22m
[2026-04-19T02:52:42.789Z] [stdout] [2mdist/[22m[36massets/index-BJQLW_8S.js                    [39m[1m[2m  1.89 kB[22m[1m[22m[2m │ gzip:  0.92 kB[22m
[2026-04-19T02:52:42.792Z] [stdout] [2mdist/[22m[36massets/button-Dd_4cGfq.js                   [39m[1m[2m  1.94 kB[22m[1m[22m[2m │ gzip:  0.96 kB[22m
[2026-04-19T02:52:42.793Z] [stdout] [2mdist/[22m[36massets/alert-dialog-DAW5gTLC.js             [39m[1m[2m  2.12 kB[22m[1m[22m[2m │ gzip:  0.77 kB[22m
[2026-04-19T02:52:42.793Z] [stdout] [2mdist/[22m[36massets/TrialBanner-DBQ_-05y.js              [39m[1m[2m  2.26 kB[22m[1m[22m[2m │ gzip:  1.22 kB[22m
[2026-04-19T02:52:42.793Z] [stdout] [2mdist/[22m[36massets/label-JryrDKXa.js                    [39m[1m[2m  2.52 kB[22m[1m[22m[2m │ gzip:  0.95 kB[22m
[2026-04-19T02:52:42.793Z] [stdout] [2mdist/[22m[36massets/BrandingManager-irILzZx3.js          [39m[1m[2m  2.55 kB[22m[1m[22m[2m │ gzip:  1.16 kB[22m
[2026-04-19T02:52:42.793Z] [stdout] [2mdist/[22m[36massets/index-B-WU6igk.js                    [39m[1m[2m  3.59 kB[22m[1m[22m[2m │ gzip:  1.31 kB[22m
[2026-04-19T02:52:42.793Z] [stdout] [2mdist/[22m[36massets/expert-settings-panel-iiCjDkWD.js    [39m[1m[2m  3.90 kB[22m[1m[22m[2m │ gzip:  1.39 kB[22m
[2026-04-19T02:52:42.793Z] [stdout] [2mdist/[22m[36massets/experiment-data-store-Ct9xR-ea.js    [39m[1m[2m  4.76 kB[22m[1m[22m[2m │ gzip:  1.89 kB[22m
[2026-04-19T02:52:42.793Z] [stdout] [2mdist/[22m[36massets/LicenseActivationDialog-CJp2LjDS.js  [39m[1m[2m  5.38 kB[22m[1m[22m[2m │ gzip:  2.14 kB[22m
[2026-04-19T02:52:42.793Z] [stdout] [2mdist/[22m[36massets/settings-shared-Cx0KKUji.js          [39m[1m[2m  5.39 kB[22m[1m[22m[2m │ gzip:  2.11 kB[22m
[2026-04-19T02:52:42.794Z] [stdout] [2mdist/[22m[36massets/chart-settings-store-CrST03y8.js     [39m[1m[2m  5.58 kB[22m[1m[22m[2m │ gzip:  1.58 kB[22m
[2026-04-19T02:52:42.794Z] [stdout] [2mdist/[22m[36massets/LaboratoryManager-CiVgliDg.js        [39m[1m[2m  5.61 kB[22m[1m[22m[2m │ gzip:  1.96 kB[22m
[2026-04-19T02:52:42.794Z] [stdout] [2mdist/[22m[36massets/LogViewer-YuC6UYdB.js                [39m[1m[2m  5.76 kB[22m[1m[22m[2m │ gzip:  2.43 kB[22m
[2026-04-19T02:52:42.794Z] [stdout] [2mdist/[22m[36massets/BackupManager-BcDavql_.js            [39m[1m[2m  5.80 kB[22m[1m[22m[2m │ gzip:  2.23 kB[22m
[2026-04-19T02:52:42.794Z] [stdout] [2mdist/[22m[36massets/OperatorManager-B-Ug9BE7.js          [39m[1m[2m  5.91 kB[22m[1m[22m[2m │ gzip:  2.15 kB[22m
[2026-04-19T02:52:42.794Z] [stdout] [2mdist/[22m[36massets/ReportSettingsManager-CwUWIGx2.js    [39m[1m[2m  6.44 kB[22m[1m[22m[2m │ gzip:  2.16 kB[22m
[2026-04-19T02:52:42.794Z] [stdout] [2mdist/[22m[36massets/ChartSettingsManager-BCBjVzsi.js     [39m[1m[2m  7.56 kB[22m[1m[22m[2m │ gzip:  2.35 kB[22m
[2026-04-19T02:52:42.794Z] [stdout] [2mdist/[22m[36massets/ExperimentExportImport-C64L030w.js   [39m[1m[2m  7.97 kB[22m[1m[22m[2m │ gzip:  2.95 kB[22m
[2026-04-19T02:52:42.794Z] [stdout] [2mdist/[22m[36massets/APIKeyManager-CYHiGfkc.js            [39m[1m[2m  8.79 kB[22m[1m[22m[2m │ gzip:  3.06 kB[22m
[2026-04-19T02:52:42.794Z] [stdout] [2mdist/[22m[36massets/client-Ci4ILFsN.js                   [39m[1m[2m  9.13 kB[22m[1m[22m[2m │ gzip:  3.65 kB[22m
[2026-04-19T02:52:42.794Z] [stdout] [2mdist/[22m[36massets/AppSettingsExporter-BRxCjW99.js      [39m[1m[2m 10.90 kB[22m[1m[22m[2m │ gzip:  3.62 kB[22m
[2026-04-19T02:52:42.794Z] [stdout] [2mdist/[22m[36massets/ru-C8Cx8G0_.js                       [39m[1m[2m 12.58 kB[22m[1m[22m[2m │ gzip:  3.14 kB[22m
[2026-04-19T02:52:42.794Z] [stdout] [2mdist/[22m[36massets/touch-point-Bh_i_m4P.js              [39m[1m[2m 14.00 kB[22m[1m[22m[2m │ gzip:  5.72 kB[22m
[2026-04-19T02:52:42.794Z] [stdout] [2mdist/[22m[36massets/useToast-CbBQcFdk.js                 [39m[1m[2m 14.15 kB[22m[1m[22m[2m │ gzip:  5.63 kB[22m
[2026-04-19T02:52:42.794Z] [stdout] [2mdist/[22m[36massets/vendor-date-B1cgXEfA.js              [39m[1m[2m 20.00 kB[22m[1m[22m[2m │ gzip:  5.73 kB[22m
[2026-04-19T02:52:42.795Z] [stdout] [2mdist/[22m[36massets/rheology-chart-uplot-O2hlPm--.js     [39m[1m[2m 22.17 kB[22m[1m[22m[2m │ gzip:  7.25 kB[22m
[2026-04-19T02:52:42.795Z] [stdout] [2mdist/[22m[36massets/page-B2NLd6XY.js                     [39m[1m[2m 29.14 kB[22m[1m[22m[2m │ gzip:  7.71 kB[22m
[2026-04-19T02:52:42.795Z] [stdout] [2mdist/[22m[36massets/page-DOlTBxTX.js                     [39m[1m[2m 30.24 kB[22m[1m[22m[2m │ gzip:  8.02 kB[22m
[2026-04-19T02:52:42.795Z] [stdout] [2mdist/[22m[36massets/page-DvnXhDvZ.js                     [39m[1m[2m 40.93 kB[22m[1m[22m[2m │ gzip: 13.08 kB[22m
[2026-04-19T02:52:42.795Z] [stdout] [2mdist/[22m[36massets/vendor-react-VsJEmFiX.js             [39m[1m[2m 48.76 kB[22m[1m[22m[2m │ gzip: 17.28 kB[22m
[2026-04-19T02:52:42.795Z] [stdout] [2mdist/[22m[36massets/vendor-charts-CziCK5UB.js            [39m[1m[2m 52.27 kB[22m[1m[22m[2m │ gzip: 23.28 kB[22m
[2026-04-19T02:52:42.795Z] [stdout] [2mdist/[22m[36massets/DashboardContent-Da2Jg1pD.js         [39m[1m[2m 79.32 kB[22m[1m[22m[2m │ gzip: 20.08 kB[22m
[2026-04-19T02:52:42.795Z] [stdout] [2mdist/[22m[36massets/page-B1hPHjKW.js                     [39m[1m[2m 92.70 kB[22m[1m[22m[2m │ gzip: 23.29 kB[22m
[2026-04-19T02:52:42.795Z] [stdout] [2mdist/[22m[36massets/vendor-radix-wOjfjdRn.js             [39m[1m[2m113.50 kB[22m[1m[22m[2m │ gzip: 36.46 kB[22m
[2026-04-19T02:52:42.795Z] [stdout] [2mdist/[22m[36massets/page-Qwpnd8lL.js                     [39m[1m[2m128.32 kB[22m[1m[22m[2m │ gzip: 36.84 kB[22m
[2026-04-19T02:52:42.795Z] [stdout] [2mdist/[22m[36massets/main-BBX-fZap.js                     [39m[1m[2m278.90 kB[22m[1m[22m[2m │ gzip: 88.66 kB[22m
[2026-04-19T02:52:42.795Z] [stdout] [32m✓ built in 5.96s[39m
[2026-04-19T02:52:49.521Z] heartbeat: pid=11692 elapsed=15.0s
[2026-04-19T02:53:04.525Z] heartbeat: pid=11692 elapsed=30.0s
[2026-04-19T02:53:05.695Z] [stderr]    Compiling rheolab-enterprise v0.2.0-beta.10 (D:\Development\Rheolab\src-tauri)
[2026-04-19T02:53:19.540Z] heartbeat: pid=11692 elapsed=45.0s
[2026-04-27T02:53:28.978Z] heartbeat: pid=11692 elapsed=691254.5s
[2026-04-27T02:53:43.982Z] heartbeat: pid=11692 elapsed=691269.5s
[2026-04-27T02:53:58.982Z] heartbeat: pid=11692 elapsed=691284.5s
[2026-04-27T02:54:13.986Z] heartbeat: pid=11692 elapsed=691299.5s
[2026-04-27T02:54:28.992Z] heartbeat: pid=11692 elapsed=691314.5s
[2026-04-27T02:54:44.000Z] heartbeat: pid=11692 elapsed=691329.5s
[2026-04-27T02:54:59.022Z] heartbeat: pid=11692 elapsed=691344.5s
[2026-04-27T02:55:14.044Z] heartbeat: pid=11692 elapsed=691359.5s
[2026-04-27T02:55:29.055Z] heartbeat: pid=11692 elapsed=691374.6s
[2026-04-27T02:55:44.059Z] heartbeat: pid=11692 elapsed=691389.6s
[2026-04-27T02:55:59.066Z] heartbeat: pid=11692 elapsed=691404.6s
[2026-04-27T02:56:14.068Z] heartbeat: pid=11692 elapsed=691419.6s
[2026-04-27T02:56:25.656Z] [stderr]     Finished `release` profile [optimized] target(s) in 3m 48s
[2026-04-27T02:56:25.701Z] [stderr]        Built application at: D:\Development\Rheolab\src-tauri\target\release\rheolab-enterprise.exe
[2026-04-27T02:56:25.702Z] [stderr]         Info Patching binary "D:\\Development\\Rheolab\\src-tauri\\target\\release\\rheolab-enterprise.exe" for type nsis
[2026-04-27T02:56:25.728Z] [stderr]         Info Target: x64
[2026-04-27T02:56:25.738Z] [stderr]      Running makensis to produce D:\Development\Rheolab\src-tauri\target\release\bundle\nsis\RheoLab Enterprise_0.2.0-beta.10_x64-setup.exe
[2026-04-27T02:56:29.073Z] heartbeat: pid=11692 elapsed=691434.6s
[2026-04-27T02:56:39.272Z] [stderr]     Finished 1 bundle at:
[2026-04-27T02:56:39.272Z] [stderr]         D:\Development\Rheolab\src-tauri\target\release\bundle\nsis\RheoLab Enterprise_0.2.0-beta.10_x64-setup.exe
[2026-04-27T02:56:39.272Z] [stderr] 
[2026-04-27T02:56:39.294Z] wrapper exit: code=0 signal=null elapsed=691444.8s
[2026-04-27T02:56:39.295Z] post-build sign: signing RheoLab Enterprise_0.2.0-beta.10_x64-setup.exe
[2026-04-27T02:56:40.056Z] post-build sign: success → RheoLab Enterprise_0.2.0-beta.10_x64-setup.exe.sig
