[2026-04-21T09:57:58.756Z] wrapper start
[2026-04-21T09:57:58.757Z] cwd=D:\Development\Rheolab
[2026-04-21T09:57:58.757Z] command=npm.cmd exec tauri -- build
[2026-04-21T09:57:58.757Z] RHEOLAB_SKIP_VERSION_BUMP=1
[2026-04-21T09:57:58.757Z] INTEGRITY_SECRET_KEY present=true dev_sentinel=false
[2026-04-21T09:57:58.757Z] TAURI_SIGNING_PRIVATE_KEY present=true len=348
[2026-04-21T09:57:58.757Z] TAURI_SIGNING_PRIVATE_KEY_PASSWORD present=true
[2026-04-21T09:57:58.761Z] direct spawn failed (EINVAL), switching to shell fallback
[2026-04-21T09:57:58.761Z] using shell fallback: npm.cmd "exec" "tauri" "--" "build"
[2026-04-21T09:58:00.587Z] [stderr]         Info Looking up installed tauri packages to check mismatched versions...
[2026-04-21T09:58:01.303Z] [stderr]      Running beforeBuildCommand `npm run build`
[2026-04-21T09:58:01.537Z] [stdout] 
[2026-04-21T09:58:01.537Z] [stdout] > rheolab-enterprise@0.2.0-beta.14 build
[2026-04-21T09:58:01.537Z] [stdout] > vite build
[2026-04-21T09:58:01.537Z] [stdout] 
[2026-04-21T09:58:01.935Z] [stdout] [36mvite v6.4.1 [32mbuilding for production...[36m[39m
[2026-04-21T09:58:02.014Z] [stdout] transforming...
[2026-04-21T09:58:07.112Z] [stderr] [33m[plugin vite:resolve] Module "crypto" has been externalized for browser compatibility, imported by "D:/Development/Rheolab/src/lib/utils/encryption.ts". See https://vite.dev/guide/troubleshooting.html#module-externalized-for-browser-compatibility for more details.[39m
[2026-04-21T09:58:08.506Z] [stdout] [32m✓[39m 2909 modules transformed.
[2026-04-21T09:58:08.711Z] [stdout] rendering chunks...
[2026-04-21T09:58:08.817Z] [stdout] computing gzip size...
[2026-04-21T09:58:08.833Z] [stdout] [2mdist/[22m[32mindex.html                                  [39m[1m[2m  1.70 kB[22m[1m[22m[2m │ gzip:  0.86 kB[22m
[2026-04-21T09:58:08.835Z] [stdout] [2mdist/[22m[35massets/ChartErrorBoundary-Saz_VHki.css      [39m[1m[2m  1.63 kB[22m[1m[22m[2m │ gzip:  0.70 kB[22m
[2026-04-21T09:58:08.835Z] [stdout] [2mdist/[22m[35massets/main-BL55LwT_.css                    [39m[1m[2m141.53 kB[22m[1m[22m[2m │ gzip: 20.44 kB[22m
[2026-04-21T09:58:08.835Z] [stdout] [2mdist/[22m[36massets/__vite-browser-external-BIHI7g3E.js  [39m[1m[2m  0.03 kB[22m[1m[22m[2m │ gzip:  0.05 kB[22m
[2026-04-21T09:58:08.835Z] [stdout] [2mdist/[22m[36massets/encryption-4E8xFnVE.js               [39m[1m[2m  0.14 kB[22m[1m[22m[2m │ gzip:  0.15 kB[22m
[2026-04-21T09:58:08.836Z] [stdout] [2mdist/[22m[36massets/page-ag22mqCL.js                     [39m[1m[2m  0.17 kB[22m[1m[22m[2m │ gzip:  0.16 kB[22m
[2026-04-21T09:58:08.836Z] [stdout] [2mdist/[22m[36massets/page-CdAzp9Ph.js                     [39m[1m[2m  0.20 kB[22m[1m[22m[2m │ gzip:  0.17 kB[22m
[2026-04-21T09:58:08.836Z] [stdout] [2mdist/[22m[36massets/tauri-bridge-Che6inGh.js             [39m[1m[2m  0.27 kB[22m[1m[22m[2m │ gzip:  0.20 kB[22m
[2026-04-21T09:58:08.836Z] [stdout] [2mdist/[22m[36massets/check-BOMZ4cAu.js                    [39m[1m[2m  0.29 kB[22m[1m[22m[2m │ gzip:  0.24 kB[22m
[2026-04-21T09:58:08.836Z] [stdout] [2mdist/[22m[36massets/chevron-down-BbUaptpl.js             [39m[1m[2m  0.30 kB[22m[1m[22m[2m │ gzip:  0.25 kB[22m
[2026-04-21T09:58:08.836Z] [stdout] [2mdist/[22m[36massets/plus-SWJ5NE47.js                     [39m[1m[2m  0.33 kB[22m[1m[22m[2m │ gzip:  0.25 kB[22m
[2026-04-21T09:58:08.836Z] [stdout] [2mdist/[22m[36massets/circle-check-1xWlV9My.js             [39m[1m[2m  0.35 kB[22m[1m[22m[2m │ gzip:  0.27 kB[22m
[2026-04-21T09:58:08.836Z] [stdout] [2mdist/[22m[36massets/rotate-ccw-BQ7qFVVR.js               [39m[1m[2m  0.37 kB[22m[1m[22m[2m │ gzip:  0.29 kB[22m
[2026-04-21T09:58:08.836Z] [stdout] [2mdist/[22m[36massets/upload-BpOP-5e7.js                   [39m[1m[2m  0.40 kB[22m[1m[22m[2m │ gzip:  0.30 kB[22m
[2026-04-21T09:58:08.836Z] [stdout] [2mdist/[22m[36massets/database-D9fFhBtN.js                 [39m[1m[2m  0.42 kB[22m[1m[22m[2m │ gzip:  0.31 kB[22m
[2026-04-21T09:58:08.836Z] [stdout] [2mdist/[22m[36massets/settings-2-DJscAgQm.js               [39m[1m[2m  0.42 kB[22m[1m[22m[2m │ gzip:  0.30 kB[22m
[2026-04-21T09:58:08.836Z] [stdout] [2mdist/[22m[36massets/circle-alert-B2FoYHEY.js             [39m[1m[2m  0.42 kB[22m[1m[22m[2m │ gzip:  0.29 kB[22m
[2026-04-21T09:58:08.836Z] [stdout] [2mdist/[22m[36massets/key-2G2D3ShY.js                      [39m[1m[2m  0.43 kB[22m[1m[22m[2m │ gzip:  0.32 kB[22m
[2026-04-21T09:58:08.836Z] [stdout] [2mdist/[22m[36massets/pencil-BsRtjR3O.js                   [39m[1m[2m  0.45 kB[22m[1m[22m[2m │ gzip:  0.33 kB[22m
[2026-04-21T09:58:08.837Z] [stdout] [2mdist/[22m[36massets/flask-conical-BNKOdMRG.js            [39m[1m[2m  0.47 kB[22m[1m[22m[2m │ gzip:  0.33 kB[22m
[2026-04-21T09:58:08.837Z] [stdout] [2mdist/[22m[36massets/trash-2-B-fWbQJE.js                  [39m[1m[2m  0.50 kB[22m[1m[22m[2m │ gzip:  0.32 kB[22m
[2026-04-21T09:58:08.837Z] [stdout] [2mdist/[22m[36massets/building-2-5CD3Fw1J.js               [39m[1m[2m  0.56 kB[22m[1m[22m[2m │ gzip:  0.34 kB[22m
[2026-04-21T09:58:08.837Z] [stdout] [2mdist/[22m[36massets/ruler-C--LOBW1.js                    [39m[1m[2m  0.57 kB[22m[1m[22m[2m │ gzip:  0.35 kB[22m
[2026-04-21T09:58:08.837Z] [stdout] [2mdist/[22m[36massets/input-hHxoEN_R.js                    [39m[1m[2m  0.60 kB[22m[1m[22m[2m │ gzip:  0.38 kB[22m
[2026-04-21T09:58:08.837Z] [stdout] [2mdist/[22m[36massets/circle-x-9AbwF0ik.js                 [39m[1m[2m  0.69 kB[22m[1m[22m[2m │ gzip:  0.35 kB[22m
[2026-04-21T09:58:08.837Z] [stdout] [2mdist/[22m[36massets/client-CPvxY2x-.js                   [39m[1m[2m  0.75 kB[22m[1m[22m[2m │ gzip:  0.40 kB[22m
[2026-04-21T09:58:08.837Z] [stdout] [2mdist/[22m[36massets/calendar-DWHqjk7U.js                 [39m[1m[2m  0.79 kB[22m[1m[22m[2m │ gzip:  0.41 kB[22m
[2026-04-21T09:58:08.837Z] [stdout] [2mdist/[22m[36massets/useFocusTrap-DBIo29X4.js             [39m[1m[2m  0.84 kB[22m[1m[22m[2m │ gzip:  0.44 kB[22m
[2026-04-21T09:58:08.837Z] [stdout] [2mdist/[22m[36massets/search-Bunzpko6.js                   [39m[1m[2m  0.89 kB[22m[1m[22m[2m │ gzip:  0.41 kB[22m
[2026-04-21T09:58:08.837Z] [stdout] [2mdist/[22m[36massets/card-CQ6weWCI.js                     [39m[1m[2m  1.06 kB[22m[1m[22m[2m │ gzip:  0.41 kB[22m
[2026-04-21T09:58:08.837Z] [stdout] [2mdist/[22m[36massets/branding-store-CXCwGpeH.js           [39m[1m[2m  1.36 kB[22m[1m[22m[2m │ gzip:  0.59 kB[22m
[2026-04-21T09:58:08.837Z] [stdout] [2mdist/[22m[36massets/UnitSystemCard-CAHpxpX6.js           [39m[1m[2m  1.82 kB[22m[1m[22m[2m │ gzip:  1.01 kB[22m
[2026-04-21T09:58:08.837Z] [stdout] [2mdist/[22m[36massets/index-BhNO0_tX.js                    [39m[1m[2m  1.89 kB[22m[1m[22m[2m │ gzip:  0.92 kB[22m
[2026-04-21T09:58:08.837Z] [stdout] [2mdist/[22m[36massets/button-C3cG3LgT.js                   [39m[1m[2m  1.94 kB[22m[1m[22m[2m │ gzip:  0.96 kB[22m
[2026-04-21T09:58:08.838Z] [stdout] [2mdist/[22m[36massets/alert-dialog-Dsste90A.js             [39m[1m[2m  2.12 kB[22m[1m[22m[2m │ gzip:  0.77 kB[22m
[2026-04-21T09:58:08.838Z] [stdout] [2mdist/[22m[36massets/TrialBanner-BD0tHNsR.js              [39m[1m[2m  2.26 kB[22m[1m[22m[2m │ gzip:  1.22 kB[22m
[2026-04-21T09:58:08.838Z] [stdout] [2mdist/[22m[36massets/label-DR_QGUR7.js                    [39m[1m[2m  2.52 kB[22m[1m[22m[2m │ gzip:  0.95 kB[22m
[2026-04-21T09:58:08.838Z] [stdout] [2mdist/[22m[36massets/BrandingManager-Co7_QxjI.js          [39m[1m[2m  2.55 kB[22m[1m[22m[2m │ gzip:  1.16 kB[22m
[2026-04-21T09:58:08.838Z] [stdout] [2mdist/[22m[36massets/index-Cb6epGJR.js                    [39m[1m[2m  3.59 kB[22m[1m[22m[2m │ gzip:  1.31 kB[22m
[2026-04-21T09:58:08.840Z] [stdout] [2mdist/[22m[36massets/expert-settings-panel-BhJ-PDlz.js    [39m[1m[2m  3.90 kB[22m[1m[22m[2m │ gzip:  1.39 kB[22m
[2026-04-21T09:58:08.840Z] [stdout] [2mdist/[22m[36massets/chart-settings-store-DhKXIDIb.js     [39m[1m[2m  3.95 kB[22m[1m[22m[2m │ gzip:  1.40 kB[22m
[2026-04-21T09:58:08.840Z] [stdout] [2mdist/[22m[36massets/LicenseActivationDialog-mxrRiw7d.js  [39m[1m[2m  5.38 kB[22m[1m[22m[2m │ gzip:  2.14 kB[22m
[2026-04-21T09:58:08.840Z] [stdout] [2mdist/[22m[36massets/LaboratoryManager-CCitzSMq.js        [39m[1m[2m  5.61 kB[22m[1m[22m[2m │ gzip:  1.96 kB[22m
[2026-04-21T09:58:08.840Z] [stdout] [2mdist/[22m[36massets/LogViewer-hrMYcCUE.js                [39m[1m[2m  5.76 kB[22m[1m[22m[2m │ gzip:  2.43 kB[22m
[2026-04-21T09:58:08.840Z] [stdout] [2mdist/[22m[36massets/BackupManager-fQNwtnQD.js            [39m[1m[2m  5.80 kB[22m[1m[22m[2m │ gzip:  2.23 kB[22m
[2026-04-21T09:58:08.840Z] [stdout] [2mdist/[22m[36massets/OperatorManager-D5kz3pR8.js          [39m[1m[2m  5.91 kB[22m[1m[22m[2m │ gzip:  2.15 kB[22m
[2026-04-21T09:58:08.840Z] [stdout] [2mdist/[22m[36massets/ExperimentExportImport-DFzCa7J0.js   [39m[1m[2m  8.33 kB[22m[1m[22m[2m │ gzip:  2.94 kB[22m
[2026-04-21T09:58:08.840Z] [stdout] [2mdist/[22m[36massets/APIKeyManager-w-FUwXCx.js            [39m[1m[2m  8.79 kB[22m[1m[22m[2m │ gzip:  3.06 kB[22m
[2026-04-21T09:58:08.841Z] [stdout] [2mdist/[22m[36massets/client-ZolUwOE4.js                   [39m[1m[2m  9.13 kB[22m[1m[22m[2m │ gzip:  3.65 kB[22m
[2026-04-21T09:58:08.841Z] [stdout] [2mdist/[22m[36massets/AppSettingsExporter-xe2n6ahb.js      [39m[1m[2m 10.98 kB[22m[1m[22m[2m │ gzip:  3.62 kB[22m
[2026-04-21T09:58:08.841Z] [stdout] [2mdist/[22m[36massets/ru-C8Cx8G0_.js                       [39m[1m[2m 12.58 kB[22m[1m[22m[2m │ gzip:  3.14 kB[22m
[2026-04-21T09:58:08.841Z] [stdout] [2mdist/[22m[36massets/ChartSettingsManager-DKXtVHYs.js     [39m[1m[2m 13.64 kB[22m[1m[22m[2m │ gzip:  4.16 kB[22m
[2026-04-21T09:58:08.841Z] [stdout] [2mdist/[22m[36massets/useToast-DLeCJURb.js                 [39m[1m[2m 14.36 kB[22m[1m[22m[2m │ gzip:  5.65 kB[22m
[2026-04-21T09:58:08.841Z] [stdout] [2mdist/[22m[36massets/ChartErrorBoundary-DfZ1B3LC.js       [39m[1m[2m 15.03 kB[22m[1m[22m[2m │ gzip:  6.27 kB[22m
[2026-04-21T09:58:08.841Z] [stdout] [2mdist/[22m[36massets/vendor-date-B1cgXEfA.js              [39m[1m[2m 20.00 kB[22m[1m[22m[2m │ gzip:  5.73 kB[22m
[2026-04-21T09:58:08.841Z] [stdout] [2mdist/[22m[36massets/page-BwpXfFD9.js                     [39m[1m[2m 29.45 kB[22m[1m[22m[2m │ gzip:  7.71 kB[22m
[2026-04-21T09:58:08.841Z] [stdout] [2mdist/[22m[36massets/page-C9ggA8lO.js                     [39m[1m[2m 40.89 kB[22m[1m[22m[2m │ gzip: 13.06 kB[22m
[2026-04-21T09:58:08.841Z] [stdout] [2mdist/[22m[36massets/vendor-react-VsJEmFiX.js             [39m[1m[2m 48.76 kB[22m[1m[22m[2m │ gzip: 17.28 kB[22m
[2026-04-21T09:58:08.841Z] [stdout] [2mdist/[22m[36massets/vendor-charts-CziCK5UB.js            [39m[1m[2m 52.27 kB[22m[1m[22m[2m │ gzip: 23.28 kB[22m
[2026-04-21T09:58:08.841Z] [stdout] [2mdist/[22m[36massets/page-CYiB_zIO.js                     [39m[1m[2m 92.70 kB[22m[1m[22m[2m │ gzip: 23.30 kB[22m
[2026-04-21T09:58:08.841Z] [stdout] [2mdist/[22m[36massets/vendor-radix-wOjfjdRn.js             [39m[1m[2m113.50 kB[22m[1m[22m[2m │ gzip: 36.46 kB[22m
[2026-04-21T09:58:08.842Z] [stdout] [2mdist/[22m[36massets/DashboardContent-Dz5Uir9E.js         [39m[1m[2m123.20 kB[22m[1m[22m[2m │ gzip: 32.04 kB[22m
[2026-04-21T09:58:08.842Z] [stdout] [2mdist/[22m[36massets/page-Bb7qDski.js                     [39m[1m[2m132.65 kB[22m[1m[22m[2m │ gzip: 38.24 kB[22m
[2026-04-21T09:58:08.842Z] [stdout] [2mdist/[22m[36massets/main-q21Qtd8b.js                     [39m[1m[2m278.24 kB[22m[1m[22m[2m │ gzip: 88.44 kB[22m
[2026-04-21T09:58:08.842Z] [stdout] [32m✓ built in 6.88s[39m
[2026-04-21T09:58:13.779Z] heartbeat: pid=11844 elapsed=15.0s
[2026-04-21T09:58:28.790Z] heartbeat: pid=11844 elapsed=30.0s
[2026-04-21T09:58:37.314Z] [stderr]    Compiling rheolab-enterprise v0.2.0-beta.14 (D:\Development\Rheolab\src-tauri)
[2026-04-21T09:58:43.806Z] heartbeat: pid=11844 elapsed=45.0s
[2026-04-21T09:58:58.821Z] heartbeat: pid=11844 elapsed=60.1s
[2026-04-21T09:59:13.822Z] heartbeat: pid=11844 elapsed=75.1s
[2026-04-21T09:59:28.834Z] heartbeat: pid=11844 elapsed=90.1s
[2026-04-21T09:59:43.847Z] heartbeat: pid=11844 elapsed=105.1s
[2026-04-21T09:59:58.849Z] heartbeat: pid=11844 elapsed=120.1s
[2026-04-21T10:00:13.864Z] heartbeat: pid=11844 elapsed=135.1s
[2026-04-21T10:00:28.877Z] heartbeat: pid=11844 elapsed=150.1s
[2026-04-21T10:00:44.212Z] heartbeat: pid=11844 elapsed=165.5s
[2026-04-21T10:00:59.236Z] heartbeat: pid=11844 elapsed=180.5s
[2026-04-21T10:01:14.239Z] heartbeat: pid=11844 elapsed=195.5s
[2026-04-21T10:01:29.246Z] heartbeat: pid=11844 elapsed=210.5s
[2026-04-21T10:01:44.253Z] heartbeat: pid=11844 elapsed=225.5s
[2026-04-21T10:01:59.266Z] heartbeat: pid=11844 elapsed=240.5s
[2026-04-21T10:02:14.273Z] heartbeat: pid=11844 elapsed=255.5s
[2026-04-21T10:02:17.862Z] [stderr]     Finished `release` profile [optimized] target(s) in 4m 08s
[2026-04-21T10:02:17.909Z] [stderr]        Built application at: D:\Development\Rheolab\src-tauri\target\release\rheolab-enterprise.exe
[2026-04-21T10:02:17.910Z] [stderr]         Info Patching binary "D:\\Development\\Rheolab\\src-tauri\\target\\release\\rheolab-enterprise.exe" for type nsis
[2026-04-21T10:02:17.935Z] [stderr]         Info Target: x64
[2026-04-21T10:02:17.950Z] [stderr]      Running makensis to produce D:\Development\Rheolab\src-tauri\target\release\bundle\nsis\RheoLab Enterprise_0.2.0-beta.14_x64-setup.exe
[2026-04-21T10:02:29.278Z] heartbeat: pid=11844 elapsed=270.5s
[2026-04-21T10:02:32.372Z] [stderr]     Finished 1 bundle at:
[2026-04-21T10:02:32.373Z] [stderr]         D:\Development\Rheolab\src-tauri\target\release\bundle\nsis\RheoLab Enterprise_0.2.0-beta.14_x64-setup.exe
[2026-04-21T10:02:32.373Z] [stderr] 
[2026-04-21T10:02:32.395Z] wrapper exit: code=0 signal=null elapsed=273.6s
[2026-04-21T10:02:32.396Z] post-build sign: signing RheoLab Enterprise_0.2.0-beta.14_x64-setup.exe
[2026-04-21T10:02:33.124Z] post-build sign: success → RheoLab Enterprise_0.2.0-beta.14_x64-setup.exe.sig
