[2026-04-23T15:04:54.941Z] wrapper start
[2026-04-23T15:04:54.941Z] cwd=D:\Development\Rheolab
[2026-04-23T15:04:54.941Z] command=npm.cmd exec tauri -- build
[2026-04-23T15:04:54.941Z] RHEOLAB_SKIP_VERSION_BUMP=
[2026-04-23T15:04:54.941Z] INTEGRITY_SECRET_KEY present=true dev_sentinel=false
[2026-04-23T15:04:54.942Z] TAURI_SIGNING_PRIVATE_KEY present=true len=348
[2026-04-23T15:04:54.942Z] TAURI_SIGNING_PRIVATE_KEY_PASSWORD present=true
[2026-04-23T15:04:54.943Z] direct spawn failed (EINVAL), switching to shell fallback
[2026-04-23T15:04:54.943Z] using shell fallback: npm.cmd "exec" "tauri" "--" "build"
[2026-04-23T15:04:55.691Z] [stderr]         Info Looking up installed tauri packages to check mismatched versions...
[2026-04-23T15:04:56.476Z] [stderr]      Running beforeBuildCommand `npm run build`
[2026-04-23T15:04:56.721Z] [stdout] 
[2026-04-23T15:04:56.722Z] [stdout] > rheolab-enterprise@0.2.0-beta.35 build
[2026-04-23T15:04:56.722Z] [stdout] > vite build
[2026-04-23T15:04:56.722Z] [stdout] 
[2026-04-23T15:04:57.057Z] [stdout] [36mvite v6.4.2 [32mbuilding for production...[36m[39m
[2026-04-23T15:04:57.109Z] [stdout] transforming...
[2026-04-23T15:05:07.455Z] [stderr] [33m[plugin vite:resolve] Module "crypto" has been externalized for browser compatibility, imported by "D:/Development/Rheolab/src/lib/utils/encryption.ts". See https://vite.dev/guide/troubleshooting.html#module-externalized-for-browser-compatibility for more details.[39m
[2026-04-23T15:05:08.680Z] [stdout] [32m✓[39m 2935 modules transformed.
[2026-04-23T15:05:08.889Z] [stdout] rendering chunks...
[2026-04-23T15:05:08.991Z] [stdout] computing gzip size...
[2026-04-23T15:05:09.005Z] [stdout] [2mdist/[22m[32mindex.html                                  [39m[1m[2m  1.70 kB[22m[1m[22m[2m │ gzip:  0.85 kB[22m
[2026-04-23T15:05:09.008Z] [stdout] [2mdist/[22m[35massets/report-save-Saz_VHki.css             [39m[1m[2m  1.63 kB[22m[1m[22m[2m │ gzip:  0.70 kB[22m
[2026-04-23T15:05:09.008Z] [stdout] [2mdist/[22m[35massets/main-B80SeU88.css                    [39m[1m[2m143.42 kB[22m[1m[22m[2m │ gzip: 20.70 kB[22m
[2026-04-23T15:05:09.008Z] [stdout] [2mdist/[22m[36massets/__vite-browser-external-BIHI7g3E.js  [39m[1m[2m  0.03 kB[22m[1m[22m[2m │ gzip:  0.05 kB[22m
[2026-04-23T15:05:09.008Z] [stdout] [2mdist/[22m[36massets/encryption-Xs_OYWaK.js               [39m[1m[2m  0.14 kB[22m[1m[22m[2m │ gzip:  0.15 kB[22m
[2026-04-23T15:05:09.008Z] [stdout] [2mdist/[22m[36massets/page-ag22mqCL.js                     [39m[1m[2m  0.17 kB[22m[1m[22m[2m │ gzip:  0.16 kB[22m
[2026-04-23T15:05:09.008Z] [stdout] [2mdist/[22m[36massets/page-CdAzp9Ph.js                     [39m[1m[2m  0.20 kB[22m[1m[22m[2m │ gzip:  0.17 kB[22m
[2026-04-23T15:05:09.008Z] [stdout] [2mdist/[22m[36massets/tauri-bridge-nYTGkZ1J.js             [39m[1m[2m  0.27 kB[22m[1m[22m[2m │ gzip:  0.20 kB[22m
[2026-04-23T15:05:09.008Z] [stdout] [2mdist/[22m[36massets/check-C4hlJRBf.js                    [39m[1m[2m  0.29 kB[22m[1m[22m[2m │ gzip:  0.24 kB[22m
[2026-04-23T15:05:09.008Z] [stdout] [2mdist/[22m[36massets/chevron-up-BLelRfwb.js               [39m[1m[2m  0.30 kB[22m[1m[22m[2m │ gzip:  0.25 kB[22m
[2026-04-23T15:05:09.009Z] [stdout] [2mdist/[22m[36massets/chevron-down-BdnVX13r.js             [39m[1m[2m  0.30 kB[22m[1m[22m[2m │ gzip:  0.25 kB[22m
[2026-04-23T15:05:09.009Z] [stdout] [2mdist/[22m[36massets/plus-C_u_ORKj.js                     [39m[1m[2m  0.33 kB[22m[1m[22m[2m │ gzip:  0.25 kB[22m
[2026-04-23T15:05:09.009Z] [stdout] [2mdist/[22m[36massets/circle-check-B22Czfe_.js             [39m[1m[2m  0.35 kB[22m[1m[22m[2m │ gzip:  0.27 kB[22m
[2026-04-23T15:05:09.009Z] [stdout] [2mdist/[22m[36massets/rotate-ccw-Bk2q3Itr.js               [39m[1m[2m  0.37 kB[22m[1m[22m[2m │ gzip:  0.29 kB[22m
[2026-04-23T15:05:09.009Z] [stdout] [2mdist/[22m[36massets/upload-BA5d4w1L.js                   [39m[1m[2m  0.40 kB[22m[1m[22m[2m │ gzip:  0.30 kB[22m
[2026-04-23T15:05:09.009Z] [stdout] [2mdist/[22m[36massets/settings-2-C9riR_QS.js               [39m[1m[2m  0.42 kB[22m[1m[22m[2m │ gzip:  0.30 kB[22m
[2026-04-23T15:05:09.009Z] [stdout] [2mdist/[22m[36massets/circle-alert-iGX_e0CS.js             [39m[1m[2m  0.42 kB[22m[1m[22m[2m │ gzip:  0.29 kB[22m
[2026-04-23T15:05:09.009Z] [stdout] [2mdist/[22m[36massets/key-DjM-rDzR.js                      [39m[1m[2m  0.43 kB[22m[1m[22m[2m │ gzip:  0.32 kB[22m
[2026-04-23T15:05:09.009Z] [stdout] [2mdist/[22m[36massets/pencil-LeLJemht.js                   [39m[1m[2m  0.45 kB[22m[1m[22m[2m │ gzip:  0.33 kB[22m
[2026-04-23T15:05:09.009Z] [stdout] [2mdist/[22m[36massets/flask-conical-BbKd1G5Q.js            [39m[1m[2m  0.47 kB[22m[1m[22m[2m │ gzip:  0.33 kB[22m
[2026-04-23T15:05:09.009Z] [stdout] [2mdist/[22m[36massets/trash-2-C60m955T.js                  [39m[1m[2m  0.50 kB[22m[1m[22m[2m │ gzip:  0.32 kB[22m
[2026-04-23T15:05:09.009Z] [stdout] [2mdist/[22m[36massets/file-down-tbmbYHnl.js                [39m[1m[2m  0.53 kB[22m[1m[22m[2m │ gzip:  0.35 kB[22m
[2026-04-23T15:05:09.009Z] [stdout] [2mdist/[22m[36massets/branding-store-DybHirFy.js           [39m[1m[2m  0.54 kB[22m[1m[22m[2m │ gzip:  0.28 kB[22m
[2026-04-23T15:05:09.009Z] [stdout] [2mdist/[22m[36massets/building-2-95ZxSVkg.js               [39m[1m[2m  0.56 kB[22m[1m[22m[2m │ gzip:  0.34 kB[22m
[2026-04-23T15:05:09.009Z] [stdout] [2mdist/[22m[36massets/input-DwavD522.js                    [39m[1m[2m  0.60 kB[22m[1m[22m[2m │ gzip:  0.38 kB[22m
[2026-04-23T15:05:09.009Z] [stdout] [2mdist/[22m[36massets/circle-x-CniM9V0U.js                 [39m[1m[2m  0.69 kB[22m[1m[22m[2m │ gzip:  0.36 kB[22m
[2026-04-23T15:05:09.009Z] [stdout] [2mdist/[22m[36massets/user-OdoGHgTv.js                     [39m[1m[2m  0.74 kB[22m[1m[22m[2m │ gzip:  0.38 kB[22m
[2026-04-23T15:05:09.009Z] [stdout] [2mdist/[22m[36massets/client-DPuN9s0x.js                   [39m[1m[2m  0.75 kB[22m[1m[22m[2m │ gzip:  0.40 kB[22m
[2026-04-23T15:05:09.010Z] [stdout] [2mdist/[22m[36massets/calendar-WHflBvPf.js                 [39m[1m[2m  0.79 kB[22m[1m[22m[2m │ gzip:  0.41 kB[22m
[2026-04-23T15:05:09.010Z] [stdout] [2mdist/[22m[36massets/useFocusTrap-DBIo29X4.js             [39m[1m[2m  0.84 kB[22m[1m[22m[2m │ gzip:  0.44 kB[22m
[2026-04-23T15:05:09.010Z] [stdout] [2mdist/[22m[36massets/search-Ctobhlqq.js                   [39m[1m[2m  0.89 kB[22m[1m[22m[2m │ gzip:  0.42 kB[22m
[2026-04-23T15:05:09.010Z] [stdout] [2mdist/[22m[36massets/update-install-Ck8ANH8_.js           [39m[1m[2m  1.11 kB[22m[1m[22m[2m │ gzip:  0.62 kB[22m
[2026-04-23T15:05:09.010Z] [stdout] [2mdist/[22m[36massets/tabs-Cwd5sBxP.js                     [39m[1m[2m  1.35 kB[22m[1m[22m[2m │ gzip:  0.51 kB[22m
[2026-04-23T15:05:09.010Z] [stdout] [2mdist/[22m[36massets/settings-DjzEpJiU.js                 [39m[1m[2m  1.43 kB[22m[1m[22m[2m │ gzip:  0.53 kB[22m
[2026-04-23T15:05:09.010Z] [stdout] [2mdist/[22m[36massets/card-C08Rm8oK.js                     [39m[1m[2m  1.58 kB[22m[1m[22m[2m │ gzip:  0.67 kB[22m
[2026-04-23T15:05:09.010Z] [stdout] [2mdist/[22m[36massets/index-Bs2nHL7x.js                    [39m[1m[2m  1.89 kB[22m[1m[22m[2m │ gzip:  0.92 kB[22m
[2026-04-23T15:05:09.010Z] [stdout] [2mdist/[22m[36massets/button-BoQ7rxQW.js                   [39m[1m[2m  1.94 kB[22m[1m[22m[2m │ gzip:  0.96 kB[22m
[2026-04-23T15:05:09.010Z] [stdout] [2mdist/[22m[36massets/PrecisionSettingsCard-40pw7y3-.js    [39m[1m[2m  2.05 kB[22m[1m[22m[2m │ gzip:  0.98 kB[22m
[2026-04-23T15:05:09.010Z] [stdout] [2mdist/[22m[36massets/alert-dialog-StfFqo6b.js             [39m[1m[2m  2.12 kB[22m[1m[22m[2m │ gzip:  0.76 kB[22m
[2026-04-23T15:05:09.010Z] [stdout] [2mdist/[22m[36massets/TrialBanner-BL_yF1t6.js              [39m[1m[2m  2.26 kB[22m[1m[22m[2m │ gzip:  1.22 kB[22m
[2026-04-23T15:05:09.010Z] [stdout] [2mdist/[22m[36massets/label-CeVte3g7.js                    [39m[1m[2m  2.52 kB[22m[1m[22m[2m │ gzip:  0.95 kB[22m
[2026-04-23T15:05:09.010Z] [stdout] [2mdist/[22m[36massets/BrandingManager-CeWT_mXD.js          [39m[1m[2m  2.55 kB[22m[1m[22m[2m │ gzip:  1.16 kB[22m
[2026-04-23T15:05:09.011Z] [stdout] [2mdist/[22m[36massets/UpdateChecker-CCpTB-fW.js            [39m[1m[2m  3.38 kB[22m[1m[22m[2m │ gzip:  1.46 kB[22m
[2026-04-23T15:05:09.011Z] [stdout] [2mdist/[22m[36massets/index-BoeHrjUx.js                    [39m[1m[2m  3.66 kB[22m[1m[22m[2m │ gzip:  1.34 kB[22m
[2026-04-23T15:05:09.011Z] [stdout] [2mdist/[22m[36massets/expert-settings-panel-CGeUBw6T.js    [39m[1m[2m  3.89 kB[22m[1m[22m[2m │ gzip:  1.39 kB[22m
[2026-04-23T15:05:09.011Z] [stdout] [2mdist/[22m[36massets/UnitSystemCard-BkNU8ZTV.js           [39m[1m[2m  4.22 kB[22m[1m[22m[2m │ gzip:  1.76 kB[22m
[2026-04-23T15:05:09.011Z] [stdout] [2mdist/[22m[36massets/settings-shared-Cjk_IZEw.js          [39m[1m[2m  4.51 kB[22m[1m[22m[2m │ gzip:  1.75 kB[22m
[2026-04-23T15:05:09.011Z] [stdout] [2mdist/[22m[36massets/LicenseActivationDialog-Znt8GlW2.js  [39m[1m[2m  5.38 kB[22m[1m[22m[2m │ gzip:  2.14 kB[22m
[2026-04-23T15:05:09.011Z] [stdout] [2mdist/[22m[36massets/LaboratoryManager-D-ewVtB7.js        [39m[1m[2m  5.61 kB[22m[1m[22m[2m │ gzip:  1.96 kB[22m
[2026-04-23T15:05:09.011Z] [stdout] [2mdist/[22m[36massets/LogViewer-DMd54pmZ.js                [39m[1m[2m  5.76 kB[22m[1m[22m[2m │ gzip:  2.43 kB[22m
[2026-04-23T15:05:09.012Z] [stdout] [2mdist/[22m[36massets/BackupManager-ZErnA0-a.js            [39m[1m[2m  5.80 kB[22m[1m[22m[2m │ gzip:  2.23 kB[22m
[2026-04-23T15:05:09.013Z] [stdout] [2mdist/[22m[36massets/OperatorManager-Bki3I0j4.js          [39m[1m[2m  5.91 kB[22m[1m[22m[2m │ gzip:  2.14 kB[22m
[2026-04-23T15:05:09.013Z] [stdout] [2mdist/[22m[36massets/chart-settings-store-C8RI_c4K.js     [39m[1m[2m  5.94 kB[22m[1m[22m[2m │ gzip:  2.07 kB[22m
[2026-04-23T15:05:09.013Z] [stdout] [2mdist/[22m[36massets/ExperimentExportImport-DEJDwCAX.js   [39m[1m[2m  7.77 kB[22m[1m[22m[2m │ gzip:  2.85 kB[22m
[2026-04-23T15:05:09.013Z] [stdout] [2mdist/[22m[36massets/ChartSettingsManager-C6dcVj_y.js     [39m[1m[2m  7.89 kB[22m[1m[22m[2m │ gzip:  2.65 kB[22m
[2026-04-23T15:05:09.013Z] [stdout] [2mdist/[22m[36massets/APIKeyManager-tCZ7DPEv.js            [39m[1m[2m  8.79 kB[22m[1m[22m[2m │ gzip:  3.06 kB[22m
[2026-04-23T15:05:09.013Z] [stdout] [2mdist/[22m[36massets/client-DvVFcqDs.js                   [39m[1m[2m  9.69 kB[22m[1m[22m[2m │ gzip:  3.95 kB[22m
[2026-04-23T15:05:09.013Z] [stdout] [2mdist/[22m[36massets/AppSettingsExporter-Cgap3RBR.js      [39m[1m[2m 11.11 kB[22m[1m[22m[2m │ gzip:  3.68 kB[22m
[2026-04-23T15:05:09.013Z] [stdout] [2mdist/[22m[36massets/ru-C8Cx8G0_.js                       [39m[1m[2m 12.58 kB[22m[1m[22m[2m │ gzip:  3.14 kB[22m
[2026-04-23T15:05:09.013Z] [stdout] [2mdist/[22m[36massets/useToast-ncKn4lST.js                 [39m[1m[2m 14.15 kB[22m[1m[22m[2m │ gzip:  5.63 kB[22m
[2026-04-23T15:05:09.013Z] [stdout] [2mdist/[22m[36massets/vendor-date-B1cgXEfA.js              [39m[1m[2m 20.00 kB[22m[1m[22m[2m │ gzip:  5.73 kB[22m
[2026-04-23T15:05:09.013Z] [stdout] [2mdist/[22m[36massets/page-KzfWUpLZ.js                     [39m[1m[2m 26.53 kB[22m[1m[22m[2m │ gzip:  7.19 kB[22m
[2026-04-23T15:05:09.013Z] [stdout] [2mdist/[22m[36massets/report-save-KtTpPalf.js              [39m[1m[2m 34.79 kB[22m[1m[22m[2m │ gzip: 11.81 kB[22m
[2026-04-23T15:05:09.013Z] [stdout] [2mdist/[22m[36massets/vendor-react-VsJEmFiX.js             [39m[1m[2m 48.76 kB[22m[1m[22m[2m │ gzip: 17.28 kB[22m
[2026-04-23T15:05:09.013Z] [stdout] [2mdist/[22m[36massets/vendor-charts-CziCK5UB.js            [39m[1m[2m 52.27 kB[22m[1m[22m[2m │ gzip: 23.28 kB[22m
[2026-04-23T15:05:09.013Z] [stdout] [2mdist/[22m[36massets/page-CG6BOonX.js                     [39m[1m[2m 57.60 kB[22m[1m[22m[2m │ gzip: 17.28 kB[22m
[2026-04-23T15:05:09.013Z] [stdout] [2mdist/[22m[36massets/page-Cy9Le-TZ.js                     [39m[1m[2m101.11 kB[22m[1m[22m[2m │ gzip: 25.95 kB[22m
[2026-04-23T15:05:09.013Z] [stdout] [2mdist/[22m[36massets/vendor-radix-wOjfjdRn.js             [39m[1m[2m113.50 kB[22m[1m[22m[2m │ gzip: 36.46 kB[22m
[2026-04-23T15:05:09.014Z] [stdout] [2mdist/[22m[36massets/DashboardContent-Bc6blmSB.js         [39m[1m[2m116.44 kB[22m[1m[22m[2m │ gzip: 30.30 kB[22m
[2026-04-23T15:05:09.014Z] [stdout] [2mdist/[22m[36massets/page-CpgldiZn.js                     [39m[1m[2m136.17 kB[22m[1m[22m[2m │ gzip: 39.37 kB[22m
[2026-04-23T15:05:09.014Z] [stdout] [2mdist/[22m[36massets/main-BmjD0iWz.js                     [39m[1m[2m271.87 kB[22m[1m[22m[2m │ gzip: 86.20 kB[22m
[2026-04-23T15:05:09.014Z] [stdout] [32m✓ built in 11.94s[39m
[2026-04-23T15:05:09.964Z] heartbeat: pid=12732 elapsed=15.0s
[2026-04-23T15:05:10.340Z] [stderr]    Compiling rheolab-enterprise v0.2.0-beta.35 (D:\Development\Rheolab\src-tauri)
[2026-04-23T15:05:10.341Z] [stderr]    Compiling rheolab-core v0.1.0 (D:\Development\Rheolab\src\rust\rheolab-core)
[2026-04-23T15:05:24.971Z] heartbeat: pid=12732 elapsed=30.0s
[2026-04-23T15:05:39.981Z] heartbeat: pid=12732 elapsed=45.0s
[2026-04-23T15:05:54.982Z] heartbeat: pid=12732 elapsed=60.0s
[2026-04-23T15:06:09.982Z] heartbeat: pid=12732 elapsed=75.0s
[2026-04-23T15:06:24.994Z] heartbeat: pid=12732 elapsed=90.1s
[2026-04-23T15:06:40.007Z] heartbeat: pid=12732 elapsed=105.1s
[2026-04-23T15:06:55.011Z] heartbeat: pid=12732 elapsed=120.1s
[2026-04-23T15:07:10.043Z] heartbeat: pid=12732 elapsed=135.1s
[2026-04-23T15:07:25.049Z] heartbeat: pid=12732 elapsed=150.1s
[2026-04-23T15:07:40.052Z] heartbeat: pid=12732 elapsed=165.1s
[2026-04-23T15:07:55.066Z] heartbeat: pid=12732 elapsed=180.1s
[2026-04-23T15:08:10.068Z] heartbeat: pid=12732 elapsed=195.1s
[2026-04-23T15:08:25.073Z] heartbeat: pid=12732 elapsed=210.1s
[2026-04-23T15:08:35.425Z] [stderr]     Finished `release` profile [optimized] target(s) in 3m 26s
[2026-04-23T15:08:35.477Z] [stderr]        Built application at: D:\Development\Rheolab\src-tauri\target\release\rheolab-enterprise.exe
[2026-04-23T15:08:35.478Z] [stderr]         Info Patching binary "D:\\Development\\Rheolab\\src-tauri\\target\\release\\rheolab-enterprise.exe" for type nsis
[2026-04-23T15:08:35.487Z] [stderr]         Warn Failed to add bundler type to the binary: __TAURI_BUNDLE_TYPE variable not found in binary. Make sure tauri crate and tauri-cli are up to date. Updater plugin may not be able to update this package. This shouldn't normally happen, please report it to https://github.com/tauri-apps/tauri/issues
[2026-04-23T15:08:35.489Z] [stderr]         Info Target: x64
[2026-04-23T15:08:35.499Z] [stderr]      Running makensis to produce D:\Development\Rheolab\src-tauri\target\release\bundle\nsis\RheoLab Enterprise_0.2.0-beta.35_x64-setup.exe
[2026-04-23T15:08:40.084Z] heartbeat: pid=12732 elapsed=225.1s
[2026-04-23T15:08:47.390Z] [stderr]     Finished 1 bundle at:
[2026-04-23T15:08:47.391Z] [stderr]         D:\Development\Rheolab\src-tauri\target\release\bundle\nsis\RheoLab Enterprise_0.2.0-beta.35_x64-setup.exe
[2026-04-23T15:08:47.391Z] [stderr] 
[2026-04-23T15:08:47.411Z] wrapper exit: code=0 signal=null elapsed=232.5s
[2026-04-23T15:08:47.412Z] post-build sign: signing RheoLab Enterprise_0.2.0-beta.35_x64-setup.exe
[2026-04-23T15:08:48.112Z] post-build sign: success → RheoLab Enterprise_0.2.0-beta.35_x64-setup.exe.sig
