[2026-04-25T08:02:14.642Z] wrapper start
[2026-04-25T08:02:14.643Z] cwd=D:\Development\Rheolab
[2026-04-25T08:02:14.643Z] command=npm.cmd exec tauri -- build
[2026-04-25T08:02:14.643Z] RHEOLAB_SKIP_VERSION_BUMP=
[2026-04-25T08:02:14.643Z] INTEGRITY_SECRET_KEY present=true dev_sentinel=false
[2026-04-25T08:02:14.643Z] TAURI_SIGNING_PRIVATE_KEY present=true len=348
[2026-04-25T08:02:14.643Z] TAURI_SIGNING_PRIVATE_KEY_PASSWORD present=true
[2026-04-25T08:02:14.645Z] direct spawn failed (EINVAL), switching to shell fallback
[2026-04-25T08:02:14.645Z] using shell fallback: npm.cmd "exec" "tauri" "--" "build"
[2026-04-25T08:02:15.376Z] [stderr]         Info Looking up installed tauri packages to check mismatched versions...
[2026-04-25T08:02:16.109Z] [stderr]      Running beforeBuildCommand `npm run build`
[2026-04-25T08:02:16.341Z] [stdout] 
[2026-04-25T08:02:16.341Z] [stdout] > rheolab-enterprise@0.2.0-beta.53 build
[2026-04-25T08:02:16.341Z] [stdout] > vite build
[2026-04-25T08:02:16.341Z] [stdout] 
[2026-04-25T08:02:16.656Z] [stdout] [36mvite v6.4.2 [32mbuilding for production...[36m[39m
[2026-04-25T08:02:16.710Z] [stdout] transforming...
[2026-04-25T08:02:27.786Z] [stderr] [33m[plugin vite:resolve] Module "crypto" has been externalized for browser compatibility, imported by "D:/Development/Rheolab/src/lib/utils/encryption.ts". See https://vite.dev/guide/troubleshooting.html#module-externalized-for-browser-compatibility for more details.[39m
[2026-04-25T08:02:29.163Z] [stdout] [32m✓[39m 2936 modules transformed.
[2026-04-25T08:02:29.423Z] [stdout] rendering chunks...
[2026-04-25T08:02:29.559Z] [stdout] computing gzip size...
[2026-04-25T08:02:29.577Z] [stdout] [2mdist/[22m[32mindex.html                                  [39m[1m[2m  1.70 kB[22m[1m[22m[2m │ gzip:  0.86 kB[22m
[2026-04-25T08:02:29.579Z] [stdout] [2mdist/[22m[35massets/ChartErrorBoundary-Saz_VHki.css      [39m[1m[2m  1.63 kB[22m[1m[22m[2m │ gzip:  0.70 kB[22m
[2026-04-25T08:02:29.579Z] [stdout] [2mdist/[22m[35massets/main-ChcAZ50I.css                    [39m[1m[2m144.44 kB[22m[1m[22m[2m │ gzip: 20.85 kB[22m
[2026-04-25T08:02:29.580Z] [stdout] [2mdist/[22m[36massets/__vite-browser-external-BIHI7g3E.js  [39m[1m[2m  0.03 kB[22m[1m[22m[2m │ gzip:  0.05 kB[22m
[2026-04-25T08:02:29.580Z] [stdout] [2mdist/[22m[36massets/encryption-xiEVKylf.js               [39m[1m[2m  0.14 kB[22m[1m[22m[2m │ gzip:  0.15 kB[22m
[2026-04-25T08:02:29.580Z] [stdout] [2mdist/[22m[36massets/page-ag22mqCL.js                     [39m[1m[2m  0.17 kB[22m[1m[22m[2m │ gzip:  0.16 kB[22m
[2026-04-25T08:02:29.580Z] [stdout] [2mdist/[22m[36massets/page-CdAzp9Ph.js                     [39m[1m[2m  0.20 kB[22m[1m[22m[2m │ gzip:  0.17 kB[22m
[2026-04-25T08:02:29.580Z] [stdout] [2mdist/[22m[36massets/tauri-bridge-BlegJAT_.js             [39m[1m[2m  0.27 kB[22m[1m[22m[2m │ gzip:  0.20 kB[22m
[2026-04-25T08:02:29.580Z] [stdout] [2mdist/[22m[36massets/check-Srd9_uTQ.js                    [39m[1m[2m  0.29 kB[22m[1m[22m[2m │ gzip:  0.24 kB[22m
[2026-04-25T08:02:29.580Z] [stdout] [2mdist/[22m[36massets/chevron-up-BM1eZh6D.js               [39m[1m[2m  0.30 kB[22m[1m[22m[2m │ gzip:  0.25 kB[22m
[2026-04-25T08:02:29.580Z] [stdout] [2mdist/[22m[36massets/chevron-down-CSYAao2q.js             [39m[1m[2m  0.30 kB[22m[1m[22m[2m │ gzip:  0.25 kB[22m
[2026-04-25T08:02:29.581Z] [stdout] [2mdist/[22m[36massets/plus-CE_QPLkv.js                     [39m[1m[2m  0.33 kB[22m[1m[22m[2m │ gzip:  0.25 kB[22m
[2026-04-25T08:02:29.581Z] [stdout] [2mdist/[22m[36massets/circle-check-HUtspNBH.js             [39m[1m[2m  0.35 kB[22m[1m[22m[2m │ gzip:  0.27 kB[22m
[2026-04-25T08:02:29.581Z] [stdout] [2mdist/[22m[36massets/rotate-ccw-CFHtYuwh.js               [39m[1m[2m  0.37 kB[22m[1m[22m[2m │ gzip:  0.29 kB[22m
[2026-04-25T08:02:29.581Z] [stdout] [2mdist/[22m[36massets/upload-D1dMgsWT.js                   [39m[1m[2m  0.40 kB[22m[1m[22m[2m │ gzip:  0.30 kB[22m
[2026-04-25T08:02:29.581Z] [stdout] [2mdist/[22m[36massets/activity-BXS2gWYE.js                 [39m[1m[2m  0.41 kB[22m[1m[22m[2m │ gzip:  0.31 kB[22m
[2026-04-25T08:02:29.581Z] [stdout] [2mdist/[22m[36massets/settings-2-Hoh-GuaM.js               [39m[1m[2m  0.42 kB[22m[1m[22m[2m │ gzip:  0.30 kB[22m
[2026-04-25T08:02:29.581Z] [stdout] [2mdist/[22m[36massets/circle-alert-pHiL7YEt.js             [39m[1m[2m  0.42 kB[22m[1m[22m[2m │ gzip:  0.30 kB[22m
[2026-04-25T08:02:29.581Z] [stdout] [2mdist/[22m[36massets/calendar-k5KAqQ1N.js                 [39m[1m[2m  0.43 kB[22m[1m[22m[2m │ gzip:  0.31 kB[22m
[2026-04-25T08:02:29.581Z] [stdout] [2mdist/[22m[36massets/key-DkvcI9Mq.js                      [39m[1m[2m  0.43 kB[22m[1m[22m[2m │ gzip:  0.32 kB[22m
[2026-04-25T08:02:29.581Z] [stdout] [2mdist/[22m[36massets/pencil-DzXwubs_.js                   [39m[1m[2m  0.45 kB[22m[1m[22m[2m │ gzip:  0.33 kB[22m
[2026-04-25T08:02:29.581Z] [stdout] [2mdist/[22m[36massets/flask-conical-B_ZxLOlb.js            [39m[1m[2m  0.47 kB[22m[1m[22m[2m │ gzip:  0.33 kB[22m
[2026-04-25T08:02:29.581Z] [stdout] [2mdist/[22m[36massets/languages-CBGbfcmY.js                [39m[1m[2m  0.49 kB[22m[1m[22m[2m │ gzip:  0.32 kB[22m
[2026-04-25T08:02:29.581Z] [stdout] [2mdist/[22m[36massets/trash-2-CudNR1AG.js                  [39m[1m[2m  0.50 kB[22m[1m[22m[2m │ gzip:  0.32 kB[22m
[2026-04-25T08:02:29.581Z] [stdout] [2mdist/[22m[36massets/file-down-w24ohACQ.js                [39m[1m[2m  0.53 kB[22m[1m[22m[2m │ gzip:  0.35 kB[22m
[2026-04-25T08:02:29.581Z] [stdout] [2mdist/[22m[36massets/branding-store-BVipATSg.js           [39m[1m[2m  0.54 kB[22m[1m[22m[2m │ gzip:  0.28 kB[22m
[2026-04-25T08:02:29.582Z] [stdout] [2mdist/[22m[36massets/building-2-BYIHY4Pg.js               [39m[1m[2m  0.56 kB[22m[1m[22m[2m │ gzip:  0.34 kB[22m
[2026-04-25T08:02:29.582Z] [stdout] [2mdist/[22m[36massets/input-11YuEh08.js                    [39m[1m[2m  0.60 kB[22m[1m[22m[2m │ gzip:  0.38 kB[22m
[2026-04-25T08:02:29.582Z] [stdout] [2mdist/[22m[36massets/circle-x-KyGT8hTP.js                 [39m[1m[2m  0.69 kB[22m[1m[22m[2m │ gzip:  0.36 kB[22m
[2026-04-25T08:02:29.582Z] [stdout] [2mdist/[22m[36massets/user-CrwSlIxB.js                     [39m[1m[2m  0.74 kB[22m[1m[22m[2m │ gzip:  0.38 kB[22m
[2026-04-25T08:02:29.582Z] [stdout] [2mdist/[22m[36massets/client-eWR_f7da.js                   [39m[1m[2m  0.75 kB[22m[1m[22m[2m │ gzip:  0.40 kB[22m
[2026-04-25T08:02:29.582Z] [stdout] [2mdist/[22m[36massets/client-II-Ea2gL.js                   [39m[1m[2m  0.83 kB[22m[1m[22m[2m │ gzip:  0.46 kB[22m
[2026-04-25T08:02:29.582Z] [stdout] [2mdist/[22m[36massets/useFocusTrap-DBIo29X4.js             [39m[1m[2m  0.84 kB[22m[1m[22m[2m │ gzip:  0.44 kB[22m
[2026-04-25T08:02:29.582Z] [stdout] [2mdist/[22m[36massets/search-Co2IuK-y.js                   [39m[1m[2m  0.89 kB[22m[1m[22m[2m │ gzip:  0.42 kB[22m
[2026-04-25T08:02:29.585Z] [stdout] [2mdist/[22m[36massets/settings-BBnx92Ex.js                 [39m[1m[2m  0.98 kB[22m[1m[22m[2m │ gzip:  0.42 kB[22m
[2026-04-25T08:02:29.585Z] [stdout] [2mdist/[22m[36massets/update-install-D_VlI7Qt.js           [39m[1m[2m  1.11 kB[22m[1m[22m[2m │ gzip:  0.62 kB[22m
[2026-04-25T08:02:29.585Z] [stdout] [2mdist/[22m[36massets/card-w7NlkQRe.js                     [39m[1m[2m  1.58 kB[22m[1m[22m[2m │ gzip:  0.67 kB[22m
[2026-04-25T08:02:29.585Z] [stdout] [2mdist/[22m[36massets/index--Ht87_tN.js                    [39m[1m[2m  1.89 kB[22m[1m[22m[2m │ gzip:  0.92 kB[22m
[2026-04-25T08:02:29.585Z] [stdout] [2mdist/[22m[36massets/button-Cc718Tv5.js                   [39m[1m[2m  1.94 kB[22m[1m[22m[2m │ gzip:  0.96 kB[22m
[2026-04-25T08:02:29.585Z] [stdout] [2mdist/[22m[36massets/PrecisionSettingsCard-CSUgQgyW.js    [39m[1m[2m  2.05 kB[22m[1m[22m[2m │ gzip:  0.98 kB[22m
[2026-04-25T08:02:29.585Z] [stdout] [2mdist/[22m[36massets/alert-dialog-M69hdDbV.js             [39m[1m[2m  2.12 kB[22m[1m[22m[2m │ gzip:  0.77 kB[22m
[2026-04-25T08:02:29.585Z] [stdout] [2mdist/[22m[36massets/TrialBanner-BfWDrQqY.js              [39m[1m[2m  2.26 kB[22m[1m[22m[2m │ gzip:  1.22 kB[22m
[2026-04-25T08:02:29.585Z] [stdout] [2mdist/[22m[36massets/label-8EZiEwIU.js                    [39m[1m[2m  2.52 kB[22m[1m[22m[2m │ gzip:  0.95 kB[22m
[2026-04-25T08:02:29.586Z] [stdout] [2mdist/[22m[36massets/BrandingManager-B4-jOiX1.js          [39m[1m[2m  2.55 kB[22m[1m[22m[2m │ gzip:  1.16 kB[22m
[2026-04-25T08:02:29.586Z] [stdout] [2mdist/[22m[36massets/UpdateChecker-CdyUNai1.js            [39m[1m[2m  3.38 kB[22m[1m[22m[2m │ gzip:  1.46 kB[22m
[2026-04-25T08:02:29.586Z] [stdout] [2mdist/[22m[36massets/water-analysis-panel-sCSklvd-.js     [39m[1m[2m  3.63 kB[22m[1m[22m[2m │ gzip:  1.61 kB[22m
[2026-04-25T08:02:29.586Z] [stdout] [2mdist/[22m[36massets/index-C-i55Bvx.js                    [39m[1m[2m  3.66 kB[22m[1m[22m[2m │ gzip:  1.34 kB[22m
[2026-04-25T08:02:29.586Z] [stdout] [2mdist/[22m[36massets/expert-settings-panel-DGvqw-Li.js    [39m[1m[2m  3.89 kB[22m[1m[22m[2m │ gzip:  1.39 kB[22m
[2026-04-25T08:02:29.586Z] [stdout] [2mdist/[22m[36massets/UnitSystemCard-B9uBYOm5.js           [39m[1m[2m  4.22 kB[22m[1m[22m[2m │ gzip:  1.76 kB[22m
[2026-04-25T08:02:29.586Z] [stdout] [2mdist/[22m[36massets/settings-shared-Cjk_IZEw.js          [39m[1m[2m  4.51 kB[22m[1m[22m[2m │ gzip:  1.75 kB[22m
[2026-04-25T08:02:29.586Z] [stdout] [2mdist/[22m[36massets/LicenseActivationDialog-BzH20wNm.js  [39m[1m[2m  5.38 kB[22m[1m[22m[2m │ gzip:  2.14 kB[22m
[2026-04-25T08:02:29.586Z] [stdout] [2mdist/[22m[36massets/LaboratoryManager-LGb99F2N.js        [39m[1m[2m  5.61 kB[22m[1m[22m[2m │ gzip:  1.96 kB[22m
[2026-04-25T08:02:29.586Z] [stdout] [2mdist/[22m[36massets/LogViewer-DAo7N2QB.js                [39m[1m[2m  5.76 kB[22m[1m[22m[2m │ gzip:  2.43 kB[22m
[2026-04-25T08:02:29.586Z] [stdout] [2mdist/[22m[36massets/BackupManager-B3_8svTH.js            [39m[1m[2m  5.80 kB[22m[1m[22m[2m │ gzip:  2.23 kB[22m
[2026-04-25T08:02:29.586Z] [stdout] [2mdist/[22m[36massets/OperatorManager-CekNvBIr.js          [39m[1m[2m  5.91 kB[22m[1m[22m[2m │ gzip:  2.15 kB[22m
[2026-04-25T08:02:29.586Z] [stdout] [2mdist/[22m[36massets/chart-settings-store-BrV_D1Lr.js     [39m[1m[2m  5.94 kB[22m[1m[22m[2m │ gzip:  2.07 kB[22m
[2026-04-25T08:02:29.586Z] [stdout] [2mdist/[22m[36massets/recipe-panel-B-VPqxZW.js             [39m[1m[2m  6.61 kB[22m[1m[22m[2m │ gzip:  2.23 kB[22m
[2026-04-25T08:02:29.586Z] [stdout] [2mdist/[22m[36massets/cycle-editor-dialog-uqBfWEGc.js      [39m[1m[2m  7.88 kB[22m[1m[22m[2m │ gzip:  2.63 kB[22m
[2026-04-25T08:02:29.586Z] [stdout] [2mdist/[22m[36massets/ChartSettingsManager-NeDHwodq.js     [39m[1m[2m  7.89 kB[22m[1m[22m[2m │ gzip:  2.65 kB[22m
[2026-04-25T08:02:29.586Z] [stdout] [2mdist/[22m[36massets/ExperimentExportImport-Dm_fmVaQ.js   [39m[1m[2m  8.00 kB[22m[1m[22m[2m │ gzip:  2.96 kB[22m
[2026-04-25T08:02:29.587Z] [stdout] [2mdist/[22m[36massets/raw-data-table-BsvbU5jV.js           [39m[1m[2m  8.30 kB[22m[1m[22m[2m │ gzip:  2.61 kB[22m
[2026-04-25T08:02:29.587Z] [stdout] [2mdist/[22m[36massets/APIKeyManager-Dvntxk-Y.js            [39m[1m[2m  8.79 kB[22m[1m[22m[2m │ gzip:  3.06 kB[22m
[2026-04-25T08:02:29.587Z] [stdout] [2mdist/[22m[36massets/client-CkLu6SjB.js                   [39m[1m[2m  9.13 kB[22m[1m[22m[2m │ gzip:  3.65 kB[22m
[2026-04-25T08:02:29.587Z] [stdout] [2mdist/[22m[36massets/AppSettingsExporter-CnEKvmRn.js      [39m[1m[2m 11.12 kB[22m[1m[22m[2m │ gzip:  3.68 kB[22m
[2026-04-25T08:02:29.587Z] [stdout] [2mdist/[22m[36massets/cycle-results-table-Dm7w-FAk.js      [39m[1m[2m 11.61 kB[22m[1m[22m[2m │ gzip:  3.23 kB[22m
[2026-04-25T08:02:29.587Z] [stdout] [2mdist/[22m[36massets/ReportTab-Dt-cUbiw.js                [39m[1m[2m 11.78 kB[22m[1m[22m[2m │ gzip:  3.65 kB[22m
[2026-04-25T08:02:29.587Z] [stdout] [2mdist/[22m[36massets/ru-C8Cx8G0_.js                       [39m[1m[2m 12.58 kB[22m[1m[22m[2m │ gzip:  3.14 kB[22m
[2026-04-25T08:02:29.587Z] [stdout] [2mdist/[22m[36massets/useToast-ChIM8kLm.js                 [39m[1m[2m 14.15 kB[22m[1m[22m[2m │ gzip:  5.63 kB[22m
[2026-04-25T08:02:29.587Z] [stdout] [2mdist/[22m[36massets/report-save-ZR1exY6m.js              [39m[1m[2m 15.96 kB[22m[1m[22m[2m │ gzip:  4.31 kB[22m
[2026-04-25T08:02:29.587Z] [stdout] [2mdist/[22m[36massets/ComparisonReportTab-kWI0XBHx.js      [39m[1m[2m 17.08 kB[22m[1m[22m[2m │ gzip:  5.32 kB[22m
[2026-04-25T08:02:29.587Z] [stdout] [2mdist/[22m[36massets/ChartErrorBoundary-BCrKLaJ5.js       [39m[1m[2m 18.84 kB[22m[1m[22m[2m │ gzip:  7.77 kB[22m
[2026-04-25T08:02:29.587Z] [stdout] [2mdist/[22m[36massets/vendor-date-B1cgXEfA.js              [39m[1m[2m 20.00 kB[22m[1m[22m[2m │ gzip:  5.73 kB[22m
[2026-04-25T08:02:29.587Z] [stdout] [2mdist/[22m[36massets/CalibrationPanel-DprJnEfN.js         [39m[1m[2m 25.33 kB[22m[1m[22m[2m │ gzip:  7.48 kB[22m
[2026-04-25T08:02:29.587Z] [stdout] [2mdist/[22m[36massets/page-vzIHdaKB.js                     [39m[1m[2m 27.75 kB[22m[1m[22m[2m │ gzip:  7.50 kB[22m
[2026-04-25T08:02:29.587Z] [stdout] [2mdist/[22m[36massets/page-hika6ctl.js                     [39m[1m[2m 43.30 kB[22m[1m[22m[2m │ gzip: 13.87 kB[22m
[2026-04-25T08:02:29.587Z] [stdout] [2mdist/[22m[36massets/DashboardContent-BFZlpl7P.js         [39m[1m[2m 47.33 kB[22m[1m[22m[2m │ gzip: 14.26 kB[22m
[2026-04-25T08:02:29.587Z] [stdout] [2mdist/[22m[36massets/vendor-react-VsJEmFiX.js             [39m[1m[2m 48.76 kB[22m[1m[22m[2m │ gzip: 17.28 kB[22m
[2026-04-25T08:02:29.588Z] [stdout] [2mdist/[22m[36massets/vendor-charts-CziCK5UB.js            [39m[1m[2m 52.27 kB[22m[1m[22m[2m │ gzip: 23.28 kB[22m
[2026-04-25T08:02:29.588Z] [stdout] [2mdist/[22m[36massets/page-Bq9waTcT.js                     [39m[1m[2m103.91 kB[22m[1m[22m[2m │ gzip: 26.53 kB[22m
[2026-04-25T08:02:29.588Z] [stdout] [2mdist/[22m[36massets/vendor-radix-wOjfjdRn.js             [39m[1m[2m113.50 kB[22m[1m[22m[2m │ gzip: 36.46 kB[22m
[2026-04-25T08:02:29.588Z] [stdout] [2mdist/[22m[36massets/page-DKuKfETe.js                     [39m[1m[2m135.62 kB[22m[1m[22m[2m │ gzip: 39.19 kB[22m
[2026-04-25T08:02:29.588Z] [stdout] [2mdist/[22m[36massets/main-D2iWMLw9.js                     [39m[1m[2m271.83 kB[22m[1m[22m[2m │ gzip: 86.18 kB[22m
[2026-04-25T08:02:29.588Z] [stdout] [32m✓ built in 12.90s[39m
[2026-04-25T08:02:29.663Z] heartbeat: pid=14764 elapsed=15.0s
[2026-04-25T08:02:44.669Z] heartbeat: pid=14764 elapsed=30.0s
[2026-04-25T08:02:44.966Z] [stderr]    Compiling rheolab-core v0.1.0 (D:\Development\Rheolab\src\rust\rheolab-core)
[2026-04-25T08:02:56.971Z] [stderr]    Compiling rheolab-enterprise v0.2.0-beta.53 (D:\Development\Rheolab\src-tauri)
[2026-04-25T08:02:59.670Z] heartbeat: pid=14764 elapsed=45.0s
[2026-04-25T08:03:14.677Z] heartbeat: pid=14764 elapsed=60.0s
[2026-04-25T08:03:29.685Z] heartbeat: pid=14764 elapsed=75.0s
[2026-04-25T08:03:44.692Z] heartbeat: pid=14764 elapsed=90.0s
[2026-04-25T08:03:59.696Z] heartbeat: pid=14764 elapsed=105.1s
[2026-04-25T08:04:14.700Z] heartbeat: pid=14764 elapsed=120.1s
[2026-04-25T08:04:29.704Z] heartbeat: pid=14764 elapsed=135.1s
[2026-04-25T08:04:44.716Z] heartbeat: pid=14764 elapsed=150.1s
[2026-04-25T08:04:59.722Z] heartbeat: pid=14764 elapsed=165.1s
[2026-04-25T08:05:14.730Z] heartbeat: pid=14764 elapsed=180.1s
[2026-04-25T08:05:29.737Z] heartbeat: pid=14764 elapsed=195.1s
[2026-04-25T08:05:44.738Z] heartbeat: pid=14764 elapsed=210.1s
[2026-04-25T08:05:59.751Z] heartbeat: pid=14764 elapsed=225.1s
[2026-04-25T08:06:14.759Z] heartbeat: pid=14764 elapsed=240.1s
[2026-04-25T08:06:29.772Z] heartbeat: pid=14764 elapsed=255.1s
[2026-04-25T08:06:42.893Z] [stderr]     Finished `release` profile [optimized] target(s) in 4m 12s
[2026-04-25T08:06:42.948Z] [stderr]        Built application at: D:\Development\Rheolab\src-tauri\target\release\rheolab-enterprise.exe
[2026-04-25T08:06:42.949Z] [stderr]         Info Patching binary "D:\\Development\\Rheolab\\src-tauri\\target\\release\\rheolab-enterprise.exe" for type nsis
[2026-04-25T08:06:42.959Z] [stderr]         Warn Failed to add bundler type to the binary: __TAURI_BUNDLE_TYPE variable not found in binary. Make sure tauri crate and tauri-cli are up to date. Updater plugin may not be able to update this package. This shouldn't normally happen, please report it to https://github.com/tauri-apps/tauri/issues
[2026-04-25T08:06:42.963Z] [stderr]         Info Target: x64
[2026-04-25T08:06:42.977Z] [stderr]      Running makensis to produce D:\Development\Rheolab\src-tauri\target\release\bundle\nsis\RheoLab Enterprise_0.2.0-beta.53_x64-setup.exe
[2026-04-25T08:06:44.784Z] heartbeat: pid=14764 elapsed=270.1s
[2026-04-25T08:06:56.456Z] [stderr]     Finished 1 bundle at:
[2026-04-25T08:06:56.457Z] [stderr]         D:\Development\Rheolab\src-tauri\target\release\bundle\nsis\RheoLab Enterprise_0.2.0-beta.53_x64-setup.exe
[2026-04-25T08:06:56.457Z] [stderr] 
[2026-04-25T08:06:56.477Z] wrapper exit: code=0 signal=null elapsed=281.8s
[2026-04-25T08:06:56.479Z] post-build sign: signing RheoLab Enterprise_0.2.0-beta.53_x64-setup.exe
[2026-04-25T08:06:57.212Z] post-build sign: success → RheoLab Enterprise_0.2.0-beta.53_x64-setup.exe.sig
