[2026-04-21T10:27:06.291Z] wrapper start
[2026-04-21T10:27:06.291Z] cwd=D:\Development\Rheolab
[2026-04-21T10:27:06.291Z] command=npm.cmd exec tauri -- build
[2026-04-21T10:27:06.291Z] RHEOLAB_SKIP_VERSION_BUMP=1
[2026-04-21T10:27:06.291Z] INTEGRITY_SECRET_KEY present=true dev_sentinel=false
[2026-04-21T10:27:06.291Z] TAURI_SIGNING_PRIVATE_KEY present=true len=348
[2026-04-21T10:27:06.291Z] TAURI_SIGNING_PRIVATE_KEY_PASSWORD present=true
[2026-04-21T10:27:06.295Z] direct spawn failed (EINVAL), switching to shell fallback
[2026-04-21T10:27:06.295Z] using shell fallback: npm.cmd "exec" "tauri" "--" "build"
[2026-04-21T10:27:07.007Z] [stderr]         Info Looking up installed tauri packages to check mismatched versions...
[2026-04-21T10:27:07.776Z] [stderr]      Running beforeBuildCommand `npm run build`
[2026-04-21T10:27:08.001Z] [stdout] 
[2026-04-21T10:27:08.001Z] [stdout] > rheolab-enterprise@0.2.0-beta.15 build
[2026-04-21T10:27:08.001Z] [stdout] > vite build
[2026-04-21T10:27:08.001Z] [stdout] 
[2026-04-21T10:27:08.319Z] [stdout] [36mvite v6.4.1 [32mbuilding for production...[36m[39m
[2026-04-21T10:27:08.362Z] [stdout] transforming...
[2026-04-21T10:27:12.277Z] [stderr] [33m[plugin vite:resolve] Module "crypto" has been externalized for browser compatibility, imported by "D:/Development/Rheolab/src/lib/utils/encryption.ts". See https://vite.dev/guide/troubleshooting.html#module-externalized-for-browser-compatibility for more details.[39m
[2026-04-21T10:27:13.602Z] [stdout] [32m✓[39m 2909 modules transformed.
[2026-04-21T10:27:13.842Z] [stdout] rendering chunks...
[2026-04-21T10:27:13.966Z] [stdout] computing gzip size...
[2026-04-21T10:27:13.985Z] [stdout] [2mdist/[22m[32mindex.html                                  [39m[1m[2m  1.70 kB[22m[1m[22m[2m │ gzip:  0.85 kB[22m
[2026-04-21T10:27:13.989Z] [stdout] [2mdist/[22m[35massets/ChartErrorBoundary-Saz_VHki.css      [39m[1m[2m  1.63 kB[22m[1m[22m[2m │ gzip:  0.70 kB[22m
[2026-04-21T10:27:13.989Z] [stdout] [2mdist/[22m[35massets/main-B7WeOzhy.css                    [39m[1m[2m141.75 kB[22m[1m[22m[2m │ gzip: 20.46 kB[22m
[2026-04-21T10:27:13.990Z] [stdout] [2mdist/[22m[36massets/__vite-browser-external-BIHI7g3E.js  [39m[1m[2m  0.03 kB[22m[1m[22m[2m │ gzip:  0.05 kB[22m
[2026-04-21T10:27:13.990Z] [stdout] [2mdist/[22m[36massets/encryption-D8x_ALIJ.js               [39m[1m[2m  0.14 kB[22m[1m[22m[2m │ gzip:  0.15 kB[22m
[2026-04-21T10:27:13.990Z] [stdout] [2mdist/[22m[36massets/page-ag22mqCL.js                     [39m[1m[2m  0.17 kB[22m[1m[22m[2m │ gzip:  0.16 kB[22m
[2026-04-21T10:27:13.990Z] [stdout] [2mdist/[22m[36massets/page-CdAzp9Ph.js                     [39m[1m[2m  0.20 kB[22m[1m[22m[2m │ gzip:  0.17 kB[22m
[2026-04-21T10:27:13.990Z] [stdout] [2mdist/[22m[36massets/tauri-bridge-CPQWRoWw.js             [39m[1m[2m  0.27 kB[22m[1m[22m[2m │ gzip:  0.20 kB[22m
[2026-04-21T10:27:13.990Z] [stdout] [2mdist/[22m[36massets/check-DGMw2-0y.js                    [39m[1m[2m  0.29 kB[22m[1m[22m[2m │ gzip:  0.24 kB[22m
[2026-04-21T10:27:13.990Z] [stdout] [2mdist/[22m[36massets/chevron-up-CqhQGPKJ.js               [39m[1m[2m  0.30 kB[22m[1m[22m[2m │ gzip:  0.25 kB[22m
[2026-04-21T10:27:13.990Z] [stdout] [2mdist/[22m[36massets/chevron-down-B0mdzJz_.js             [39m[1m[2m  0.30 kB[22m[1m[22m[2m │ gzip:  0.25 kB[22m
[2026-04-21T10:27:13.990Z] [stdout] [2mdist/[22m[36massets/plus-CIem4jAK.js                     [39m[1m[2m  0.33 kB[22m[1m[22m[2m │ gzip:  0.25 kB[22m
[2026-04-21T10:27:13.990Z] [stdout] [2mdist/[22m[36massets/circle-check-CTXjI1DD.js             [39m[1m[2m  0.35 kB[22m[1m[22m[2m │ gzip:  0.27 kB[22m
[2026-04-21T10:27:13.990Z] [stdout] [2mdist/[22m[36massets/rotate-ccw-yjMLMidr.js               [39m[1m[2m  0.37 kB[22m[1m[22m[2m │ gzip:  0.29 kB[22m
[2026-04-21T10:27:13.990Z] [stdout] [2mdist/[22m[36massets/upload-DaiRLHsU.js                   [39m[1m[2m  0.40 kB[22m[1m[22m[2m │ gzip:  0.30 kB[22m
[2026-04-21T10:27:13.991Z] [stdout] [2mdist/[22m[36massets/database-CaWKav8v.js                 [39m[1m[2m  0.42 kB[22m[1m[22m[2m │ gzip:  0.31 kB[22m
[2026-04-21T10:27:13.991Z] [stdout] [2mdist/[22m[36massets/settings-2-BfNaNR47.js               [39m[1m[2m  0.42 kB[22m[1m[22m[2m │ gzip:  0.30 kB[22m
[2026-04-21T10:27:13.991Z] [stdout] [2mdist/[22m[36massets/circle-alert-YHqH11nM.js             [39m[1m[2m  0.42 kB[22m[1m[22m[2m │ gzip:  0.29 kB[22m
[2026-04-21T10:27:13.991Z] [stdout] [2mdist/[22m[36massets/key-_8ZioFDm.js                      [39m[1m[2m  0.43 kB[22m[1m[22m[2m │ gzip:  0.32 kB[22m
[2026-04-21T10:27:13.991Z] [stdout] [2mdist/[22m[36massets/pencil-_BGGwdX1.js                   [39m[1m[2m  0.45 kB[22m[1m[22m[2m │ gzip:  0.33 kB[22m
[2026-04-21T10:27:13.991Z] [stdout] [2mdist/[22m[36massets/flask-conical-D-pHqKcl.js            [39m[1m[2m  0.47 kB[22m[1m[22m[2m │ gzip:  0.33 kB[22m
[2026-04-21T10:27:13.991Z] [stdout] [2mdist/[22m[36massets/trash-2-D5xVVIae.js                  [39m[1m[2m  0.50 kB[22m[1m[22m[2m │ gzip:  0.32 kB[22m
[2026-04-21T10:27:13.991Z] [stdout] [2mdist/[22m[36massets/building-2-dGg42Wjt.js               [39m[1m[2m  0.56 kB[22m[1m[22m[2m │ gzip:  0.34 kB[22m
[2026-04-21T10:27:13.991Z] [stdout] [2mdist/[22m[36massets/ruler-wFpj1cwB.js                    [39m[1m[2m  0.57 kB[22m[1m[22m[2m │ gzip:  0.35 kB[22m
[2026-04-21T10:27:13.991Z] [stdout] [2mdist/[22m[36massets/input-hTMp0Yyo.js                    [39m[1m[2m  0.60 kB[22m[1m[22m[2m │ gzip:  0.38 kB[22m
[2026-04-21T10:27:13.991Z] [stdout] [2mdist/[22m[36massets/circle-x-BjZmQr0v.js                 [39m[1m[2m  0.69 kB[22m[1m[22m[2m │ gzip:  0.36 kB[22m
[2026-04-21T10:27:13.991Z] [stdout] [2mdist/[22m[36massets/client-CR6Axw3f.js                   [39m[1m[2m  0.75 kB[22m[1m[22m[2m │ gzip:  0.40 kB[22m
[2026-04-21T10:27:13.991Z] [stdout] [2mdist/[22m[36massets/calendar-B7VGOdhd.js                 [39m[1m[2m  0.79 kB[22m[1m[22m[2m │ gzip:  0.41 kB[22m
[2026-04-21T10:27:13.991Z] [stdout] [2mdist/[22m[36massets/useFocusTrap-DBIo29X4.js             [39m[1m[2m  0.84 kB[22m[1m[22m[2m │ gzip:  0.44 kB[22m
[2026-04-21T10:27:13.991Z] [stdout] [2mdist/[22m[36massets/search-DTawNT56.js                   [39m[1m[2m  0.89 kB[22m[1m[22m[2m │ gzip:  0.42 kB[22m
[2026-04-21T10:27:13.991Z] [stdout] [2mdist/[22m[36massets/card-BsXg4GPx.js                     [39m[1m[2m  1.06 kB[22m[1m[22m[2m │ gzip:  0.41 kB[22m
[2026-04-21T10:27:13.991Z] [stdout] [2mdist/[22m[36massets/branding-store-pc21v8JK.js           [39m[1m[2m  1.36 kB[22m[1m[22m[2m │ gzip:  0.59 kB[22m
[2026-04-21T10:27:13.992Z] [stdout] [2mdist/[22m[36massets/index-KP-PmsJE.js                    [39m[1m[2m  1.89 kB[22m[1m[22m[2m │ gzip:  0.92 kB[22m
[2026-04-21T10:27:13.992Z] [stdout] [2mdist/[22m[36massets/button-CMPKrsYJ.js                   [39m[1m[2m  1.94 kB[22m[1m[22m[2m │ gzip:  0.96 kB[22m
[2026-04-21T10:27:13.992Z] [stdout] [2mdist/[22m[36massets/alert-dialog-CpXjRHsw.js             [39m[1m[2m  2.12 kB[22m[1m[22m[2m │ gzip:  0.77 kB[22m
[2026-04-21T10:27:13.992Z] [stdout] [2mdist/[22m[36massets/TrialBanner-BwulDtyl.js              [39m[1m[2m  2.26 kB[22m[1m[22m[2m │ gzip:  1.22 kB[22m
[2026-04-21T10:27:13.992Z] [stdout] [2mdist/[22m[36massets/label-C7vhJdYR.js                    [39m[1m[2m  2.52 kB[22m[1m[22m[2m │ gzip:  0.95 kB[22m
[2026-04-21T10:27:13.992Z] [stdout] [2mdist/[22m[36massets/BrandingManager-BGlvwr5O.js          [39m[1m[2m  2.55 kB[22m[1m[22m[2m │ gzip:  1.16 kB[22m
[2026-04-21T10:27:13.992Z] [stdout] [2mdist/[22m[36massets/index-D3UO7iM0.js                    [39m[1m[2m  3.59 kB[22m[1m[22m[2m │ gzip:  1.31 kB[22m
[2026-04-21T10:27:13.992Z] [stdout] [2mdist/[22m[36massets/UnitSystemCard-D-YVWuuB.js           [39m[1m[2m  3.89 kB[22m[1m[22m[2m │ gzip:  1.65 kB[22m
[2026-04-21T10:27:13.992Z] [stdout] [2mdist/[22m[36massets/expert-settings-panel-CpyYs2vz.js    [39m[1m[2m  3.90 kB[22m[1m[22m[2m │ gzip:  1.39 kB[22m
[2026-04-21T10:27:13.992Z] [stdout] [2mdist/[22m[36massets/chart-settings-store-BJBXCa9E.js     [39m[1m[2m  5.22 kB[22m[1m[22m[2m │ gzip:  1.75 kB[22m
[2026-04-21T10:27:13.992Z] [stdout] [2mdist/[22m[36massets/LicenseActivationDialog-BMVF1P4I.js  [39m[1m[2m  5.38 kB[22m[1m[22m[2m │ gzip:  2.14 kB[22m
[2026-04-21T10:27:13.992Z] [stdout] [2mdist/[22m[36massets/LaboratoryManager-stFeheFw.js        [39m[1m[2m  5.61 kB[22m[1m[22m[2m │ gzip:  1.96 kB[22m
[2026-04-21T10:27:13.992Z] [stdout] [2mdist/[22m[36massets/LogViewer-BhQK4pGA.js                [39m[1m[2m  5.76 kB[22m[1m[22m[2m │ gzip:  2.43 kB[22m
[2026-04-21T10:27:13.992Z] [stdout] [2mdist/[22m[36massets/BackupManager-uWgoUFF_.js            [39m[1m[2m  5.80 kB[22m[1m[22m[2m │ gzip:  2.23 kB[22m
[2026-04-21T10:27:13.992Z] [stdout] [2mdist/[22m[36massets/OperatorManager-9wQd9GCg.js          [39m[1m[2m  5.91 kB[22m[1m[22m[2m │ gzip:  2.14 kB[22m
[2026-04-21T10:27:13.993Z] [stdout] [2mdist/[22m[36massets/ExperimentExportImport-Cu_X87Kt.js   [39m[1m[2m  8.33 kB[22m[1m[22m[2m │ gzip:  2.94 kB[22m
[2026-04-21T10:27:13.993Z] [stdout] [2mdist/[22m[36massets/APIKeyManager-CPqk2k79.js            [39m[1m[2m  8.79 kB[22m[1m[22m[2m │ gzip:  3.06 kB[22m
[2026-04-21T10:27:13.994Z] [stdout] [2mdist/[22m[36massets/client-Bakq97rV.js                   [39m[1m[2m  9.13 kB[22m[1m[22m[2m │ gzip:  3.65 kB[22m
[2026-04-21T10:27:13.994Z] [stdout] [2mdist/[22m[36massets/AppSettingsExporter-KS0wZp7-.js      [39m[1m[2m 10.98 kB[22m[1m[22m[2m │ gzip:  3.62 kB[22m
[2026-04-21T10:27:13.994Z] [stdout] [2mdist/[22m[36massets/ru-C8Cx8G0_.js                       [39m[1m[2m 12.58 kB[22m[1m[22m[2m │ gzip:  3.14 kB[22m
[2026-04-21T10:27:13.994Z] [stdout] [2mdist/[22m[36massets/ChartSettingsManager-DfkFNW6J.js     [39m[1m[2m 13.64 kB[22m[1m[22m[2m │ gzip:  4.15 kB[22m
[2026-04-21T10:27:13.994Z] [stdout] [2mdist/[22m[36massets/useToast-Y-CAT5DJ.js                 [39m[1m[2m 14.15 kB[22m[1m[22m[2m │ gzip:  5.63 kB[22m
[2026-04-21T10:27:13.994Z] [stdout] [2mdist/[22m[36massets/ChartErrorBoundary-Cbw3jfXz.js       [39m[1m[2m 15.03 kB[22m[1m[22m[2m │ gzip:  6.27 kB[22m
[2026-04-21T10:27:13.994Z] [stdout] [2mdist/[22m[36massets/vendor-date-B1cgXEfA.js              [39m[1m[2m 20.00 kB[22m[1m[22m[2m │ gzip:  5.73 kB[22m
[2026-04-21T10:27:13.994Z] [stdout] [2mdist/[22m[36massets/page-CDJmjAKg.js                     [39m[1m[2m 29.52 kB[22m[1m[22m[2m │ gzip:  7.74 kB[22m
[2026-04-21T10:27:13.995Z] [stdout] [2mdist/[22m[36massets/page-BNTBPvTH.js                     [39m[1m[2m 40.89 kB[22m[1m[22m[2m │ gzip: 13.06 kB[22m
[2026-04-21T10:27:13.995Z] [stdout] [2mdist/[22m[36massets/vendor-react-VsJEmFiX.js             [39m[1m[2m 48.76 kB[22m[1m[22m[2m │ gzip: 17.28 kB[22m
[2026-04-21T10:27:13.995Z] [stdout] [2mdist/[22m[36massets/vendor-charts-CziCK5UB.js            [39m[1m[2m 52.27 kB[22m[1m[22m[2m │ gzip: 23.28 kB[22m
[2026-04-21T10:27:13.995Z] [stdout] [2mdist/[22m[36massets/page-2g1SS7jX.js                     [39m[1m[2m 92.73 kB[22m[1m[22m[2m │ gzip: 23.31 kB[22m
[2026-04-21T10:27:13.995Z] [stdout] [2mdist/[22m[36massets/vendor-radix-wOjfjdRn.js             [39m[1m[2m113.50 kB[22m[1m[22m[2m │ gzip: 36.46 kB[22m
[2026-04-21T10:27:13.995Z] [stdout] [2mdist/[22m[36massets/DashboardContent-Cx2pbAwi.js         [39m[1m[2m123.29 kB[22m[1m[22m[2m │ gzip: 32.05 kB[22m
[2026-04-21T10:27:13.995Z] [stdout] [2mdist/[22m[36massets/page-DBvtY8Ni.js                     [39m[1m[2m132.69 kB[22m[1m[22m[2m │ gzip: 38.25 kB[22m
[2026-04-21T10:27:13.995Z] [stdout] [2mdist/[22m[36massets/main-Bxti5kWZ.js                     [39m[1m[2m278.28 kB[22m[1m[22m[2m │ gzip: 88.46 kB[22m
[2026-04-21T10:27:13.995Z] [stdout] [32m✓ built in 5.66s[39m
[2026-04-21T10:27:15.246Z] [stderr]    Compiling rheolab-enterprise v0.2.0-beta.15 (D:\Development\Rheolab\src-tauri)
[2026-04-21T10:27:21.311Z] heartbeat: pid=14448 elapsed=15.0s
[2026-04-21T10:27:36.318Z] heartbeat: pid=14448 elapsed=30.0s
[2026-04-21T10:27:51.329Z] heartbeat: pid=14448 elapsed=45.0s
[2026-04-21T10:28:06.344Z] heartbeat: pid=14448 elapsed=60.1s
[2026-04-21T10:28:21.345Z] heartbeat: pid=14448 elapsed=75.1s
[2026-04-21T10:28:36.359Z] heartbeat: pid=14448 elapsed=90.1s
[2026-04-21T10:28:51.372Z] heartbeat: pid=14448 elapsed=105.1s
[2026-04-21T10:29:06.372Z] heartbeat: pid=14448 elapsed=120.1s
[2026-04-21T10:29:21.377Z] heartbeat: pid=14448 elapsed=135.1s
[2026-04-21T10:29:36.396Z] heartbeat: pid=14448 elapsed=150.1s
[2026-04-21T10:29:51.402Z] heartbeat: pid=14448 elapsed=165.1s
[2026-04-21T10:30:06.409Z] heartbeat: pid=14448 elapsed=180.1s
[2026-04-21T10:30:21.420Z] heartbeat: pid=14448 elapsed=195.1s
[2026-04-21T10:30:36.431Z] heartbeat: pid=14448 elapsed=210.1s
[2026-04-21T10:30:44.416Z] [stderr]     Finished `release` profile [optimized] target(s) in 3m 30s
[2026-04-21T10:30:44.460Z] [stderr]        Built application at: D:\Development\Rheolab\src-tauri\target\release\rheolab-enterprise.exe
[2026-04-21T10:30:44.461Z] [stderr]         Info Patching binary "D:\\Development\\Rheolab\\src-tauri\\target\\release\\rheolab-enterprise.exe" for type nsis
[2026-04-21T10:30:44.483Z] [stderr]         Info Target: x64
[2026-04-21T10:30:44.493Z] [stderr]      Running makensis to produce D:\Development\Rheolab\src-tauri\target\release\bundle\nsis\RheoLab Enterprise_0.2.0-beta.15_x64-setup.exe
[2026-04-21T10:30:51.435Z] heartbeat: pid=14448 elapsed=225.1s
[2026-04-21T10:30:58.298Z] [stderr]     Finished 1 bundle at:
[2026-04-21T10:30:58.299Z] [stderr]         D:\Development\Rheolab\src-tauri\target\release\bundle\nsis\RheoLab Enterprise_0.2.0-beta.15_x64-setup.exe
[2026-04-21T10:30:58.299Z] [stderr] 
[2026-04-21T10:30:58.319Z] wrapper exit: code=0 signal=null elapsed=232.0s
[2026-04-21T10:30:58.320Z] post-build sign: signing RheoLab Enterprise_0.2.0-beta.15_x64-setup.exe
[2026-04-21T10:30:59.021Z] post-build sign: success → RheoLab Enterprise_0.2.0-beta.15_x64-setup.exe.sig
