[2026-04-23T21:24:46.535Z] wrapper start
[2026-04-23T21:24:46.535Z] cwd=D:\Development\Rheolab
[2026-04-23T21:24:46.535Z] command=npm.cmd exec tauri -- dev
[2026-04-23T21:24:46.535Z] RHEOLAB_SKIP_VERSION_BUMP=
[2026-04-23T21:24:46.540Z] direct spawn failed (EINVAL), switching to shell fallback
[2026-04-23T21:24:46.540Z] using shell fallback: npm.cmd "exec" "tauri" "--" "dev"
[2026-04-23T21:24:47.258Z] [stderr]      Running BeforeDevCommand (`npm run dev`)
[2026-04-23T21:24:47.494Z] [stdout] 
[2026-04-23T21:24:47.494Z] [stdout] > rheolab-enterprise@0.2.0-beta.39 dev
[2026-04-23T21:24:47.494Z] [stdout] > vite
[2026-04-23T21:24:47.494Z] [stdout] 
[2026-04-23T21:24:47.854Z] [stdout] 
[2026-04-23T21:24:47.854Z] [stdout]   [32m[1mVITE[22m v6.4.2[39m  [2mready in [0m[1m306[22m[2m[0m ms[22m
[2026-04-23T21:24:47.854Z] [stdout] 
[2026-04-23T21:24:47.855Z] [stdout]   [32m➜[39m  [1mLocal[22m:   [36mhttp://localhost:[1m1420[22m/[39m
[2026-04-23T21:24:51.285Z] [stderr]      Running DevCommand (`cargo  run --no-default-features --color always --`)
[2026-04-23T21:24:51.348Z] [stderr]         Info Watching D:\Development\Rheolab\src-tauri for changes...
[2026-04-23T21:24:52.148Z] [stderr] [1m[92m    Finished[0m ]8;;https://doc.rust-lang.org/cargo/reference/profiles.html#default-profiles\`dev` profile [unoptimized + debuginfo]]8;;\ target(s) in 0.81s
[2026-04-23T21:24:52.188Z] [stderr] [1m[92m     Running[0m `target\debug\rheolab-enterprise.exe`
[2026-04-23T21:24:57.820Z] [stdout] [2026-04-23][21:24:57][reqwest::connect][DEBUG] starting new connection: https://license.vizbuka.ru/
[2026-04-23T21:24:58.067Z] [stdout] [2026-04-23][21:24:58][reqwest::retry][TRACE] shouldn't retry!
[2026-04-23T21:25:01.559Z] heartbeat: pid=8280 elapsed=15.0s
[2026-04-23T21:25:16.561Z] heartbeat: pid=8280 elapsed=30.0s
[2026-04-23T21:25:31.561Z] heartbeat: pid=8280 elapsed=45.0s
[2026-04-23T21:25:46.568Z] heartbeat: pid=8280 elapsed=60.0s
[2026-04-23T21:26:01.568Z] heartbeat: pid=8280 elapsed=75.0s
[2026-04-23T21:26:16.575Z] heartbeat: pid=8280 elapsed=90.0s
[2026-04-23T21:26:31.582Z] heartbeat: pid=8280 elapsed=105.0s
[2026-04-23T21:26:46.582Z] heartbeat: pid=8280 elapsed=120.0s
[2026-04-23T21:27:01.582Z] heartbeat: pid=8280 elapsed=135.0s
[2026-04-23T21:27:16.581Z] heartbeat: pid=8280 elapsed=150.0s
[2026-04-23T21:27:31.585Z] heartbeat: pid=8280 elapsed=165.1s
[2026-04-23T21:27:46.590Z] heartbeat: pid=8280 elapsed=180.1s
[2026-04-23T21:28:01.595Z] heartbeat: pid=8280 elapsed=195.1s
[2026-04-23T21:28:16.598Z] heartbeat: pid=8280 elapsed=210.1s
[2026-04-23T21:28:31.598Z] heartbeat: pid=8280 elapsed=225.1s
[2026-04-23T21:28:46.613Z] heartbeat: pid=8280 elapsed=240.1s
[2026-04-23T21:29:01.623Z] heartbeat: pid=8280 elapsed=255.1s
[2026-04-23T21:29:16.638Z] heartbeat: pid=8280 elapsed=270.1s
[2026-04-23T21:29:31.649Z] heartbeat: pid=8280 elapsed=285.1s
[2026-04-23T21:29:46.662Z] heartbeat: pid=8280 elapsed=300.1s
[2026-04-23T21:30:01.666Z] heartbeat: pid=8280 elapsed=315.1s
[2026-04-23T21:30:16.675Z] heartbeat: pid=8280 elapsed=330.1s
[2026-04-23T21:30:31.685Z] heartbeat: pid=8280 elapsed=345.1s
[2026-04-23T21:30:46.688Z] heartbeat: pid=8280 elapsed=360.2s
[2026-04-23T21:31:01.689Z] heartbeat: pid=8280 elapsed=375.2s
[2026-04-23T21:31:16.690Z] heartbeat: pid=8280 elapsed=390.2s
[2026-04-23T21:31:31.692Z] heartbeat: pid=8280 elapsed=405.2s
[2026-04-23T21:31:46.699Z] heartbeat: pid=8280 elapsed=420.2s
[2026-04-23T21:32:01.706Z] heartbeat: pid=8280 elapsed=435.2s
[2026-04-23T21:32:16.711Z] heartbeat: pid=8280 elapsed=450.2s
[2026-04-23T21:32:31.722Z] heartbeat: pid=8280 elapsed=465.2s
[2026-04-23T21:32:46.727Z] heartbeat: pid=8280 elapsed=480.2s
[2026-04-23T21:33:01.737Z] heartbeat: pid=8280 elapsed=495.2s
[2026-04-23T21:33:16.747Z] heartbeat: pid=8280 elapsed=510.2s
[2026-04-23T21:33:31.753Z] heartbeat: pid=8280 elapsed=525.2s
[2026-04-23T21:33:46.766Z] heartbeat: pid=8280 elapsed=540.2s
[2026-04-23T21:34:01.768Z] heartbeat: pid=8280 elapsed=555.2s
[2026-04-23T21:34:16.775Z] heartbeat: pid=8280 elapsed=570.2s
[2026-04-23T21:34:31.787Z] heartbeat: pid=8280 elapsed=585.3s
[2026-04-23T21:34:46.799Z] heartbeat: pid=8280 elapsed=600.3s
[2026-04-23T21:35:01.800Z] heartbeat: pid=8280 elapsed=615.3s
[2026-04-23T21:35:16.811Z] heartbeat: pid=8280 elapsed=630.3s
[2026-04-23T21:35:31.816Z] heartbeat: pid=8280 elapsed=645.3s
[2026-04-23T21:35:46.827Z] heartbeat: pid=8280 elapsed=660.3s
[2026-04-23T21:36:01.835Z] heartbeat: pid=8280 elapsed=675.3s
[2026-04-23T21:36:16.837Z] heartbeat: pid=8280 elapsed=690.3s
[2026-04-23T21:36:31.844Z] heartbeat: pid=8280 elapsed=705.3s
[2026-04-23T21:36:46.852Z] heartbeat: pid=8280 elapsed=720.3s
[2026-04-23T21:37:01.857Z] heartbeat: pid=8280 elapsed=735.3s
[2026-04-23T21:37:16.864Z] heartbeat: pid=8280 elapsed=750.3s
[2026-04-23T21:37:31.865Z] heartbeat: pid=8280 elapsed=765.3s
[2026-04-23T21:37:46.865Z] heartbeat: pid=8280 elapsed=780.3s
[2026-04-23T21:38:01.872Z] heartbeat: pid=8280 elapsed=795.3s
[2026-04-23T21:38:16.880Z] heartbeat: pid=8280 elapsed=810.3s
[2026-04-23T21:38:31.885Z] heartbeat: pid=8280 elapsed=825.4s
[2026-04-23T21:38:46.885Z] heartbeat: pid=8280 elapsed=840.4s
[2026-04-23T21:39:01.894Z] heartbeat: pid=8280 elapsed=855.4s
[2026-04-23T21:39:16.906Z] heartbeat: pid=8280 elapsed=870.4s
[2026-04-23T21:39:31.921Z] heartbeat: pid=8280 elapsed=885.4s
[2026-04-23T21:39:46.935Z] heartbeat: pid=8280 elapsed=900.4s
[2026-04-23T21:40:01.945Z] heartbeat: pid=8280 elapsed=915.4s
[2026-04-23T21:40:16.958Z] heartbeat: pid=8280 elapsed=930.4s
[2026-04-23T21:40:31.972Z] heartbeat: pid=8280 elapsed=945.4s
[2026-04-23T21:40:46.981Z] heartbeat: pid=8280 elapsed=960.4s
[2026-04-23T21:41:01.981Z] heartbeat: pid=8280 elapsed=975.4s
[2026-04-23T21:41:16.988Z] heartbeat: pid=8280 elapsed=990.5s
[2026-04-23T21:41:31.996Z] heartbeat: pid=8280 elapsed=1005.5s
[2026-04-23T21:41:47.002Z] heartbeat: pid=8280 elapsed=1020.5s
[2026-04-23T21:42:02.011Z] heartbeat: pid=8280 elapsed=1035.5s
[2026-04-23T21:42:17.023Z] heartbeat: pid=8280 elapsed=1050.5s
[2026-04-23T21:42:32.032Z] heartbeat: pid=8280 elapsed=1065.5s
[2026-04-23T21:42:47.032Z] heartbeat: pid=8280 elapsed=1080.5s
[2026-04-23T21:43:02.044Z] heartbeat: pid=8280 elapsed=1095.5s
[2026-04-23T21:43:17.058Z] heartbeat: pid=8280 elapsed=1110.5s
[2026-04-23T21:43:32.068Z] heartbeat: pid=8280 elapsed=1125.5s
[2026-04-23T21:43:47.079Z] heartbeat: pid=8280 elapsed=1140.5s
[2026-04-23T21:44:02.079Z] heartbeat: pid=8280 elapsed=1155.5s
[2026-04-23T21:44:17.082Z] heartbeat: pid=8280 elapsed=1170.5s
[2026-04-23T21:44:32.097Z] heartbeat: pid=8280 elapsed=1185.6s
[2026-04-23T21:44:47.103Z] heartbeat: pid=8280 elapsed=1200.6s
[2026-04-23T21:45:02.114Z] heartbeat: pid=8280 elapsed=1215.6s
[2026-04-23T21:45:17.116Z] heartbeat: pid=8280 elapsed=1230.6s
[2026-04-23T21:45:32.121Z] heartbeat: pid=8280 elapsed=1245.6s
[2026-04-23T21:45:47.122Z] heartbeat: pid=8280 elapsed=1260.6s
[2026-04-23T21:46:02.136Z] heartbeat: pid=8280 elapsed=1275.6s
[2026-04-23T21:46:17.135Z] heartbeat: pid=8280 elapsed=1290.6s
[2026-04-23T21:46:32.149Z] heartbeat: pid=8280 elapsed=1305.6s
[2026-04-23T21:46:47.159Z] heartbeat: pid=8280 elapsed=1320.6s
[2026-04-23T21:47:02.171Z] heartbeat: pid=8280 elapsed=1335.6s
[2026-04-23T21:47:17.185Z] heartbeat: pid=8280 elapsed=1350.7s
[2026-04-23T21:47:32.185Z] heartbeat: pid=8280 elapsed=1365.7s
[2026-04-23T21:47:47.188Z] heartbeat: pid=8280 elapsed=1380.7s
[2026-04-23T21:48:02.197Z] heartbeat: pid=8280 elapsed=1395.7s
[2026-04-23T21:48:17.207Z] heartbeat: pid=8280 elapsed=1410.7s
[2026-04-23T21:48:32.212Z] heartbeat: pid=8280 elapsed=1425.7s
[2026-04-23T21:48:47.218Z] heartbeat: pid=8280 elapsed=1440.7s
[2026-04-23T21:49:02.231Z] heartbeat: pid=8280 elapsed=1455.7s
[2026-04-23T21:49:17.233Z] heartbeat: pid=8280 elapsed=1470.7s
[2026-04-23T21:49:32.246Z] heartbeat: pid=8280 elapsed=1485.7s
[2026-04-23T21:49:47.247Z] heartbeat: pid=8280 elapsed=1500.7s
[2026-04-23T21:50:02.249Z] heartbeat: pid=8280 elapsed=1515.7s
[2026-04-23T21:50:17.259Z] heartbeat: pid=8280 elapsed=1530.7s
[2026-04-23T21:50:32.261Z] heartbeat: pid=8280 elapsed=1545.7s
[2026-04-23T21:50:47.261Z] heartbeat: pid=8280 elapsed=1560.7s
[2026-04-23T21:51:02.261Z] heartbeat: pid=8280 elapsed=1575.7s
[2026-04-23T21:51:17.276Z] heartbeat: pid=8280 elapsed=1590.7s
[2026-04-23T21:51:32.287Z] heartbeat: pid=8280 elapsed=1605.8s
[2026-04-23T21:51:47.293Z] heartbeat: pid=8280 elapsed=1620.8s
[2026-04-23T21:52:02.304Z] heartbeat: pid=8280 elapsed=1635.8s
[2026-04-23T21:52:17.315Z] heartbeat: pid=8280 elapsed=1650.8s
[2026-04-23T21:52:32.315Z] heartbeat: pid=8280 elapsed=1665.8s
[2026-04-23T21:52:47.318Z] heartbeat: pid=8280 elapsed=1680.8s
[2026-04-23T21:53:02.318Z] heartbeat: pid=8280 elapsed=1695.8s
[2026-04-23T21:53:17.319Z] heartbeat: pid=8280 elapsed=1710.8s
[2026-04-23T21:53:32.325Z] heartbeat: pid=8280 elapsed=1725.8s
[2026-04-23T21:53:47.330Z] heartbeat: pid=8280 elapsed=1740.8s
[2026-04-23T21:54:02.344Z] heartbeat: pid=8280 elapsed=1755.8s
[2026-04-23T21:54:17.356Z] heartbeat: pid=8280 elapsed=1770.8s
[2026-04-23T21:54:32.369Z] heartbeat: pid=8280 elapsed=1785.8s
[2026-04-23T21:54:47.370Z] heartbeat: pid=8280 elapsed=1800.8s
[2026-04-23T21:55:02.378Z] heartbeat: pid=8280 elapsed=1815.8s
[2026-04-23T21:55:17.393Z] heartbeat: pid=8280 elapsed=1830.9s
[2026-04-23T21:55:32.408Z] heartbeat: pid=8280 elapsed=1845.9s
[2026-04-23T21:55:47.412Z] heartbeat: pid=8280 elapsed=1860.9s
[2026-04-23T21:56:02.414Z] heartbeat: pid=8280 elapsed=1875.9s
[2026-04-23T21:56:17.423Z] heartbeat: pid=8280 elapsed=1890.9s
[2026-04-23T21:56:32.427Z] heartbeat: pid=8280 elapsed=1905.9s
[2026-04-23T21:56:47.433Z] heartbeat: pid=8280 elapsed=1920.9s
[2026-04-23T21:57:02.435Z] heartbeat: pid=8280 elapsed=1935.9s
[2026-04-23T21:57:17.447Z] heartbeat: pid=8280 elapsed=1950.9s
[2026-04-23T21:57:32.449Z] heartbeat: pid=8280 elapsed=1965.9s
[2026-04-23T21:57:47.457Z] heartbeat: pid=8280 elapsed=1980.9s
[2026-04-23T21:58:02.469Z] heartbeat: pid=8280 elapsed=1995.9s
[2026-04-23T21:58:17.475Z] heartbeat: pid=8280 elapsed=2010.9s
[2026-04-23T21:58:32.479Z] heartbeat: pid=8280 elapsed=2025.9s
[2026-04-23T21:58:47.491Z] heartbeat: pid=8280 elapsed=2041.0s
[2026-04-23T21:59:02.493Z] heartbeat: pid=8280 elapsed=2056.0s
[2026-04-23T21:59:17.495Z] heartbeat: pid=8280 elapsed=2071.0s
[2026-04-23T21:59:32.495Z] heartbeat: pid=8280 elapsed=2086.0s
[2026-04-23T21:59:47.496Z] heartbeat: pid=8280 elapsed=2101.0s
[2026-04-23T22:00:02.496Z] heartbeat: pid=8280 elapsed=2116.0s
[2026-04-23T22:00:17.501Z] heartbeat: pid=8280 elapsed=2131.0s
[2026-04-23T22:00:32.508Z] heartbeat: pid=8280 elapsed=2146.0s
[2026-04-23T22:00:47.522Z] heartbeat: pid=8280 elapsed=2161.0s
[2026-04-23T22:01:02.535Z] heartbeat: pid=8280 elapsed=2176.0s
[2026-04-23T22:01:17.539Z] heartbeat: pid=8280 elapsed=2191.0s
[2026-04-23T22:01:32.550Z] heartbeat: pid=8280 elapsed=2206.0s
[2026-04-23T22:01:47.552Z] heartbeat: pid=8280 elapsed=2221.0s
[2026-04-23T22:02:02.558Z] heartbeat: pid=8280 elapsed=2236.0s
[2026-04-23T22:02:17.571Z] heartbeat: pid=8280 elapsed=2251.0s
[2026-04-23T22:02:32.583Z] heartbeat: pid=8280 elapsed=2266.0s
[2026-04-23T22:02:47.589Z] heartbeat: pid=8280 elapsed=2281.1s
[2026-04-23T22:03:02.596Z] heartbeat: pid=8280 elapsed=2296.1s
[2026-04-23T22:03:17.601Z] heartbeat: pid=8280 elapsed=2311.1s
[2026-04-23T22:03:32.603Z] heartbeat: pid=8280 elapsed=2326.1s
[2026-04-23T22:03:47.609Z] heartbeat: pid=8280 elapsed=2341.1s
[2026-04-23T22:04:02.620Z] heartbeat: pid=8280 elapsed=2356.1s
[2026-04-23T22:04:17.625Z] heartbeat: pid=8280 elapsed=2371.1s
[2026-04-23T22:04:32.625Z] heartbeat: pid=8280 elapsed=2386.1s
[2026-04-23T22:04:47.631Z] heartbeat: pid=8280 elapsed=2401.1s
[2026-04-23T22:05:02.643Z] heartbeat: pid=8280 elapsed=2416.1s
[2026-04-23T22:05:17.646Z] heartbeat: pid=8280 elapsed=2431.1s
[2026-04-23T22:05:32.659Z] heartbeat: pid=8280 elapsed=2446.1s
[2026-04-23T22:05:47.663Z] heartbeat: pid=8280 elapsed=2461.1s
[2026-04-23T22:06:02.675Z] heartbeat: pid=8280 elapsed=2476.1s
[2026-04-23T22:06:17.678Z] heartbeat: pid=8280 elapsed=2491.1s
[2026-04-23T22:06:32.683Z] heartbeat: pid=8280 elapsed=2506.1s
[2026-04-23T22:06:47.692Z] heartbeat: pid=8280 elapsed=2521.2s
[2026-04-23T22:07:02.699Z] heartbeat: pid=8280 elapsed=2536.2s
[2026-04-23T22:07:17.709Z] heartbeat: pid=8280 elapsed=2551.2s
[2026-04-23T22:07:32.722Z] heartbeat: pid=8280 elapsed=2566.2s
[2026-04-23T22:07:47.727Z] heartbeat: pid=8280 elapsed=2581.2s
[2026-04-23T22:08:02.741Z] heartbeat: pid=8280 elapsed=2596.2s
[2026-04-23T22:08:17.755Z] heartbeat: pid=8280 elapsed=2611.2s
[2026-04-23T22:08:32.758Z] heartbeat: pid=8280 elapsed=2626.2s
[2026-04-23T22:08:47.768Z] heartbeat: pid=8280 elapsed=2641.2s
[2026-04-23T22:09:02.783Z] heartbeat: pid=8280 elapsed=2656.2s
[2026-04-23T22:09:17.792Z] heartbeat: pid=8280 elapsed=2671.3s
[2026-04-23T22:09:32.804Z] heartbeat: pid=8280 elapsed=2686.3s
[2026-04-23T22:09:47.814Z] heartbeat: pid=8280 elapsed=2701.3s
[2026-04-23T22:10:02.820Z] heartbeat: pid=8280 elapsed=2716.3s
[2026-04-23T22:10:17.827Z] heartbeat: pid=8280 elapsed=2731.3s
[2026-04-23T22:10:32.842Z] heartbeat: pid=8280 elapsed=2746.3s
[2026-04-23T22:10:47.844Z] heartbeat: pid=8280 elapsed=2761.3s
[2026-04-23T22:11:02.857Z] heartbeat: pid=8280 elapsed=2776.3s
[2026-04-23T22:11:17.871Z] heartbeat: pid=8280 elapsed=2791.3s
[2026-04-23T22:11:32.881Z] heartbeat: pid=8280 elapsed=2806.3s
[2026-04-23T22:11:47.882Z] heartbeat: pid=8280 elapsed=2821.3s
[2026-04-23T22:12:02.892Z] heartbeat: pid=8280 elapsed=2836.4s
[2026-04-23T22:12:17.901Z] heartbeat: pid=8280 elapsed=2851.4s
[2026-04-23T22:12:32.914Z] heartbeat: pid=8280 elapsed=2866.4s
[2026-04-23T22:12:47.926Z] heartbeat: pid=8280 elapsed=2881.4s
[2026-04-23T22:13:02.929Z] heartbeat: pid=8280 elapsed=2896.4s
[2026-04-23T22:13:17.933Z] heartbeat: pid=8280 elapsed=2911.4s
[2026-04-23T22:13:32.936Z] heartbeat: pid=8280 elapsed=2926.4s
[2026-04-23T22:13:47.941Z] heartbeat: pid=8280 elapsed=2941.4s
[2026-04-23T22:14:02.948Z] heartbeat: pid=8280 elapsed=2956.4s
[2026-04-23T22:14:17.955Z] heartbeat: pid=8280 elapsed=2971.4s
[2026-04-23T22:14:32.966Z] heartbeat: pid=8280 elapsed=2986.4s
[2026-04-23T22:14:47.977Z] heartbeat: pid=8280 elapsed=3001.4s
[2026-04-23T22:15:02.981Z] heartbeat: pid=8280 elapsed=3016.4s
[2026-04-23T22:15:17.991Z] heartbeat: pid=8280 elapsed=3031.5s
[2026-04-23T22:15:32.999Z] heartbeat: pid=8280 elapsed=3046.5s
[2026-04-23T22:15:48.010Z] heartbeat: pid=8280 elapsed=3061.5s
[2026-04-23T22:16:03.015Z] heartbeat: pid=8280 elapsed=3076.5s
[2026-04-23T22:16:18.021Z] heartbeat: pid=8280 elapsed=3091.5s
[2026-04-23T22:16:33.027Z] heartbeat: pid=8280 elapsed=3106.5s
[2026-04-23T22:16:48.036Z] heartbeat: pid=8280 elapsed=3121.5s
[2026-04-23T22:17:03.047Z] heartbeat: pid=8280 elapsed=3136.5s
[2026-04-23T22:17:18.048Z] heartbeat: pid=8280 elapsed=3151.5s
[2026-04-23T22:17:33.050Z] heartbeat: pid=8280 elapsed=3166.5s
[2026-04-23T22:17:48.062Z] heartbeat: pid=8280 elapsed=3181.5s
[2026-04-23T22:18:03.076Z] heartbeat: pid=8280 elapsed=3196.5s
[2026-04-23T22:18:18.083Z] heartbeat: pid=8280 elapsed=3211.5s
[2026-04-23T22:18:33.090Z] heartbeat: pid=8280 elapsed=3226.6s
[2026-04-23T22:18:48.097Z] heartbeat: pid=8280 elapsed=3241.6s
[2026-04-23T22:19:03.101Z] heartbeat: pid=8280 elapsed=3256.6s
[2026-04-23T22:19:18.114Z] heartbeat: pid=8280 elapsed=3271.6s
[2026-04-23T22:19:33.118Z] heartbeat: pid=8280 elapsed=3286.6s
[2026-04-23T22:19:48.131Z] heartbeat: pid=8280 elapsed=3301.6s
[2026-04-23T22:20:03.137Z] heartbeat: pid=8280 elapsed=3316.6s
[2026-04-23T22:20:18.140Z] heartbeat: pid=8280 elapsed=3331.6s
[2026-04-23T22:20:33.150Z] heartbeat: pid=8280 elapsed=3346.6s
[2026-04-23T22:20:48.150Z] heartbeat: pid=8280 elapsed=3361.6s
[2026-04-23T22:21:03.152Z] heartbeat: pid=8280 elapsed=3376.6s
[2026-04-23T22:21:18.156Z] heartbeat: pid=8280 elapsed=3391.6s
[2026-04-23T22:21:33.170Z] heartbeat: pid=8280 elapsed=3406.6s
[2026-04-23T22:21:48.184Z] heartbeat: pid=8280 elapsed=3421.6s
[2026-04-23T22:22:03.187Z] heartbeat: pid=8280 elapsed=3436.7s
[2026-04-23T22:22:18.187Z] heartbeat: pid=8280 elapsed=3451.7s
[2026-04-23T22:22:33.195Z] heartbeat: pid=8280 elapsed=3466.7s
[2026-04-23T22:22:48.201Z] heartbeat: pid=8280 elapsed=3481.7s
[2026-04-23T22:23:03.206Z] heartbeat: pid=8280 elapsed=3496.7s
[2026-04-23T22:23:18.214Z] heartbeat: pid=8280 elapsed=3511.7s
[2026-04-23T22:23:33.217Z] heartbeat: pid=8280 elapsed=3526.7s
[2026-04-23T22:23:48.217Z] heartbeat: pid=8280 elapsed=3541.7s
[2026-04-23T22:24:03.226Z] heartbeat: pid=8280 elapsed=3556.7s
[2026-04-23T22:24:18.238Z] heartbeat: pid=8280 elapsed=3571.7s
[2026-04-23T22:24:33.244Z] heartbeat: pid=8280 elapsed=3586.7s
[2026-04-23T22:24:48.245Z] heartbeat: pid=8280 elapsed=3601.7s
[2026-04-23T22:25:03.247Z] heartbeat: pid=8280 elapsed=3616.7s
[2026-04-23T22:25:18.262Z] heartbeat: pid=8280 elapsed=3631.7s
[2026-04-23T22:25:33.277Z] heartbeat: pid=8280 elapsed=3646.7s
[2026-04-23T22:25:48.291Z] heartbeat: pid=8280 elapsed=3661.8s
[2026-04-23T22:26:03.301Z] heartbeat: pid=8280 elapsed=3676.8s
[2026-04-23T22:26:18.303Z] heartbeat: pid=8280 elapsed=3691.8s
[2026-04-23T22:26:33.319Z] heartbeat: pid=8280 elapsed=3706.8s
[2026-04-23T22:26:48.325Z] heartbeat: pid=8280 elapsed=3721.8s
[2026-04-23T22:27:03.335Z] heartbeat: pid=8280 elapsed=3736.8s
[2026-04-23T22:27:18.336Z] heartbeat: pid=8280 elapsed=3751.8s
[2026-04-23T22:27:33.346Z] heartbeat: pid=8280 elapsed=3766.8s
[2026-04-23T22:27:48.357Z] heartbeat: pid=8280 elapsed=3781.8s
[2026-04-23T22:28:03.359Z] heartbeat: pid=8280 elapsed=3796.8s
[2026-04-23T22:28:18.374Z] heartbeat: pid=8280 elapsed=3811.8s
[2026-04-23T22:28:33.377Z] heartbeat: pid=8280 elapsed=3826.8s
[2026-04-23T22:28:48.389Z] heartbeat: pid=8280 elapsed=3841.9s
[2026-04-23T22:29:03.403Z] heartbeat: pid=8280 elapsed=3856.9s
[2026-04-23T22:29:18.414Z] heartbeat: pid=8280 elapsed=3871.9s
[2026-04-23T22:29:33.429Z] heartbeat: pid=8280 elapsed=3886.9s
[2026-04-23T22:29:48.439Z] heartbeat: pid=8280 elapsed=3901.9s
[2026-04-23T22:30:03.440Z] heartbeat: pid=8280 elapsed=3916.9s
[2026-04-23T22:30:18.455Z] heartbeat: pid=8280 elapsed=3931.9s
[2026-04-23T22:30:33.459Z] heartbeat: pid=8280 elapsed=3946.9s
[2026-04-23T22:30:48.463Z] heartbeat: pid=8280 elapsed=3961.9s
[2026-04-23T22:31:03.477Z] heartbeat: pid=8280 elapsed=3976.9s
[2026-04-23T22:31:18.487Z] heartbeat: pid=8280 elapsed=3992.0s
[2026-04-23T22:31:33.490Z] heartbeat: pid=8280 elapsed=4007.0s
[2026-04-23T22:31:48.496Z] heartbeat: pid=8280 elapsed=4022.0s
[2026-04-23T22:32:03.497Z] heartbeat: pid=8280 elapsed=4037.0s
[2026-04-23T22:32:18.498Z] heartbeat: pid=8280 elapsed=4052.0s
[2026-04-23T22:32:33.509Z] heartbeat: pid=8280 elapsed=4067.0s
[2026-04-23T22:32:48.514Z] heartbeat: pid=8280 elapsed=4082.0s
[2026-04-23T22:33:03.523Z] heartbeat: pid=8280 elapsed=4097.0s
[2026-04-23T22:33:18.536Z] heartbeat: pid=8280 elapsed=4112.0s
[2026-04-23T22:33:33.551Z] heartbeat: pid=8280 elapsed=4127.0s
[2026-04-23T22:33:48.561Z] heartbeat: pid=8280 elapsed=4142.0s
[2026-04-23T22:34:03.565Z] heartbeat: pid=8280 elapsed=4157.0s
[2026-04-23T22:34:18.576Z] heartbeat: pid=8280 elapsed=4172.0s
[2026-04-23T22:34:33.581Z] heartbeat: pid=8280 elapsed=4187.0s
[2026-04-23T22:34:48.597Z] heartbeat: pid=8280 elapsed=4202.1s
[2026-04-23T22:35:03.604Z] heartbeat: pid=8280 elapsed=4217.1s
[2026-04-23T22:35:18.615Z] heartbeat: pid=8280 elapsed=4232.1s
[2026-04-23T22:35:33.628Z] heartbeat: pid=8280 elapsed=4247.1s
[2026-04-23T22:35:48.638Z] heartbeat: pid=8280 elapsed=4262.1s
[2026-04-23T22:36:03.652Z] heartbeat: pid=8280 elapsed=4277.1s
[2026-04-23T22:36:18.658Z] heartbeat: pid=8280 elapsed=4292.1s
[2026-04-23T22:36:33.666Z] heartbeat: pid=8280 elapsed=4307.1s
[2026-04-23T22:36:48.677Z] heartbeat: pid=8280 elapsed=4322.1s
[2026-04-23T22:37:03.692Z] heartbeat: pid=8280 elapsed=4337.2s
[2026-04-23T22:37:18.698Z] heartbeat: pid=8280 elapsed=4352.2s
[2026-04-23T22:37:33.701Z] heartbeat: pid=8280 elapsed=4367.2s
[2026-04-23T22:37:48.714Z] heartbeat: pid=8280 elapsed=4382.2s
[2026-04-23T22:38:03.717Z] heartbeat: pid=8280 elapsed=4397.2s
[2026-04-23T22:38:18.726Z] heartbeat: pid=8280 elapsed=4412.2s
[2026-04-23T22:38:33.726Z] heartbeat: pid=8280 elapsed=4427.2s
[2026-04-23T22:38:48.730Z] heartbeat: pid=8280 elapsed=4442.2s
[2026-04-23T22:39:03.741Z] heartbeat: pid=8280 elapsed=4457.2s
[2026-04-23T22:39:18.744Z] heartbeat: pid=8280 elapsed=4472.2s
[2026-04-23T22:39:33.749Z] heartbeat: pid=8280 elapsed=4487.2s
[2026-04-23T22:39:48.749Z] heartbeat: pid=8280 elapsed=4502.2s
[2026-04-23T22:40:03.752Z] heartbeat: pid=8280 elapsed=4517.2s
[2026-04-23T22:40:18.758Z] heartbeat: pid=8280 elapsed=4532.2s
[2026-04-23T22:40:33.770Z] heartbeat: pid=8280 elapsed=4547.2s
[2026-04-23T22:40:48.783Z] heartbeat: pid=8280 elapsed=4562.2s
[2026-04-23T22:41:03.792Z] heartbeat: pid=8280 elapsed=4577.3s
[2026-04-23T22:41:18.806Z] heartbeat: pid=8280 elapsed=4592.3s
[2026-04-23T22:41:33.808Z] heartbeat: pid=8280 elapsed=4607.3s
[2026-04-23T22:41:48.811Z] heartbeat: pid=8280 elapsed=4622.3s
[2026-04-23T22:42:03.816Z] heartbeat: pid=8280 elapsed=4637.3s
[2026-04-23T22:42:18.824Z] heartbeat: pid=8280 elapsed=4652.3s
[2026-04-23T22:42:33.838Z] heartbeat: pid=8280 elapsed=4667.3s
[2026-04-23T22:42:48.841Z] heartbeat: pid=8280 elapsed=4682.3s
[2026-04-23T22:43:03.842Z] heartbeat: pid=8280 elapsed=4697.3s
[2026-04-23T22:43:18.856Z] heartbeat: pid=8280 elapsed=4712.3s
[2026-04-23T22:43:33.870Z] heartbeat: pid=8280 elapsed=4727.3s
[2026-04-23T22:43:48.873Z] heartbeat: pid=8280 elapsed=4742.3s
[2026-04-23T22:44:03.885Z] heartbeat: pid=8280 elapsed=4757.4s
[2026-04-23T22:44:18.898Z] heartbeat: pid=8280 elapsed=4772.4s
[2026-04-23T22:44:33.908Z] heartbeat: pid=8280 elapsed=4787.4s
[2026-04-23T22:44:48.921Z] heartbeat: pid=8280 elapsed=4802.4s
[2026-04-23T22:45:03.931Z] heartbeat: pid=8280 elapsed=4817.4s
[2026-04-23T22:45:18.934Z] heartbeat: pid=8280 elapsed=4832.4s
[2026-04-23T22:45:33.941Z] heartbeat: pid=8280 elapsed=4847.4s
[2026-04-23T22:45:48.952Z] heartbeat: pid=8280 elapsed=4862.4s
[2026-04-23T22:46:03.955Z] heartbeat: pid=8280 elapsed=4877.4s
[2026-04-23T22:46:18.969Z] heartbeat: pid=8280 elapsed=4892.4s
[2026-04-23T22:46:33.979Z] heartbeat: pid=8280 elapsed=4907.4s
[2026-04-23T22:46:48.984Z] heartbeat: pid=8280 elapsed=4922.4s
[2026-04-23T22:47:03.993Z] heartbeat: pid=8280 elapsed=4937.5s
[2026-04-23T22:47:19.008Z] heartbeat: pid=8280 elapsed=4952.5s
[2026-04-23T22:47:34.015Z] heartbeat: pid=8280 elapsed=4967.5s
[2026-04-23T22:47:49.031Z] heartbeat: pid=8280 elapsed=4982.5s
[2026-04-23T22:48:04.035Z] heartbeat: pid=8280 elapsed=4997.5s
[2026-04-23T22:48:19.040Z] heartbeat: pid=8280 elapsed=5012.5s
[2026-04-23T22:48:34.052Z] heartbeat: pid=8280 elapsed=5027.5s
[2026-04-23T22:48:49.062Z] heartbeat: pid=8280 elapsed=5042.5s
[2026-04-23T22:49:04.077Z] heartbeat: pid=8280 elapsed=5057.5s
[2026-04-23T22:49:19.092Z] heartbeat: pid=8280 elapsed=5072.6s
[2026-04-23T22:49:34.104Z] heartbeat: pid=8280 elapsed=5087.6s
[2026-04-23T22:49:49.116Z] heartbeat: pid=8280 elapsed=5102.6s
[2026-04-23T22:50:04.127Z] heartbeat: pid=8280 elapsed=5117.6s
[2026-04-23T22:50:19.135Z] heartbeat: pid=8280 elapsed=5132.6s
[2026-04-23T22:50:34.144Z] heartbeat: pid=8280 elapsed=5147.6s
[2026-04-23T22:50:49.147Z] heartbeat: pid=8280 elapsed=5162.6s
[2026-04-23T22:51:04.155Z] heartbeat: pid=8280 elapsed=5177.6s
[2026-04-23T22:51:19.157Z] heartbeat: pid=8280 elapsed=5192.6s
[2026-04-23T22:51:34.168Z] heartbeat: pid=8280 elapsed=5207.6s
[2026-04-23T22:51:49.176Z] heartbeat: pid=8280 elapsed=5222.6s
[2026-04-23T22:52:04.184Z] heartbeat: pid=8280 elapsed=5237.6s
[2026-04-23T22:52:19.191Z] heartbeat: pid=8280 elapsed=5252.7s
[2026-04-23T22:52:34.196Z] heartbeat: pid=8280 elapsed=5267.7s
[2026-04-23T22:52:49.206Z] heartbeat: pid=8280 elapsed=5282.7s
[2026-04-23T22:53:04.216Z] heartbeat: pid=8280 elapsed=5297.7s
[2026-04-23T22:53:19.232Z] heartbeat: pid=8280 elapsed=5312.7s
[2026-04-23T22:53:34.240Z] heartbeat: pid=8280 elapsed=5327.7s
[2026-04-23T22:53:49.251Z] heartbeat: pid=8280 elapsed=5342.7s
[2026-04-23T22:54:04.261Z] heartbeat: pid=8280 elapsed=5357.7s
[2026-04-23T22:54:19.273Z] heartbeat: pid=8280 elapsed=5372.7s
[2026-04-23T22:54:34.286Z] heartbeat: pid=8280 elapsed=5387.8s
[2026-04-23T22:54:49.297Z] heartbeat: pid=8280 elapsed=5402.8s
[2026-04-23T22:55:04.305Z] heartbeat: pid=8280 elapsed=5417.8s
[2026-04-23T22:55:19.306Z] heartbeat: pid=8280 elapsed=5432.8s
[2026-04-23T22:55:34.321Z] heartbeat: pid=8280 elapsed=5447.8s
[2026-04-23T22:55:49.333Z] heartbeat: pid=8280 elapsed=5462.8s
[2026-04-23T22:56:04.345Z] heartbeat: pid=8280 elapsed=5477.8s
[2026-04-23T22:56:19.354Z] heartbeat: pid=8280 elapsed=5492.8s
[2026-04-23T22:56:34.359Z] heartbeat: pid=8280 elapsed=5507.8s
[2026-04-23T22:56:49.363Z] heartbeat: pid=8280 elapsed=5522.8s
[2026-04-23T22:57:04.371Z] heartbeat: pid=8280 elapsed=5537.8s
[2026-04-23T22:57:19.373Z] heartbeat: pid=8280 elapsed=5552.8s
[2026-04-23T22:57:34.384Z] heartbeat: pid=8280 elapsed=5567.8s
[2026-04-23T22:57:49.398Z] heartbeat: pid=8280 elapsed=5582.9s
[2026-04-23T22:58:04.399Z] heartbeat: pid=8280 elapsed=5597.9s
[2026-04-23T22:58:19.400Z] heartbeat: pid=8280 elapsed=5612.9s
[2026-04-23T22:58:34.404Z] heartbeat: pid=8280 elapsed=5627.9s
[2026-04-23T22:58:49.405Z] heartbeat: pid=8280 elapsed=5642.9s
[2026-04-23T22:59:04.414Z] heartbeat: pid=8280 elapsed=5657.9s
[2026-04-23T22:59:19.415Z] heartbeat: pid=8280 elapsed=5672.9s
[2026-04-23T22:59:34.418Z] heartbeat: pid=8280 elapsed=5687.9s
[2026-04-23T22:59:49.420Z] heartbeat: pid=8280 elapsed=5702.9s
[2026-04-23T23:00:04.431Z] heartbeat: pid=8280 elapsed=5717.9s
[2026-04-23T23:00:19.442Z] heartbeat: pid=8280 elapsed=5732.9s
[2026-04-23T23:00:34.452Z] heartbeat: pid=8280 elapsed=5747.9s
[2026-04-23T23:00:49.460Z] heartbeat: pid=8280 elapsed=5762.9s
[2026-04-23T23:01:04.474Z] heartbeat: pid=8280 elapsed=5777.9s
[2026-04-23T23:01:19.475Z] heartbeat: pid=8280 elapsed=5792.9s
[2026-04-23T23:01:34.477Z] heartbeat: pid=8280 elapsed=5807.9s
[2026-04-23T23:01:49.489Z] heartbeat: pid=8280 elapsed=5823.0s
[2026-04-23T23:02:04.495Z] heartbeat: pid=8280 elapsed=5838.0s
[2026-04-23T23:02:19.511Z] heartbeat: pid=8280 elapsed=5853.0s
[2026-04-23T23:02:34.514Z] heartbeat: pid=8280 elapsed=5868.0s
[2026-04-23T23:02:49.527Z] heartbeat: pid=8280 elapsed=5883.0s
[2026-04-23T23:03:04.541Z] heartbeat: pid=8280 elapsed=5898.0s
[2026-04-23T23:03:19.553Z] heartbeat: pid=8280 elapsed=5913.0s
[2026-04-23T23:03:34.556Z] heartbeat: pid=8280 elapsed=5928.0s
[2026-04-23T23:03:49.558Z] heartbeat: pid=8280 elapsed=5943.0s
[2026-04-23T23:04:04.559Z] heartbeat: pid=8280 elapsed=5958.0s
[2026-04-23T23:04:19.559Z] heartbeat: pid=8280 elapsed=5973.0s
[2026-04-23T23:04:34.571Z] heartbeat: pid=8280 elapsed=5988.0s
[2026-04-23T23:04:49.577Z] heartbeat: pid=8280 elapsed=6003.0s
[2026-04-23T23:05:04.589Z] heartbeat: pid=8280 elapsed=6018.1s
[2026-04-23T23:05:19.594Z] heartbeat: pid=8280 elapsed=6033.1s
[2026-04-23T23:05:34.608Z] heartbeat: pid=8280 elapsed=6048.1s
[2026-04-23T23:05:49.620Z] heartbeat: pid=8280 elapsed=6063.1s
[2026-04-23T23:06:04.623Z] heartbeat: pid=8280 elapsed=6078.1s
[2026-04-23T23:06:19.627Z] heartbeat: pid=8280 elapsed=6093.1s
[2026-04-23T23:06:34.639Z] heartbeat: pid=8280 elapsed=6108.1s
[2026-04-23T23:06:49.649Z] heartbeat: pid=8280 elapsed=6123.1s
[2026-04-23T23:07:04.661Z] heartbeat: pid=8280 elapsed=6138.1s
[2026-04-23T23:07:19.665Z] heartbeat: pid=8280 elapsed=6153.1s
[2026-04-23T23:07:34.666Z] heartbeat: pid=8280 elapsed=6168.1s
[2026-04-23T23:07:49.667Z] heartbeat: pid=8280 elapsed=6183.1s
[2026-04-23T23:08:04.682Z] heartbeat: pid=8280 elapsed=6198.1s
[2026-04-23T23:08:19.690Z] heartbeat: pid=8280 elapsed=6213.2s
[2026-04-23T23:08:34.700Z] heartbeat: pid=8280 elapsed=6228.2s
[2026-04-23T23:08:49.714Z] heartbeat: pid=8280 elapsed=6243.2s
[2026-04-23T23:09:04.730Z] heartbeat: pid=8280 elapsed=6258.2s
[2026-04-23T23:09:19.735Z] heartbeat: pid=8280 elapsed=6273.2s
[2026-04-23T23:09:34.744Z] heartbeat: pid=8280 elapsed=6288.2s
[2026-04-23T23:09:49.752Z] heartbeat: pid=8280 elapsed=6303.2s
[2026-04-23T23:10:04.766Z] heartbeat: pid=8280 elapsed=6318.2s
[2026-04-23T23:10:19.767Z] heartbeat: pid=8280 elapsed=6333.2s
[2026-04-23T23:10:34.779Z] heartbeat: pid=8280 elapsed=6348.2s
[2026-04-23T23:10:49.793Z] heartbeat: pid=8280 elapsed=6363.3s
[2026-04-23T23:11:04.809Z] heartbeat: pid=8280 elapsed=6378.3s
[2026-04-23T23:11:19.820Z] heartbeat: pid=8280 elapsed=6393.3s
[2026-04-23T23:11:34.825Z] heartbeat: pid=8280 elapsed=6408.3s
[2026-04-23T23:11:49.831Z] heartbeat: pid=8280 elapsed=6423.3s
[2026-04-23T23:12:04.840Z] heartbeat: pid=8280 elapsed=6438.3s
[2026-04-23T23:12:19.844Z] heartbeat: pid=8280 elapsed=6453.3s
[2026-04-23T23:12:34.851Z] heartbeat: pid=8280 elapsed=6468.3s
[2026-04-23T23:12:49.864Z] heartbeat: pid=8280 elapsed=6483.3s
[2026-04-23T23:13:04.873Z] heartbeat: pid=8280 elapsed=6498.3s
[2026-04-23T23:13:19.886Z] heartbeat: pid=8280 elapsed=6513.4s
[2026-04-23T23:13:34.889Z] heartbeat: pid=8280 elapsed=6528.4s
[2026-04-23T23:13:49.899Z] heartbeat: pid=8280 elapsed=6543.4s
[2026-04-23T23:14:04.908Z] heartbeat: pid=8280 elapsed=6558.4s
[2026-04-23T23:14:19.921Z] heartbeat: pid=8280 elapsed=6573.4s
[2026-04-23T23:14:34.932Z] heartbeat: pid=8280 elapsed=6588.4s
[2026-04-23T23:14:49.934Z] heartbeat: pid=8280 elapsed=6603.4s
[2026-04-23T23:15:04.950Z] heartbeat: pid=8280 elapsed=6618.4s
[2026-04-23T23:15:19.961Z] heartbeat: pid=8280 elapsed=6633.4s
[2026-04-23T23:15:34.971Z] heartbeat: pid=8280 elapsed=6648.4s
[2026-04-23T23:15:49.979Z] heartbeat: pid=8280 elapsed=6663.4s
[2026-04-23T23:16:04.979Z] heartbeat: pid=8280 elapsed=6678.4s
[2026-04-23T23:16:19.983Z] heartbeat: pid=8280 elapsed=6693.4s
[2026-04-23T23:16:34.994Z] heartbeat: pid=8280 elapsed=6708.5s
[2026-04-23T23:16:50.010Z] heartbeat: pid=8280 elapsed=6723.5s
[2026-04-23T23:17:05.012Z] heartbeat: pid=8280 elapsed=6738.5s
[2026-04-23T23:17:20.014Z] heartbeat: pid=8280 elapsed=6753.5s
[2026-04-23T23:17:35.025Z] heartbeat: pid=8280 elapsed=6768.5s
[2026-04-23T23:17:50.026Z] heartbeat: pid=8280 elapsed=6783.5s
[2026-04-23T23:18:05.033Z] heartbeat: pid=8280 elapsed=6798.5s
[2026-04-23T23:18:20.041Z] heartbeat: pid=8280 elapsed=6813.5s
[2026-04-23T23:18:35.042Z] heartbeat: pid=8280 elapsed=6828.5s
[2026-04-23T23:18:50.047Z] heartbeat: pid=8280 elapsed=6843.5s
[2026-04-23T23:19:05.056Z] heartbeat: pid=8280 elapsed=6858.5s
[2026-04-23T23:19:20.061Z] heartbeat: pid=8280 elapsed=6873.5s
[2026-04-23T23:19:35.072Z] heartbeat: pid=8280 elapsed=6888.5s
[2026-04-23T23:19:50.073Z] heartbeat: pid=8280 elapsed=6903.5s
[2026-04-23T23:20:05.086Z] heartbeat: pid=8280 elapsed=6918.6s
[2026-04-23T23:20:20.091Z] heartbeat: pid=8280 elapsed=6933.6s
[2026-04-23T23:20:35.103Z] heartbeat: pid=8280 elapsed=6948.6s
[2026-04-23T23:20:50.111Z] heartbeat: pid=8280 elapsed=6963.6s
[2026-04-23T23:21:05.124Z] heartbeat: pid=8280 elapsed=6978.6s
[2026-04-23T23:21:20.129Z] heartbeat: pid=8280 elapsed=6993.6s
[2026-04-23T23:21:35.133Z] heartbeat: pid=8280 elapsed=7008.6s
[2026-04-23T23:21:50.136Z] heartbeat: pid=8280 elapsed=7023.6s
[2026-04-23T23:22:05.145Z] heartbeat: pid=8280 elapsed=7038.6s
[2026-04-23T23:22:20.147Z] heartbeat: pid=8280 elapsed=7053.6s
[2026-04-23T23:22:35.152Z] heartbeat: pid=8280 elapsed=7068.6s
[2026-04-23T23:22:50.154Z] heartbeat: pid=8280 elapsed=7083.6s
[2026-04-23T23:23:05.161Z] heartbeat: pid=8280 elapsed=7098.6s
[2026-04-23T23:23:20.169Z] heartbeat: pid=8280 elapsed=7113.6s
[2026-04-23T23:23:35.181Z] heartbeat: pid=8280 elapsed=7128.6s
[2026-04-23T23:23:50.190Z] heartbeat: pid=8280 elapsed=7143.7s
[2026-04-23T23:24:05.201Z] heartbeat: pid=8280 elapsed=7158.7s
[2026-04-23T23:24:20.211Z] heartbeat: pid=8280 elapsed=7173.7s
[2026-04-23T23:24:35.225Z] heartbeat: pid=8280 elapsed=7188.7s
[2026-04-23T23:24:50.226Z] heartbeat: pid=8280 elapsed=7203.7s
[2026-04-23T23:25:05.235Z] heartbeat: pid=8280 elapsed=7218.7s
[2026-04-23T23:25:20.241Z] heartbeat: pid=8280 elapsed=7233.7s
[2026-04-23T23:25:35.244Z] heartbeat: pid=8280 elapsed=7248.7s
[2026-04-23T23:25:50.254Z] heartbeat: pid=8280 elapsed=7263.7s
[2026-04-23T23:26:05.261Z] heartbeat: pid=8280 elapsed=7278.7s
[2026-04-23T23:26:20.271Z] heartbeat: pid=8280 elapsed=7293.7s
[2026-04-23T23:26:35.282Z] heartbeat: pid=8280 elapsed=7308.7s
[2026-04-23T23:26:50.292Z] heartbeat: pid=8280 elapsed=7323.8s
[2026-04-23T23:27:05.299Z] heartbeat: pid=8280 elapsed=7338.8s
[2026-04-23T23:27:20.307Z] heartbeat: pid=8280 elapsed=7353.8s
[2026-04-23T23:27:35.308Z] heartbeat: pid=8280 elapsed=7368.8s
[2026-04-23T23:27:50.315Z] heartbeat: pid=8280 elapsed=7383.8s
[2026-04-23T23:28:05.324Z] heartbeat: pid=8280 elapsed=7398.8s
[2026-04-23T23:28:20.333Z] heartbeat: pid=8280 elapsed=7413.8s
[2026-04-23T23:28:35.348Z] heartbeat: pid=8280 elapsed=7428.8s
[2026-04-23T23:28:50.363Z] heartbeat: pid=8280 elapsed=7443.8s
[2026-04-23T23:29:05.366Z] heartbeat: pid=8280 elapsed=7458.8s
[2026-04-23T23:29:20.379Z] heartbeat: pid=8280 elapsed=7473.8s
[2026-04-23T23:29:35.391Z] heartbeat: pid=8280 elapsed=7488.9s
[2026-04-23T23:29:50.402Z] heartbeat: pid=8280 elapsed=7503.9s
[2026-04-23T23:30:05.415Z] heartbeat: pid=8280 elapsed=7518.9s
[2026-04-23T23:30:20.420Z] heartbeat: pid=8280 elapsed=7533.9s
[2026-04-23T23:30:35.427Z] heartbeat: pid=8280 elapsed=7548.9s
[2026-04-23T23:30:50.442Z] heartbeat: pid=8280 elapsed=7563.9s
[2026-04-23T23:31:05.450Z] heartbeat: pid=8280 elapsed=7578.9s
[2026-04-23T23:31:20.456Z] heartbeat: pid=8280 elapsed=7593.9s
[2026-04-23T23:31:35.469Z] heartbeat: pid=8280 elapsed=7608.9s
[2026-04-23T23:31:50.476Z] heartbeat: pid=8280 elapsed=7623.9s
[2026-04-23T23:32:05.477Z] heartbeat: pid=8280 elapsed=7638.9s
[2026-04-23T23:32:20.486Z] heartbeat: pid=8280 elapsed=7654.0s
[2026-04-23T23:32:35.496Z] heartbeat: pid=8280 elapsed=7669.0s
[2026-04-23T23:32:50.499Z] heartbeat: pid=8280 elapsed=7684.0s
[2026-04-23T23:33:05.508Z] heartbeat: pid=8280 elapsed=7699.0s
[2026-04-23T23:33:20.514Z] heartbeat: pid=8280 elapsed=7714.0s
[2026-04-23T23:33:35.529Z] heartbeat: pid=8280 elapsed=7729.0s
[2026-04-23T23:33:50.544Z] heartbeat: pid=8280 elapsed=7744.0s
[2026-04-23T23:34:05.555Z] heartbeat: pid=8280 elapsed=7759.0s
[2026-04-23T23:34:20.556Z] heartbeat: pid=8280 elapsed=7774.0s
[2026-04-23T23:34:35.564Z] heartbeat: pid=8280 elapsed=7789.0s
[2026-04-23T23:34:50.565Z] heartbeat: pid=8280 elapsed=7804.0s
[2026-04-23T23:35:05.577Z] heartbeat: pid=8280 elapsed=7819.0s
[2026-04-23T23:35:20.583Z] heartbeat: pid=8280 elapsed=7834.0s
[2026-04-23T23:35:35.585Z] heartbeat: pid=8280 elapsed=7849.1s
[2026-04-23T23:35:50.599Z] heartbeat: pid=8280 elapsed=7864.1s
[2026-04-23T23:36:05.611Z] heartbeat: pid=8280 elapsed=7879.1s
[2026-04-23T23:36:20.622Z] heartbeat: pid=8280 elapsed=7894.1s
[2026-04-23T23:36:35.632Z] heartbeat: pid=8280 elapsed=7909.1s
[2026-04-23T23:36:50.647Z] heartbeat: pid=8280 elapsed=7924.1s
[2026-04-23T23:37:05.648Z] heartbeat: pid=8280 elapsed=7939.1s
[2026-04-23T23:37:20.657Z] heartbeat: pid=8280 elapsed=7954.1s
[2026-04-23T23:37:35.670Z] heartbeat: pid=8280 elapsed=7969.1s
[2026-04-23T23:37:50.679Z] heartbeat: pid=8280 elapsed=7984.1s
[2026-04-23T23:38:05.683Z] heartbeat: pid=8280 elapsed=7999.1s
[2026-04-23T23:38:20.692Z] heartbeat: pid=8280 elapsed=8014.2s
[2026-04-23T23:38:35.694Z] heartbeat: pid=8280 elapsed=8029.2s
[2026-04-23T23:38:50.706Z] heartbeat: pid=8280 elapsed=8044.2s
[2026-04-23T23:39:05.715Z] heartbeat: pid=8280 elapsed=8059.2s
[2026-04-23T23:39:20.722Z] heartbeat: pid=8280 elapsed=8074.2s
[2026-04-23T23:39:35.732Z] heartbeat: pid=8280 elapsed=8089.2s
[2026-04-23T23:39:50.733Z] heartbeat: pid=8280 elapsed=8104.2s
[2026-04-23T23:40:05.747Z] heartbeat: pid=8280 elapsed=8119.2s
[2026-04-23T23:40:20.759Z] heartbeat: pid=8280 elapsed=8134.2s
[2026-04-23T23:40:35.766Z] heartbeat: pid=8280 elapsed=8149.2s
[2026-04-23T23:40:50.771Z] heartbeat: pid=8280 elapsed=8164.2s
[2026-04-23T23:41:05.772Z] heartbeat: pid=8280 elapsed=8179.2s
[2026-04-23T23:41:20.774Z] heartbeat: pid=8280 elapsed=8194.2s
[2026-04-23T23:41:35.782Z] heartbeat: pid=8280 elapsed=8209.2s
[2026-04-23T23:41:50.795Z] heartbeat: pid=8280 elapsed=8224.3s
[2026-04-23T23:42:05.807Z] heartbeat: pid=8280 elapsed=8239.3s
[2026-04-23T23:42:20.807Z] heartbeat: pid=8280 elapsed=8254.3s
[2026-04-23T23:42:35.811Z] heartbeat: pid=8280 elapsed=8269.3s
[2026-04-23T23:42:50.814Z] heartbeat: pid=8280 elapsed=8284.3s
[2026-04-23T23:43:05.825Z] heartbeat: pid=8280 elapsed=8299.3s
[2026-04-23T23:43:20.828Z] heartbeat: pid=8280 elapsed=8314.3s
[2026-04-23T23:43:35.831Z] heartbeat: pid=8280 elapsed=8329.3s
[2026-04-23T23:43:50.834Z] heartbeat: pid=8280 elapsed=8344.3s
[2026-04-23T23:44:05.839Z] heartbeat: pid=8280 elapsed=8359.3s
[2026-04-23T23:44:20.844Z] heartbeat: pid=8280 elapsed=8374.3s
[2026-04-23T23:44:35.849Z] heartbeat: pid=8280 elapsed=8389.3s
[2026-04-23T23:44:50.854Z] heartbeat: pid=8280 elapsed=8404.3s
[2026-04-23T23:45:05.869Z] heartbeat: pid=8280 elapsed=8419.3s
[2026-04-23T23:45:20.882Z] heartbeat: pid=8280 elapsed=8434.3s
[2026-04-23T23:45:35.894Z] heartbeat: pid=8280 elapsed=8449.4s
[2026-04-23T23:45:50.895Z] heartbeat: pid=8280 elapsed=8464.4s
[2026-04-23T23:46:05.902Z] heartbeat: pid=8280 elapsed=8479.4s
[2026-04-23T23:46:20.918Z] heartbeat: pid=8280 elapsed=8494.4s
[2026-04-23T23:46:35.918Z] heartbeat: pid=8280 elapsed=8509.4s
[2026-04-23T23:46:50.925Z] heartbeat: pid=8280 elapsed=8524.4s
[2026-04-23T23:47:05.938Z] heartbeat: pid=8280 elapsed=8539.4s
[2026-04-23T23:47:20.951Z] heartbeat: pid=8280 elapsed=8554.4s
[2026-04-23T23:47:35.965Z] heartbeat: pid=8280 elapsed=8569.4s
[2026-04-23T23:47:50.971Z] heartbeat: pid=8280 elapsed=8584.4s
[2026-04-23T23:48:05.971Z] heartbeat: pid=8280 elapsed=8599.4s
[2026-04-23T23:48:20.983Z] heartbeat: pid=8280 elapsed=8614.4s
[2026-04-23T23:48:35.997Z] heartbeat: pid=8280 elapsed=8629.5s
[2026-04-23T23:48:51.000Z] heartbeat: pid=8280 elapsed=8644.5s
[2026-04-23T23:49:06.011Z] heartbeat: pid=8280 elapsed=8659.5s
[2026-04-23T23:49:21.013Z] heartbeat: pid=8280 elapsed=8674.5s
[2026-04-23T23:49:36.024Z] heartbeat: pid=8280 elapsed=8689.5s
[2026-04-23T23:49:51.026Z] heartbeat: pid=8280 elapsed=8704.5s
[2026-04-23T23:50:06.033Z] heartbeat: pid=8280 elapsed=8719.5s
[2026-04-23T23:50:21.035Z] heartbeat: pid=8280 elapsed=8734.5s
[2026-04-23T23:50:36.043Z] heartbeat: pid=8280 elapsed=8749.5s
[2026-04-23T23:50:51.053Z] heartbeat: pid=8280 elapsed=8764.5s
[2026-04-23T23:51:06.064Z] heartbeat: pid=8280 elapsed=8779.5s
[2026-04-23T23:51:21.076Z] heartbeat: pid=8280 elapsed=8794.5s
[2026-04-23T23:51:36.075Z] heartbeat: pid=8280 elapsed=8809.5s
[2026-04-23T23:51:51.081Z] heartbeat: pid=8280 elapsed=8824.5s
[2026-04-23T23:52:06.090Z] heartbeat: pid=8280 elapsed=8839.6s
[2026-04-23T23:52:21.101Z] heartbeat: pid=8280 elapsed=8854.6s
[2026-04-23T23:52:36.111Z] heartbeat: pid=8280 elapsed=8869.6s
[2026-04-23T23:52:51.124Z] heartbeat: pid=8280 elapsed=8884.6s
[2026-04-23T23:53:06.135Z] heartbeat: pid=8280 elapsed=8899.6s
[2026-04-23T23:53:21.141Z] heartbeat: pid=8280 elapsed=8914.6s
[2026-04-23T23:53:36.148Z] heartbeat: pid=8280 elapsed=8929.6s
[2026-04-23T23:53:51.162Z] heartbeat: pid=8280 elapsed=8944.6s
[2026-04-23T23:54:06.166Z] heartbeat: pid=8280 elapsed=8959.6s
[2026-04-23T23:54:21.179Z] heartbeat: pid=8280 elapsed=8974.6s
[2026-04-23T23:54:36.182Z] heartbeat: pid=8280 elapsed=8989.6s
[2026-04-23T23:54:51.191Z] heartbeat: pid=8280 elapsed=9004.7s
[2026-04-23T23:55:06.195Z] heartbeat: pid=8280 elapsed=9019.7s
[2026-04-23T23:55:21.198Z] heartbeat: pid=8280 elapsed=9034.7s
[2026-04-23T23:55:36.213Z] heartbeat: pid=8280 elapsed=9049.7s
[2026-04-23T23:55:51.223Z] heartbeat: pid=8280 elapsed=9064.7s
[2026-04-23T23:56:06.225Z] heartbeat: pid=8280 elapsed=9079.7s
[2026-04-23T23:56:21.237Z] heartbeat: pid=8280 elapsed=9094.7s
[2026-04-23T23:56:36.248Z] heartbeat: pid=8280 elapsed=9109.7s
[2026-04-23T23:56:51.248Z] heartbeat: pid=8280 elapsed=9124.7s
[2026-04-23T23:57:06.262Z] heartbeat: pid=8280 elapsed=9139.7s
[2026-04-23T23:57:21.263Z] heartbeat: pid=8280 elapsed=9154.7s
[2026-04-23T23:57:36.268Z] heartbeat: pid=8280 elapsed=9169.7s
[2026-04-23T23:57:51.271Z] heartbeat: pid=8280 elapsed=9184.7s
[2026-04-23T23:58:06.273Z] heartbeat: pid=8280 elapsed=9199.7s
[2026-04-23T23:58:21.279Z] heartbeat: pid=8280 elapsed=9214.7s
[2026-04-23T23:58:36.293Z] heartbeat: pid=8280 elapsed=9229.8s
[2026-04-23T23:58:51.299Z] heartbeat: pid=8280 elapsed=9244.8s
[2026-04-23T23:59:06.303Z] heartbeat: pid=8280 elapsed=9259.8s
[2026-04-23T23:59:21.309Z] heartbeat: pid=8280 elapsed=9274.8s
[2026-04-23T23:59:36.311Z] heartbeat: pid=8280 elapsed=9289.8s
[2026-04-23T23:59:51.323Z] heartbeat: pid=8280 elapsed=9304.8s
[2026-04-24T00:00:06.333Z] heartbeat: pid=8280 elapsed=9319.8s
[2026-04-24T00:00:21.344Z] heartbeat: pid=8280 elapsed=9334.8s
[2026-04-24T00:00:36.348Z] heartbeat: pid=8280 elapsed=9349.8s
[2026-04-24T00:00:51.351Z] heartbeat: pid=8280 elapsed=9364.8s
[2026-04-24T00:01:06.364Z] heartbeat: pid=8280 elapsed=9379.8s
[2026-04-24T00:01:21.375Z] heartbeat: pid=8280 elapsed=9394.8s
[2026-04-24T00:01:36.391Z] heartbeat: pid=8280 elapsed=9409.9s
[2026-04-24T00:01:51.402Z] heartbeat: pid=8280 elapsed=9424.9s
[2026-04-24T00:02:06.405Z] heartbeat: pid=8280 elapsed=9439.9s
[2026-04-24T00:02:21.411Z] heartbeat: pid=8280 elapsed=9454.9s
[2026-04-24T00:02:36.414Z] heartbeat: pid=8280 elapsed=9469.9s
[2026-04-24T00:02:51.416Z] heartbeat: pid=8280 elapsed=9484.9s
[2026-04-24T00:03:06.429Z] heartbeat: pid=8280 elapsed=9499.9s
[2026-04-24T00:03:21.438Z] heartbeat: pid=8280 elapsed=9514.9s
[2026-04-24T00:03:36.440Z] heartbeat: pid=8280 elapsed=9529.9s
[2026-04-24T00:03:51.447Z] heartbeat: pid=8280 elapsed=9544.9s
[2026-04-24T00:04:06.452Z] heartbeat: pid=8280 elapsed=9559.9s
[2026-04-24T00:04:21.461Z] heartbeat: pid=8280 elapsed=9574.9s
[2026-04-24T00:04:36.460Z] heartbeat: pid=8280 elapsed=9589.9s
[2026-04-24T00:04:51.467Z] heartbeat: pid=8280 elapsed=9604.9s
[2026-04-24T00:05:06.472Z] heartbeat: pid=8280 elapsed=9619.9s
[2026-04-24T00:05:21.487Z] heartbeat: pid=8280 elapsed=9635.0s
[2026-04-24T00:05:36.491Z] heartbeat: pid=8280 elapsed=9650.0s
[2026-04-24T00:05:51.493Z] heartbeat: pid=8280 elapsed=9665.0s
[2026-04-24T00:06:06.498Z] heartbeat: pid=8280 elapsed=9680.0s
[2026-04-24T00:06:21.500Z] heartbeat: pid=8280 elapsed=9695.0s
[2026-04-24T00:06:36.504Z] heartbeat: pid=8280 elapsed=9710.0s
[2026-04-24T00:06:51.506Z] heartbeat: pid=8280 elapsed=9725.0s
[2026-04-24T00:07:06.509Z] heartbeat: pid=8280 elapsed=9740.0s
[2026-04-24T00:07:21.515Z] heartbeat: pid=8280 elapsed=9755.0s
[2026-04-24T00:07:36.524Z] heartbeat: pid=8280 elapsed=9770.0s
[2026-04-24T00:07:51.525Z] heartbeat: pid=8280 elapsed=9785.0s
[2026-04-24T00:08:06.537Z] heartbeat: pid=8280 elapsed=9800.0s
[2026-04-24T00:08:21.543Z] heartbeat: pid=8280 elapsed=9815.0s
[2026-04-24T00:08:36.544Z] heartbeat: pid=8280 elapsed=9830.0s
[2026-04-24T00:08:51.555Z] heartbeat: pid=8280 elapsed=9845.0s
[2026-04-24T00:09:06.567Z] heartbeat: pid=8280 elapsed=9860.0s
[2026-04-24T00:09:21.575Z] heartbeat: pid=8280 elapsed=9875.0s
[2026-04-24T00:09:36.581Z] heartbeat: pid=8280 elapsed=9890.0s
[2026-04-24T00:09:51.593Z] heartbeat: pid=8280 elapsed=9905.1s
[2026-04-24T00:10:06.597Z] heartbeat: pid=8280 elapsed=9920.1s
[2026-04-24T00:10:21.608Z] heartbeat: pid=8280 elapsed=9935.1s
[2026-04-24T00:10:36.611Z] heartbeat: pid=8280 elapsed=9950.1s
[2026-04-24T00:10:51.626Z] heartbeat: pid=8280 elapsed=9965.1s
[2026-04-24T00:11:06.637Z] heartbeat: pid=8280 elapsed=9980.1s
[2026-04-24T00:11:21.651Z] heartbeat: pid=8280 elapsed=9995.1s
[2026-04-24T00:11:36.659Z] heartbeat: pid=8280 elapsed=10010.1s
[2026-04-24T00:11:51.673Z] heartbeat: pid=8280 elapsed=10025.1s
[2026-04-24T00:12:06.679Z] heartbeat: pid=8280 elapsed=10040.1s
[2026-04-24T00:12:21.681Z] heartbeat: pid=8280 elapsed=10055.1s
[2026-04-24T00:12:36.691Z] heartbeat: pid=8280 elapsed=10070.2s
[2026-04-24T00:12:51.696Z] heartbeat: pid=8280 elapsed=10085.2s
[2026-04-24T00:13:06.706Z] heartbeat: pid=8280 elapsed=10100.2s
[2026-04-24T00:13:21.714Z] heartbeat: pid=8280 elapsed=10115.2s
[2026-04-24T00:13:36.721Z] heartbeat: pid=8280 elapsed=10130.2s
[2026-04-24T00:13:51.726Z] heartbeat: pid=8280 elapsed=10145.2s
[2026-04-24T00:14:06.729Z] heartbeat: pid=8280 elapsed=10160.2s
[2026-04-24T00:14:21.731Z] heartbeat: pid=8280 elapsed=10175.2s
[2026-04-24T00:14:36.742Z] heartbeat: pid=8280 elapsed=10190.2s
[2026-04-24T00:14:51.747Z] heartbeat: pid=8280 elapsed=10205.2s
[2026-04-24T00:15:06.758Z] heartbeat: pid=8280 elapsed=10220.2s
[2026-04-24T00:15:21.758Z] heartbeat: pid=8280 elapsed=10235.2s
[2026-04-24T00:15:36.762Z] heartbeat: pid=8280 elapsed=10250.2s
[2026-04-24T00:15:51.770Z] heartbeat: pid=8280 elapsed=10265.2s
[2026-04-24T00:16:06.775Z] heartbeat: pid=8280 elapsed=10280.2s
[2026-04-24T00:16:21.775Z] heartbeat: pid=8280 elapsed=10295.2s
[2026-04-24T00:16:36.782Z] heartbeat: pid=8280 elapsed=10310.2s
[2026-04-24T00:16:51.789Z] heartbeat: pid=8280 elapsed=10325.3s
[2026-04-24T00:17:06.800Z] heartbeat: pid=8280 elapsed=10340.3s
[2026-04-24T00:17:21.809Z] heartbeat: pid=8280 elapsed=10355.3s
[2026-04-24T00:17:36.817Z] heartbeat: pid=8280 elapsed=10370.3s
[2026-04-24T00:17:51.825Z] heartbeat: pid=8280 elapsed=10385.3s
[2026-04-24T00:18:06.836Z] heartbeat: pid=8280 elapsed=10400.3s
[2026-04-24T00:18:21.836Z] heartbeat: pid=8280 elapsed=10415.3s
[2026-04-24T00:18:36.841Z] heartbeat: pid=8280 elapsed=10430.3s
[2026-04-24T00:18:51.846Z] heartbeat: pid=8280 elapsed=10445.3s
[2026-04-24T00:19:06.861Z] heartbeat: pid=8280 elapsed=10460.3s
[2026-04-24T00:19:21.875Z] heartbeat: pid=8280 elapsed=10475.3s
[2026-04-24T00:19:36.877Z] heartbeat: pid=8280 elapsed=10490.3s
[2026-04-24T00:19:51.883Z] heartbeat: pid=8280 elapsed=10505.3s
[2026-04-24T00:20:06.890Z] heartbeat: pid=8280 elapsed=10520.4s
[2026-04-24T00:20:21.898Z] heartbeat: pid=8280 elapsed=10535.4s
[2026-04-24T00:20:36.911Z] heartbeat: pid=8280 elapsed=10550.4s
[2026-04-24T00:20:51.914Z] heartbeat: pid=8280 elapsed=10565.4s
[2026-04-24T00:21:06.914Z] heartbeat: pid=8280 elapsed=10580.4s
[2026-04-24T00:21:21.916Z] heartbeat: pid=8280 elapsed=10595.4s
[2026-04-24T00:21:36.917Z] heartbeat: pid=8280 elapsed=10610.4s
[2026-04-24T00:21:51.922Z] heartbeat: pid=8280 elapsed=10625.4s
[2026-04-24T00:22:06.937Z] heartbeat: pid=8280 elapsed=10640.4s
[2026-04-24T00:22:21.938Z] heartbeat: pid=8280 elapsed=10655.4s
[2026-04-24T00:22:36.947Z] heartbeat: pid=8280 elapsed=10670.4s
[2026-04-24T00:22:51.955Z] heartbeat: pid=8280 elapsed=10685.4s
[2026-04-24T00:23:06.968Z] heartbeat: pid=8280 elapsed=10700.4s
[2026-04-24T00:23:21.970Z] heartbeat: pid=8280 elapsed=10715.4s
[2026-04-24T00:23:36.975Z] heartbeat: pid=8280 elapsed=10730.4s
[2026-04-24T00:23:51.982Z] heartbeat: pid=8280 elapsed=10745.4s
[2026-04-24T00:24:06.990Z] heartbeat: pid=8280 elapsed=10760.5s
[2026-04-24T00:24:21.991Z] heartbeat: pid=8280 elapsed=10775.5s
[2026-04-24T00:24:36.993Z] heartbeat: pid=8280 elapsed=10790.5s
[2026-04-24T00:24:52.000Z] heartbeat: pid=8280 elapsed=10805.5s
[2026-04-24T00:25:07.009Z] heartbeat: pid=8280 elapsed=10820.5s
[2026-04-24T00:25:22.023Z] heartbeat: pid=8280 elapsed=10835.5s
[2026-04-24T00:25:37.036Z] heartbeat: pid=8280 elapsed=10850.5s
[2026-04-24T00:25:52.041Z] heartbeat: pid=8280 elapsed=10865.5s
[2026-04-24T00:26:07.042Z] heartbeat: pid=8280 elapsed=10880.5s
[2026-04-24T00:26:22.046Z] heartbeat: pid=8280 elapsed=10895.5s
[2026-04-24T00:26:37.048Z] heartbeat: pid=8280 elapsed=10910.5s
[2026-04-24T00:26:52.047Z] heartbeat: pid=8280 elapsed=10925.5s
[2026-04-24T00:27:07.059Z] heartbeat: pid=8280 elapsed=10940.5s
[2026-04-24T00:27:22.073Z] heartbeat: pid=8280 elapsed=10955.5s
[2026-04-24T00:27:37.082Z] heartbeat: pid=8280 elapsed=10970.5s
[2026-04-24T00:27:52.092Z] heartbeat: pid=8280 elapsed=10985.6s
[2026-04-24T00:28:07.100Z] heartbeat: pid=8280 elapsed=11000.6s
[2026-04-24T00:28:22.103Z] heartbeat: pid=8280 elapsed=11015.6s
[2026-04-24T00:28:37.106Z] heartbeat: pid=8280 elapsed=11030.6s
[2026-04-24T00:28:52.121Z] heartbeat: pid=8280 elapsed=11045.6s
[2026-04-24T00:29:07.124Z] heartbeat: pid=8280 elapsed=11060.6s
[2026-04-24T00:29:22.129Z] heartbeat: pid=8280 elapsed=11075.6s
[2026-04-24T00:29:37.140Z] heartbeat: pid=8280 elapsed=11090.6s
[2026-04-24T00:29:52.147Z] heartbeat: pid=8280 elapsed=11105.6s
[2026-04-24T00:30:07.157Z] heartbeat: pid=8280 elapsed=11120.6s
[2026-04-24T00:30:22.171Z] heartbeat: pid=8280 elapsed=11135.6s
[2026-04-24T00:30:37.174Z] heartbeat: pid=8280 elapsed=11150.6s
[2026-04-24T00:30:52.190Z] heartbeat: pid=8280 elapsed=11165.7s
[2026-04-24T00:31:07.192Z] heartbeat: pid=8280 elapsed=11180.7s
[2026-04-24T00:31:22.197Z] heartbeat: pid=8280 elapsed=11195.7s
[2026-04-24T00:31:37.213Z] heartbeat: pid=8280 elapsed=11210.7s
[2026-04-24T00:31:52.214Z] heartbeat: pid=8280 elapsed=11225.7s
[2026-04-24T00:32:07.220Z] heartbeat: pid=8280 elapsed=11240.7s
[2026-04-24T00:32:22.228Z] heartbeat: pid=8280 elapsed=11255.7s
[2026-04-24T00:32:37.243Z] heartbeat: pid=8280 elapsed=11270.7s
[2026-04-24T00:32:52.244Z] heartbeat: pid=8280 elapsed=11285.7s
[2026-04-24T00:33:07.254Z] heartbeat: pid=8280 elapsed=11300.7s
[2026-04-24T00:33:22.261Z] heartbeat: pid=8280 elapsed=11315.7s
[2026-04-24T00:33:37.272Z] heartbeat: pid=8280 elapsed=11330.7s
[2026-04-24T00:33:52.286Z] heartbeat: pid=8280 elapsed=11345.8s
[2026-04-24T00:34:07.300Z] heartbeat: pid=8280 elapsed=11360.8s
[2026-04-24T00:34:22.310Z] heartbeat: pid=8280 elapsed=11375.8s
[2026-04-24T00:34:37.319Z] heartbeat: pid=8280 elapsed=11390.8s
[2026-04-24T00:34:52.322Z] heartbeat: pid=8280 elapsed=11405.8s
[2026-04-24T00:35:07.327Z] heartbeat: pid=8280 elapsed=11420.8s
[2026-04-24T00:35:22.327Z] heartbeat: pid=8280 elapsed=11435.8s
[2026-04-24T00:35:37.333Z] heartbeat: pid=8280 elapsed=11450.8s
[2026-04-24T00:35:52.344Z] heartbeat: pid=8280 elapsed=11465.8s
[2026-04-24T00:36:07.345Z] heartbeat: pid=8280 elapsed=11480.8s
[2026-04-24T00:36:22.359Z] heartbeat: pid=8280 elapsed=11495.8s
[2026-04-24T00:36:37.359Z] heartbeat: pid=8280 elapsed=11510.8s
[2026-04-24T00:36:52.364Z] heartbeat: pid=8280 elapsed=11525.8s
[2026-04-24T00:37:07.373Z] heartbeat: pid=8280 elapsed=11540.8s
[2026-04-24T00:37:22.387Z] heartbeat: pid=8280 elapsed=11555.9s
[2026-04-24T00:37:37.402Z] heartbeat: pid=8280 elapsed=11570.9s
[2026-04-24T00:37:52.416Z] heartbeat: pid=8280 elapsed=11585.9s
[2026-04-24T00:38:07.419Z] heartbeat: pid=8280 elapsed=11600.9s
[2026-04-24T00:38:22.426Z] heartbeat: pid=8280 elapsed=11615.9s
[2026-04-24T00:38:37.434Z] heartbeat: pid=8280 elapsed=11630.9s
[2026-04-24T00:38:52.440Z] heartbeat: pid=8280 elapsed=11645.9s
[2026-04-24T00:39:07.441Z] heartbeat: pid=8280 elapsed=11660.9s
[2026-04-24T00:39:22.454Z] heartbeat: pid=8280 elapsed=11675.9s
[2026-04-24T00:39:37.456Z] heartbeat: pid=8280 elapsed=11690.9s
[2026-04-24T00:39:52.467Z] heartbeat: pid=8280 elapsed=11705.9s
[2026-04-24T00:40:07.472Z] heartbeat: pid=8280 elapsed=11720.9s
[2026-04-24T00:40:22.483Z] heartbeat: pid=8280 elapsed=11735.9s
[2026-04-24T00:40:37.487Z] heartbeat: pid=8280 elapsed=11751.0s
[2026-04-24T00:40:52.498Z] heartbeat: pid=8280 elapsed=11766.0s
[2026-04-24T00:41:07.506Z] heartbeat: pid=8280 elapsed=11781.0s
[2026-04-24T00:41:22.508Z] heartbeat: pid=8280 elapsed=11796.0s
[2026-04-24T00:41:37.509Z] heartbeat: pid=8280 elapsed=11811.0s
[2026-04-24T00:41:52.512Z] heartbeat: pid=8280 elapsed=11826.0s
[2026-04-24T00:42:07.520Z] heartbeat: pid=8280 elapsed=11841.0s
[2026-04-24T00:42:22.522Z] heartbeat: pid=8280 elapsed=11856.0s
[2026-04-24T00:42:37.527Z] heartbeat: pid=8280 elapsed=11871.0s
[2026-04-24T00:42:52.531Z] heartbeat: pid=8280 elapsed=11886.0s
[2026-04-24T00:43:07.537Z] heartbeat: pid=8280 elapsed=11901.0s
[2026-04-24T00:43:22.546Z] heartbeat: pid=8280 elapsed=11916.0s
[2026-04-24T00:43:37.554Z] heartbeat: pid=8280 elapsed=11931.0s
[2026-04-24T00:43:52.562Z] heartbeat: pid=8280 elapsed=11946.0s
[2026-04-24T00:44:07.564Z] heartbeat: pid=8280 elapsed=11961.0s
[2026-04-24T00:44:22.564Z] heartbeat: pid=8280 elapsed=11976.0s
[2026-04-24T00:44:37.572Z] heartbeat: pid=8280 elapsed=11991.0s
[2026-04-24T00:44:52.574Z] heartbeat: pid=8280 elapsed=12006.0s
[2026-04-24T00:45:07.589Z] heartbeat: pid=8280 elapsed=12021.1s
[2026-04-24T00:45:22.595Z] heartbeat: pid=8280 elapsed=12036.1s
[2026-04-24T00:45:37.605Z] heartbeat: pid=8280 elapsed=12051.1s
[2026-04-24T00:45:52.606Z] heartbeat: pid=8280 elapsed=12066.1s
[2026-04-24T00:46:07.622Z] heartbeat: pid=8280 elapsed=12081.1s
[2026-04-24T00:46:22.627Z] heartbeat: pid=8280 elapsed=12096.1s
[2026-04-24T00:46:37.636Z] heartbeat: pid=8280 elapsed=12111.1s
[2026-04-24T00:46:52.636Z] heartbeat: pid=8280 elapsed=12126.1s
[2026-04-24T00:47:07.638Z] heartbeat: pid=8280 elapsed=12141.1s
[2026-04-24T00:47:22.645Z] heartbeat: pid=8280 elapsed=12156.1s
[2026-04-24T00:47:37.655Z] heartbeat: pid=8280 elapsed=12171.1s
[2026-04-24T00:47:52.659Z] heartbeat: pid=8280 elapsed=12186.1s
[2026-04-24T00:48:07.663Z] heartbeat: pid=8280 elapsed=12201.1s
[2026-04-24T00:48:22.666Z] heartbeat: pid=8280 elapsed=12216.1s
[2026-04-24T00:48:37.673Z] heartbeat: pid=8280 elapsed=12231.1s
[2026-04-24T00:48:52.681Z] heartbeat: pid=8280 elapsed=12246.1s
[2026-04-24T00:49:07.682Z] heartbeat: pid=8280 elapsed=12261.1s
[2026-04-24T00:49:22.691Z] heartbeat: pid=8280 elapsed=12276.2s
[2026-04-24T00:49:37.694Z] heartbeat: pid=8280 elapsed=12291.2s
[2026-04-24T00:49:52.702Z] heartbeat: pid=8280 elapsed=12306.2s
[2026-04-24T00:50:07.708Z] heartbeat: pid=8280 elapsed=12321.2s
[2026-04-24T00:50:22.709Z] heartbeat: pid=8280 elapsed=12336.2s
[2026-04-24T00:50:37.721Z] heartbeat: pid=8280 elapsed=12351.2s
[2026-04-24T00:50:52.735Z] heartbeat: pid=8280 elapsed=12366.2s
[2026-04-24T00:51:07.740Z] heartbeat: pid=8280 elapsed=12381.2s
[2026-04-24T00:51:22.742Z] heartbeat: pid=8280 elapsed=12396.2s
[2026-04-24T00:51:37.755Z] heartbeat: pid=8280 elapsed=12411.2s
[2026-04-24T00:51:52.771Z] heartbeat: pid=8280 elapsed=12426.2s
[2026-04-24T00:52:07.782Z] heartbeat: pid=8280 elapsed=12441.2s
[2026-04-24T00:52:22.790Z] heartbeat: pid=8280 elapsed=12456.3s
[2026-04-24T00:52:37.798Z] heartbeat: pid=8280 elapsed=12471.3s
[2026-04-24T00:52:52.801Z] heartbeat: pid=8280 elapsed=12486.3s
[2026-04-24T00:53:07.802Z] heartbeat: pid=8280 elapsed=12501.3s
[2026-04-24T00:53:22.817Z] heartbeat: pid=8280 elapsed=12516.3s
[2026-04-24T00:53:37.828Z] heartbeat: pid=8280 elapsed=12531.3s
[2026-04-24T00:53:52.836Z] heartbeat: pid=8280 elapsed=12546.3s
[2026-04-24T00:54:07.837Z] heartbeat: pid=8280 elapsed=12561.3s
[2026-04-24T00:54:22.851Z] heartbeat: pid=8280 elapsed=12576.3s
[2026-04-24T00:54:37.856Z] heartbeat: pid=8280 elapsed=12591.3s
[2026-04-24T00:54:52.858Z] heartbeat: pid=8280 elapsed=12606.3s
[2026-04-24T00:55:07.866Z] heartbeat: pid=8280 elapsed=12621.3s
[2026-04-24T00:55:22.876Z] heartbeat: pid=8280 elapsed=12636.3s
[2026-04-24T00:55:37.877Z] heartbeat: pid=8280 elapsed=12651.3s
[2026-04-24T00:55:52.882Z] heartbeat: pid=8280 elapsed=12666.3s
[2026-04-24T00:56:07.896Z] heartbeat: pid=8280 elapsed=12681.4s
[2026-04-24T00:56:22.900Z] heartbeat: pid=8280 elapsed=12696.4s
[2026-04-24T00:56:37.908Z] heartbeat: pid=8280 elapsed=12711.4s
[2026-04-24T00:56:52.913Z] heartbeat: pid=8280 elapsed=12726.4s
[2026-04-24T00:57:07.919Z] heartbeat: pid=8280 elapsed=12741.4s
[2026-04-24T00:57:22.920Z] heartbeat: pid=8280 elapsed=12756.4s
[2026-04-24T00:57:37.922Z] heartbeat: pid=8280 elapsed=12771.4s
[2026-04-24T00:57:52.935Z] heartbeat: pid=8280 elapsed=12786.4s
[2026-04-24T00:58:07.947Z] heartbeat: pid=8280 elapsed=12801.4s
[2026-04-24T00:58:22.960Z] heartbeat: pid=8280 elapsed=12816.4s
[2026-04-24T00:58:37.967Z] heartbeat: pid=8280 elapsed=12831.4s
[2026-04-24T00:58:52.971Z] heartbeat: pid=8280 elapsed=12846.4s
[2026-04-24T00:59:07.981Z] heartbeat: pid=8280 elapsed=12861.4s
[2026-04-24T00:59:22.987Z] heartbeat: pid=8280 elapsed=12876.5s
[2026-04-24T00:59:38.003Z] heartbeat: pid=8280 elapsed=12891.5s
[2026-04-24T00:59:53.009Z] heartbeat: pid=8280 elapsed=12906.5s
[2026-04-24T01:00:08.025Z] heartbeat: pid=8280 elapsed=12921.5s
[2026-04-24T01:00:23.028Z] heartbeat: pid=8280 elapsed=12936.5s
[2026-04-24T01:00:38.029Z] heartbeat: pid=8280 elapsed=12951.5s
[2026-04-24T01:00:53.032Z] heartbeat: pid=8280 elapsed=12966.5s
[2026-04-24T01:01:08.038Z] heartbeat: pid=8280 elapsed=12981.5s
[2026-04-24T01:01:23.041Z] heartbeat: pid=8280 elapsed=12996.5s
[2026-04-24T01:01:38.053Z] heartbeat: pid=8280 elapsed=13011.5s
[2026-04-24T01:01:53.066Z] heartbeat: pid=8280 elapsed=13026.5s
[2026-04-24T01:02:08.079Z] heartbeat: pid=8280 elapsed=13041.5s
[2026-04-24T01:02:23.094Z] heartbeat: pid=8280 elapsed=13056.6s
[2026-04-24T01:02:38.100Z] heartbeat: pid=8280 elapsed=13071.6s
[2026-04-24T01:02:53.103Z] heartbeat: pid=8280 elapsed=13086.6s
[2026-04-24T01:03:08.118Z] heartbeat: pid=8280 elapsed=13101.6s
[2026-04-24T01:03:23.120Z] heartbeat: pid=8280 elapsed=13116.6s
[2026-04-24T01:03:38.125Z] heartbeat: pid=8280 elapsed=13131.6s
[2026-04-24T01:03:53.132Z] heartbeat: pid=8280 elapsed=13146.6s
[2026-04-24T01:04:08.136Z] heartbeat: pid=8280 elapsed=13161.6s
[2026-04-24T01:04:23.142Z] heartbeat: pid=8280 elapsed=13176.6s
[2026-04-24T01:04:38.147Z] heartbeat: pid=8280 elapsed=13191.6s
[2026-04-24T01:04:53.157Z] heartbeat: pid=8280 elapsed=13206.6s
[2026-04-24T01:05:08.164Z] heartbeat: pid=8280 elapsed=13221.6s
[2026-04-24T01:05:23.174Z] heartbeat: pid=8280 elapsed=13236.6s
[2026-04-24T01:05:38.177Z] heartbeat: pid=8280 elapsed=13251.6s
[2026-04-24T01:05:53.192Z] heartbeat: pid=8280 elapsed=13266.7s
[2026-04-24T01:06:08.205Z] heartbeat: pid=8280 elapsed=13281.7s
[2026-04-24T01:06:23.214Z] heartbeat: pid=8280 elapsed=13296.7s
[2026-04-24T01:06:38.228Z] heartbeat: pid=8280 elapsed=13311.7s
[2026-04-24T01:06:53.236Z] heartbeat: pid=8280 elapsed=13326.7s
[2026-04-24T01:07:08.236Z] heartbeat: pid=8280 elapsed=13341.7s
[2026-04-24T01:07:23.249Z] heartbeat: pid=8280 elapsed=13356.7s
[2026-04-24T01:07:38.259Z] heartbeat: pid=8280 elapsed=13371.7s
[2026-04-24T01:07:53.261Z] heartbeat: pid=8280 elapsed=13386.7s
[2026-04-24T01:08:08.271Z] heartbeat: pid=8280 elapsed=13401.7s
[2026-04-24T01:08:23.272Z] heartbeat: pid=8280 elapsed=13416.7s
[2026-04-24T01:08:38.274Z] heartbeat: pid=8280 elapsed=13431.7s
[2026-04-24T01:08:53.280Z] heartbeat: pid=8280 elapsed=13446.7s
[2026-04-24T01:09:08.294Z] heartbeat: pid=8280 elapsed=13461.8s
[2026-04-24T01:09:23.297Z] heartbeat: pid=8280 elapsed=13476.8s
[2026-04-24T01:09:38.298Z] heartbeat: pid=8280 elapsed=13491.8s
[2026-04-24T01:09:53.303Z] heartbeat: pid=8280 elapsed=13506.8s
[2026-04-24T01:10:08.303Z] heartbeat: pid=8280 elapsed=13521.8s
[2026-04-24T01:10:23.305Z] heartbeat: pid=8280 elapsed=13536.8s
[2026-04-24T01:10:38.308Z] heartbeat: pid=8280 elapsed=13551.8s
[2026-04-24T01:10:53.308Z] heartbeat: pid=8280 elapsed=13566.8s
[2026-04-24T01:11:08.321Z] heartbeat: pid=8280 elapsed=13581.8s
[2026-04-24T01:11:23.327Z] heartbeat: pid=8280 elapsed=13596.8s
[2026-04-24T01:11:38.336Z] heartbeat: pid=8280 elapsed=13611.8s
[2026-04-24T01:11:53.350Z] heartbeat: pid=8280 elapsed=13626.8s
[2026-04-24T01:12:08.352Z] heartbeat: pid=8280 elapsed=13641.8s
[2026-04-24T01:12:23.359Z] heartbeat: pid=8280 elapsed=13656.8s
[2026-04-24T01:12:38.371Z] heartbeat: pid=8280 elapsed=13671.8s
[2026-04-24T01:12:53.374Z] heartbeat: pid=8280 elapsed=13686.8s
[2026-04-24T01:13:08.378Z] heartbeat: pid=8280 elapsed=13701.8s
[2026-04-24T01:13:23.387Z] heartbeat: pid=8280 elapsed=13716.9s
[2026-04-24T01:13:38.399Z] heartbeat: pid=8280 elapsed=13731.9s
[2026-04-24T01:13:53.404Z] heartbeat: pid=8280 elapsed=13746.9s
[2026-04-24T01:14:08.418Z] heartbeat: pid=8280 elapsed=13761.9s
[2026-04-24T01:14:23.431Z] heartbeat: pid=8280 elapsed=13776.9s
[2026-04-24T01:14:38.441Z] heartbeat: pid=8280 elapsed=13791.9s
[2026-04-24T01:14:53.453Z] heartbeat: pid=8280 elapsed=13806.9s
[2026-04-24T01:15:08.461Z] heartbeat: pid=8280 elapsed=13821.9s
[2026-04-24T01:15:23.462Z] heartbeat: pid=8280 elapsed=13836.9s
[2026-04-24T01:15:38.469Z] heartbeat: pid=8280 elapsed=13851.9s
[2026-04-24T01:15:53.485Z] heartbeat: pid=8280 elapsed=13867.0s
[2026-04-24T01:16:08.486Z] heartbeat: pid=8280 elapsed=13882.0s
[2026-04-24T01:16:23.497Z] heartbeat: pid=8280 elapsed=13897.0s
[2026-04-24T01:16:38.497Z] heartbeat: pid=8280 elapsed=13912.0s
[2026-04-24T01:16:53.507Z] heartbeat: pid=8280 elapsed=13927.0s
[2026-04-24T01:17:08.520Z] heartbeat: pid=8280 elapsed=13942.0s
[2026-04-24T01:17:23.531Z] heartbeat: pid=8280 elapsed=13957.0s
[2026-04-24T01:17:38.533Z] heartbeat: pid=8280 elapsed=13972.0s
[2026-04-24T01:17:53.544Z] heartbeat: pid=8280 elapsed=13987.0s
[2026-04-24T01:18:08.551Z] heartbeat: pid=8280 elapsed=14002.0s
[2026-04-24T01:18:23.564Z] heartbeat: pid=8280 elapsed=14017.0s
[2026-04-24T01:18:38.572Z] heartbeat: pid=8280 elapsed=14032.0s
[2026-04-24T01:18:53.584Z] heartbeat: pid=8280 elapsed=14047.0s
[2026-04-24T01:19:08.591Z] heartbeat: pid=8280 elapsed=14062.1s
[2026-04-24T01:19:23.599Z] heartbeat: pid=8280 elapsed=14077.1s
[2026-04-24T01:19:38.602Z] heartbeat: pid=8280 elapsed=14092.1s
[2026-04-24T01:19:53.603Z] heartbeat: pid=8280 elapsed=14107.1s
[2026-04-24T01:20:08.603Z] heartbeat: pid=8280 elapsed=14122.1s
[2026-04-24T01:20:23.608Z] heartbeat: pid=8280 elapsed=14137.1s
[2026-04-24T01:20:38.614Z] heartbeat: pid=8280 elapsed=14152.1s
[2026-04-24T01:20:53.619Z] heartbeat: pid=8280 elapsed=14167.1s
[2026-04-24T01:21:08.623Z] heartbeat: pid=8280 elapsed=14182.1s
[2026-04-24T01:21:23.625Z] heartbeat: pid=8280 elapsed=14197.1s
[2026-04-24T01:21:38.625Z] heartbeat: pid=8280 elapsed=14212.1s
[2026-04-24T01:21:53.630Z] heartbeat: pid=8280 elapsed=14227.1s
[2026-04-24T01:22:08.640Z] heartbeat: pid=8280 elapsed=14242.1s
[2026-04-24T01:22:23.650Z] heartbeat: pid=8280 elapsed=14257.1s
[2026-04-24T01:22:38.659Z] heartbeat: pid=8280 elapsed=14272.1s
[2026-04-24T01:22:53.665Z] heartbeat: pid=8280 elapsed=14287.1s
[2026-04-24T01:23:08.666Z] heartbeat: pid=8280 elapsed=14302.1s
[2026-04-24T01:23:23.672Z] heartbeat: pid=8280 elapsed=14317.1s
[2026-04-24T01:23:38.685Z] heartbeat: pid=8280 elapsed=14332.1s
[2026-04-24T01:23:53.686Z] heartbeat: pid=8280 elapsed=14347.2s
[2026-04-24T01:24:08.687Z] heartbeat: pid=8280 elapsed=14362.2s
[2026-04-24T01:24:23.690Z] heartbeat: pid=8280 elapsed=14377.2s
[2026-04-24T01:24:38.695Z] heartbeat: pid=8280 elapsed=14392.2s
[2026-04-24T01:24:53.700Z] heartbeat: pid=8280 elapsed=14407.2s
[2026-04-24T01:25:08.713Z] heartbeat: pid=8280 elapsed=14422.2s
[2026-04-24T01:25:23.717Z] heartbeat: pid=8280 elapsed=14437.2s
[2026-04-24T01:25:38.724Z] heartbeat: pid=8280 elapsed=14452.2s
[2026-04-24T01:25:53.727Z] heartbeat: pid=8280 elapsed=14467.2s
[2026-04-24T01:26:08.737Z] heartbeat: pid=8280 elapsed=14482.2s
[2026-04-24T01:26:23.740Z] heartbeat: pid=8280 elapsed=14497.2s
[2026-04-24T01:26:38.750Z] heartbeat: pid=8280 elapsed=14512.2s
[2026-04-24T01:26:53.753Z] heartbeat: pid=8280 elapsed=14527.2s
[2026-04-24T01:27:08.756Z] heartbeat: pid=8280 elapsed=14542.2s
[2026-04-24T01:27:23.771Z] heartbeat: pid=8280 elapsed=14557.2s
[2026-04-24T01:27:38.775Z] heartbeat: pid=8280 elapsed=14572.2s
[2026-04-24T01:27:53.779Z] heartbeat: pid=8280 elapsed=14587.2s
[2026-04-24T01:28:08.787Z] heartbeat: pid=8280 elapsed=14602.3s
[2026-04-24T01:28:23.789Z] heartbeat: pid=8280 elapsed=14617.3s
[2026-04-24T01:28:38.792Z] heartbeat: pid=8280 elapsed=14632.3s
[2026-04-24T01:28:53.806Z] heartbeat: pid=8280 elapsed=14647.3s
[2026-04-24T01:29:08.808Z] heartbeat: pid=8280 elapsed=14662.3s
[2026-04-24T01:29:23.822Z] heartbeat: pid=8280 elapsed=14677.3s
[2026-04-24T01:29:38.823Z] heartbeat: pid=8280 elapsed=14692.3s
[2026-04-24T01:29:53.837Z] heartbeat: pid=8280 elapsed=14707.3s
[2026-04-24T01:30:08.849Z] heartbeat: pid=8280 elapsed=14722.3s
[2026-04-24T01:30:23.861Z] heartbeat: pid=8280 elapsed=14737.3s
[2026-04-24T01:30:38.875Z] heartbeat: pid=8280 elapsed=14752.3s
[2026-04-24T01:30:53.887Z] heartbeat: pid=8280 elapsed=14767.4s
[2026-04-24T01:31:08.890Z] heartbeat: pid=8280 elapsed=14782.4s
[2026-04-24T01:31:23.902Z] heartbeat: pid=8280 elapsed=14797.4s
[2026-04-24T01:31:38.909Z] heartbeat: pid=8280 elapsed=14812.4s
[2026-04-24T01:31:53.916Z] heartbeat: pid=8280 elapsed=14827.4s
[2026-04-24T01:32:08.927Z] heartbeat: pid=8280 elapsed=14842.4s
[2026-04-24T01:32:23.934Z] heartbeat: pid=8280 elapsed=14857.4s
[2026-04-24T01:32:38.936Z] heartbeat: pid=8280 elapsed=14872.4s
[2026-04-24T01:32:53.948Z] heartbeat: pid=8280 elapsed=14887.4s
[2026-04-24T01:33:08.956Z] heartbeat: pid=8280 elapsed=14902.4s
[2026-04-24T01:33:23.969Z] heartbeat: pid=8280 elapsed=14917.4s
[2026-04-24T01:33:38.979Z] heartbeat: pid=8280 elapsed=14932.4s
[2026-04-24T01:33:53.979Z] heartbeat: pid=8280 elapsed=14947.4s
[2026-04-24T01:34:08.993Z] heartbeat: pid=8280 elapsed=14962.5s
[2026-04-24T01:34:24.004Z] heartbeat: pid=8280 elapsed=14977.5s
[2026-04-24T01:34:39.017Z] heartbeat: pid=8280 elapsed=14992.5s
[2026-04-24T01:34:54.032Z] heartbeat: pid=8280 elapsed=15007.5s
[2026-04-24T01:35:09.033Z] heartbeat: pid=8280 elapsed=15022.5s
[2026-04-24T01:35:24.038Z] heartbeat: pid=8280 elapsed=15037.5s
[2026-04-24T01:35:39.053Z] heartbeat: pid=8280 elapsed=15052.5s
[2026-04-24T01:35:54.068Z] heartbeat: pid=8280 elapsed=15067.5s
[2026-04-24T01:36:09.084Z] heartbeat: pid=8280 elapsed=15082.5s
[2026-04-24T01:36:24.099Z] heartbeat: pid=8280 elapsed=15097.6s
[2026-04-24T01:36:39.106Z] heartbeat: pid=8280 elapsed=15112.6s
[2026-04-24T01:36:54.114Z] heartbeat: pid=8280 elapsed=15127.6s
[2026-04-24T01:37:09.115Z] heartbeat: pid=8280 elapsed=15142.6s
[2026-04-24T01:37:24.124Z] heartbeat: pid=8280 elapsed=15157.6s
[2026-04-24T01:37:39.128Z] heartbeat: pid=8280 elapsed=15172.6s
[2026-04-24T01:37:54.139Z] heartbeat: pid=8280 elapsed=15187.6s
[2026-04-24T01:38:09.138Z] heartbeat: pid=8280 elapsed=15202.6s
[2026-04-24T01:38:24.151Z] heartbeat: pid=8280 elapsed=15217.6s
[2026-04-24T01:38:39.158Z] heartbeat: pid=8280 elapsed=15232.6s
[2026-04-24T01:38:54.164Z] heartbeat: pid=8280 elapsed=15247.6s
[2026-04-24T01:39:09.166Z] heartbeat: pid=8280 elapsed=15262.6s
[2026-04-24T01:39:24.177Z] heartbeat: pid=8280 elapsed=15277.6s
[2026-04-24T01:39:39.177Z] heartbeat: pid=8280 elapsed=15292.6s
[2026-04-24T01:39:54.186Z] heartbeat: pid=8280 elapsed=15307.7s
[2026-04-24T01:40:09.190Z] heartbeat: pid=8280 elapsed=15322.7s
[2026-04-24T01:40:24.202Z] heartbeat: pid=8280 elapsed=15337.7s
[2026-04-24T01:40:39.217Z] heartbeat: pid=8280 elapsed=15352.7s
[2026-04-24T01:40:54.221Z] heartbeat: pid=8280 elapsed=15367.7s
[2026-04-24T01:41:09.229Z] heartbeat: pid=8280 elapsed=15382.7s
[2026-04-24T01:41:24.245Z] heartbeat: pid=8280 elapsed=15397.7s
[2026-04-24T01:41:39.255Z] heartbeat: pid=8280 elapsed=15412.7s
[2026-04-24T01:41:54.264Z] heartbeat: pid=8280 elapsed=15427.7s
[2026-04-24T01:42:09.274Z] heartbeat: pid=8280 elapsed=15442.7s
[2026-04-24T01:42:24.276Z] heartbeat: pid=8280 elapsed=15457.7s
[2026-04-24T01:42:39.291Z] heartbeat: pid=8280 elapsed=15472.8s
[2026-04-24T01:42:54.291Z] heartbeat: pid=8280 elapsed=15487.8s
[2026-04-24T01:43:09.302Z] heartbeat: pid=8280 elapsed=15502.8s
[2026-04-24T01:43:24.305Z] heartbeat: pid=8280 elapsed=15517.8s
[2026-04-24T01:43:39.308Z] heartbeat: pid=8280 elapsed=15532.8s
[2026-04-24T01:43:52.377Z] [stdout] [2m06:43:52[22m [36m[1m[vite][22m[39m [90m[2m(client)[22m[39m [32mpage reload [39m[2msrc/lib/settings/app-settings-manager.ts[22m
[2026-04-24T01:43:52.386Z] [stdout] [2m06:43:52[22m [36m[1m[vite][22m[39m [90m[2m(client)[22m[39m [32mpage reload [39m[2mREPORT-UX-OVERHAUL.md[22m
[2026-04-24T01:43:52.403Z] [stdout] [2m06:43:52[22m [36m[1m[vite][22m[39m [90m[2m(client)[22m[39m [32mhmr update [39m[2m/src/app/globals.css, /src/components/charts/rheology-chart-uplot.tsx[22m
[2026-04-24T01:43:52.403Z] [stdout] [2m06:43:52[22m [36m[1m[vite][22m[39m [90m[2m(client)[22m[39m [32mhmr update [39m[2m/src/routes.tsx, /src/app/globals.css[22m
[2026-04-24T01:43:54.313Z] heartbeat: pid=8280 elapsed=15547.8s
[2026-04-24T01:44:09.322Z] heartbeat: pid=8280 elapsed=15562.8s
[2026-04-24T01:44:24.328Z] heartbeat: pid=8280 elapsed=15577.8s
[2026-04-24T01:44:39.343Z] heartbeat: pid=8280 elapsed=15592.8s
[2026-04-24T01:44:47.720Z] wrapper exit: code=0 signal=null elapsed=15601.2s
