[2026-04-24T02:43:49.615Z] wrapper start
[2026-04-24T02:43:49.616Z] cwd=D:\Development\Rheolab
[2026-04-24T02:43:49.616Z] command=npm.cmd exec tauri -- dev
[2026-04-24T02:43:49.616Z] RHEOLAB_SKIP_VERSION_BUMP=
[2026-04-24T02:43:49.620Z] direct spawn failed (EINVAL), switching to shell fallback
[2026-04-24T02:43:49.620Z] using shell fallback: npm.cmd "exec" "tauri" "--" "dev"
[2026-04-24T02:43:50.356Z] [stderr]      Running BeforeDevCommand (`npm run dev`)
[2026-04-24T02:43:50.609Z] [stdout] 
[2026-04-24T02:43:50.609Z] [stdout] > rheolab-enterprise@0.2.0-beta.39 dev
[2026-04-24T02:43:50.609Z] [stdout] > vite
[2026-04-24T02:43:50.609Z] [stdout] 
[2026-04-24T02:43:51.016Z] [stdout] 
[2026-04-24T02:43:51.017Z] [stdout]   [32m[1mVITE[22m v6.4.2[39m  [2mready in [0m[1m352[22m[2m[0m ms[22m
[2026-04-24T02:43:51.017Z] [stdout] 
[2026-04-24T02:43:51.017Z] [stdout]   [32m➜[39m  [1mLocal[22m:   [36mhttp://localhost:[1m1420[22m/[39m
[2026-04-24T02:43:54.382Z] [stderr]      Running DevCommand (`cargo  run --no-default-features --color always --`)
[2026-04-24T02:43:54.450Z] [stderr]         Info Watching D:\Development\Rheolab\src-tauri for changes...
[2026-04-24T02:43:55.357Z] [stderr] [1m[92m   Compiling[0m rheolab-enterprise v0.2.0-beta.39 (D:\Development\Rheolab\src-tauri)
[2026-04-24T02:44:04.636Z] heartbeat: pid=15112 elapsed=15.0s
[2026-04-24T02:44:17.500Z] [stderr] [1m[96m    Building[0m [=======================> ] 823/825: rheolab…[1m[96m    Building[0m [=======================> ] 824/825: rheolab…                                                            [1m[92m    Finished[0m ]8;;https://doc.rust-lang.org/cargo/reference/profiles.html#default-profiles\`dev` profile [unoptimized + debuginfo]]8;;\ target(s) in 23.06s
[2026-04-24T02:44:17.541Z] [stderr] [1m[92m     Running[0m `target\debug\rheolab-enterprise.exe`
[2026-04-24T02:44:19.651Z] heartbeat: pid=15112 elapsed=30.0s
[2026-04-24T02:44:24.370Z] [stdout] [2026-04-24][02:44:24][reqwest::connect][DEBUG] starting new connection: https://license.vizbuka.ru/
[2026-04-24T02:44:24.616Z] [stdout] [2026-04-24][02:44:24][reqwest::retry][TRACE] shouldn't retry!
[2026-04-24T02:44:34.651Z] heartbeat: pid=15112 elapsed=45.0s
[2026-04-24T02:44:49.652Z] heartbeat: pid=15112 elapsed=60.0s
[2026-04-24T02:44:59.509Z] [stdout] [2m07:44:59[22m [36m[1m[vite][22m[39m [90m[2m(client)[22m[39m [32mpage reload [39m[2mdocs/performance/FRONTEND-IPC-DEEP-AUDIT-LATEST.md[22m
[2026-04-24T02:45:04.652Z] heartbeat: pid=15112 elapsed=75.0s
[2026-04-24T02:45:19.660Z] heartbeat: pid=15112 elapsed=90.0s
[2026-04-24T02:45:34.663Z] heartbeat: pid=15112 elapsed=105.0s
[2026-04-24T02:45:49.667Z] heartbeat: pid=15112 elapsed=120.1s
[2026-04-24T02:46:04.669Z] heartbeat: pid=15112 elapsed=135.1s
[2026-04-24T02:46:19.677Z] heartbeat: pid=15112 elapsed=150.1s
[2026-04-24T02:46:34.679Z] heartbeat: pid=15112 elapsed=165.1s
[2026-04-24T02:46:49.680Z] heartbeat: pid=15112 elapsed=180.1s
[2026-04-24T02:47:04.695Z] heartbeat: pid=15112 elapsed=195.1s
[2026-04-24T02:47:19.704Z] heartbeat: pid=15112 elapsed=210.1s
[2026-04-24T02:47:34.713Z] heartbeat: pid=15112 elapsed=225.1s
[2026-04-24T02:47:49.719Z] heartbeat: pid=15112 elapsed=240.1s
[2026-04-24T02:48:04.724Z] heartbeat: pid=15112 elapsed=255.1s
[2026-04-24T02:48:19.727Z] heartbeat: pid=15112 elapsed=270.1s
[2026-04-24T02:48:34.734Z] heartbeat: pid=15112 elapsed=285.1s
[2026-04-24T02:48:49.744Z] heartbeat: pid=15112 elapsed=300.1s
[2026-04-24T02:49:04.757Z] heartbeat: pid=15112 elapsed=315.1s
[2026-04-24T02:49:19.766Z] heartbeat: pid=15112 elapsed=330.2s
[2026-04-24T02:49:34.772Z] heartbeat: pid=15112 elapsed=345.2s
[2026-04-24T02:49:49.785Z] heartbeat: pid=15112 elapsed=360.2s
[2026-04-24T02:50:04.799Z] heartbeat: pid=15112 elapsed=375.2s
[2026-04-24T02:50:19.812Z] heartbeat: pid=15112 elapsed=390.2s
[2026-04-24T02:50:34.827Z] heartbeat: pid=15112 elapsed=405.2s
[2026-04-24T02:50:49.829Z] heartbeat: pid=15112 elapsed=420.2s
[2026-04-24T02:51:04.835Z] heartbeat: pid=15112 elapsed=435.2s
[2026-04-24T02:51:19.847Z] heartbeat: pid=15112 elapsed=450.2s
[2026-04-24T02:51:34.849Z] heartbeat: pid=15112 elapsed=465.2s
[2026-04-24T02:51:49.856Z] heartbeat: pid=15112 elapsed=480.2s
[2026-04-24T02:52:04.865Z] heartbeat: pid=15112 elapsed=495.3s
[2026-04-24T02:52:19.880Z] heartbeat: pid=15112 elapsed=510.3s
[2026-04-24T02:52:34.884Z] heartbeat: pid=15112 elapsed=525.3s
[2026-04-24T02:52:49.884Z] heartbeat: pid=15112 elapsed=540.3s
[2026-04-24T02:53:04.885Z] heartbeat: pid=15112 elapsed=555.3s
[2026-04-24T02:53:19.899Z] heartbeat: pid=15112 elapsed=570.3s
[2026-04-24T02:53:34.904Z] heartbeat: pid=15112 elapsed=585.3s
[2026-04-24T02:53:49.903Z] heartbeat: pid=15112 elapsed=600.3s
[2026-04-24T02:54:04.917Z] heartbeat: pid=15112 elapsed=615.3s
[2026-04-24T02:54:19.921Z] heartbeat: pid=15112 elapsed=630.3s
[2026-04-24T02:54:34.921Z] heartbeat: pid=15112 elapsed=645.3s
[2026-04-24T02:54:49.931Z] heartbeat: pid=15112 elapsed=660.3s
[2026-04-24T02:55:04.941Z] heartbeat: pid=15112 elapsed=675.3s
[2026-04-24T02:55:19.947Z] heartbeat: pid=15112 elapsed=690.3s
[2026-04-24T02:55:34.960Z] heartbeat: pid=15112 elapsed=705.3s
[2026-04-24T02:55:49.973Z] heartbeat: pid=15112 elapsed=720.4s
[2026-04-24T02:56:04.981Z] heartbeat: pid=15112 elapsed=735.4s
[2026-04-24T02:56:19.995Z] heartbeat: pid=15112 elapsed=750.4s
[2026-04-24T02:56:35.003Z] heartbeat: pid=15112 elapsed=765.4s
[2026-04-24T02:56:50.004Z] heartbeat: pid=15112 elapsed=780.4s
[2026-04-24T02:57:05.007Z] heartbeat: pid=15112 elapsed=795.4s
[2026-04-24T02:57:20.016Z] heartbeat: pid=15112 elapsed=810.4s
[2026-04-24T02:57:35.017Z] heartbeat: pid=15112 elapsed=825.4s
[2026-04-24T02:57:50.024Z] heartbeat: pid=15112 elapsed=840.4s
[2026-04-24T02:58:05.033Z] heartbeat: pid=15112 elapsed=855.4s
[2026-04-24T02:58:20.044Z] heartbeat: pid=15112 elapsed=870.4s
[2026-04-24T02:58:35.046Z] heartbeat: pid=15112 elapsed=885.4s
[2026-04-24T02:58:50.050Z] heartbeat: pid=15112 elapsed=900.4s
[2026-04-24T02:59:05.056Z] heartbeat: pid=15112 elapsed=915.4s
[2026-04-24T02:59:20.067Z] heartbeat: pid=15112 elapsed=930.5s
[2026-04-24T02:59:35.067Z] heartbeat: pid=15112 elapsed=945.5s
[2026-04-24T02:59:50.081Z] heartbeat: pid=15112 elapsed=960.5s
[2026-04-24T03:00:05.090Z] heartbeat: pid=15112 elapsed=975.5s
[2026-04-24T03:00:20.096Z] heartbeat: pid=15112 elapsed=990.5s
[2026-04-24T03:00:35.103Z] heartbeat: pid=15112 elapsed=1005.5s
[2026-04-24T03:00:50.109Z] heartbeat: pid=15112 elapsed=1020.5s
[2026-04-24T03:01:05.111Z] heartbeat: pid=15112 elapsed=1035.5s
[2026-04-24T03:01:20.115Z] heartbeat: pid=15112 elapsed=1050.5s
[2026-04-24T03:01:35.117Z] heartbeat: pid=15112 elapsed=1065.5s
[2026-04-24T03:01:50.131Z] heartbeat: pid=15112 elapsed=1080.5s
[2026-04-24T03:02:05.145Z] heartbeat: pid=15112 elapsed=1095.5s
[2026-04-24T03:02:20.156Z] heartbeat: pid=15112 elapsed=1110.5s
[2026-04-24T03:02:35.159Z] heartbeat: pid=15112 elapsed=1125.5s
[2026-04-24T03:02:50.163Z] heartbeat: pid=15112 elapsed=1140.5s
[2026-04-24T03:03:05.176Z] heartbeat: pid=15112 elapsed=1155.6s
[2026-04-24T03:03:20.188Z] heartbeat: pid=15112 elapsed=1170.6s
[2026-04-24T03:03:35.199Z] heartbeat: pid=15112 elapsed=1185.6s
[2026-04-24T03:03:50.203Z] heartbeat: pid=15112 elapsed=1200.6s
[2026-04-24T03:03:58.627Z] wrapper exit: code=0 signal=null elapsed=1209.0s
