[2026-04-23T18:51:07.360Z] wrapper start
[2026-04-23T18:51:07.360Z] cwd=D:\Development\Rheolab
[2026-04-23T18:51:07.360Z] command=npm.cmd exec tauri -- build
[2026-04-23T18:51:07.360Z] RHEOLAB_SKIP_VERSION_BUMP=
[2026-04-23T18:51:07.360Z] INTEGRITY_SECRET_KEY present=true dev_sentinel=false
[2026-04-23T18:51:07.361Z] TAURI_SIGNING_PRIVATE_KEY present=true len=348
[2026-04-23T18:51:07.361Z] TAURI_SIGNING_PRIVATE_KEY_PASSWORD present=true
[2026-04-23T18:51:07.362Z] direct spawn failed (EINVAL), switching to shell fallback
[2026-04-23T18:51:07.363Z] using shell fallback: npm.cmd "exec" "tauri" "--" "build"
[2026-04-23T18:51:08.086Z] [stderr]         Info Looking up installed tauri packages to check mismatched versions...
[2026-04-23T18:51:08.814Z] [stderr]      Running beforeBuildCommand `npm run build`
[2026-04-23T18:51:09.051Z] [stdout] 
[2026-04-23T18:51:09.051Z] [stdout] > rheolab-enterprise@0.2.0-beta.39 build
[2026-04-23T18:51:09.051Z] [stdout] > vite build
[2026-04-23T18:51:09.051Z] [stdout] 
[2026-04-23T18:51:09.380Z] [stdout] [36mvite v6.4.2 [32mbuilding for production...[36m[39m
[2026-04-23T18:51:09.426Z] [stdout] transforming...
[2026-04-23T18:51:20.019Z] [stderr] [33m[plugin vite:resolve] Module "crypto" has been externalized for browser compatibility, imported by "D:/Development/Rheolab/src/lib/utils/encryption.ts". See https://vite.dev/guide/troubleshooting.html#module-externalized-for-browser-compatibility for more details.[39m
[2026-04-23T18:51:21.300Z] [stdout] [32m✓[39m 2936 modules transformed.
[2026-04-23T18:51:21.548Z] [stdout] rendering chunks...
[2026-04-23T18:51:21.674Z] [stdout] computing gzip size...
[2026-04-23T18:51:21.689Z] [stdout] [2mdist/[22m[32mindex.html                                  [39m[1m[2m  1.70 kB[22m[1m[22m[2m │ gzip:  0.85 kB[22m
[2026-04-23T18:51:21.692Z] [stdout] [2mdist/[22m[35massets/ChartErrorBoundary-Saz_VHki.css      [39m[1m[2m  1.63 kB[22m[1m[22m[2m │ gzip:  0.70 kB[22m
[2026-04-23T18:51:21.692Z] [stdout] [2mdist/[22m[35massets/main-D3ikF6Pd.css                    [39m[1m[2m144.37 kB[22m[1m[22m[2m │ gzip: 20.84 kB[22m
[2026-04-23T18:51:21.692Z] [stdout] [2mdist/[22m[36massets/__vite-browser-external-BIHI7g3E.js  [39m[1m[2m  0.03 kB[22m[1m[22m[2m │ gzip:  0.05 kB[22m
[2026-04-23T18:51:21.692Z] [stdout] [2mdist/[22m[36massets/encryption-Unrw5yZU.js               [39m[1m[2m  0.14 kB[22m[1m[22m[2m │ gzip:  0.15 kB[22m
[2026-04-23T18:51:21.692Z] [stdout] [2mdist/[22m[36massets/page-ag22mqCL.js                     [39m[1m[2m  0.17 kB[22m[1m[22m[2m │ gzip:  0.16 kB[22m
[2026-04-23T18:51:21.692Z] [stdout] [2mdist/[22m[36massets/page-CdAzp9Ph.js                     [39m[1m[2m  0.20 kB[22m[1m[22m[2m │ gzip:  0.17 kB[22m
[2026-04-23T18:51:21.692Z] [stdout] [2mdist/[22m[36massets/tauri-bridge-BVxt1sbX.js             [39m[1m[2m  0.27 kB[22m[1m[22m[2m │ gzip:  0.20 kB[22m
[2026-04-23T18:51:21.692Z] [stdout] [2mdist/[22m[36massets/check-Cu5aWEiz.js                    [39m[1m[2m  0.29 kB[22m[1m[22m[2m │ gzip:  0.24 kB[22m
[2026-04-23T18:51:21.693Z] [stdout] [2mdist/[22m[36massets/chevron-up-CxQ5TVM2.js               [39m[1m[2m  0.30 kB[22m[1m[22m[2m │ gzip:  0.25 kB[22m
[2026-04-23T18:51:21.693Z] [stdout] [2mdist/[22m[36massets/chevron-down-j3RH8XkG.js             [39m[1m[2m  0.30 kB[22m[1m[22m[2m │ gzip:  0.25 kB[22m
[2026-04-23T18:51:21.693Z] [stdout] [2mdist/[22m[36massets/plus-BbzP_r8S.js                     [39m[1m[2m  0.33 kB[22m[1m[22m[2m │ gzip:  0.25 kB[22m
[2026-04-23T18:51:21.693Z] [stdout] [2mdist/[22m[36massets/circle-check-A3W4LJQj.js             [39m[1m[2m  0.35 kB[22m[1m[22m[2m │ gzip:  0.27 kB[22m
[2026-04-23T18:51:21.693Z] [stdout] [2mdist/[22m[36massets/rotate-ccw-BtD321AM.js               [39m[1m[2m  0.37 kB[22m[1m[22m[2m │ gzip:  0.29 kB[22m
[2026-04-23T18:51:21.693Z] [stdout] [2mdist/[22m[36massets/upload-B7MqnGiq.js                   [39m[1m[2m  0.40 kB[22m[1m[22m[2m │ gzip:  0.30 kB[22m
[2026-04-23T18:51:21.693Z] [stdout] [2mdist/[22m[36massets/activity-D3t53nDg.js                 [39m[1m[2m  0.41 kB[22m[1m[22m[2m │ gzip:  0.31 kB[22m
[2026-04-23T18:51:21.693Z] [stdout] [2mdist/[22m[36massets/settings-2-Bxpuc92z.js               [39m[1m[2m  0.42 kB[22m[1m[22m[2m │ gzip:  0.30 kB[22m
[2026-04-23T18:51:21.693Z] [stdout] [2mdist/[22m[36massets/circle-alert-Trnz0Kks.js             [39m[1m[2m  0.42 kB[22m[1m[22m[2m │ gzip:  0.29 kB[22m
[2026-04-23T18:51:21.693Z] [stdout] [2mdist/[22m[36massets/calendar-DOnla6B-.js                 [39m[1m[2m  0.43 kB[22m[1m[22m[2m │ gzip:  0.31 kB[22m
[2026-04-23T18:51:21.693Z] [stdout] [2mdist/[22m[36massets/key-CS07hLf9.js                      [39m[1m[2m  0.43 kB[22m[1m[22m[2m │ gzip:  0.32 kB[22m
[2026-04-23T18:51:21.693Z] [stdout] [2mdist/[22m[36massets/pencil-qmNtNQOd.js                   [39m[1m[2m  0.45 kB[22m[1m[22m[2m │ gzip:  0.33 kB[22m
[2026-04-23T18:51:21.693Z] [stdout] [2mdist/[22m[36massets/flask-conical-DNrr4svr.js            [39m[1m[2m  0.47 kB[22m[1m[22m[2m │ gzip:  0.33 kB[22m
[2026-04-23T18:51:21.693Z] [stdout] [2mdist/[22m[36massets/languages-CGyzQEEz.js                [39m[1m[2m  0.49 kB[22m[1m[22m[2m │ gzip:  0.32 kB[22m
[2026-04-23T18:51:21.693Z] [stdout] [2mdist/[22m[36massets/trash-2-DA8FgXmf.js                  [39m[1m[2m  0.50 kB[22m[1m[22m[2m │ gzip:  0.32 kB[22m
[2026-04-23T18:51:21.694Z] [stdout] [2mdist/[22m[36massets/file-down-DvQ1jFCs.js                [39m[1m[2m  0.53 kB[22m[1m[22m[2m │ gzip:  0.35 kB[22m
[2026-04-23T18:51:21.694Z] [stdout] [2mdist/[22m[36massets/branding-store-Dqx2aXLT.js           [39m[1m[2m  0.54 kB[22m[1m[22m[2m │ gzip:  0.28 kB[22m
[2026-04-23T18:51:21.694Z] [stdout] [2mdist/[22m[36massets/building-2-DPGvy_Bh.js               [39m[1m[2m  0.56 kB[22m[1m[22m[2m │ gzip:  0.34 kB[22m
[2026-04-23T18:51:21.694Z] [stdout] [2mdist/[22m[36massets/input-DUpWtitW.js                    [39m[1m[2m  0.60 kB[22m[1m[22m[2m │ gzip:  0.38 kB[22m
[2026-04-23T18:51:21.694Z] [stdout] [2mdist/[22m[36massets/circle-x-D21sHlo-.js                 [39m[1m[2m  0.69 kB[22m[1m[22m[2m │ gzip:  0.35 kB[22m
[2026-04-23T18:51:21.694Z] [stdout] [2mdist/[22m[36massets/user-CZmpZ8Ha.js                     [39m[1m[2m  0.74 kB[22m[1m[22m[2m │ gzip:  0.38 kB[22m
[2026-04-23T18:51:21.694Z] [stdout] [2mdist/[22m[36massets/client-DPcOravI.js                   [39m[1m[2m  0.75 kB[22m[1m[22m[2m │ gzip:  0.40 kB[22m
[2026-04-23T18:51:21.694Z] [stdout] [2mdist/[22m[36massets/client-B687esgb.js                   [39m[1m[2m  0.83 kB[22m[1m[22m[2m │ gzip:  0.46 kB[22m
[2026-04-23T18:51:21.694Z] [stdout] [2mdist/[22m[36massets/useFocusTrap-DBIo29X4.js             [39m[1m[2m  0.84 kB[22m[1m[22m[2m │ gzip:  0.44 kB[22m
[2026-04-23T18:51:21.694Z] [stdout] [2mdist/[22m[36massets/search-BDmGexFt.js                   [39m[1m[2m  0.89 kB[22m[1m[22m[2m │ gzip:  0.42 kB[22m
[2026-04-23T18:51:21.694Z] [stdout] [2mdist/[22m[36massets/settings-B0xqHEo9.js                 [39m[1m[2m  0.98 kB[22m[1m[22m[2m │ gzip:  0.42 kB[22m
[2026-04-23T18:51:21.694Z] [stdout] [2mdist/[22m[36massets/update-install-EYakIfzd.js           [39m[1m[2m  1.11 kB[22m[1m[22m[2m │ gzip:  0.62 kB[22m
[2026-04-23T18:51:21.694Z] [stdout] [2mdist/[22m[36massets/card-DllHI9oF.js                     [39m[1m[2m  1.58 kB[22m[1m[22m[2m │ gzip:  0.67 kB[22m
[2026-04-23T18:51:21.694Z] [stdout] [2mdist/[22m[36massets/index-e7kluiTS.js                    [39m[1m[2m  1.89 kB[22m[1m[22m[2m │ gzip:  0.92 kB[22m
[2026-04-23T18:51:21.694Z] [stdout] [2mdist/[22m[36massets/button-B7oOD9ON.js                   [39m[1m[2m  1.94 kB[22m[1m[22m[2m │ gzip:  0.96 kB[22m
[2026-04-23T18:51:21.698Z] [stdout] [2mdist/[22m[36massets/PrecisionSettingsCard-D2niKbfE.js    [39m[1m[2m  2.05 kB[22m[1m[22m[2m │ gzip:  0.98 kB[22m
[2026-04-23T18:51:21.698Z] [stdout] [2mdist/[22m[36massets/alert-dialog-ChN4nAtm.js             [39m[1m[2m  2.12 kB[22m[1m[22m[2m │ gzip:  0.77 kB[22m
[2026-04-23T18:51:21.698Z] [stdout] [2mdist/[22m[36massets/TrialBanner-BFVw1MY4.js              [39m[1m[2m  2.26 kB[22m[1m[22m[2m │ gzip:  1.22 kB[22m
[2026-04-23T18:51:21.698Z] [stdout] [2mdist/[22m[36massets/label-Dkkl3XWi.js                    [39m[1m[2m  2.52 kB[22m[1m[22m[2m │ gzip:  0.95 kB[22m
[2026-04-23T18:51:21.698Z] [stdout] [2mdist/[22m[36massets/BrandingManager-DPu29FUA.js          [39m[1m[2m  2.55 kB[22m[1m[22m[2m │ gzip:  1.16 kB[22m
[2026-04-23T18:51:21.698Z] [stdout] [2mdist/[22m[36massets/UpdateChecker-YrsBt55c.js            [39m[1m[2m  3.38 kB[22m[1m[22m[2m │ gzip:  1.46 kB[22m
[2026-04-23T18:51:21.698Z] [stdout] [2mdist/[22m[36massets/water-analysis-panel-OKYcterC.js     [39m[1m[2m  3.63 kB[22m[1m[22m[2m │ gzip:  1.61 kB[22m
[2026-04-23T18:51:21.698Z] [stdout] [2mdist/[22m[36massets/index-BUU2nWoW.js                    [39m[1m[2m  3.66 kB[22m[1m[22m[2m │ gzip:  1.34 kB[22m
[2026-04-23T18:51:21.698Z] [stdout] [2mdist/[22m[36massets/expert-settings-panel-ylqWA1a8.js    [39m[1m[2m  3.89 kB[22m[1m[22m[2m │ gzip:  1.39 kB[22m
[2026-04-23T18:51:21.698Z] [stdout] [2mdist/[22m[36massets/UnitSystemCard-DVG0ZI2F.js           [39m[1m[2m  4.22 kB[22m[1m[22m[2m │ gzip:  1.76 kB[22m
[2026-04-23T18:51:21.698Z] [stdout] [2mdist/[22m[36massets/settings-shared-Cjk_IZEw.js          [39m[1m[2m  4.51 kB[22m[1m[22m[2m │ gzip:  1.75 kB[22m
[2026-04-23T18:51:21.699Z] [stdout] [2mdist/[22m[36massets/LicenseActivationDialog-vww6atPo.js  [39m[1m[2m  5.38 kB[22m[1m[22m[2m │ gzip:  2.14 kB[22m
[2026-04-23T18:51:21.699Z] [stdout] [2mdist/[22m[36massets/LaboratoryManager-D5onR899.js        [39m[1m[2m  5.61 kB[22m[1m[22m[2m │ gzip:  1.96 kB[22m
[2026-04-23T18:51:21.699Z] [stdout] [2mdist/[22m[36massets/LogViewer-BCpwBNEj.js                [39m[1m[2m  5.76 kB[22m[1m[22m[2m │ gzip:  2.43 kB[22m
[2026-04-23T18:51:21.699Z] [stdout] [2mdist/[22m[36massets/BackupManager-DazhFmXL.js            [39m[1m[2m  5.80 kB[22m[1m[22m[2m │ gzip:  2.23 kB[22m
[2026-04-23T18:51:21.699Z] [stdout] [2mdist/[22m[36massets/OperatorManager-D3Bym-0x.js          [39m[1m[2m  5.91 kB[22m[1m[22m[2m │ gzip:  2.15 kB[22m
[2026-04-23T18:51:21.699Z] [stdout] [2mdist/[22m[36massets/chart-settings-store-btFUTZ85.js     [39m[1m[2m  5.94 kB[22m[1m[22m[2m │ gzip:  2.07 kB[22m
[2026-04-23T18:51:21.699Z] [stdout] [2mdist/[22m[36massets/recipe-panel-DkvQjHK2.js             [39m[1m[2m  6.61 kB[22m[1m[22m[2m │ gzip:  2.23 kB[22m
[2026-04-23T18:51:21.699Z] [stdout] [2mdist/[22m[36massets/cycle-editor-dialog-4MKRmhcX.js      [39m[1m[2m  7.88 kB[22m[1m[22m[2m │ gzip:  2.63 kB[22m
[2026-04-23T18:51:21.699Z] [stdout] [2mdist/[22m[36massets/ChartSettingsManager-Cx8YwYS5.js     [39m[1m[2m  7.89 kB[22m[1m[22m[2m │ gzip:  2.66 kB[22m
[2026-04-23T18:51:21.699Z] [stdout] [2mdist/[22m[36massets/ExperimentExportImport-cLhhKEa6.js   [39m[1m[2m  8.00 kB[22m[1m[22m[2m │ gzip:  2.96 kB[22m
[2026-04-23T18:51:21.699Z] [stdout] [2mdist/[22m[36massets/raw-data-table-BomGUp0A.js           [39m[1m[2m  8.30 kB[22m[1m[22m[2m │ gzip:  2.61 kB[22m
[2026-04-23T18:51:21.699Z] [stdout] [2mdist/[22m[36massets/APIKeyManager-ByIapg7U.js            [39m[1m[2m  8.79 kB[22m[1m[22m[2m │ gzip:  3.06 kB[22m
[2026-04-23T18:51:21.699Z] [stdout] [2mdist/[22m[36massets/client-hh2Id_UO.js                   [39m[1m[2m  9.13 kB[22m[1m[22m[2m │ gzip:  3.65 kB[22m
[2026-04-23T18:51:21.699Z] [stdout] [2mdist/[22m[36massets/AppSettingsExporter-WDE2Bt-W.js      [39m[1m[2m 11.12 kB[22m[1m[22m[2m │ gzip:  3.69 kB[22m
[2026-04-23T18:51:21.699Z] [stdout] [2mdist/[22m[36massets/cycle-results-table-BbvviaZH.js      [39m[1m[2m 11.61 kB[22m[1m[22m[2m │ gzip:  3.23 kB[22m
[2026-04-23T18:51:21.700Z] [stdout] [2mdist/[22m[36massets/ReportTab-D5_1tjGq.js                [39m[1m[2m 11.78 kB[22m[1m[22m[2m │ gzip:  3.65 kB[22m
[2026-04-23T18:51:21.700Z] [stdout] [2mdist/[22m[36massets/ru-C8Cx8G0_.js                       [39m[1m[2m 12.58 kB[22m[1m[22m[2m │ gzip:  3.14 kB[22m
[2026-04-23T18:51:21.700Z] [stdout] [2mdist/[22m[36massets/useToast-XDfP53mb.js                 [39m[1m[2m 14.15 kB[22m[1m[22m[2m │ gzip:  5.63 kB[22m
[2026-04-23T18:51:21.700Z] [stdout] [2mdist/[22m[36massets/report-save-BI44gKcj.js              [39m[1m[2m 15.92 kB[22m[1m[22m[2m │ gzip:  4.30 kB[22m
[2026-04-23T18:51:21.700Z] [stdout] [2mdist/[22m[36massets/ComparisonReportTab-C7n2vVSK.js      [39m[1m[2m 16.72 kB[22m[1m[22m[2m │ gzip:  5.25 kB[22m
[2026-04-23T18:51:21.700Z] [stdout] [2mdist/[22m[36massets/ChartErrorBoundary-B0a1tu2z.js       [39m[1m[2m 18.84 kB[22m[1m[22m[2m │ gzip:  7.77 kB[22m
[2026-04-23T18:51:21.700Z] [stdout] [2mdist/[22m[36massets/vendor-date-B1cgXEfA.js              [39m[1m[2m 20.00 kB[22m[1m[22m[2m │ gzip:  5.73 kB[22m
[2026-04-23T18:51:21.700Z] [stdout] [2mdist/[22m[36massets/CalibrationPanel-sM0xTno9.js         [39m[1m[2m 25.33 kB[22m[1m[22m[2m │ gzip:  7.48 kB[22m
[2026-04-23T18:51:21.700Z] [stdout] [2mdist/[22m[36massets/page-BOhU86Kp.js                     [39m[1m[2m 27.75 kB[22m[1m[22m[2m │ gzip:  7.50 kB[22m
[2026-04-23T18:51:21.700Z] [stdout] [2mdist/[22m[36massets/page-DYcM1ikG.js                     [39m[1m[2m 43.31 kB[22m[1m[22m[2m │ gzip: 13.87 kB[22m
[2026-04-23T18:51:21.700Z] [stdout] [2mdist/[22m[36massets/DashboardContent-BlUBvyVk.js         [39m[1m[2m 47.38 kB[22m[1m[22m[2m │ gzip: 14.27 kB[22m
[2026-04-23T18:51:21.700Z] [stdout] [2mdist/[22m[36massets/vendor-react-VsJEmFiX.js             [39m[1m[2m 48.76 kB[22m[1m[22m[2m │ gzip: 17.28 kB[22m
[2026-04-23T18:51:21.700Z] [stdout] [2mdist/[22m[36massets/vendor-charts-CziCK5UB.js            [39m[1m[2m 52.27 kB[22m[1m[22m[2m │ gzip: 23.28 kB[22m
[2026-04-23T18:51:21.700Z] [stdout] [2mdist/[22m[36massets/page-CJt4KaGU.js                     [39m[1m[2m103.91 kB[22m[1m[22m[2m │ gzip: 26.53 kB[22m
[2026-04-23T18:51:21.700Z] [stdout] [2mdist/[22m[36massets/vendor-radix-wOjfjdRn.js             [39m[1m[2m113.50 kB[22m[1m[22m[2m │ gzip: 36.46 kB[22m
[2026-04-23T18:51:21.701Z] [stdout] [2mdist/[22m[36massets/page-BHpdVZRi.js                     [39m[1m[2m135.62 kB[22m[1m[22m[2m │ gzip: 39.19 kB[22m
[2026-04-23T18:51:21.701Z] [stdout] [2mdist/[22m[36massets/main-D_vx7zpr.js                     [39m[1m[2m271.83 kB[22m[1m[22m[2m │ gzip: 86.18 kB[22m
[2026-04-23T18:51:21.701Z] [stdout] [32m✓ built in 12.30s[39m
[2026-04-23T18:51:22.378Z] heartbeat: pid=16464 elapsed=15.0s
[2026-04-23T18:51:28.863Z] [stderr]    Compiling rheolab-enterprise v0.2.0-beta.39 (D:\Development\Rheolab\src-tauri)
[2026-04-23T18:51:28.864Z] [stderr]    Compiling rheolab-core v0.1.0 (D:\Development\Rheolab\src\rust\rheolab-core)
[2026-04-23T18:51:37.393Z] heartbeat: pid=16464 elapsed=30.0s
[2026-04-23T18:51:52.394Z] heartbeat: pid=16464 elapsed=45.0s
[2026-04-23T18:52:07.397Z] heartbeat: pid=16464 elapsed=60.0s
[2026-04-23T18:52:22.411Z] heartbeat: pid=16464 elapsed=75.1s
[2026-04-23T18:52:37.424Z] heartbeat: pid=16464 elapsed=90.1s
[2026-04-23T18:52:52.433Z] heartbeat: pid=16464 elapsed=105.1s
[2026-04-23T18:53:07.436Z] heartbeat: pid=16464 elapsed=120.1s
[2026-04-23T18:53:22.445Z] heartbeat: pid=16464 elapsed=135.1s
[2026-04-23T18:53:37.464Z] heartbeat: pid=16464 elapsed=150.1s
[2026-04-23T18:53:52.479Z] heartbeat: pid=16464 elapsed=165.1s
[2026-04-23T18:54:07.480Z] heartbeat: pid=16464 elapsed=180.1s
[2026-04-23T18:54:22.479Z] heartbeat: pid=16464 elapsed=195.1s
[2026-04-23T18:54:37.480Z] heartbeat: pid=16464 elapsed=210.1s
[2026-04-23T18:54:39.841Z] [stderr]     Finished `release` profile [optimized] target(s) in 3m 17s
[2026-04-23T18:54:39.891Z] [stderr]        Built application at: D:\Development\Rheolab\src-tauri\target\release\rheolab-enterprise.exe
[2026-04-23T18:54:39.891Z] [stderr]         Info Patching binary "D:\\Development\\Rheolab\\src-tauri\\target\\release\\rheolab-enterprise.exe" for type nsis
[2026-04-23T18:54:39.902Z] [stderr]         Warn Failed to add bundler type to the binary: __TAURI_BUNDLE_TYPE variable not found in binary. Make sure tauri crate and tauri-cli are up to date. Updater plugin may not be able to update this package. This shouldn't normally happen, please report it to https://github.com/tauri-apps/tauri/issues
[2026-04-23T18:54:39.903Z] [stderr]         Info Target: x64
[2026-04-23T18:54:39.913Z] [stderr]      Running makensis to produce D:\Development\Rheolab\src-tauri\target\release\bundle\nsis\RheoLab Enterprise_0.2.0-beta.39_x64-setup.exe
[2026-04-23T18:54:52.183Z] [stderr]     Finished 1 bundle at:
[2026-04-23T18:54:52.183Z] [stderr]         D:\Development\Rheolab\src-tauri\target\release\bundle\nsis\RheoLab Enterprise_0.2.0-beta.39_x64-setup.exe
[2026-04-23T18:54:52.183Z] [stderr] 
[2026-04-23T18:54:52.202Z] wrapper exit: code=0 signal=null elapsed=224.8s
[2026-04-23T18:54:52.204Z] post-build sign: signing RheoLab Enterprise_0.2.0-beta.39_x64-setup.exe
[2026-04-23T18:54:52.913Z] post-build sign: success → RheoLab Enterprise_0.2.0-beta.39_x64-setup.exe.sig
