[2026-04-25T08:29:24.089Z] wrapper start
[2026-04-25T08:29:24.089Z] cwd=D:\Development\Rheolab
[2026-04-25T08:29:24.089Z] command=npm.cmd exec tauri -- build
[2026-04-25T08:29:24.089Z] RHEOLAB_SKIP_VERSION_BUMP=
[2026-04-25T08:29:24.089Z] INTEGRITY_SECRET_KEY present=true dev_sentinel=false
[2026-04-25T08:29:24.089Z] TAURI_SIGNING_PRIVATE_KEY present=true len=348
[2026-04-25T08:29:24.089Z] TAURI_SIGNING_PRIVATE_KEY_PASSWORD present=true
[2026-04-25T08:29:24.091Z] direct spawn failed (EINVAL), switching to shell fallback
[2026-04-25T08:29:24.091Z] using shell fallback: npm.cmd "exec" "tauri" "--" "build"
[2026-04-25T08:29:24.818Z] [stderr]         Info Looking up installed tauri packages to check mismatched versions...
[2026-04-25T08:29:25.578Z] [stderr]      Running beforeBuildCommand `npm run build`
[2026-04-25T08:29:25.819Z] [stdout] 
[2026-04-25T08:29:25.819Z] [stdout] > rheolab-enterprise@0.2.0-beta.53 build
[2026-04-25T08:29:25.819Z] [stdout] > vite build
[2026-04-25T08:29:25.819Z] [stdout] 
[2026-04-25T08:29:26.165Z] [stdout] [36mvite v6.4.2 [32mbuilding for production...[36m[39m
[2026-04-25T08:29:26.209Z] [stdout] transforming...
[2026-04-25T08:29:38.211Z] [stderr] [33m[plugin vite:resolve] Module "crypto" has been externalized for browser compatibility, imported by "D:/Development/Rheolab/src/lib/utils/encryption.ts". See https://vite.dev/guide/troubleshooting.html#module-externalized-for-browser-compatibility for more details.[39m
[2026-04-25T08:29:39.114Z] heartbeat: pid=15932 elapsed=15.0s
[2026-04-25T08:29:39.712Z] [stdout] [32m✓[39m 2936 modules transformed.
[2026-04-25T08:29:39.977Z] [stdout] rendering chunks...
[2026-04-25T08:29:40.110Z] [stdout] computing gzip size...
[2026-04-25T08:29:40.127Z] [stdout] [2mdist/[22m[32mindex.html                                  [39m[1m[2m  1.70 kB[22m[1m[22m[2m │ gzip:  0.86 kB[22m
[2026-04-25T08:29:40.131Z] [stdout] [2mdist/[22m[35massets/ChartErrorBoundary-Saz_VHki.css      [39m[1m[2m  1.63 kB[22m[1m[22m[2m │ gzip:  0.70 kB[22m
[2026-04-25T08:29:40.131Z] [stdout] [2mdist/[22m[35massets/main-ChcAZ50I.css                    [39m[1m[2m144.44 kB[22m[1m[22m[2m │ gzip: 20.85 kB[22m
[2026-04-25T08:29:40.132Z] [stdout] [2mdist/[22m[36massets/__vite-browser-external-BIHI7g3E.js  [39m[1m[2m  0.03 kB[22m[1m[22m[2m │ gzip:  0.05 kB[22m
[2026-04-25T08:29:40.132Z] [stdout] [2mdist/[22m[36massets/encryption-lVX12UHc.js               [39m[1m[2m  0.14 kB[22m[1m[22m[2m │ gzip:  0.15 kB[22m
[2026-04-25T08:29:40.132Z] [stdout] [2mdist/[22m[36massets/page-ag22mqCL.js                     [39m[1m[2m  0.17 kB[22m[1m[22m[2m │ gzip:  0.16 kB[22m
[2026-04-25T08:29:40.132Z] [stdout] [2mdist/[22m[36massets/page-CdAzp9Ph.js                     [39m[1m[2m  0.20 kB[22m[1m[22m[2m │ gzip:  0.17 kB[22m
[2026-04-25T08:29:40.132Z] [stdout] [2mdist/[22m[36massets/tauri-bridge-BCm8InW0.js             [39m[1m[2m  0.27 kB[22m[1m[22m[2m │ gzip:  0.20 kB[22m
[2026-04-25T08:29:40.132Z] [stdout] [2mdist/[22m[36massets/check-CkI5LHLv.js                    [39m[1m[2m  0.29 kB[22m[1m[22m[2m │ gzip:  0.24 kB[22m
[2026-04-25T08:29:40.132Z] [stdout] [2mdist/[22m[36massets/chevron-up-DllEVGt7.js               [39m[1m[2m  0.30 kB[22m[1m[22m[2m │ gzip:  0.25 kB[22m
[2026-04-25T08:29:40.132Z] [stdout] [2mdist/[22m[36massets/chevron-down-D3ZHE8LF.js             [39m[1m[2m  0.30 kB[22m[1m[22m[2m │ gzip:  0.25 kB[22m
[2026-04-25T08:29:40.133Z] [stdout] [2mdist/[22m[36massets/plus-Cb7d2B8q.js                     [39m[1m[2m  0.33 kB[22m[1m[22m[2m │ gzip:  0.25 kB[22m
[2026-04-25T08:29:40.133Z] [stdout] [2mdist/[22m[36massets/circle-check-C0QDzHvX.js             [39m[1m[2m  0.35 kB[22m[1m[22m[2m │ gzip:  0.27 kB[22m
[2026-04-25T08:29:40.133Z] [stdout] [2mdist/[22m[36massets/rotate-ccw-dB6903H9.js               [39m[1m[2m  0.37 kB[22m[1m[22m[2m │ gzip:  0.29 kB[22m
[2026-04-25T08:29:40.133Z] [stdout] [2mdist/[22m[36massets/upload-Y6hU2bg-.js                   [39m[1m[2m  0.40 kB[22m[1m[22m[2m │ gzip:  0.30 kB[22m
[2026-04-25T08:29:40.133Z] [stdout] [2mdist/[22m[36massets/activity-DvvKx33-.js                 [39m[1m[2m  0.41 kB[22m[1m[22m[2m │ gzip:  0.31 kB[22m
[2026-04-25T08:29:40.133Z] [stdout] [2mdist/[22m[36massets/settings-2-B73Xj-Dj.js               [39m[1m[2m  0.42 kB[22m[1m[22m[2m │ gzip:  0.30 kB[22m
[2026-04-25T08:29:40.133Z] [stdout] [2mdist/[22m[36massets/circle-alert-XQIj_NsM.js             [39m[1m[2m  0.42 kB[22m[1m[22m[2m │ gzip:  0.29 kB[22m
[2026-04-25T08:29:40.133Z] [stdout] [2mdist/[22m[36massets/calendar-DbXlH7fP.js                 [39m[1m[2m  0.43 kB[22m[1m[22m[2m │ gzip:  0.31 kB[22m
[2026-04-25T08:29:40.133Z] [stdout] [2mdist/[22m[36massets/key-EKx7IWWf.js                      [39m[1m[2m  0.43 kB[22m[1m[22m[2m │ gzip:  0.32 kB[22m
[2026-04-25T08:29:40.133Z] [stdout] [2mdist/[22m[36massets/pencil-B-cM6zFF.js                   [39m[1m[2m  0.45 kB[22m[1m[22m[2m │ gzip:  0.33 kB[22m
[2026-04-25T08:29:40.133Z] [stdout] [2mdist/[22m[36massets/flask-conical-UQK5Fxyz.js            [39m[1m[2m  0.47 kB[22m[1m[22m[2m │ gzip:  0.33 kB[22m
[2026-04-25T08:29:40.133Z] [stdout] [2mdist/[22m[36massets/languages-Bqbpb_JA.js                [39m[1m[2m  0.49 kB[22m[1m[22m[2m │ gzip:  0.32 kB[22m
[2026-04-25T08:29:40.134Z] [stdout] [2mdist/[22m[36massets/trash-2-C0Yx55fw.js                  [39m[1m[2m  0.50 kB[22m[1m[22m[2m │ gzip:  0.32 kB[22m
[2026-04-25T08:29:40.134Z] [stdout] [2mdist/[22m[36massets/file-down-Q9kFVPUo.js                [39m[1m[2m  0.53 kB[22m[1m[22m[2m │ gzip:  0.35 kB[22m
[2026-04-25T08:29:40.134Z] [stdout] [2mdist/[22m[36massets/branding-store-WaSGVbeV.js           [39m[1m[2m  0.54 kB[22m[1m[22m[2m │ gzip:  0.29 kB[22m
[2026-04-25T08:29:40.134Z] [stdout] [2mdist/[22m[36massets/building-2-Coxkmy1N.js               [39m[1m[2m  0.56 kB[22m[1m[22m[2m │ gzip:  0.34 kB[22m
[2026-04-25T08:29:40.134Z] [stdout] [2mdist/[22m[36massets/input-FhtUhMzS.js                    [39m[1m[2m  0.60 kB[22m[1m[22m[2m │ gzip:  0.38 kB[22m
[2026-04-25T08:29:40.134Z] [stdout] [2mdist/[22m[36massets/circle-x-CcmmzfgR.js                 [39m[1m[2m  0.69 kB[22m[1m[22m[2m │ gzip:  0.36 kB[22m
[2026-04-25T08:29:40.134Z] [stdout] [2mdist/[22m[36massets/user-fUlxXEwt.js                     [39m[1m[2m  0.74 kB[22m[1m[22m[2m │ gzip:  0.38 kB[22m
[2026-04-25T08:29:40.134Z] [stdout] [2mdist/[22m[36massets/client-BnVr0Y3b.js                   [39m[1m[2m  0.75 kB[22m[1m[22m[2m │ gzip:  0.40 kB[22m
[2026-04-25T08:29:40.134Z] [stdout] [2mdist/[22m[36massets/client-CaMwsJa0.js                   [39m[1m[2m  0.83 kB[22m[1m[22m[2m │ gzip:  0.46 kB[22m
[2026-04-25T08:29:40.134Z] [stdout] [2mdist/[22m[36massets/useFocusTrap-DBIo29X4.js             [39m[1m[2m  0.84 kB[22m[1m[22m[2m │ gzip:  0.44 kB[22m
[2026-04-25T08:29:40.134Z] [stdout] [2mdist/[22m[36massets/search-B9aLjhVU.js                   [39m[1m[2m  0.89 kB[22m[1m[22m[2m │ gzip:  0.42 kB[22m
[2026-04-25T08:29:40.135Z] [stdout] [2mdist/[22m[36massets/settings-BtkCRYM1.js                 [39m[1m[2m  0.98 kB[22m[1m[22m[2m │ gzip:  0.42 kB[22m
[2026-04-25T08:29:40.135Z] [stdout] [2mdist/[22m[36massets/update-install-D6N7sjKK.js           [39m[1m[2m  1.11 kB[22m[1m[22m[2m │ gzip:  0.62 kB[22m
[2026-04-25T08:29:40.135Z] [stdout] [2mdist/[22m[36massets/card-BGqkIlQA.js                     [39m[1m[2m  1.58 kB[22m[1m[22m[2m │ gzip:  0.67 kB[22m
[2026-04-25T08:29:40.135Z] [stdout] [2mdist/[22m[36massets/index-CJ_3zgc0.js                    [39m[1m[2m  1.89 kB[22m[1m[22m[2m │ gzip:  0.92 kB[22m
[2026-04-25T08:29:40.135Z] [stdout] [2mdist/[22m[36massets/button-Bx72JHNm.js                   [39m[1m[2m  1.94 kB[22m[1m[22m[2m │ gzip:  0.96 kB[22m
[2026-04-25T08:29:40.135Z] [stdout] [2mdist/[22m[36massets/PrecisionSettingsCard-McvMkuFM.js    [39m[1m[2m  2.05 kB[22m[1m[22m[2m │ gzip:  0.98 kB[22m
[2026-04-25T08:29:40.135Z] [stdout] [2mdist/[22m[36massets/alert-dialog-CNO2oQJz.js             [39m[1m[2m  2.12 kB[22m[1m[22m[2m │ gzip:  0.77 kB[22m
[2026-04-25T08:29:40.135Z] [stdout] [2mdist/[22m[36massets/TrialBanner-D8Nam1Hv.js              [39m[1m[2m  2.26 kB[22m[1m[22m[2m │ gzip:  1.23 kB[22m
[2026-04-25T08:29:40.139Z] [stdout] [2mdist/[22m[36massets/label-t8aC8zxJ.js                    [39m[1m[2m  2.52 kB[22m[1m[22m[2m │ gzip:  0.95 kB[22m
[2026-04-25T08:29:40.139Z] [stdout] [2mdist/[22m[36massets/BrandingManager-Ciuo4N-r.js          [39m[1m[2m  2.55 kB[22m[1m[22m[2m │ gzip:  1.16 kB[22m
[2026-04-25T08:29:40.139Z] [stdout] [2mdist/[22m[36massets/UpdateChecker-DWXMyIoa.js            [39m[1m[2m  3.38 kB[22m[1m[22m[2m │ gzip:  1.46 kB[22m
[2026-04-25T08:29:40.139Z] [stdout] [2mdist/[22m[36massets/water-analysis-panel-DsyfE0Wq.js     [39m[1m[2m  3.63 kB[22m[1m[22m[2m │ gzip:  1.61 kB[22m
[2026-04-25T08:29:40.139Z] [stdout] [2mdist/[22m[36massets/index-CP8-Bumb.js                    [39m[1m[2m  3.66 kB[22m[1m[22m[2m │ gzip:  1.35 kB[22m
[2026-04-25T08:29:40.139Z] [stdout] [2mdist/[22m[36massets/expert-settings-panel-C1J2GVXR.js    [39m[1m[2m  3.89 kB[22m[1m[22m[2m │ gzip:  1.39 kB[22m
[2026-04-25T08:29:40.139Z] [stdout] [2mdist/[22m[36massets/UnitSystemCard-s0p2nW6R.js           [39m[1m[2m  4.22 kB[22m[1m[22m[2m │ gzip:  1.76 kB[22m
[2026-04-25T08:29:40.139Z] [stdout] [2mdist/[22m[36massets/settings-shared-Cjk_IZEw.js          [39m[1m[2m  4.51 kB[22m[1m[22m[2m │ gzip:  1.75 kB[22m
[2026-04-25T08:29:40.139Z] [stdout] [2mdist/[22m[36massets/LicenseActivationDialog-BoitvGHB.js  [39m[1m[2m  5.38 kB[22m[1m[22m[2m │ gzip:  2.15 kB[22m
[2026-04-25T08:29:40.139Z] [stdout] [2mdist/[22m[36massets/LaboratoryManager-CciYNoJc.js        [39m[1m[2m  5.61 kB[22m[1m[22m[2m │ gzip:  1.96 kB[22m
[2026-04-25T08:29:40.139Z] [stdout] [2mdist/[22m[36massets/LogViewer-CTgp3sAz.js                [39m[1m[2m  5.76 kB[22m[1m[22m[2m │ gzip:  2.44 kB[22m
[2026-04-25T08:29:40.139Z] [stdout] [2mdist/[22m[36massets/BackupManager-DXrjMM-c.js            [39m[1m[2m  5.80 kB[22m[1m[22m[2m │ gzip:  2.23 kB[22m
[2026-04-25T08:29:40.140Z] [stdout] [2mdist/[22m[36massets/OperatorManager-7Ro-_1Ge.js          [39m[1m[2m  5.91 kB[22m[1m[22m[2m │ gzip:  2.15 kB[22m
[2026-04-25T08:29:40.140Z] [stdout] [2mdist/[22m[36massets/chart-settings-store-CkuemWRI.js     [39m[1m[2m  5.94 kB[22m[1m[22m[2m │ gzip:  2.07 kB[22m
[2026-04-25T08:29:40.140Z] [stdout] [2mdist/[22m[36massets/recipe-panel-BFKrRiUi.js             [39m[1m[2m  6.61 kB[22m[1m[22m[2m │ gzip:  2.23 kB[22m
[2026-04-25T08:29:40.140Z] [stdout] [2mdist/[22m[36massets/cycle-editor-dialog-Cdf2rtdv.js      [39m[1m[2m  7.88 kB[22m[1m[22m[2m │ gzip:  2.63 kB[22m
[2026-04-25T08:29:40.140Z] [stdout] [2mdist/[22m[36massets/ChartSettingsManager-Id_XZIS-.js     [39m[1m[2m  7.89 kB[22m[1m[22m[2m │ gzip:  2.66 kB[22m
[2026-04-25T08:29:40.140Z] [stdout] [2mdist/[22m[36massets/ExperimentExportImport-WOIG-pI9.js   [39m[1m[2m  8.00 kB[22m[1m[22m[2m │ gzip:  2.96 kB[22m
[2026-04-25T08:29:40.140Z] [stdout] [2mdist/[22m[36massets/raw-data-table-CK1-CN_-.js           [39m[1m[2m  8.30 kB[22m[1m[22m[2m │ gzip:  2.61 kB[22m
[2026-04-25T08:29:40.140Z] [stdout] [2mdist/[22m[36massets/APIKeyManager-EJPzsU7f.js            [39m[1m[2m  8.79 kB[22m[1m[22m[2m │ gzip:  3.07 kB[22m
[2026-04-25T08:29:40.140Z] [stdout] [2mdist/[22m[36massets/client-CKShPw0B.js                   [39m[1m[2m  9.13 kB[22m[1m[22m[2m │ gzip:  3.65 kB[22m
[2026-04-25T08:29:40.140Z] [stdout] [2mdist/[22m[36massets/AppSettingsExporter-svE--gAU.js      [39m[1m[2m 11.12 kB[22m[1m[22m[2m │ gzip:  3.69 kB[22m
[2026-04-25T08:29:40.140Z] [stdout] [2mdist/[22m[36massets/cycle-results-table-ByLiIYMT.js      [39m[1m[2m 11.61 kB[22m[1m[22m[2m │ gzip:  3.23 kB[22m
[2026-04-25T08:29:40.140Z] [stdout] [2mdist/[22m[36massets/ReportTab-DvpdRH5o.js                [39m[1m[2m 11.78 kB[22m[1m[22m[2m │ gzip:  3.65 kB[22m
[2026-04-25T08:29:40.140Z] [stdout] [2mdist/[22m[36massets/ru-C8Cx8G0_.js                       [39m[1m[2m 12.58 kB[22m[1m[22m[2m │ gzip:  3.14 kB[22m
[2026-04-25T08:29:40.141Z] [stdout] [2mdist/[22m[36massets/useToast-DjIE9HHZ.js                 [39m[1m[2m 14.15 kB[22m[1m[22m[2m │ gzip:  5.63 kB[22m
[2026-04-25T08:29:40.141Z] [stdout] [2mdist/[22m[36massets/report-save-C6aPYmaj.js              [39m[1m[2m 15.96 kB[22m[1m[22m[2m │ gzip:  4.31 kB[22m
[2026-04-25T08:29:40.141Z] [stdout] [2mdist/[22m[36massets/ComparisonReportTab-CcskfPCH.js      [39m[1m[2m 17.12 kB[22m[1m[22m[2m │ gzip:  5.34 kB[22m
[2026-04-25T08:29:40.141Z] [stdout] [2mdist/[22m[36massets/ChartErrorBoundary-QnS0grGE.js       [39m[1m[2m 18.84 kB[22m[1m[22m[2m │ gzip:  7.77 kB[22m
[2026-04-25T08:29:40.141Z] [stdout] [2mdist/[22m[36massets/vendor-date-B1cgXEfA.js              [39m[1m[2m 20.00 kB[22m[1m[22m[2m │ gzip:  5.73 kB[22m
[2026-04-25T08:29:40.141Z] [stdout] [2mdist/[22m[36massets/CalibrationPanel-D86W2lBp.js         [39m[1m[2m 25.33 kB[22m[1m[22m[2m │ gzip:  7.48 kB[22m
[2026-04-25T08:29:40.141Z] [stdout] [2mdist/[22m[36massets/page-DQY25eT9.js                     [39m[1m[2m 27.75 kB[22m[1m[22m[2m │ gzip:  7.50 kB[22m
[2026-04-25T08:29:40.141Z] [stdout] [2mdist/[22m[36massets/page-Dp2jFzdt.js                     [39m[1m[2m 43.30 kB[22m[1m[22m[2m │ gzip: 13.87 kB[22m
[2026-04-25T08:29:40.141Z] [stdout] [2mdist/[22m[36massets/DashboardContent-Bqzex-r2.js         [39m[1m[2m 47.33 kB[22m[1m[22m[2m │ gzip: 14.26 kB[22m
[2026-04-25T08:29:40.141Z] [stdout] [2mdist/[22m[36massets/vendor-react-VsJEmFiX.js             [39m[1m[2m 48.76 kB[22m[1m[22m[2m │ gzip: 17.28 kB[22m
[2026-04-25T08:29:40.141Z] [stdout] [2mdist/[22m[36massets/vendor-charts-CziCK5UB.js            [39m[1m[2m 52.27 kB[22m[1m[22m[2m │ gzip: 23.28 kB[22m
[2026-04-25T08:29:40.141Z] [stdout] [2mdist/[22m[36massets/page-Cahm0jmZ.js                     [39m[1m[2m103.91 kB[22m[1m[22m[2m │ gzip: 26.54 kB[22m
[2026-04-25T08:29:40.141Z] [stdout] [2mdist/[22m[36massets/vendor-radix-wOjfjdRn.js             [39m[1m[2m113.50 kB[22m[1m[22m[2m │ gzip: 36.46 kB[22m
[2026-04-25T08:29:40.141Z] [stdout] [2mdist/[22m[36massets/page-BNWLQaiB.js                     [39m[1m[2m135.62 kB[22m[1m[22m[2m │ gzip: 39.19 kB[22m
[2026-04-25T08:29:40.141Z] [stdout] [2mdist/[22m[36massets/main-C6SZKW__.js                     [39m[1m[2m271.83 kB[22m[1m[22m[2m │ gzip: 86.18 kB[22m
[2026-04-25T08:29:40.141Z] [stdout] [32m✓ built in 13.95s[39m
[2026-04-25T08:29:41.317Z] [stderr]    Compiling rheolab-enterprise v0.2.0-beta.53 (D:\Development\Rheolab\src-tauri)
[2026-04-25T08:29:54.125Z] heartbeat: pid=15932 elapsed=30.0s
[2026-04-25T08:30:09.138Z] heartbeat: pid=15932 elapsed=45.0s
[2026-04-25T08:30:24.153Z] heartbeat: pid=15932 elapsed=60.1s
[2026-04-25T08:30:39.167Z] heartbeat: pid=15932 elapsed=75.1s
[2026-04-25T08:30:54.179Z] heartbeat: pid=15932 elapsed=90.1s
[2026-04-25T08:31:09.182Z] heartbeat: pid=15932 elapsed=105.1s
[2026-04-25T08:31:24.190Z] heartbeat: pid=15932 elapsed=120.1s
[2026-04-25T08:31:39.190Z] heartbeat: pid=15932 elapsed=135.1s
[2026-04-25T08:31:54.212Z] heartbeat: pid=15932 elapsed=150.1s
[2026-04-25T08:32:09.214Z] heartbeat: pid=15932 elapsed=165.1s
[2026-04-25T08:32:24.220Z] heartbeat: pid=15932 elapsed=180.1s
[2026-04-25T08:32:39.229Z] heartbeat: pid=15932 elapsed=195.1s
[2026-04-25T08:32:54.231Z] heartbeat: pid=15932 elapsed=210.1s
[2026-04-25T08:33:09.245Z] heartbeat: pid=15932 elapsed=225.2s
[2026-04-25T08:33:12.355Z] [stderr]     Finished `release` profile [optimized] target(s) in 3m 31s
[2026-04-25T08:33:12.406Z] [stderr]        Built application at: D:\Development\Rheolab\src-tauri\target\release\rheolab-enterprise.exe
[2026-04-25T08:33:12.406Z] [stderr]         Info Patching binary "D:\\Development\\Rheolab\\src-tauri\\target\\release\\rheolab-enterprise.exe" for type nsis
[2026-04-25T08:33:12.416Z] [stderr]         Warn Failed to add bundler type to the binary: __TAURI_BUNDLE_TYPE variable not found in binary. Make sure tauri crate and tauri-cli are up to date. Updater plugin may not be able to update this package. This shouldn't normally happen, please report it to https://github.com/tauri-apps/tauri/issues
[2026-04-25T08:33:12.417Z] [stderr]         Info Target: x64
[2026-04-25T08:33:12.428Z] [stderr]      Running makensis to produce D:\Development\Rheolab\src-tauri\target\release\bundle\nsis\RheoLab Enterprise_0.2.0-beta.53_x64-setup.exe
[2026-04-25T08:33:24.246Z] heartbeat: pid=15932 elapsed=240.2s
[2026-04-25T08:33:24.469Z] [stderr]     Finished 1 bundle at:
[2026-04-25T08:33:24.469Z] [stderr]         D:\Development\Rheolab\src-tauri\target\release\bundle\nsis\RheoLab Enterprise_0.2.0-beta.53_x64-setup.exe
[2026-04-25T08:33:24.469Z] [stderr] 
[2026-04-25T08:33:24.489Z] wrapper exit: code=0 signal=null elapsed=240.4s
[2026-04-25T08:33:24.491Z] post-build sign: signing RheoLab Enterprise_0.2.0-beta.53_x64-setup.exe
[2026-04-25T08:33:25.254Z] post-build sign: success → RheoLab Enterprise_0.2.0-beta.53_x64-setup.exe.sig
