[2026-04-23T19:43:33.718Z] wrapper start
[2026-04-23T19:43:33.719Z] cwd=D:\Development\Rheolab
[2026-04-23T19:43:33.719Z] command=npm.cmd exec tauri -- dev
[2026-04-23T19:43:33.719Z] RHEOLAB_SKIP_VERSION_BUMP=
[2026-04-23T19:43:33.723Z] direct spawn failed (EINVAL), switching to shell fallback
[2026-04-23T19:43:33.723Z] using shell fallback: npm.cmd "exec" "tauri" "--" "dev"
[2026-04-23T19:43:34.420Z] [stderr]      Running BeforeDevCommand (`npm run dev`)
[2026-04-23T19:43:34.629Z] [stdout] 
[2026-04-23T19:43:34.630Z] [stdout] > rheolab-enterprise@0.2.0-beta.39 dev
[2026-04-23T19:43:34.630Z] [stdout] > vite
[2026-04-23T19:43:34.630Z] [stdout] 
[2026-04-23T19:43:34.950Z] [stdout] 
[2026-04-23T19:43:34.950Z] [stdout]   [32m[1mVITE[22m v6.4.2[39m  [2mready in [0m[1m275[22m[2m[0m ms[22m
[2026-04-23T19:43:34.950Z] [stdout] 
[2026-04-23T19:43:34.951Z] [stdout]   [32m➜[39m  [1mLocal[22m:   [36mhttp://localhost:[1m1420[22m/[39m
[2026-04-23T19:43:38.442Z] [stderr]      Running DevCommand (`cargo  run --no-default-features --color always --`)
[2026-04-23T19:43:38.501Z] [stderr]         Info Watching D:\Development\Rheolab\src-tauri for changes...
[2026-04-23T19:43:39.318Z] [stderr] [1m[92m    Finished[0m ]8;;https://doc.rust-lang.org/cargo/reference/profiles.html#default-profiles\`dev` profile [unoptimized + debuginfo]]8;;\ target(s) in 0.83s
[2026-04-23T19:43:39.354Z] [stderr] [1m[92m     Running[0m `target\debug\rheolab-enterprise.exe`
[2026-04-23T19:43:44.964Z] [stdout] [2026-04-23][19:43:44][reqwest::connect][DEBUG] starting new connection: https://license.vizbuka.ru/
[2026-04-23T19:43:45.200Z] [stdout] [2026-04-23][19:43:45][reqwest::retry][TRACE] shouldn't retry!
[2026-04-23T19:43:48.745Z] heartbeat: pid=6708 elapsed=15.0s
[2026-04-23T19:44:03.744Z] heartbeat: pid=6708 elapsed=30.0s
[2026-04-23T19:44:18.746Z] heartbeat: pid=6708 elapsed=45.0s
[2026-04-23T19:44:33.747Z] heartbeat: pid=6708 elapsed=60.0s
[2026-04-23T19:44:48.761Z] heartbeat: pid=6708 elapsed=75.0s
[2026-04-23T19:45:03.768Z] heartbeat: pid=6708 elapsed=90.0s
[2026-04-23T19:45:18.782Z] heartbeat: pid=6708 elapsed=105.1s
[2026-04-23T19:45:33.805Z] heartbeat: pid=6708 elapsed=120.1s
[2026-04-23T19:45:48.818Z] heartbeat: pid=6708 elapsed=135.1s
[2026-04-23T19:46:03.824Z] heartbeat: pid=6708 elapsed=150.1s
[2026-04-23T19:46:18.834Z] heartbeat: pid=6708 elapsed=165.1s
[2026-04-23T19:46:33.839Z] heartbeat: pid=6708 elapsed=180.1s
[2026-04-23T19:46:48.842Z] heartbeat: pid=6708 elapsed=195.1s
[2026-04-23T19:47:03.845Z] heartbeat: pid=6708 elapsed=210.1s
[2026-04-23T19:47:18.849Z] heartbeat: pid=6708 elapsed=225.1s
[2026-04-23T19:47:33.860Z] heartbeat: pid=6708 elapsed=240.1s
[2026-04-23T19:47:48.873Z] heartbeat: pid=6708 elapsed=255.2s
[2026-04-23T19:48:03.884Z] heartbeat: pid=6708 elapsed=270.2s
[2026-04-23T19:48:18.891Z] heartbeat: pid=6708 elapsed=285.2s
[2026-04-23T19:48:33.895Z] heartbeat: pid=6708 elapsed=300.2s
[2026-04-23T19:48:48.904Z] heartbeat: pid=6708 elapsed=315.2s
[2026-04-23T19:49:03.917Z] heartbeat: pid=6708 elapsed=330.2s
[2026-04-23T19:49:18.929Z] heartbeat: pid=6708 elapsed=345.2s
[2026-04-23T19:49:33.941Z] heartbeat: pid=6708 elapsed=360.2s
[2026-04-23T19:49:48.941Z] heartbeat: pid=6708 elapsed=375.2s
[2026-04-23T19:50:03.942Z] heartbeat: pid=6708 elapsed=390.2s
[2026-04-23T19:50:18.944Z] heartbeat: pid=6708 elapsed=405.2s
[2026-04-23T19:50:33.957Z] heartbeat: pid=6708 elapsed=420.2s
[2026-04-23T19:50:48.972Z] heartbeat: pid=6708 elapsed=435.3s
[2026-04-23T19:51:03.984Z] heartbeat: pid=6708 elapsed=450.3s
[2026-04-23T19:51:18.991Z] heartbeat: pid=6708 elapsed=465.3s
[2026-04-23T19:51:33.993Z] heartbeat: pid=6708 elapsed=480.3s
[2026-04-23T19:51:49.008Z] heartbeat: pid=6708 elapsed=495.3s
[2026-04-23T19:52:04.010Z] heartbeat: pid=6708 elapsed=510.3s
[2026-04-23T19:52:19.022Z] heartbeat: pid=6708 elapsed=525.3s
[2026-04-23T19:52:34.029Z] heartbeat: pid=6708 elapsed=540.3s
[2026-04-23T19:52:49.029Z] heartbeat: pid=6708 elapsed=555.3s
[2026-04-23T19:53:04.032Z] heartbeat: pid=6708 elapsed=570.3s
[2026-04-23T19:53:19.036Z] heartbeat: pid=6708 elapsed=585.3s
[2026-04-23T19:53:34.043Z] heartbeat: pid=6708 elapsed=600.3s
[2026-04-23T19:53:49.054Z] heartbeat: pid=6708 elapsed=615.3s
[2026-04-23T19:54:04.067Z] heartbeat: pid=6708 elapsed=630.3s
[2026-04-23T19:54:19.076Z] heartbeat: pid=6708 elapsed=645.4s
[2026-04-23T19:54:34.079Z] heartbeat: pid=6708 elapsed=660.4s
[2026-04-23T19:54:49.090Z] heartbeat: pid=6708 elapsed=675.4s
[2026-04-23T19:55:04.101Z] heartbeat: pid=6708 elapsed=690.4s
[2026-04-23T19:55:19.114Z] heartbeat: pid=6708 elapsed=705.4s
[2026-04-23T19:55:34.116Z] heartbeat: pid=6708 elapsed=720.4s
[2026-04-23T19:55:49.130Z] heartbeat: pid=6708 elapsed=735.4s
[2026-04-23T19:56:04.136Z] heartbeat: pid=6708 elapsed=750.4s
[2026-04-23T19:56:19.148Z] heartbeat: pid=6708 elapsed=765.4s
[2026-04-23T19:56:34.155Z] heartbeat: pid=6708 elapsed=780.4s
[2026-04-23T19:56:49.157Z] heartbeat: pid=6708 elapsed=795.4s
[2026-04-23T19:57:04.170Z] heartbeat: pid=6708 elapsed=810.5s
[2026-04-23T19:57:19.185Z] heartbeat: pid=6708 elapsed=825.5s
[2026-04-23T19:57:34.187Z] heartbeat: pid=6708 elapsed=840.5s
[2026-04-23T19:57:49.199Z] heartbeat: pid=6708 elapsed=855.5s
[2026-04-23T19:58:04.212Z] heartbeat: pid=6708 elapsed=870.5s
[2026-04-23T19:58:19.220Z] heartbeat: pid=6708 elapsed=885.5s
[2026-04-23T19:58:34.223Z] heartbeat: pid=6708 elapsed=900.5s
[2026-04-23T19:58:49.229Z] heartbeat: pid=6708 elapsed=915.5s
[2026-04-23T19:59:04.235Z] heartbeat: pid=6708 elapsed=930.5s
[2026-04-23T19:59:19.241Z] heartbeat: pid=6708 elapsed=945.5s
[2026-04-23T19:59:34.254Z] heartbeat: pid=6708 elapsed=960.5s
[2026-04-23T19:59:49.266Z] heartbeat: pid=6708 elapsed=975.5s
[2026-04-23T20:00:04.270Z] heartbeat: pid=6708 elapsed=990.6s
[2026-04-23T20:00:19.275Z] heartbeat: pid=6708 elapsed=1005.6s
[2026-04-23T20:00:34.282Z] heartbeat: pid=6708 elapsed=1020.6s
[2026-04-23T20:00:49.296Z] heartbeat: pid=6708 elapsed=1035.6s
[2026-04-23T20:01:04.309Z] heartbeat: pid=6708 elapsed=1050.6s
[2026-04-23T20:01:19.313Z] heartbeat: pid=6708 elapsed=1065.6s
[2026-04-23T20:01:34.329Z] heartbeat: pid=6708 elapsed=1080.6s
[2026-04-23T20:01:49.342Z] heartbeat: pid=6708 elapsed=1095.6s
[2026-04-23T20:02:04.347Z] heartbeat: pid=6708 elapsed=1110.6s
[2026-04-23T20:02:19.347Z] heartbeat: pid=6708 elapsed=1125.6s
[2026-04-23T20:02:34.351Z] heartbeat: pid=6708 elapsed=1140.6s
[2026-04-23T20:02:49.359Z] heartbeat: pid=6708 elapsed=1155.6s
[2026-04-23T20:03:04.370Z] heartbeat: pid=6708 elapsed=1170.7s
[2026-04-23T20:03:19.379Z] heartbeat: pid=6708 elapsed=1185.7s
[2026-04-23T20:03:34.392Z] heartbeat: pid=6708 elapsed=1200.7s
[2026-04-23T20:03:49.409Z] heartbeat: pid=6708 elapsed=1215.7s
[2026-04-23T20:04:04.420Z] heartbeat: pid=6708 elapsed=1230.7s
[2026-04-23T20:04:19.429Z] heartbeat: pid=6708 elapsed=1245.7s
[2026-04-23T20:04:34.438Z] heartbeat: pid=6708 elapsed=1260.7s
[2026-04-23T20:04:49.454Z] heartbeat: pid=6708 elapsed=1275.7s
[2026-04-23T20:05:04.463Z] heartbeat: pid=6708 elapsed=1290.7s
[2026-04-23T20:05:19.466Z] heartbeat: pid=6708 elapsed=1305.7s
[2026-04-23T20:05:34.479Z] heartbeat: pid=6708 elapsed=1320.8s
[2026-04-23T20:05:49.485Z] heartbeat: pid=6708 elapsed=1335.8s
[2026-04-23T20:06:04.504Z] heartbeat: pid=6708 elapsed=1350.8s
[2026-04-23T20:06:19.508Z] heartbeat: pid=6708 elapsed=1365.8s
[2026-04-23T20:06:34.509Z] heartbeat: pid=6708 elapsed=1380.8s
[2026-04-23T20:06:49.518Z] heartbeat: pid=6708 elapsed=1395.8s
[2026-04-23T20:07:04.520Z] heartbeat: pid=6708 elapsed=1410.8s
[2026-04-23T20:07:19.525Z] heartbeat: pid=6708 elapsed=1425.8s
[2026-04-23T20:07:34.540Z] heartbeat: pid=6708 elapsed=1440.8s
[2026-04-23T20:07:49.551Z] heartbeat: pid=6708 elapsed=1455.8s
[2026-04-23T20:08:04.559Z] heartbeat: pid=6708 elapsed=1470.8s
[2026-04-23T20:08:19.570Z] heartbeat: pid=6708 elapsed=1485.9s
[2026-04-23T20:08:34.581Z] heartbeat: pid=6708 elapsed=1500.9s
[2026-04-23T20:08:49.583Z] heartbeat: pid=6708 elapsed=1515.9s
[2026-04-23T20:09:04.587Z] heartbeat: pid=6708 elapsed=1530.9s
[2026-04-23T20:09:19.590Z] heartbeat: pid=6708 elapsed=1545.9s
[2026-04-23T20:09:34.590Z] heartbeat: pid=6708 elapsed=1560.9s
[2026-04-23T20:09:49.591Z] heartbeat: pid=6708 elapsed=1575.9s
[2026-04-23T20:10:04.598Z] heartbeat: pid=6708 elapsed=1590.9s
[2026-04-23T20:10:19.610Z] heartbeat: pid=6708 elapsed=1605.9s
[2026-04-23T20:10:34.615Z] heartbeat: pid=6708 elapsed=1620.9s
[2026-04-23T20:10:49.630Z] heartbeat: pid=6708 elapsed=1635.9s
[2026-04-23T20:11:04.637Z] heartbeat: pid=6708 elapsed=1650.9s
[2026-04-23T20:11:19.640Z] heartbeat: pid=6708 elapsed=1665.9s
[2026-04-23T20:11:34.648Z] heartbeat: pid=6708 elapsed=1680.9s
[2026-04-23T20:11:49.656Z] heartbeat: pid=6708 elapsed=1695.9s
[2026-04-23T20:12:04.665Z] heartbeat: pid=6708 elapsed=1710.9s
[2026-04-23T20:12:19.678Z] heartbeat: pid=6708 elapsed=1726.0s
[2026-04-23T20:12:34.685Z] heartbeat: pid=6708 elapsed=1741.0s
[2026-04-23T20:12:49.689Z] heartbeat: pid=6708 elapsed=1756.0s
[2026-04-23T20:13:04.704Z] heartbeat: pid=6708 elapsed=1771.0s
[2026-04-23T20:13:19.719Z] heartbeat: pid=6708 elapsed=1786.0s
[2026-04-23T20:13:34.728Z] heartbeat: pid=6708 elapsed=1801.0s
[2026-04-23T20:13:49.736Z] heartbeat: pid=6708 elapsed=1816.0s
[2026-04-23T20:14:04.754Z] heartbeat: pid=6708 elapsed=1831.0s
[2026-04-23T20:14:19.766Z] heartbeat: pid=6708 elapsed=1846.0s
[2026-04-23T20:14:34.770Z] heartbeat: pid=6708 elapsed=1861.1s
[2026-04-23T20:14:49.770Z] heartbeat: pid=6708 elapsed=1876.1s
[2026-04-23T20:15:04.770Z] heartbeat: pid=6708 elapsed=1891.1s
[2026-04-23T20:15:19.778Z] heartbeat: pid=6708 elapsed=1906.1s
[2026-04-23T20:15:34.782Z] heartbeat: pid=6708 elapsed=1921.1s
[2026-04-23T20:15:49.788Z] heartbeat: pid=6708 elapsed=1936.1s
[2026-04-23T20:16:04.804Z] heartbeat: pid=6708 elapsed=1951.1s
[2026-04-23T20:16:19.811Z] heartbeat: pid=6708 elapsed=1966.1s
[2026-04-23T20:16:34.819Z] heartbeat: pid=6708 elapsed=1981.1s
[2026-04-23T20:16:49.820Z] heartbeat: pid=6708 elapsed=1996.1s
[2026-04-23T20:17:04.833Z] heartbeat: pid=6708 elapsed=2011.1s
[2026-04-23T20:17:19.846Z] heartbeat: pid=6708 elapsed=2026.1s
[2026-04-23T20:17:34.854Z] heartbeat: pid=6708 elapsed=2041.1s
[2026-04-23T20:17:49.865Z] heartbeat: pid=6708 elapsed=2056.1s
[2026-04-23T20:18:04.873Z] heartbeat: pid=6708 elapsed=2071.2s
[2026-04-23T20:18:19.886Z] heartbeat: pid=6708 elapsed=2086.2s
[2026-04-23T20:18:34.891Z] heartbeat: pid=6708 elapsed=2101.2s
[2026-04-23T20:18:49.906Z] heartbeat: pid=6708 elapsed=2116.2s
[2026-04-23T20:19:04.921Z] heartbeat: pid=6708 elapsed=2131.2s
[2026-04-23T20:19:19.929Z] heartbeat: pid=6708 elapsed=2146.2s
[2026-04-23T20:19:34.941Z] heartbeat: pid=6708 elapsed=2161.2s
[2026-04-23T20:19:49.942Z] heartbeat: pid=6708 elapsed=2176.2s
[2026-04-23T20:20:04.946Z] heartbeat: pid=6708 elapsed=2191.2s
[2026-04-23T20:20:19.956Z] heartbeat: pid=6708 elapsed=2206.2s
[2026-04-23T20:20:34.959Z] heartbeat: pid=6708 elapsed=2221.2s
[2026-04-23T20:20:49.971Z] heartbeat: pid=6708 elapsed=2236.3s
[2026-04-23T20:21:04.980Z] heartbeat: pid=6708 elapsed=2251.3s
[2026-04-23T20:21:19.985Z] heartbeat: pid=6708 elapsed=2266.3s
[2026-04-23T20:21:34.989Z] heartbeat: pid=6708 elapsed=2281.3s
[2026-04-23T20:21:49.989Z] heartbeat: pid=6708 elapsed=2296.3s
[2026-04-23T20:22:04.991Z] heartbeat: pid=6708 elapsed=2311.3s
[2026-04-23T20:22:20.001Z] heartbeat: pid=6708 elapsed=2326.3s
[2026-04-23T20:22:35.012Z] heartbeat: pid=6708 elapsed=2341.3s
[2026-04-23T20:22:50.025Z] heartbeat: pid=6708 elapsed=2356.3s
[2026-04-23T20:23:05.029Z] heartbeat: pid=6708 elapsed=2371.3s
[2026-04-23T20:23:20.041Z] heartbeat: pid=6708 elapsed=2386.3s
[2026-04-23T20:23:35.041Z] heartbeat: pid=6708 elapsed=2401.3s
[2026-04-23T20:23:50.048Z] heartbeat: pid=6708 elapsed=2416.3s
[2026-04-23T20:24:05.054Z] heartbeat: pid=6708 elapsed=2431.3s
[2026-04-23T20:24:20.069Z] heartbeat: pid=6708 elapsed=2446.4s
[2026-04-23T20:24:35.082Z] heartbeat: pid=6708 elapsed=2461.4s
[2026-04-23T20:24:50.091Z] heartbeat: pid=6708 elapsed=2476.4s
[2026-04-23T20:25:05.094Z] heartbeat: pid=6708 elapsed=2491.4s
[2026-04-23T20:25:20.104Z] heartbeat: pid=6708 elapsed=2506.4s
[2026-04-23T20:25:35.108Z] heartbeat: pid=6708 elapsed=2521.4s
[2026-04-23T20:25:50.120Z] heartbeat: pid=6708 elapsed=2536.4s
[2026-04-23T20:26:05.132Z] heartbeat: pid=6708 elapsed=2551.4s
[2026-04-23T20:26:20.154Z] heartbeat: pid=6708 elapsed=2566.4s
[2026-04-23T20:26:35.159Z] heartbeat: pid=6708 elapsed=2581.4s
[2026-04-23T20:26:50.162Z] heartbeat: pid=6708 elapsed=2596.4s
[2026-04-23T20:27:05.167Z] heartbeat: pid=6708 elapsed=2611.4s
[2026-04-23T20:27:20.170Z] heartbeat: pid=6708 elapsed=2626.5s
[2026-04-23T20:27:35.176Z] heartbeat: pid=6708 elapsed=2641.5s
[2026-04-23T20:27:50.188Z] heartbeat: pid=6708 elapsed=2656.5s
[2026-04-23T20:28:05.204Z] heartbeat: pid=6708 elapsed=2671.5s
[2026-04-23T20:28:20.220Z] heartbeat: pid=6708 elapsed=2686.5s
[2026-04-23T20:28:35.230Z] heartbeat: pid=6708 elapsed=2701.5s
[2026-04-23T20:28:50.237Z] heartbeat: pid=6708 elapsed=2716.5s
[2026-04-23T20:29:05.241Z] heartbeat: pid=6708 elapsed=2731.5s
[2026-04-23T20:29:20.254Z] heartbeat: pid=6708 elapsed=2746.5s
[2026-04-23T20:29:35.262Z] heartbeat: pid=6708 elapsed=2761.5s
[2026-04-23T20:29:50.271Z] heartbeat: pid=6708 elapsed=2776.6s
[2026-04-23T20:30:05.291Z] heartbeat: pid=6708 elapsed=2791.6s
[2026-04-23T20:30:20.301Z] heartbeat: pid=6708 elapsed=2806.6s
[2026-04-23T20:30:35.309Z] heartbeat: pid=6708 elapsed=2821.6s
[2026-04-23T20:30:50.321Z] heartbeat: pid=6708 elapsed=2836.6s
[2026-04-23T20:31:05.333Z] heartbeat: pid=6708 elapsed=2851.6s
[2026-04-23T20:31:20.341Z] heartbeat: pid=6708 elapsed=2866.6s
[2026-04-23T20:31:35.353Z] heartbeat: pid=6708 elapsed=2881.6s
[2026-04-23T20:31:50.364Z] heartbeat: pid=6708 elapsed=2896.6s
[2026-04-23T20:32:05.370Z] heartbeat: pid=6708 elapsed=2911.7s
[2026-04-23T20:32:20.375Z] heartbeat: pid=6708 elapsed=2926.7s
[2026-04-23T20:32:35.391Z] heartbeat: pid=6708 elapsed=2941.7s
[2026-04-23T20:32:50.396Z] heartbeat: pid=6708 elapsed=2956.7s
[2026-04-23T20:33:05.399Z] heartbeat: pid=6708 elapsed=2971.7s
[2026-04-23T20:33:20.410Z] heartbeat: pid=6708 elapsed=2986.7s
[2026-04-23T20:33:35.419Z] heartbeat: pid=6708 elapsed=3001.7s
[2026-04-23T20:33:50.430Z] heartbeat: pid=6708 elapsed=3016.7s
[2026-04-23T20:34:05.432Z] heartbeat: pid=6708 elapsed=3031.7s
[2026-04-23T20:34:20.443Z] heartbeat: pid=6708 elapsed=3046.7s
[2026-04-23T20:34:35.448Z] heartbeat: pid=6708 elapsed=3061.7s
[2026-04-23T20:34:50.454Z] heartbeat: pid=6708 elapsed=3076.7s
[2026-04-23T20:35:05.469Z] heartbeat: pid=6708 elapsed=3091.8s
[2026-04-23T20:35:20.470Z] heartbeat: pid=6708 elapsed=3106.8s
[2026-04-23T20:35:35.484Z] heartbeat: pid=6708 elapsed=3121.8s
[2026-04-23T20:35:50.492Z] heartbeat: pid=6708 elapsed=3136.8s
[2026-04-23T20:36:05.497Z] heartbeat: pid=6708 elapsed=3151.8s
[2026-04-23T20:36:20.509Z] heartbeat: pid=6708 elapsed=3166.8s
[2026-04-23T20:36:35.512Z] heartbeat: pid=6708 elapsed=3181.8s
[2026-04-23T20:36:50.517Z] heartbeat: pid=6708 elapsed=3196.8s
[2026-04-23T20:37:05.522Z] heartbeat: pid=6708 elapsed=3211.8s
[2026-04-23T20:37:20.541Z] heartbeat: pid=6708 elapsed=3226.8s
[2026-04-23T20:37:35.545Z] heartbeat: pid=6708 elapsed=3241.8s
[2026-04-23T20:37:50.559Z] heartbeat: pid=6708 elapsed=3256.8s
[2026-04-23T20:38:05.564Z] heartbeat: pid=6708 elapsed=3271.8s
[2026-04-23T20:38:20.573Z] heartbeat: pid=6708 elapsed=3286.9s
[2026-04-23T20:38:35.579Z] heartbeat: pid=6708 elapsed=3301.9s
[2026-04-23T20:38:50.590Z] heartbeat: pid=6708 elapsed=3316.9s
[2026-04-23T20:39:05.592Z] heartbeat: pid=6708 elapsed=3331.9s
[2026-04-23T20:39:20.604Z] heartbeat: pid=6708 elapsed=3346.9s
[2026-04-23T20:39:35.612Z] heartbeat: pid=6708 elapsed=3361.9s
[2026-04-23T20:39:50.617Z] heartbeat: pid=6708 elapsed=3376.9s
[2026-04-23T20:40:05.627Z] heartbeat: pid=6708 elapsed=3391.9s
[2026-04-23T20:40:20.631Z] heartbeat: pid=6708 elapsed=3406.9s
[2026-04-23T20:40:35.640Z] heartbeat: pid=6708 elapsed=3421.9s
[2026-04-23T20:40:50.651Z] heartbeat: pid=6708 elapsed=3436.9s
[2026-04-23T20:41:05.654Z] heartbeat: pid=6708 elapsed=3451.9s
[2026-04-23T20:41:20.664Z] heartbeat: pid=6708 elapsed=3466.9s
[2026-04-23T20:41:35.677Z] heartbeat: pid=6708 elapsed=3482.0s
[2026-04-23T20:41:50.691Z] heartbeat: pid=6708 elapsed=3497.0s
[2026-04-23T20:42:05.691Z] heartbeat: pid=6708 elapsed=3512.0s
[2026-04-23T20:42:20.701Z] heartbeat: pid=6708 elapsed=3527.0s
[2026-04-23T20:42:35.704Z] heartbeat: pid=6708 elapsed=3542.0s
[2026-04-23T20:42:50.716Z] heartbeat: pid=6708 elapsed=3557.0s
[2026-04-23T20:43:05.720Z] heartbeat: pid=6708 elapsed=3572.0s
[2026-04-23T20:43:20.731Z] heartbeat: pid=6708 elapsed=3587.0s
[2026-04-23T20:43:35.741Z] heartbeat: pid=6708 elapsed=3602.0s
[2026-04-23T20:43:50.741Z] heartbeat: pid=6708 elapsed=3617.0s
[2026-04-23T20:44:05.741Z] heartbeat: pid=6708 elapsed=3632.0s
[2026-04-23T20:44:20.747Z] heartbeat: pid=6708 elapsed=3647.0s
[2026-04-23T20:44:35.754Z] heartbeat: pid=6708 elapsed=3662.0s
[2026-04-23T20:44:50.763Z] heartbeat: pid=6708 elapsed=3677.0s
[2026-04-23T20:45:05.776Z] heartbeat: pid=6708 elapsed=3692.1s
[2026-04-23T20:45:20.776Z] heartbeat: pid=6708 elapsed=3707.1s
[2026-04-23T20:45:35.780Z] heartbeat: pid=6708 elapsed=3722.1s
[2026-04-23T20:45:50.792Z] heartbeat: pid=6708 elapsed=3737.1s
[2026-04-23T20:46:05.805Z] heartbeat: pid=6708 elapsed=3752.1s
[2026-04-23T20:46:20.811Z] heartbeat: pid=6708 elapsed=3767.1s
[2026-04-23T20:46:35.812Z] heartbeat: pid=6708 elapsed=3782.1s
[2026-04-23T20:46:50.821Z] heartbeat: pid=6708 elapsed=3797.1s
[2026-04-23T20:47:05.837Z] heartbeat: pid=6708 elapsed=3812.1s
[2026-04-23T20:47:20.854Z] heartbeat: pid=6708 elapsed=3827.1s
[2026-04-23T20:47:35.866Z] heartbeat: pid=6708 elapsed=3842.1s
[2026-04-23T20:47:50.877Z] heartbeat: pid=6708 elapsed=3857.2s
[2026-04-23T20:48:05.880Z] heartbeat: pid=6708 elapsed=3872.2s
[2026-04-23T20:48:20.879Z] heartbeat: pid=6708 elapsed=3887.2s
[2026-04-23T20:48:35.885Z] heartbeat: pid=6708 elapsed=3902.2s
[2026-04-23T20:48:50.900Z] heartbeat: pid=6708 elapsed=3917.2s
[2026-04-23T20:49:05.909Z] heartbeat: pid=6708 elapsed=3932.2s
[2026-04-23T20:49:20.909Z] heartbeat: pid=6708 elapsed=3947.2s
[2026-04-23T20:49:35.924Z] heartbeat: pid=6708 elapsed=3962.2s
[2026-04-23T20:49:50.929Z] heartbeat: pid=6708 elapsed=3977.2s
[2026-04-23T20:50:05.944Z] heartbeat: pid=6708 elapsed=3992.2s
[2026-04-23T20:50:20.952Z] heartbeat: pid=6708 elapsed=4007.2s
[2026-04-23T20:50:35.962Z] heartbeat: pid=6708 elapsed=4022.2s
[2026-04-23T20:50:50.973Z] heartbeat: pid=6708 elapsed=4037.3s
[2026-04-23T20:51:05.980Z] heartbeat: pid=6708 elapsed=4052.3s
[2026-04-23T20:51:20.996Z] heartbeat: pid=6708 elapsed=4067.3s
[2026-04-23T20:51:36.003Z] heartbeat: pid=6708 elapsed=4082.3s
[2026-04-23T20:51:51.015Z] heartbeat: pid=6708 elapsed=4097.3s
[2026-04-23T20:52:06.030Z] heartbeat: pid=6708 elapsed=4112.3s
[2026-04-23T20:52:21.054Z] heartbeat: pid=6708 elapsed=4127.3s
[2026-04-23T20:52:36.066Z] heartbeat: pid=6708 elapsed=4142.3s
[2026-04-23T20:52:51.068Z] heartbeat: pid=6708 elapsed=4157.4s
[2026-04-23T20:53:06.079Z] heartbeat: pid=6708 elapsed=4172.4s
[2026-04-23T20:53:21.089Z] heartbeat: pid=6708 elapsed=4187.4s
[2026-04-23T20:53:36.092Z] heartbeat: pid=6708 elapsed=4202.4s
[2026-04-23T20:53:51.105Z] heartbeat: pid=6708 elapsed=4217.4s
[2026-04-23T20:54:06.120Z] heartbeat: pid=6708 elapsed=4232.4s
[2026-04-23T20:54:21.131Z] heartbeat: pid=6708 elapsed=4247.4s
[2026-04-23T20:54:36.146Z] heartbeat: pid=6708 elapsed=4262.4s
[2026-04-23T20:54:51.150Z] heartbeat: pid=6708 elapsed=4277.4s
[2026-04-23T20:55:06.163Z] heartbeat: pid=6708 elapsed=4292.4s
[2026-04-23T20:55:21.169Z] heartbeat: pid=6708 elapsed=4307.5s
[2026-04-23T20:55:36.170Z] heartbeat: pid=6708 elapsed=4322.5s
[2026-04-23T20:55:51.177Z] heartbeat: pid=6708 elapsed=4337.5s
[2026-04-23T20:56:06.185Z] heartbeat: pid=6708 elapsed=4352.5s
[2026-04-23T20:56:21.190Z] heartbeat: pid=6708 elapsed=4367.5s
[2026-04-23T20:56:36.191Z] heartbeat: pid=6708 elapsed=4382.5s
[2026-04-23T20:56:51.204Z] heartbeat: pid=6708 elapsed=4397.5s
[2026-04-23T20:57:06.212Z] heartbeat: pid=6708 elapsed=4412.5s
[2026-04-23T20:57:21.215Z] heartbeat: pid=6708 elapsed=4427.5s
[2026-04-23T20:57:36.225Z] heartbeat: pid=6708 elapsed=4442.5s
[2026-04-23T20:57:51.234Z] heartbeat: pid=6708 elapsed=4457.5s
[2026-04-23T20:58:06.248Z] heartbeat: pid=6708 elapsed=4472.5s
[2026-04-23T20:58:21.262Z] heartbeat: pid=6708 elapsed=4487.5s
[2026-04-23T20:58:36.278Z] heartbeat: pid=6708 elapsed=4502.6s
[2026-04-23T20:58:51.282Z] heartbeat: pid=6708 elapsed=4517.6s
[2026-04-23T20:59:06.304Z] heartbeat: pid=6708 elapsed=4532.6s
[2026-04-23T20:59:21.304Z] heartbeat: pid=6708 elapsed=4547.6s
[2026-04-23T20:59:36.320Z] heartbeat: pid=6708 elapsed=4562.6s
[2026-04-23T20:59:51.341Z] heartbeat: pid=6708 elapsed=4577.6s
[2026-04-23T21:00:06.352Z] heartbeat: pid=6708 elapsed=4592.6s
[2026-04-23T21:00:21.357Z] heartbeat: pid=6708 elapsed=4607.6s
[2026-04-23T21:00:36.363Z] heartbeat: pid=6708 elapsed=4622.6s
[2026-04-23T21:00:51.366Z] heartbeat: pid=6708 elapsed=4637.6s
[2026-04-23T21:01:06.381Z] heartbeat: pid=6708 elapsed=4652.7s
[2026-04-23T21:01:21.383Z] heartbeat: pid=6708 elapsed=4667.7s
[2026-04-23T21:01:36.395Z] heartbeat: pid=6708 elapsed=4682.7s
[2026-04-23T21:01:51.410Z] heartbeat: pid=6708 elapsed=4697.7s
[2026-04-23T21:02:06.425Z] heartbeat: pid=6708 elapsed=4712.7s
[2026-04-23T21:02:21.435Z] heartbeat: pid=6708 elapsed=4727.7s
[2026-04-23T21:02:36.445Z] heartbeat: pid=6708 elapsed=4742.7s
[2026-04-23T21:02:51.454Z] heartbeat: pid=6708 elapsed=4757.7s
[2026-04-23T21:03:06.466Z] heartbeat: pid=6708 elapsed=4772.7s
[2026-04-23T21:03:21.480Z] heartbeat: pid=6708 elapsed=4787.8s
[2026-04-23T21:03:36.495Z] heartbeat: pid=6708 elapsed=4802.8s
[2026-04-23T21:03:51.505Z] heartbeat: pid=6708 elapsed=4817.8s
[2026-04-23T21:04:06.520Z] heartbeat: pid=6708 elapsed=4832.8s
[2026-04-23T21:04:21.528Z] heartbeat: pid=6708 elapsed=4847.8s
[2026-04-23T21:04:36.541Z] heartbeat: pid=6708 elapsed=4862.8s
[2026-04-23T21:04:51.551Z] heartbeat: pid=6708 elapsed=4877.8s
[2026-04-23T21:05:06.559Z] heartbeat: pid=6708 elapsed=4892.8s
[2026-04-23T21:05:21.560Z] heartbeat: pid=6708 elapsed=4907.8s
[2026-04-23T21:05:36.569Z] heartbeat: pid=6708 elapsed=4922.9s
[2026-04-23T21:05:51.569Z] heartbeat: pid=6708 elapsed=4937.9s
[2026-04-23T21:06:06.579Z] heartbeat: pid=6708 elapsed=4952.9s
[2026-04-23T21:06:21.591Z] heartbeat: pid=6708 elapsed=4967.9s
[2026-04-23T21:06:36.604Z] heartbeat: pid=6708 elapsed=4982.9s
[2026-04-23T21:06:51.619Z] heartbeat: pid=6708 elapsed=4997.9s
[2026-04-23T21:07:06.620Z] heartbeat: pid=6708 elapsed=5012.9s
[2026-04-23T21:07:21.620Z] heartbeat: pid=6708 elapsed=5027.9s
[2026-04-23T21:07:36.641Z] heartbeat: pid=6708 elapsed=5042.9s
[2026-04-23T21:07:51.648Z] heartbeat: pid=6708 elapsed=5057.9s
[2026-04-23T21:08:06.663Z] heartbeat: pid=6708 elapsed=5072.9s
[2026-04-23T21:08:21.670Z] heartbeat: pid=6708 elapsed=5088.0s
[2026-04-23T21:08:36.680Z] heartbeat: pid=6708 elapsed=5103.0s
[2026-04-23T21:08:51.680Z] heartbeat: pid=6708 elapsed=5118.0s
[2026-04-23T21:09:06.687Z] heartbeat: pid=6708 elapsed=5133.0s
[2026-04-23T21:09:21.687Z] heartbeat: pid=6708 elapsed=5148.0s
[2026-04-23T21:09:36.701Z] heartbeat: pid=6708 elapsed=5163.0s
[2026-04-23T21:09:51.710Z] heartbeat: pid=6708 elapsed=5178.0s
[2026-04-23T21:10:06.723Z] heartbeat: pid=6708 elapsed=5193.0s
[2026-04-23T21:10:21.737Z] heartbeat: pid=6708 elapsed=5208.0s
[2026-04-23T21:10:36.755Z] heartbeat: pid=6708 elapsed=5223.0s
[2026-04-23T21:10:51.758Z] heartbeat: pid=6708 elapsed=5238.0s
[2026-04-23T21:11:06.770Z] heartbeat: pid=6708 elapsed=5253.1s
[2026-04-23T21:11:21.786Z] heartbeat: pid=6708 elapsed=5268.1s
[2026-04-23T21:11:36.789Z] heartbeat: pid=6708 elapsed=5283.1s
[2026-04-23T21:11:51.797Z] heartbeat: pid=6708 elapsed=5298.1s
[2026-04-23T21:12:06.801Z] heartbeat: pid=6708 elapsed=5313.1s
[2026-04-23T21:12:21.804Z] heartbeat: pid=6708 elapsed=5328.1s
[2026-04-23T21:12:36.806Z] heartbeat: pid=6708 elapsed=5343.1s
[2026-04-23T21:12:51.820Z] heartbeat: pid=6708 elapsed=5358.1s
[2026-04-23T21:13:06.830Z] heartbeat: pid=6708 elapsed=5373.1s
[2026-04-23T21:13:21.829Z] heartbeat: pid=6708 elapsed=5388.1s
[2026-04-23T21:13:36.837Z] heartbeat: pid=6708 elapsed=5403.1s
[2026-04-23T21:13:51.854Z] heartbeat: pid=6708 elapsed=5418.1s
[2026-04-23T21:14:06.857Z] heartbeat: pid=6708 elapsed=5433.1s
[2026-04-23T21:14:21.871Z] heartbeat: pid=6708 elapsed=5448.2s
[2026-04-23T21:14:36.874Z] heartbeat: pid=6708 elapsed=5463.2s
[2026-04-23T21:14:51.879Z] heartbeat: pid=6708 elapsed=5478.2s
[2026-04-23T21:15:06.880Z] heartbeat: pid=6708 elapsed=5493.2s
[2026-04-23T21:15:21.891Z] heartbeat: pid=6708 elapsed=5508.2s
[2026-04-23T21:15:36.904Z] heartbeat: pid=6708 elapsed=5523.2s
[2026-04-23T21:15:51.920Z] heartbeat: pid=6708 elapsed=5538.2s
[2026-04-23T21:16:06.931Z] heartbeat: pid=6708 elapsed=5553.2s
[2026-04-23T21:16:21.933Z] heartbeat: pid=6708 elapsed=5568.2s
[2026-04-23T21:16:36.946Z] heartbeat: pid=6708 elapsed=5583.2s
[2026-04-23T21:16:51.958Z] heartbeat: pid=6708 elapsed=5598.2s
[2026-04-23T21:17:06.959Z] heartbeat: pid=6708 elapsed=5613.2s
[2026-04-23T21:17:21.970Z] heartbeat: pid=6708 elapsed=5628.3s
[2026-04-23T21:17:36.971Z] heartbeat: pid=6708 elapsed=5643.3s
[2026-04-23T21:17:51.983Z] heartbeat: pid=6708 elapsed=5658.3s
[2026-04-23T21:18:06.994Z] heartbeat: pid=6708 elapsed=5673.3s
[2026-04-23T21:18:22.009Z] heartbeat: pid=6708 elapsed=5688.3s
[2026-04-23T21:18:37.009Z] heartbeat: pid=6708 elapsed=5703.3s
[2026-04-23T21:18:52.017Z] heartbeat: pid=6708 elapsed=5718.3s
[2026-04-23T21:19:07.021Z] heartbeat: pid=6708 elapsed=5733.3s
[2026-04-23T21:19:22.041Z] heartbeat: pid=6708 elapsed=5748.3s
[2026-04-23T21:19:37.051Z] heartbeat: pid=6708 elapsed=5763.3s
[2026-04-23T21:19:52.054Z] heartbeat: pid=6708 elapsed=5778.3s
[2026-04-23T21:20:07.056Z] heartbeat: pid=6708 elapsed=5793.3s
[2026-04-23T21:20:22.071Z] heartbeat: pid=6708 elapsed=5808.4s
[2026-04-23T21:20:37.080Z] heartbeat: pid=6708 elapsed=5823.4s
[2026-04-23T21:20:52.104Z] heartbeat: pid=6708 elapsed=5838.4s
[2026-04-23T21:21:07.109Z] heartbeat: pid=6708 elapsed=5853.4s
[2026-04-23T21:21:22.119Z] heartbeat: pid=6708 elapsed=5868.4s
[2026-04-23T21:21:37.129Z] heartbeat: pid=6708 elapsed=5883.4s
[2026-04-23T21:21:52.131Z] heartbeat: pid=6708 elapsed=5898.4s
[2026-04-23T21:22:07.143Z] heartbeat: pid=6708 elapsed=5913.4s
[2026-04-23T21:22:22.151Z] heartbeat: pid=6708 elapsed=5928.4s
[2026-04-23T21:22:37.152Z] heartbeat: pid=6708 elapsed=5943.4s
[2026-04-23T21:22:52.154Z] heartbeat: pid=6708 elapsed=5958.4s
[2026-04-23T21:23:07.160Z] heartbeat: pid=6708 elapsed=5973.4s
[2026-04-23T21:23:15.496Z] [stdout] [2m02:23:15[22m [36m[1m[vite][22m[39m [90m[2m(client)[22m[39m [32mpage reload [39m[2msrc/lib/settings/app-settings-manager.ts[22m
[2026-04-23T21:23:15.497Z] [stdout] [2m02:23:15[22m [36m[1m[vite][22m[39m [90m[2m(client)[22m[39m [32mpage reload [39m[2mREPORT-UX-OVERHAUL.md[22m
[2026-04-23T21:23:15.498Z] [stdout] [2m02:23:15[22m [36m[1m[vite][22m[39m [90m[2m(client)[22m[39m [32mhmr update [39m[2m/src/routes.tsx, /src/app/globals.css[22m
[2026-04-23T21:23:15.501Z] [stdout] [2m02:23:15[22m [36m[1m[vite][22m[39m [90m[2m(client)[22m[39m [32mhmr update [39m[2m/src/app/globals.css, /src/components/charts/rheology-chart-uplot.tsx[22m
[2026-04-23T21:23:22.161Z] heartbeat: pid=6708 elapsed=5988.4s
[2026-04-23T21:23:37.169Z] heartbeat: pid=6708 elapsed=6003.5s
[2026-04-23T21:23:52.171Z] heartbeat: pid=6708 elapsed=6018.5s
[2026-04-23T21:24:00.766Z] wrapper exit: code=0 signal=null elapsed=6027.0s
