[2026-04-23T08:45:27.857Z] wrapper start
[2026-04-23T08:45:27.858Z] cwd=D:\Development\Rheolab
[2026-04-23T08:45:27.858Z] command=npm.cmd exec tauri -- build
[2026-04-23T08:45:27.858Z] RHEOLAB_SKIP_VERSION_BUMP=
[2026-04-23T08:45:27.858Z] INTEGRITY_SECRET_KEY present=true dev_sentinel=false
[2026-04-23T08:45:27.858Z] TAURI_SIGNING_PRIVATE_KEY present=true len=348
[2026-04-23T08:45:27.858Z] TAURI_SIGNING_PRIVATE_KEY_PASSWORD present=true
[2026-04-23T08:45:27.860Z] direct spawn failed (EINVAL), switching to shell fallback
[2026-04-23T08:45:27.860Z] using shell fallback: npm.cmd "exec" "tauri" "--" "build"
[2026-04-23T08:45:28.789Z] [stderr]         Info Looking up installed tauri packages to check mismatched versions...
[2026-04-23T08:45:29.682Z] [stderr]      Running beforeBuildCommand `npm run build`
[2026-04-23T08:45:29.964Z] [stdout] 
[2026-04-23T08:45:29.964Z] [stdout] > rheolab-enterprise@0.2.0-beta.33 build
[2026-04-23T08:45:29.964Z] [stdout] > vite build
[2026-04-23T08:45:29.964Z] [stdout] 
[2026-04-23T08:45:30.396Z] [stdout] [36mvite v6.4.2 [32mbuilding for production...[36m[39m
[2026-04-23T08:45:30.447Z] [stdout] transforming...
[2026-04-23T08:45:42.039Z] [stderr] [33m[plugin vite:resolve] Module "crypto" has been externalized for browser compatibility, imported by "D:/Development/Rheolab/src/lib/utils/encryption.ts". See https://vite.dev/guide/troubleshooting.html#module-externalized-for-browser-compatibility for more details.[39m
[2026-04-23T08:45:42.877Z] heartbeat: pid=14752 elapsed=15.0s
[2026-04-23T08:45:43.993Z] [stdout] [32m✓[39m 2935 modules transformed.
[2026-04-23T08:45:44.260Z] [stdout] rendering chunks...
[2026-04-23T08:45:44.394Z] [stdout] computing gzip size...
[2026-04-23T08:45:44.412Z] [stdout] [2mdist/[22m[32mindex.html                                  [39m[1m[2m  1.70 kB[22m[1m[22m[2m │ gzip:  0.85 kB[22m
[2026-04-23T08:45:44.412Z] [stdout] [2mdist/[22m[35massets/report-save-Saz_VHki.css             [39m[1m[2m  1.63 kB[22m[1m[22m[2m │ gzip:  0.70 kB[22m
[2026-04-23T08:45:44.413Z] [stdout] [2mdist/[22m[35massets/main-B80SeU88.css                    [39m[1m[2m143.42 kB[22m[1m[22m[2m │ gzip: 20.70 kB[22m
[2026-04-23T08:45:44.413Z] [stdout] [2mdist/[22m[36massets/__vite-browser-external-BIHI7g3E.js  [39m[1m[2m  0.03 kB[22m[1m[22m[2m │ gzip:  0.05 kB[22m
[2026-04-23T08:45:44.413Z] [stdout] [2mdist/[22m[36massets/encryption-D4Pxycag.js               [39m[1m[2m  0.14 kB[22m[1m[22m[2m │ gzip:  0.15 kB[22m
[2026-04-23T08:45:44.413Z] [stdout] [2mdist/[22m[36massets/page-ag22mqCL.js                     [39m[1m[2m  0.17 kB[22m[1m[22m[2m │ gzip:  0.16 kB[22m
[2026-04-23T08:45:44.413Z] [stdout] [2mdist/[22m[36massets/page-CdAzp9Ph.js                     [39m[1m[2m  0.20 kB[22m[1m[22m[2m │ gzip:  0.17 kB[22m
[2026-04-23T08:45:44.413Z] [stdout] [2mdist/[22m[36massets/tauri-bridge-CMDCz2ek.js             [39m[1m[2m  0.27 kB[22m[1m[22m[2m │ gzip:  0.20 kB[22m
[2026-04-23T08:45:44.413Z] [stdout] [2mdist/[22m[36massets/check-I9xbcQNs.js                    [39m[1m[2m  0.29 kB[22m[1m[22m[2m │ gzip:  0.24 kB[22m
[2026-04-23T08:45:44.413Z] [stdout] [2mdist/[22m[36massets/chevron-up-DGvXJs06.js               [39m[1m[2m  0.30 kB[22m[1m[22m[2m │ gzip:  0.25 kB[22m
[2026-04-23T08:45:44.413Z] [stdout] [2mdist/[22m[36massets/chevron-down-CldBbi-C.js             [39m[1m[2m  0.30 kB[22m[1m[22m[2m │ gzip:  0.25 kB[22m
[2026-04-23T08:45:44.413Z] [stdout] [2mdist/[22m[36massets/plus-Db3BBSLF.js                     [39m[1m[2m  0.33 kB[22m[1m[22m[2m │ gzip:  0.25 kB[22m
[2026-04-23T08:45:44.414Z] [stdout] [2mdist/[22m[36massets/circle-check-DaQNkt3B.js             [39m[1m[2m  0.35 kB[22m[1m[22m[2m │ gzip:  0.27 kB[22m
[2026-04-23T08:45:44.414Z] [stdout] [2mdist/[22m[36massets/rotate-ccw-CneqUCyh.js               [39m[1m[2m  0.37 kB[22m[1m[22m[2m │ gzip:  0.29 kB[22m
[2026-04-23T08:45:44.414Z] [stdout] [2mdist/[22m[36massets/upload-D_o1jKWN.js                   [39m[1m[2m  0.40 kB[22m[1m[22m[2m │ gzip:  0.30 kB[22m
[2026-04-23T08:45:44.414Z] [stdout] [2mdist/[22m[36massets/settings-2-DXRLGzuB.js               [39m[1m[2m  0.42 kB[22m[1m[22m[2m │ gzip:  0.30 kB[22m
[2026-04-23T08:45:44.414Z] [stdout] [2mdist/[22m[36massets/circle-alert-BV_4qfDF.js             [39m[1m[2m  0.42 kB[22m[1m[22m[2m │ gzip:  0.29 kB[22m
[2026-04-23T08:45:44.414Z] [stdout] [2mdist/[22m[36massets/key-CYrMXIiX.js                      [39m[1m[2m  0.43 kB[22m[1m[22m[2m │ gzip:  0.32 kB[22m
[2026-04-23T08:45:44.414Z] [stdout] [2mdist/[22m[36massets/pencil-DghVwxhn.js                   [39m[1m[2m  0.45 kB[22m[1m[22m[2m │ gzip:  0.33 kB[22m
[2026-04-23T08:45:44.414Z] [stdout] [2mdist/[22m[36massets/flask-conical-Bu9LWyT2.js            [39m[1m[2m  0.47 kB[22m[1m[22m[2m │ gzip:  0.33 kB[22m
[2026-04-23T08:45:44.414Z] [stdout] [2mdist/[22m[36massets/trash-2-CPIuntOL.js                  [39m[1m[2m  0.50 kB[22m[1m[22m[2m │ gzip:  0.32 kB[22m
[2026-04-23T08:45:44.415Z] [stdout] [2mdist/[22m[36massets/file-down-BFj911Tm.js                [39m[1m[2m  0.53 kB[22m[1m[22m[2m │ gzip:  0.35 kB[22m
[2026-04-23T08:45:44.415Z] [stdout] [2mdist/[22m[36massets/branding-store-B80nKAn7.js           [39m[1m[2m  0.54 kB[22m[1m[22m[2m │ gzip:  0.28 kB[22m
[2026-04-23T08:45:44.415Z] [stdout] [2mdist/[22m[36massets/building-2-DCJxZ_O5.js               [39m[1m[2m  0.56 kB[22m[1m[22m[2m │ gzip:  0.34 kB[22m
[2026-04-23T08:45:44.415Z] [stdout] [2mdist/[22m[36massets/input-Bd2oDag7.js                    [39m[1m[2m  0.60 kB[22m[1m[22m[2m │ gzip:  0.38 kB[22m
[2026-04-23T08:45:44.415Z] [stdout] [2mdist/[22m[36massets/circle-x-BEkDc34X.js                 [39m[1m[2m  0.69 kB[22m[1m[22m[2m │ gzip:  0.36 kB[22m
[2026-04-23T08:45:44.415Z] [stdout] [2mdist/[22m[36massets/user-Blt_Uyvz.js                     [39m[1m[2m  0.74 kB[22m[1m[22m[2m │ gzip:  0.38 kB[22m
[2026-04-23T08:45:44.415Z] [stdout] [2mdist/[22m[36massets/client-CnfGR2WG.js                   [39m[1m[2m  0.75 kB[22m[1m[22m[2m │ gzip:  0.40 kB[22m
[2026-04-23T08:45:44.415Z] [stdout] [2mdist/[22m[36massets/calendar-EZF8ygpj.js                 [39m[1m[2m  0.79 kB[22m[1m[22m[2m │ gzip:  0.41 kB[22m
[2026-04-23T08:45:44.415Z] [stdout] [2mdist/[22m[36massets/useFocusTrap-DBIo29X4.js             [39m[1m[2m  0.84 kB[22m[1m[22m[2m │ gzip:  0.44 kB[22m
[2026-04-23T08:45:44.415Z] [stdout] [2mdist/[22m[36massets/search-CXGd7dO7.js                   [39m[1m[2m  0.89 kB[22m[1m[22m[2m │ gzip:  0.42 kB[22m
[2026-04-23T08:45:44.415Z] [stdout] [2mdist/[22m[36massets/update-install-DhAN85y5.js           [39m[1m[2m  1.11 kB[22m[1m[22m[2m │ gzip:  0.62 kB[22m
[2026-04-23T08:45:44.415Z] [stdout] [2mdist/[22m[36massets/tabs-BWsnq7qa.js                     [39m[1m[2m  1.35 kB[22m[1m[22m[2m │ gzip:  0.51 kB[22m
[2026-04-23T08:45:44.415Z] [stdout] [2mdist/[22m[36massets/settings-wG8uuV2j.js                 [39m[1m[2m  1.43 kB[22m[1m[22m[2m │ gzip:  0.53 kB[22m
[2026-04-23T08:45:44.416Z] [stdout] [2mdist/[22m[36massets/card-B2H-vh5Z.js                     [39m[1m[2m  1.58 kB[22m[1m[22m[2m │ gzip:  0.67 kB[22m
[2026-04-23T08:45:44.416Z] [stdout] [2mdist/[22m[36massets/index-Bgm2U3-a.js                    [39m[1m[2m  1.89 kB[22m[1m[22m[2m │ gzip:  0.92 kB[22m
[2026-04-23T08:45:44.416Z] [stdout] [2mdist/[22m[36massets/button-B2iNTC4c.js                   [39m[1m[2m  1.94 kB[22m[1m[22m[2m │ gzip:  0.96 kB[22m
[2026-04-23T08:45:44.416Z] [stdout] [2mdist/[22m[36massets/PrecisionSettingsCard-DYrcEas3.js    [39m[1m[2m  2.05 kB[22m[1m[22m[2m │ gzip:  0.98 kB[22m
[2026-04-23T08:45:44.416Z] [stdout] [2mdist/[22m[36massets/alert-dialog-D3XJFY1M.js             [39m[1m[2m  2.12 kB[22m[1m[22m[2m │ gzip:  0.76 kB[22m
[2026-04-23T08:45:44.416Z] [stdout] [2mdist/[22m[36massets/TrialBanner-Bd27fIjn.js              [39m[1m[2m  2.26 kB[22m[1m[22m[2m │ gzip:  1.22 kB[22m
[2026-04-23T08:45:44.416Z] [stdout] [2mdist/[22m[36massets/label-DSQ5b64C.js                    [39m[1m[2m  2.52 kB[22m[1m[22m[2m │ gzip:  0.95 kB[22m
[2026-04-23T08:45:44.416Z] [stdout] [2mdist/[22m[36massets/BrandingManager-DSBnjqlB.js          [39m[1m[2m  2.55 kB[22m[1m[22m[2m │ gzip:  1.16 kB[22m
[2026-04-23T08:45:44.416Z] [stdout] [2mdist/[22m[36massets/UpdateChecker-B4ZNGVqe.js            [39m[1m[2m  3.38 kB[22m[1m[22m[2m │ gzip:  1.46 kB[22m
[2026-04-23T08:45:44.416Z] [stdout] [2mdist/[22m[36massets/index-Dd4PNuN7.js                    [39m[1m[2m  3.66 kB[22m[1m[22m[2m │ gzip:  1.34 kB[22m
[2026-04-23T08:45:44.416Z] [stdout] [2mdist/[22m[36massets/expert-settings-panel-BCZ9-qGl.js    [39m[1m[2m  3.89 kB[22m[1m[22m[2m │ gzip:  1.38 kB[22m
[2026-04-23T08:45:44.416Z] [stdout] [2mdist/[22m[36massets/UnitSystemCard-B0_OFB-y.js           [39m[1m[2m  4.22 kB[22m[1m[22m[2m │ gzip:  1.76 kB[22m
[2026-04-23T08:45:44.416Z] [stdout] [2mdist/[22m[36massets/settings-shared-Cjk_IZEw.js          [39m[1m[2m  4.51 kB[22m[1m[22m[2m │ gzip:  1.75 kB[22m
[2026-04-23T08:45:44.417Z] [stdout] [2mdist/[22m[36massets/LicenseActivationDialog-Cy9Byhzp.js  [39m[1m[2m  5.38 kB[22m[1m[22m[2m │ gzip:  2.14 kB[22m
[2026-04-23T08:45:44.417Z] [stdout] [2mdist/[22m[36massets/LaboratoryManager-D9JYuomO.js        [39m[1m[2m  5.61 kB[22m[1m[22m[2m │ gzip:  1.96 kB[22m
[2026-04-23T08:45:44.417Z] [stdout] [2mdist/[22m[36massets/LogViewer-iduZe8Nn.js                [39m[1m[2m  5.76 kB[22m[1m[22m[2m │ gzip:  2.43 kB[22m
[2026-04-23T08:45:44.417Z] [stdout] [2mdist/[22m[36massets/BackupManager-BvxErjsc.js            [39m[1m[2m  5.80 kB[22m[1m[22m[2m │ gzip:  2.23 kB[22m
[2026-04-23T08:45:44.417Z] [stdout] [2mdist/[22m[36massets/OperatorManager-BAacmOqR.js          [39m[1m[2m  5.91 kB[22m[1m[22m[2m │ gzip:  2.14 kB[22m
[2026-04-23T08:45:44.417Z] [stdout] [2mdist/[22m[36massets/chart-settings-store-C6HtgfGA.js     [39m[1m[2m  5.94 kB[22m[1m[22m[2m │ gzip:  2.07 kB[22m
[2026-04-23T08:45:44.417Z] [stdout] [2mdist/[22m[36massets/ExperimentExportImport-s-2_ro_g.js   [39m[1m[2m  7.77 kB[22m[1m[22m[2m │ gzip:  2.85 kB[22m
[2026-04-23T08:45:44.417Z] [stdout] [2mdist/[22m[36massets/ChartSettingsManager-KRHM7cLx.js     [39m[1m[2m  7.89 kB[22m[1m[22m[2m │ gzip:  2.65 kB[22m
[2026-04-23T08:45:44.417Z] [stdout] [2mdist/[22m[36massets/APIKeyManager-CMcaRZWi.js            [39m[1m[2m  8.79 kB[22m[1m[22m[2m │ gzip:  3.06 kB[22m
[2026-04-23T08:45:44.417Z] [stdout] [2mdist/[22m[36massets/client-BJqbPMHR.js                   [39m[1m[2m  9.69 kB[22m[1m[22m[2m │ gzip:  3.95 kB[22m
[2026-04-23T08:45:44.417Z] [stdout] [2mdist/[22m[36massets/AppSettingsExporter-XuRpIQND.js      [39m[1m[2m 11.11 kB[22m[1m[22m[2m │ gzip:  3.68 kB[22m
[2026-04-23T08:45:44.417Z] [stdout] [2mdist/[22m[36massets/ru-C8Cx8G0_.js                       [39m[1m[2m 12.58 kB[22m[1m[22m[2m │ gzip:  3.14 kB[22m
[2026-04-23T08:45:44.417Z] [stdout] [2mdist/[22m[36massets/useToast-fxZ2wShf.js                 [39m[1m[2m 14.15 kB[22m[1m[22m[2m │ gzip:  5.63 kB[22m
[2026-04-23T08:45:44.418Z] [stdout] [2mdist/[22m[36massets/vendor-date-B1cgXEfA.js              [39m[1m[2m 20.00 kB[22m[1m[22m[2m │ gzip:  5.73 kB[22m
[2026-04-23T08:45:44.418Z] [stdout] [2mdist/[22m[36massets/page-CaW2UoED.js                     [39m[1m[2m 26.53 kB[22m[1m[22m[2m │ gzip:  7.19 kB[22m
[2026-04-23T08:45:44.418Z] [stdout] [2mdist/[22m[36massets/report-save-C74yn2Vz.js              [39m[1m[2m 34.80 kB[22m[1m[22m[2m │ gzip: 11.82 kB[22m
[2026-04-23T08:45:44.418Z] [stdout] [2mdist/[22m[36massets/vendor-react-VsJEmFiX.js             [39m[1m[2m 48.76 kB[22m[1m[22m[2m │ gzip: 17.28 kB[22m
[2026-04-23T08:45:44.418Z] [stdout] [2mdist/[22m[36massets/vendor-charts-CziCK5UB.js            [39m[1m[2m 52.27 kB[22m[1m[22m[2m │ gzip: 23.28 kB[22m
[2026-04-23T08:45:44.418Z] [stdout] [2mdist/[22m[36massets/page-OyRgawFW.js                     [39m[1m[2m 57.60 kB[22m[1m[22m[2m │ gzip: 17.29 kB[22m
[2026-04-23T08:45:44.418Z] [stdout] [2mdist/[22m[36massets/page-CPqYREtK.js                     [39m[1m[2m101.09 kB[22m[1m[22m[2m │ gzip: 25.93 kB[22m
[2026-04-23T08:45:44.418Z] [stdout] [2mdist/[22m[36massets/vendor-radix-wOjfjdRn.js             [39m[1m[2m113.50 kB[22m[1m[22m[2m │ gzip: 36.46 kB[22m
[2026-04-23T08:45:44.418Z] [stdout] [2mdist/[22m[36massets/DashboardContent-CO2TvxAf.js         [39m[1m[2m116.44 kB[22m[1m[22m[2m │ gzip: 30.31 kB[22m
[2026-04-23T08:45:44.418Z] [stdout] [2mdist/[22m[36massets/page-Bf0NX7w-.js                     [39m[1m[2m136.17 kB[22m[1m[22m[2m │ gzip: 39.38 kB[22m
[2026-04-23T08:45:44.418Z] [stdout] [2mdist/[22m[36massets/main-CDxwxVWj.js                     [39m[1m[2m271.87 kB[22m[1m[22m[2m │ gzip: 86.21 kB[22m
[2026-04-23T08:45:44.418Z] [stdout] [32m✓ built in 14.00s[39m
[2026-04-23T08:45:45.955Z] [stderr]    Compiling rheolab-enterprise v0.2.0-beta.33 (D:\Development\Rheolab\src-tauri)
[2026-04-23T08:45:57.881Z] heartbeat: pid=14752 elapsed=30.0s
[2026-04-23T08:46:12.888Z] heartbeat: pid=14752 elapsed=45.0s
[2026-04-23T08:46:27.900Z] heartbeat: pid=14752 elapsed=60.0s
[2026-04-23T08:46:42.911Z] heartbeat: pid=14752 elapsed=75.1s
[2026-04-23T08:46:57.926Z] heartbeat: pid=14752 elapsed=90.1s
[2026-04-23T08:47:12.927Z] heartbeat: pid=14752 elapsed=105.1s
[2026-04-23T08:47:27.932Z] heartbeat: pid=14752 elapsed=120.1s
[2026-04-23T08:47:42.933Z] heartbeat: pid=14752 elapsed=135.1s
[2026-04-23T08:47:57.938Z] heartbeat: pid=14752 elapsed=150.1s
[2026-04-23T08:48:12.941Z] heartbeat: pid=14752 elapsed=165.1s
[2026-04-23T08:48:27.942Z] heartbeat: pid=14752 elapsed=180.1s
[2026-04-23T08:48:42.944Z] heartbeat: pid=14752 elapsed=195.1s
[2026-04-23T08:48:57.959Z] heartbeat: pid=14752 elapsed=210.1s
[2026-04-23T08:49:12.961Z] heartbeat: pid=14752 elapsed=225.1s
[2026-04-23T08:49:27.967Z] heartbeat: pid=14752 elapsed=240.1s
[2026-04-23T08:49:42.979Z] heartbeat: pid=14752 elapsed=255.1s
[2026-04-23T08:49:47.007Z] [stderr]     Finished `release` profile [optimized] target(s) in 4m 02s
[2026-04-23T08:49:47.054Z] [stderr]        Built application at: D:\Development\Rheolab\src-tauri\target\release\rheolab-enterprise.exe
[2026-04-23T08:49:47.055Z] [stderr]         Info Patching binary "D:\\Development\\Rheolab\\src-tauri\\target\\release\\rheolab-enterprise.exe" for type nsis
[2026-04-23T08:49:47.065Z] [stderr]         Warn Failed to add bundler type to the binary: __TAURI_BUNDLE_TYPE variable not found in binary. Make sure tauri crate and tauri-cli are up to date. Updater plugin may not be able to update this package. This shouldn't normally happen, please report it to https://github.com/tauri-apps/tauri/issues
[2026-04-23T08:49:47.067Z] [stderr]         Info Target: x64
[2026-04-23T08:49:47.077Z] [stderr]      Running makensis to produce D:\Development\Rheolab\src-tauri\target\release\bundle\nsis\RheoLab Enterprise_0.2.0-beta.33_x64-setup.exe
[2026-04-23T08:49:57.990Z] heartbeat: pid=14752 elapsed=270.1s
[2026-04-23T08:50:01.387Z] [stderr]     Finished 1 bundle at:
[2026-04-23T08:50:01.388Z] [stderr]         D:\Development\Rheolab\src-tauri\target\release\bundle\nsis\RheoLab Enterprise_0.2.0-beta.33_x64-setup.exe
[2026-04-23T08:50:01.388Z] [stderr] 
[2026-04-23T08:50:01.409Z] wrapper exit: code=0 signal=null elapsed=273.6s
[2026-04-23T08:50:01.411Z] post-build sign: signing RheoLab Enterprise_0.2.0-beta.33_x64-setup.exe
[2026-04-23T08:50:02.223Z] post-build sign: success → RheoLab Enterprise_0.2.0-beta.33_x64-setup.exe.sig
