[2026-04-22T19:59:31.061Z] wrapper start
[2026-04-22T19:59:31.062Z] cwd=D:\Development\Rheolab
[2026-04-22T19:59:31.062Z] command=npm.cmd exec tauri -- build
[2026-04-22T19:59:31.062Z] RHEOLAB_SKIP_VERSION_BUMP=
[2026-04-22T19:59:31.062Z] INTEGRITY_SECRET_KEY present=true dev_sentinel=false
[2026-04-22T19:59:31.062Z] TAURI_SIGNING_PRIVATE_KEY present=true len=348
[2026-04-22T19:59:31.062Z] TAURI_SIGNING_PRIVATE_KEY_PASSWORD present=true
[2026-04-22T19:59:31.063Z] direct spawn failed (EINVAL), switching to shell fallback
[2026-04-22T19:59:31.064Z] using shell fallback: npm.cmd "exec" "tauri" "--" "build"
[2026-04-22T19:59:31.908Z] [stderr]         Info Looking up installed tauri packages to check mismatched versions...
[2026-04-22T19:59:32.801Z] [stderr]      Running beforeBuildCommand `npm run build`
[2026-04-22T19:59:33.051Z] [stdout] 
[2026-04-22T19:59:33.051Z] [stdout] > rheolab-enterprise@0.2.0-beta.24 build
[2026-04-22T19:59:33.051Z] [stdout] > vite build
[2026-04-22T19:59:33.051Z] [stdout] 
[2026-04-22T19:59:33.400Z] [stdout] [36mvite v6.4.2 [32mbuilding for production...[36m[39m
[2026-04-22T19:59:33.452Z] [stdout] transforming...
[2026-04-22T19:59:44.863Z] [stderr] [33m[plugin vite:resolve] Module "crypto" has been externalized for browser compatibility, imported by "D:/Development/Rheolab/src/lib/utils/encryption.ts". See https://vite.dev/guide/troubleshooting.html#module-externalized-for-browser-compatibility for more details.[39m
[2026-04-22T19:59:46.078Z] heartbeat: pid=12364 elapsed=15.0s
[2026-04-22T19:59:46.276Z] [stdout] [32m✓[39m 2935 modules transformed.
[2026-04-22T19:59:46.492Z] [stdout] rendering chunks...
[2026-04-22T19:59:46.616Z] [stdout] computing gzip size...
[2026-04-22T19:59:46.630Z] [stdout] [2mdist/[22m[32mindex.html                                  [39m[1m[2m  1.70 kB[22m[1m[22m[2m │ gzip:  0.85 kB[22m
[2026-04-22T19:59:46.633Z] [stdout] [2mdist/[22m[35massets/report-save-Saz_VHki.css             [39m[1m[2m  1.63 kB[22m[1m[22m[2m │ gzip:  0.70 kB[22m
[2026-04-22T19:59:46.633Z] [stdout] [2mdist/[22m[35massets/main-CksZP0Ua.css                    [39m[1m[2m142.81 kB[22m[1m[22m[2m │ gzip: 20.64 kB[22m
[2026-04-22T19:59:46.633Z] [stdout] [2mdist/[22m[36massets/__vite-browser-external-BIHI7g3E.js  [39m[1m[2m  0.03 kB[22m[1m[22m[2m │ gzip:  0.05 kB[22m
[2026-04-22T19:59:46.633Z] [stdout] [2mdist/[22m[36massets/encryption-KQ9qq2TO.js               [39m[1m[2m  0.14 kB[22m[1m[22m[2m │ gzip:  0.15 kB[22m
[2026-04-22T19:59:46.633Z] [stdout] [2mdist/[22m[36massets/page-ag22mqCL.js                     [39m[1m[2m  0.17 kB[22m[1m[22m[2m │ gzip:  0.16 kB[22m
[2026-04-22T19:59:46.633Z] [stdout] [2mdist/[22m[36massets/page-CdAzp9Ph.js                     [39m[1m[2m  0.20 kB[22m[1m[22m[2m │ gzip:  0.17 kB[22m
[2026-04-22T19:59:46.633Z] [stdout] [2mdist/[22m[36massets/tauri-bridge-DSqzzPGM.js             [39m[1m[2m  0.27 kB[22m[1m[22m[2m │ gzip:  0.20 kB[22m
[2026-04-22T19:59:46.633Z] [stdout] [2mdist/[22m[36massets/check-C9z7uoqS.js                    [39m[1m[2m  0.29 kB[22m[1m[22m[2m │ gzip:  0.24 kB[22m
[2026-04-22T19:59:46.633Z] [stdout] [2mdist/[22m[36massets/chevron-up-D7I6D6dF.js               [39m[1m[2m  0.30 kB[22m[1m[22m[2m │ gzip:  0.25 kB[22m
[2026-04-22T19:59:46.633Z] [stdout] [2mdist/[22m[36massets/chevron-down-CwYgB5Tc.js             [39m[1m[2m  0.30 kB[22m[1m[22m[2m │ gzip:  0.25 kB[22m
[2026-04-22T19:59:46.633Z] [stdout] [2mdist/[22m[36massets/plus-SYO2d2n5.js                     [39m[1m[2m  0.33 kB[22m[1m[22m[2m │ gzip:  0.25 kB[22m
[2026-04-22T19:59:46.633Z] [stdout] [2mdist/[22m[36massets/circle-check-O9ET2zz5.js             [39m[1m[2m  0.35 kB[22m[1m[22m[2m │ gzip:  0.27 kB[22m
[2026-04-22T19:59:46.633Z] [stdout] [2mdist/[22m[36massets/rotate-ccw-Cuo8qPxj.js               [39m[1m[2m  0.37 kB[22m[1m[22m[2m │ gzip:  0.29 kB[22m
[2026-04-22T19:59:46.634Z] [stdout] [2mdist/[22m[36massets/upload-C6wUL9Ih.js                   [39m[1m[2m  0.40 kB[22m[1m[22m[2m │ gzip:  0.30 kB[22m
[2026-04-22T19:59:46.634Z] [stdout] [2mdist/[22m[36massets/settings-2-DS12URBO.js               [39m[1m[2m  0.42 kB[22m[1m[22m[2m │ gzip:  0.30 kB[22m
[2026-04-22T19:59:46.634Z] [stdout] [2mdist/[22m[36massets/circle-alert-C7TIj4Qa.js             [39m[1m[2m  0.42 kB[22m[1m[22m[2m │ gzip:  0.29 kB[22m
[2026-04-22T19:59:46.634Z] [stdout] [2mdist/[22m[36massets/key-BXlPv6op.js                      [39m[1m[2m  0.43 kB[22m[1m[22m[2m │ gzip:  0.32 kB[22m
[2026-04-22T19:59:46.634Z] [stdout] [2mdist/[22m[36massets/pencil-DmyZTrER.js                   [39m[1m[2m  0.45 kB[22m[1m[22m[2m │ gzip:  0.33 kB[22m
[2026-04-22T19:59:46.634Z] [stdout] [2mdist/[22m[36massets/flask-conical-k4dtCRE5.js            [39m[1m[2m  0.47 kB[22m[1m[22m[2m │ gzip:  0.33 kB[22m
[2026-04-22T19:59:46.634Z] [stdout] [2mdist/[22m[36massets/trash-2-CmaZgVh-.js                  [39m[1m[2m  0.50 kB[22m[1m[22m[2m │ gzip:  0.32 kB[22m
[2026-04-22T19:59:46.634Z] [stdout] [2mdist/[22m[36massets/file-down-Buwz1p_O.js                [39m[1m[2m  0.53 kB[22m[1m[22m[2m │ gzip:  0.35 kB[22m
[2026-04-22T19:59:46.634Z] [stdout] [2mdist/[22m[36massets/branding-store-C0albDTC.js           [39m[1m[2m  0.54 kB[22m[1m[22m[2m │ gzip:  0.28 kB[22m
[2026-04-22T19:59:46.634Z] [stdout] [2mdist/[22m[36massets/building-2-Cns-zunu.js               [39m[1m[2m  0.56 kB[22m[1m[22m[2m │ gzip:  0.34 kB[22m
[2026-04-22T19:59:46.634Z] [stdout] [2mdist/[22m[36massets/input-CIWrbcP6.js                    [39m[1m[2m  0.60 kB[22m[1m[22m[2m │ gzip:  0.38 kB[22m
[2026-04-22T19:59:46.634Z] [stdout] [2mdist/[22m[36massets/circle-x-Gm4Q5KM7.js                 [39m[1m[2m  0.69 kB[22m[1m[22m[2m │ gzip:  0.35 kB[22m
[2026-04-22T19:59:46.634Z] [stdout] [2mdist/[22m[36massets/user-DCNvcI7v.js                     [39m[1m[2m  0.74 kB[22m[1m[22m[2m │ gzip:  0.38 kB[22m
[2026-04-22T19:59:46.634Z] [stdout] [2mdist/[22m[36massets/client-BNix77jn.js                   [39m[1m[2m  0.75 kB[22m[1m[22m[2m │ gzip:  0.40 kB[22m
[2026-04-22T19:59:46.634Z] [stdout] [2mdist/[22m[36massets/calendar-D1W7ItDy.js                 [39m[1m[2m  0.79 kB[22m[1m[22m[2m │ gzip:  0.41 kB[22m
[2026-04-22T19:59:46.635Z] [stdout] [2mdist/[22m[36massets/useFocusTrap-DBIo29X4.js             [39m[1m[2m  0.84 kB[22m[1m[22m[2m │ gzip:  0.44 kB[22m
[2026-04-22T19:59:46.637Z] [stdout] [2mdist/[22m[36massets/search-CUSGb--9.js                   [39m[1m[2m  0.89 kB[22m[1m[22m[2m │ gzip:  0.41 kB[22m
[2026-04-22T19:59:46.637Z] [stdout] [2mdist/[22m[36massets/update-install-CipO9c_Z.js           [39m[1m[2m  1.11 kB[22m[1m[22m[2m │ gzip:  0.62 kB[22m
[2026-04-22T19:59:46.638Z] [stdout] [2mdist/[22m[36massets/tabs-BaXFHgJn.js                     [39m[1m[2m  1.35 kB[22m[1m[22m[2m │ gzip:  0.51 kB[22m
[2026-04-22T19:59:46.638Z] [stdout] [2mdist/[22m[36massets/settings-DwrOmcNh.js                 [39m[1m[2m  1.43 kB[22m[1m[22m[2m │ gzip:  0.53 kB[22m
[2026-04-22T19:59:46.638Z] [stdout] [2mdist/[22m[36massets/card-ClJ9B_wa.js                     [39m[1m[2m  1.58 kB[22m[1m[22m[2m │ gzip:  0.67 kB[22m
[2026-04-22T19:59:46.638Z] [stdout] [2mdist/[22m[36massets/index-kYnO5MIJ.js                    [39m[1m[2m  1.89 kB[22m[1m[22m[2m │ gzip:  0.92 kB[22m
[2026-04-22T19:59:46.638Z] [stdout] [2mdist/[22m[36massets/button-CX7OR896.js                   [39m[1m[2m  1.94 kB[22m[1m[22m[2m │ gzip:  0.96 kB[22m
[2026-04-22T19:59:46.638Z] [stdout] [2mdist/[22m[36massets/PrecisionSettingsCard-ObNF9YF5.js    [39m[1m[2m  2.05 kB[22m[1m[22m[2m │ gzip:  0.98 kB[22m
[2026-04-22T19:59:46.638Z] [stdout] [2mdist/[22m[36massets/alert-dialog-BQ0L7tKE.js             [39m[1m[2m  2.12 kB[22m[1m[22m[2m │ gzip:  0.77 kB[22m
[2026-04-22T19:59:46.638Z] [stdout] [2mdist/[22m[36massets/TrialBanner-Ctpu3SzT.js              [39m[1m[2m  2.26 kB[22m[1m[22m[2m │ gzip:  1.22 kB[22m
[2026-04-22T19:59:46.638Z] [stdout] [2mdist/[22m[36massets/label-N6uJQEvx.js                    [39m[1m[2m  2.52 kB[22m[1m[22m[2m │ gzip:  0.95 kB[22m
[2026-04-22T19:59:46.638Z] [stdout] [2mdist/[22m[36massets/BrandingManager-Ba-s4G59.js          [39m[1m[2m  2.55 kB[22m[1m[22m[2m │ gzip:  1.16 kB[22m
[2026-04-22T19:59:46.638Z] [stdout] [2mdist/[22m[36massets/UpdateChecker-D4KLRX59.js            [39m[1m[2m  3.38 kB[22m[1m[22m[2m │ gzip:  1.46 kB[22m
[2026-04-22T19:59:46.638Z] [stdout] [2mdist/[22m[36massets/index-Db2uSf9c.js                    [39m[1m[2m  3.66 kB[22m[1m[22m[2m │ gzip:  1.34 kB[22m
[2026-04-22T19:59:46.638Z] [stdout] [2mdist/[22m[36massets/expert-settings-panel-CQEMaCcp.js    [39m[1m[2m  3.89 kB[22m[1m[22m[2m │ gzip:  1.38 kB[22m
[2026-04-22T19:59:46.638Z] [stdout] [2mdist/[22m[36massets/UnitSystemCard-BfMCrN8m.js           [39m[1m[2m  4.22 kB[22m[1m[22m[2m │ gzip:  1.76 kB[22m
[2026-04-22T19:59:46.638Z] [stdout] [2mdist/[22m[36massets/settings-shared-Cjk_IZEw.js          [39m[1m[2m  4.51 kB[22m[1m[22m[2m │ gzip:  1.75 kB[22m
[2026-04-22T19:59:46.638Z] [stdout] [2mdist/[22m[36massets/LicenseActivationDialog-CsHvKrlK.js  [39m[1m[2m  5.38 kB[22m[1m[22m[2m │ gzip:  2.14 kB[22m
[2026-04-22T19:59:46.639Z] [stdout] [2mdist/[22m[36massets/LaboratoryManager-AYoJK5YX.js        [39m[1m[2m  5.61 kB[22m[1m[22m[2m │ gzip:  1.96 kB[22m
[2026-04-22T19:59:46.639Z] [stdout] [2mdist/[22m[36massets/LogViewer-45yfjwV5.js                [39m[1m[2m  5.76 kB[22m[1m[22m[2m │ gzip:  2.43 kB[22m
[2026-04-22T19:59:46.639Z] [stdout] [2mdist/[22m[36massets/BackupManager-CsmW1kbf.js            [39m[1m[2m  5.80 kB[22m[1m[22m[2m │ gzip:  2.23 kB[22m
[2026-04-22T19:59:46.639Z] [stdout] [2mdist/[22m[36massets/OperatorManager-Dl2ei0mX.js          [39m[1m[2m  5.91 kB[22m[1m[22m[2m │ gzip:  2.14 kB[22m
[2026-04-22T19:59:46.639Z] [stdout] [2mdist/[22m[36massets/chart-settings-store-RLp6Os4P.js     [39m[1m[2m  5.94 kB[22m[1m[22m[2m │ gzip:  2.07 kB[22m
[2026-04-22T19:59:46.639Z] [stdout] [2mdist/[22m[36massets/ExperimentExportImport-DoSWbOj9.js   [39m[1m[2m  7.77 kB[22m[1m[22m[2m │ gzip:  2.85 kB[22m
[2026-04-22T19:59:46.639Z] [stdout] [2mdist/[22m[36massets/ChartSettingsManager-B5T1cfgU.js     [39m[1m[2m  7.89 kB[22m[1m[22m[2m │ gzip:  2.65 kB[22m
[2026-04-22T19:59:46.639Z] [stdout] [2mdist/[22m[36massets/APIKeyManager-CJTwCzYY.js            [39m[1m[2m  8.79 kB[22m[1m[22m[2m │ gzip:  3.06 kB[22m
[2026-04-22T19:59:46.639Z] [stdout] [2mdist/[22m[36massets/client-CcEKdaLU.js                   [39m[1m[2m  9.69 kB[22m[1m[22m[2m │ gzip:  3.95 kB[22m
[2026-04-22T19:59:46.639Z] [stdout] [2mdist/[22m[36massets/AppSettingsExporter-DqBHC5OK.js      [39m[1m[2m 11.11 kB[22m[1m[22m[2m │ gzip:  3.68 kB[22m
[2026-04-22T19:59:46.639Z] [stdout] [2mdist/[22m[36massets/ru-C8Cx8G0_.js                       [39m[1m[2m 12.58 kB[22m[1m[22m[2m │ gzip:  3.14 kB[22m
[2026-04-22T19:59:46.639Z] [stdout] [2mdist/[22m[36massets/useToast-DDS_95tP.js                 [39m[1m[2m 14.15 kB[22m[1m[22m[2m │ gzip:  5.63 kB[22m
[2026-04-22T19:59:46.639Z] [stdout] [2mdist/[22m[36massets/vendor-date-B1cgXEfA.js              [39m[1m[2m 20.00 kB[22m[1m[22m[2m │ gzip:  5.73 kB[22m
[2026-04-22T19:59:46.639Z] [stdout] [2mdist/[22m[36massets/page-D-VvqTNr.js                     [39m[1m[2m 26.53 kB[22m[1m[22m[2m │ gzip:  7.19 kB[22m
[2026-04-22T19:59:46.639Z] [stdout] [2mdist/[22m[36massets/report-save-D2FtSkWQ.js              [39m[1m[2m 34.80 kB[22m[1m[22m[2m │ gzip: 11.82 kB[22m
[2026-04-22T19:59:46.639Z] [stdout] [2mdist/[22m[36massets/vendor-react-VsJEmFiX.js             [39m[1m[2m 48.76 kB[22m[1m[22m[2m │ gzip: 17.28 kB[22m
[2026-04-22T19:59:46.639Z] [stdout] [2mdist/[22m[36massets/vendor-charts-CziCK5UB.js            [39m[1m[2m 52.27 kB[22m[1m[22m[2m │ gzip: 23.28 kB[22m
[2026-04-22T19:59:46.640Z] [stdout] [2mdist/[22m[36massets/page-BTgARvsu.js                     [39m[1m[2m 57.60 kB[22m[1m[22m[2m │ gzip: 17.28 kB[22m
[2026-04-22T19:59:46.640Z] [stdout] [2mdist/[22m[36massets/page-OWfCeYD-.js                     [39m[1m[2m 99.86 kB[22m[1m[22m[2m │ gzip: 25.64 kB[22m
[2026-04-22T19:59:46.640Z] [stdout] [2mdist/[22m[36massets/vendor-radix-wOjfjdRn.js             [39m[1m[2m113.50 kB[22m[1m[22m[2m │ gzip: 36.46 kB[22m
[2026-04-22T19:59:46.640Z] [stdout] [2mdist/[22m[36massets/DashboardContent-CVW0RlBK.js         [39m[1m[2m116.44 kB[22m[1m[22m[2m │ gzip: 30.31 kB[22m
[2026-04-22T19:59:46.640Z] [stdout] [2mdist/[22m[36massets/page-zMZptk3b.js                     [39m[1m[2m136.17 kB[22m[1m[22m[2m │ gzip: 39.38 kB[22m
[2026-04-22T19:59:46.640Z] [stdout] [2mdist/[22m[36massets/main-urbmtZSx.js                     [39m[1m[2m271.87 kB[22m[1m[22m[2m │ gzip: 86.21 kB[22m
[2026-04-22T19:59:46.640Z] [stdout] [32m✓ built in 13.22s[39m
[2026-04-22T19:59:48.007Z] [stderr]    Compiling rheolab-enterprise v0.2.0-beta.24 (D:\Development\Rheolab\src-tauri)
[2026-04-22T19:59:48.007Z] [stderr]    Compiling rheolab-core v0.1.0 (D:\Development\Rheolab\src\rust\rheolab-core)
[2026-04-22T20:00:01.090Z] heartbeat: pid=12364 elapsed=30.0s
[2026-04-22T20:00:16.103Z] heartbeat: pid=12364 elapsed=45.0s
[2026-04-22T20:00:31.110Z] heartbeat: pid=12364 elapsed=60.0s
[2026-04-22T20:00:46.111Z] heartbeat: pid=12364 elapsed=75.0s
[2026-04-22T20:01:01.115Z] heartbeat: pid=12364 elapsed=90.1s
[2026-04-22T20:01:16.116Z] heartbeat: pid=12364 elapsed=105.1s
[2026-04-22T20:01:31.126Z] heartbeat: pid=12364 elapsed=120.1s
[2026-04-22T20:01:46.153Z] heartbeat: pid=12364 elapsed=135.1s
[2026-04-22T20:02:01.187Z] heartbeat: pid=12364 elapsed=150.1s
[2026-04-22T20:02:16.197Z] heartbeat: pid=12364 elapsed=165.1s
[2026-04-22T20:02:31.196Z] heartbeat: pid=12364 elapsed=180.1s
[2026-04-22T20:02:46.197Z] heartbeat: pid=12364 elapsed=195.1s
[2026-04-22T20:03:01.212Z] heartbeat: pid=12364 elapsed=210.2s
[2026-04-22T20:03:16.214Z] heartbeat: pid=12364 elapsed=225.2s
[2026-04-22T20:03:30.509Z] [stderr]     Finished `release` profile [optimized] target(s) in 3m 43s
[2026-04-22T20:03:30.555Z] [stderr]        Built application at: D:\Development\Rheolab\src-tauri\target\release\rheolab-enterprise.exe
[2026-04-22T20:03:30.555Z] [stderr]         Info Patching binary "D:\\Development\\Rheolab\\src-tauri\\target\\release\\rheolab-enterprise.exe" for type nsis
[2026-04-22T20:03:30.556Z] [stderr]         Warn Failed to add bundler type to the binary: __TAURI_BUNDLE_TYPE variable not found in binary. Make sure tauri crate and tauri-cli are up to date. Updater plugin may not be able to update this package. This shouldn't normally happen, please report it to https://github.com/tauri-apps/tauri/issues
[2026-04-22T20:03:30.557Z] [stderr]         Info Target: x64
[2026-04-22T20:03:30.567Z] [stderr]      Running makensis to produce D:\Development\Rheolab\src-tauri\target\release\bundle\nsis\RheoLab Enterprise_0.2.0-beta.24_x64-setup.exe
[2026-04-22T20:03:31.219Z] heartbeat: pid=12364 elapsed=240.2s
[2026-04-22T20:03:31.649Z] [stderr]     Finished 1 bundle at:
[2026-04-22T20:03:31.649Z] [stderr]         D:\Development\Rheolab\src-tauri\target\release\bundle\nsis\RheoLab Enterprise_0.2.0-beta.24_x64-setup.exe
[2026-04-22T20:03:31.649Z] [stderr] 
[2026-04-22T20:03:31.669Z] wrapper exit: code=0 signal=null elapsed=240.6s
[2026-04-22T20:03:31.671Z] post-build sign: signing RheoLab Enterprise_0.2.0-beta.24_x64-setup.exe
[2026-04-22T20:03:32.411Z] post-build sign: success → RheoLab Enterprise_0.2.0-beta.24_x64-setup.exe.sig
