[2026-04-24T02:15:55.581Z] wrapper start
[2026-04-24T02:15:55.582Z] cwd=D:\Development\Rheolab
[2026-04-24T02:15:55.582Z] command=npm.cmd exec tauri -- dev
[2026-04-24T02:15:55.582Z] RHEOLAB_SKIP_VERSION_BUMP=
[2026-04-24T02:15:55.585Z] direct spawn failed (EINVAL), switching to shell fallback
[2026-04-24T02:15:55.585Z] using shell fallback: npm.cmd "exec" "tauri" "--" "dev"
[2026-04-24T02:15:56.266Z] [stderr]      Running BeforeDevCommand (`npm run dev`)
[2026-04-24T02:15:56.487Z] [stdout] 
[2026-04-24T02:15:56.487Z] [stdout] > rheolab-enterprise@0.2.0-beta.39 dev
[2026-04-24T02:15:56.487Z] [stdout] > vite
[2026-04-24T02:15:56.487Z] [stdout] 
[2026-04-24T02:15:56.828Z] [stdout] 
[2026-04-24T02:15:56.828Z] [stdout]   [32m[1mVITE[22m v6.4.2[39m  [2mready in [0m[1m290[22m[2m[0m ms[22m
[2026-04-24T02:15:56.828Z] [stdout] 
[2026-04-24T02:15:56.828Z] [stdout]   [32m➜[39m  [1mLocal[22m:   [36mhttp://localhost:[1m1420[22m/[39m
[2026-04-24T02:16:00.282Z] [stderr]      Running DevCommand (`cargo  run --no-default-features --color always --`)
[2026-04-24T02:16:00.342Z] [stderr]         Info Watching D:\Development\Rheolab\src-tauri for changes...
[2026-04-24T02:16:01.214Z] [stderr] [1m[92m   Compiling[0m rheolab-core v0.1.0 (D:\Development\Rheolab\src\rust\rheolab-core)
[2026-04-24T02:16:02.243Z] [stderr] [1m[96m    Building[0m [=======================> ] 822/825: rheolab…                                                            [1m[92m   Compiling[0m rheolab-enterprise v0.2.0-beta.39 (D:\Development\Rheolab\src-tauri)
[2026-04-24T02:16:10.596Z] heartbeat: pid=11924 elapsed=15.0s
[2026-04-24T02:16:11.624Z] [stderr] [1m[96m    Building[0m [=======================> ] 822/825: rheolab…[1m[96m    Building[0m [=======================> ] 823/825: rheolab…[1m[96m    Building[0m [=======================> ] 824/825: rheolab…                                                            [1m[92m    Finished[0m ]8;;https://doc.rust-lang.org/cargo/reference/profiles.html#default-profiles\`dev` profile [unoptimized + debuginfo]]8;;\ target(s) in 11.29s
[2026-04-24T02:16:11.662Z] [stderr] [1m[92m     Running[0m `target\debug\rheolab-enterprise.exe`
[2026-04-24T02:16:17.937Z] [stdout] [2026-04-24][02:16:17][reqwest::connect][DEBUG] starting new connection: https://license.vizbuka.ru/
[2026-04-24T02:16:18.194Z] [stdout] [2026-04-24][02:16:18][reqwest::retry][TRACE] shouldn't retry!
[2026-04-24T02:16:25.610Z] heartbeat: pid=11924 elapsed=30.0s
[2026-04-24T02:16:40.618Z] heartbeat: pid=11924 elapsed=45.0s
[2026-04-24T02:16:55.627Z] heartbeat: pid=11924 elapsed=60.0s
[2026-04-24T02:17:10.634Z] heartbeat: pid=11924 elapsed=75.1s
[2026-04-24T02:17:25.642Z] heartbeat: pid=11924 elapsed=90.1s
[2026-04-24T02:17:40.649Z] heartbeat: pid=11924 elapsed=105.1s
[2026-04-24T02:17:55.651Z] heartbeat: pid=11924 elapsed=120.1s
[2026-04-24T02:18:10.652Z] heartbeat: pid=11924 elapsed=135.1s
[2026-04-24T02:18:25.655Z] heartbeat: pid=11924 elapsed=150.1s
[2026-04-24T02:18:35.350Z] [stdout] [2026-04-24][02:18:35][webview:forwardErrorToTauri@http://localhost:1420/src/lib/logger.ts:47:11][ERROR] [ComparisonReport] PDF generation failed: TauriError: Internal error
[2026-04-24T02:18:35.351Z] [stdout]     at TauriError.from (http://localhost:1420/src/lib/tauri/errors.ts:57:42)
[2026-04-24T02:18:35.351Z] [stdout]     at safeInvoke (http://localhost:1420/src/lib/tauri/core.ts:119:35)
[2026-04-24T02:18:35.351Z] [stdout]     at async Object.generateComparisonPdf (http://localhost:1420/src/lib/tauri/reports.ts:32:20)
[2026-04-24T02:18:35.351Z] [stdout]     at async tryGenerateComparisonPdfNative (http://localhost:1420/src/lib/reports/client.ts:65:17)
[2026-04-24T02:18:35.351Z] [stdout]     at async generateComparisonPdfReportBlob (http://localhost:1420/src/lib/reports/client.ts:81:12)
[2026-04-24T02:18:35.351Z] [stdout]     at async http://localhost:1420/src/components/comparison/reports/hooks/useComparisonReportExport.ts:185:20
[2026-04-24T02:18:40.667Z] heartbeat: pid=11924 elapsed=165.1s
[2026-04-24T02:18:55.678Z] heartbeat: pid=11924 elapsed=180.1s
[2026-04-24T02:19:08.657Z] [stderr]         Info File src-tauri\src\commands\reports.rs changed. Rebuilding application...
[2026-04-24T02:19:08.660Z] [stderr]      Running DevCommand (`cargo  run --no-default-features --color always --`)
[2026-04-24T02:19:09.535Z] [stderr] [1m[92m   Compiling[0m rheolab-enterprise v0.2.0-beta.39 (D:\Development\Rheolab\src-tauri)
[2026-04-24T02:19:10.682Z] heartbeat: pid=11924 elapsed=195.1s
[2026-04-24T02:19:25.696Z] heartbeat: pid=11924 elapsed=210.1s
[2026-04-24T02:19:30.701Z] [stderr] [1m[96m    Building[0m [=======================> ] 823/825: rheolab…[1m[96m    Building[0m [=======================> ] 824/825: rheolab…                                                            [1m[92m    Finished[0m ]8;;https://doc.rust-lang.org/cargo/reference/profiles.html#default-profiles\`dev` profile [unoptimized + debuginfo]]8;;\ target(s) in 21.97s
[2026-04-24T02:19:30.748Z] [stderr] [1m[92m     Running[0m `target\debug\rheolab-enterprise.exe`
[2026-04-24T02:19:32.773Z] [stdout] [2m07:19:32[22m [36m[1m[vite][22m[39m [90m[2m(client)[22m[39m [32mpage reload [39m[2msrc/types/generated.d.ts[22m
[2026-04-24T02:19:37.771Z] [stdout] [2026-04-24][02:19:37][reqwest::connect][DEBUG] starting new connection: https://license.vizbuka.ru/
[2026-04-24T02:19:38.029Z] [stdout] [2026-04-24][02:19:38][reqwest::retry][TRACE] shouldn't retry!
[2026-04-24T02:19:40.706Z] heartbeat: pid=11924 elapsed=225.1s
[2026-04-24T02:19:41.751Z] [stderr] [1m[91merror[0m: process didn't exit successfully: `target\debug\rheolab-enterprise.exe` (exit code: 0xffffffff)
[2026-04-24T02:19:43.927Z] wrapper exit: code=4294967295 signal=null elapsed=228.3s
