[2026-04-21T04:53:51.079Z] wrapper start
[2026-04-21T04:53:51.079Z] cwd=D:\Development\Rheolab
[2026-04-21T04:53:51.079Z] command=npm.cmd exec tauri -- build
[2026-04-21T04:53:51.079Z] RHEOLAB_SKIP_VERSION_BUMP=1
[2026-04-21T04:53:51.080Z] INTEGRITY_SECRET_KEY present=true dev_sentinel=false
[2026-04-21T04:53:51.080Z] TAURI_SIGNING_PRIVATE_KEY present=true len=348
[2026-04-21T04:53:51.080Z] TAURI_SIGNING_PRIVATE_KEY_PASSWORD present=true
[2026-04-21T04:53:51.089Z] direct spawn failed (EINVAL), switching to shell fallback
[2026-04-21T04:53:51.090Z] using shell fallback: npm.cmd "exec" "tauri" "--" "build"
[2026-04-21T04:53:52.976Z] [stderr]         Info Looking up installed tauri packages to check mismatched versions...
[2026-04-21T04:53:53.693Z] [stderr]      Running beforeBuildCommand `npm run build`
[2026-04-21T04:53:53.904Z] [stdout] 
[2026-04-21T04:53:53.904Z] [stdout] > rheolab-enterprise@0.2.0-beta.11 build
[2026-04-21T04:53:53.904Z] [stdout] > vite build
[2026-04-21T04:53:53.904Z] [stdout] 
[2026-04-21T04:53:54.274Z] [stdout] [36mvite v6.4.1 [32mbuilding for production...[36m[39m
[2026-04-21T04:53:54.333Z] [stdout] transforming...
[2026-04-21T04:53:59.119Z] [stderr] [33m[plugin vite:resolve] Module "crypto" has been externalized for browser compatibility, imported by "D:/Development/Rheolab/src/lib/utils/encryption.ts". See https://vite.dev/guide/troubleshooting.html#module-externalized-for-browser-compatibility for more details.[39m
[2026-04-21T04:54:00.348Z] [stdout] [32m✓[39m 2907 modules transformed.
[2026-04-21T04:54:00.566Z] [stdout] rendering chunks...
[2026-04-21T04:54:00.676Z] [stdout] computing gzip size...
[2026-04-21T04:54:00.693Z] [stdout] [2mdist/[22m[32mindex.html                                  [39m[1m[2m  1.70 kB[22m[1m[22m[2m │ gzip:  0.85 kB[22m
[2026-04-21T04:54:00.695Z] [stdout] [2mdist/[22m[35massets/ChartErrorBoundary-Saz_VHki.css      [39m[1m[2m  1.63 kB[22m[1m[22m[2m │ gzip:  0.70 kB[22m
[2026-04-21T04:54:00.696Z] [stdout] [2mdist/[22m[35massets/main-B1JymbZ5.css                    [39m[1m[2m141.21 kB[22m[1m[22m[2m │ gzip: 20.41 kB[22m
[2026-04-21T04:54:00.696Z] [stdout] [2mdist/[22m[36massets/__vite-browser-external-BIHI7g3E.js  [39m[1m[2m  0.03 kB[22m[1m[22m[2m │ gzip:  0.05 kB[22m
[2026-04-21T04:54:00.696Z] [stdout] [2mdist/[22m[36massets/encryption-DfxupbTd.js               [39m[1m[2m  0.14 kB[22m[1m[22m[2m │ gzip:  0.15 kB[22m
[2026-04-21T04:54:00.696Z] [stdout] [2mdist/[22m[36massets/page-ag22mqCL.js                     [39m[1m[2m  0.17 kB[22m[1m[22m[2m │ gzip:  0.16 kB[22m
[2026-04-21T04:54:00.696Z] [stdout] [2mdist/[22m[36massets/page-CdAzp9Ph.js                     [39m[1m[2m  0.20 kB[22m[1m[22m[2m │ gzip:  0.17 kB[22m
[2026-04-21T04:54:00.696Z] [stdout] [2mdist/[22m[36massets/tauri-bridge-DZiZR19v.js             [39m[1m[2m  0.27 kB[22m[1m[22m[2m │ gzip:  0.20 kB[22m
[2026-04-21T04:54:00.696Z] [stdout] [2mdist/[22m[36massets/check-Dn-WG5Ws.js                    [39m[1m[2m  0.29 kB[22m[1m[22m[2m │ gzip:  0.24 kB[22m
[2026-04-21T04:54:00.696Z] [stdout] [2mdist/[22m[36massets/chevron-down-pKTdg49N.js             [39m[1m[2m  0.30 kB[22m[1m[22m[2m │ gzip:  0.25 kB[22m
[2026-04-21T04:54:00.696Z] [stdout] [2mdist/[22m[36massets/plus-CW-Twkyh.js                     [39m[1m[2m  0.33 kB[22m[1m[22m[2m │ gzip:  0.25 kB[22m
[2026-04-21T04:54:00.696Z] [stdout] [2mdist/[22m[36massets/circle-check-u5AQ5evp.js             [39m[1m[2m  0.35 kB[22m[1m[22m[2m │ gzip:  0.27 kB[22m
[2026-04-21T04:54:00.696Z] [stdout] [2mdist/[22m[36massets/rotate-ccw--w4TgQAx.js               [39m[1m[2m  0.37 kB[22m[1m[22m[2m │ gzip:  0.29 kB[22m
[2026-04-21T04:54:00.696Z] [stdout] [2mdist/[22m[36massets/upload-DdiFOP6y.js                   [39m[1m[2m  0.40 kB[22m[1m[22m[2m │ gzip:  0.30 kB[22m
[2026-04-21T04:54:00.696Z] [stdout] [2mdist/[22m[36massets/database-BO2EJsxd.js                 [39m[1m[2m  0.42 kB[22m[1m[22m[2m │ gzip:  0.31 kB[22m
[2026-04-21T04:54:00.697Z] [stdout] [2mdist/[22m[36massets/settings-2-Cw3fuio1.js               [39m[1m[2m  0.42 kB[22m[1m[22m[2m │ gzip:  0.30 kB[22m
[2026-04-21T04:54:00.697Z] [stdout] [2mdist/[22m[36massets/circle-alert-Ct-UiYNn.js             [39m[1m[2m  0.42 kB[22m[1m[22m[2m │ gzip:  0.29 kB[22m
[2026-04-21T04:54:00.697Z] [stdout] [2mdist/[22m[36massets/key-CvIgTn8t.js                      [39m[1m[2m  0.43 kB[22m[1m[22m[2m │ gzip:  0.32 kB[22m
[2026-04-21T04:54:00.697Z] [stdout] [2mdist/[22m[36massets/pencil-Dhal0NSt.js                   [39m[1m[2m  0.45 kB[22m[1m[22m[2m │ gzip:  0.33 kB[22m
[2026-04-21T04:54:00.697Z] [stdout] [2mdist/[22m[36massets/flask-conical-DHLvF031.js            [39m[1m[2m  0.47 kB[22m[1m[22m[2m │ gzip:  0.33 kB[22m
[2026-04-21T04:54:00.697Z] [stdout] [2mdist/[22m[36massets/trash-2-Dh0EfocA.js                  [39m[1m[2m  0.50 kB[22m[1m[22m[2m │ gzip:  0.32 kB[22m
[2026-04-21T04:54:00.697Z] [stdout] [2mdist/[22m[36massets/building-2-DWbgF2jk.js               [39m[1m[2m  0.56 kB[22m[1m[22m[2m │ gzip:  0.34 kB[22m
[2026-04-21T04:54:00.697Z] [stdout] [2mdist/[22m[36massets/input-W0BabSf5.js                    [39m[1m[2m  0.60 kB[22m[1m[22m[2m │ gzip:  0.38 kB[22m
[2026-04-21T04:54:00.697Z] [stdout] [2mdist/[22m[36massets/circle-x-Dg4x5OVx.js                 [39m[1m[2m  0.69 kB[22m[1m[22m[2m │ gzip:  0.36 kB[22m
[2026-04-21T04:54:00.701Z] [stdout] [2mdist/[22m[36massets/client-3rH6XuwN.js                   [39m[1m[2m  0.75 kB[22m[1m[22m[2m │ gzip:  0.40 kB[22m
[2026-04-21T04:54:00.701Z] [stdout] [2mdist/[22m[36massets/useFocusTrap-DBIo29X4.js             [39m[1m[2m  0.84 kB[22m[1m[22m[2m │ gzip:  0.44 kB[22m
[2026-04-21T04:54:00.701Z] [stdout] [2mdist/[22m[36massets/search-icwgJ8K8.js                   [39m[1m[2m  0.89 kB[22m[1m[22m[2m │ gzip:  0.42 kB[22m
[2026-04-21T04:54:00.701Z] [stdout] [2mdist/[22m[36massets/card-B50n16Hu.js                     [39m[1m[2m  1.06 kB[22m[1m[22m[2m │ gzip:  0.41 kB[22m
[2026-04-21T04:54:00.701Z] [stdout] [2mdist/[22m[36massets/ruler-bljvUSZS.js                    [39m[1m[2m  1.31 kB[22m[1m[22m[2m │ gzip:  0.54 kB[22m
[2026-04-21T04:54:00.701Z] [stdout] [2mdist/[22m[36massets/branding-store-CNUMc-pJ.js           [39m[1m[2m  1.36 kB[22m[1m[22m[2m │ gzip:  0.59 kB[22m
[2026-04-21T04:54:00.701Z] [stdout] [2mdist/[22m[36massets/index-7VLyG0FM.js                    [39m[1m[2m  1.89 kB[22m[1m[22m[2m │ gzip:  0.92 kB[22m
[2026-04-21T04:54:00.701Z] [stdout] [2mdist/[22m[36massets/button-BwLwRxPu.js                   [39m[1m[2m  1.94 kB[22m[1m[22m[2m │ gzip:  0.96 kB[22m
[2026-04-21T04:54:00.701Z] [stdout] [2mdist/[22m[36massets/alert-dialog-HQ0OWdXT.js             [39m[1m[2m  2.12 kB[22m[1m[22m[2m │ gzip:  0.77 kB[22m
[2026-04-21T04:54:00.701Z] [stdout] [2mdist/[22m[36massets/TrialBanner-CjitJEjU.js              [39m[1m[2m  2.26 kB[22m[1m[22m[2m │ gzip:  1.22 kB[22m
[2026-04-21T04:54:00.701Z] [stdout] [2mdist/[22m[36massets/label-COkvJHGN.js                    [39m[1m[2m  2.52 kB[22m[1m[22m[2m │ gzip:  0.95 kB[22m
[2026-04-21T04:54:00.701Z] [stdout] [2mdist/[22m[36massets/BrandingManager-AIJR4Oos.js          [39m[1m[2m  2.55 kB[22m[1m[22m[2m │ gzip:  1.16 kB[22m
[2026-04-21T04:54:00.701Z] [stdout] [2mdist/[22m[36massets/index-DSPvxftR.js                    [39m[1m[2m  3.59 kB[22m[1m[22m[2m │ gzip:  1.31 kB[22m
[2026-04-21T04:54:00.702Z] [stdout] [2mdist/[22m[36massets/chart-settings-store-I1I-Bi9K.js     [39m[1m[2m  3.90 kB[22m[1m[22m[2m │ gzip:  1.41 kB[22m
[2026-04-21T04:54:00.702Z] [stdout] [2mdist/[22m[36massets/expert-settings-panel-C9PiPosf.js    [39m[1m[2m  3.90 kB[22m[1m[22m[2m │ gzip:  1.39 kB[22m
[2026-04-21T04:54:00.702Z] [stdout] [2mdist/[22m[36massets/LicenseActivationDialog-GZcvDYEa.js  [39m[1m[2m  5.38 kB[22m[1m[22m[2m │ gzip:  2.14 kB[22m
[2026-04-21T04:54:00.702Z] [stdout] [2mdist/[22m[36massets/LaboratoryManager-DDA8h6c_.js        [39m[1m[2m  5.61 kB[22m[1m[22m[2m │ gzip:  1.95 kB[22m
[2026-04-21T04:54:00.702Z] [stdout] [2mdist/[22m[36massets/LogViewer-CUi0JC_k.js                [39m[1m[2m  5.76 kB[22m[1m[22m[2m │ gzip:  2.43 kB[22m
[2026-04-21T04:54:00.702Z] [stdout] [2mdist/[22m[36massets/BackupManager-D9U5dwba.js            [39m[1m[2m  5.80 kB[22m[1m[22m[2m │ gzip:  2.23 kB[22m
[2026-04-21T04:54:00.702Z] [stdout] [2mdist/[22m[36massets/OperatorManager-AcfJeRg1.js          [39m[1m[2m  5.91 kB[22m[1m[22m[2m │ gzip:  2.14 kB[22m
[2026-04-21T04:54:00.702Z] [stdout] [2mdist/[22m[36massets/ExperimentExportImport-DY_c1dD7.js   [39m[1m[2m  8.33 kB[22m[1m[22m[2m │ gzip:  2.94 kB[22m
[2026-04-21T04:54:00.702Z] [stdout] [2mdist/[22m[36massets/APIKeyManager-BWSufLQh.js            [39m[1m[2m  8.79 kB[22m[1m[22m[2m │ gzip:  3.06 kB[22m
[2026-04-21T04:54:00.702Z] [stdout] [2mdist/[22m[36massets/client-NwS1jhS_.js                   [39m[1m[2m  9.13 kB[22m[1m[22m[2m │ gzip:  3.65 kB[22m
[2026-04-21T04:54:00.702Z] [stdout] [2mdist/[22m[36massets/AppSettingsExporter-BB6jxWia.js      [39m[1m[2m 10.98 kB[22m[1m[22m[2m │ gzip:  3.62 kB[22m
[2026-04-21T04:54:00.702Z] [stdout] [2mdist/[22m[36massets/ru-C8Cx8G0_.js                       [39m[1m[2m 12.58 kB[22m[1m[22m[2m │ gzip:  3.14 kB[22m
[2026-04-21T04:54:00.702Z] [stdout] [2mdist/[22m[36massets/ChartSettingsManager-RvU2SzYs.js     [39m[1m[2m 13.34 kB[22m[1m[22m[2m │ gzip:  4.08 kB[22m
[2026-04-21T04:54:00.703Z] [stdout] [2mdist/[22m[36massets/useToast-BlrD6FbH.js                 [39m[1m[2m 14.36 kB[22m[1m[22m[2m │ gzip:  5.66 kB[22m
[2026-04-21T04:54:00.703Z] [stdout] [2mdist/[22m[36massets/ChartErrorBoundary-RdN_aDp1.js       [39m[1m[2m 15.03 kB[22m[1m[22m[2m │ gzip:  6.27 kB[22m
[2026-04-21T04:54:00.703Z] [stdout] [2mdist/[22m[36massets/vendor-date-B1cgXEfA.js              [39m[1m[2m 20.00 kB[22m[1m[22m[2m │ gzip:  5.73 kB[22m
[2026-04-21T04:54:00.703Z] [stdout] [2mdist/[22m[36massets/page-CxZ2a9-w.js                     [39m[1m[2m 29.11 kB[22m[1m[22m[2m │ gzip:  7.62 kB[22m
[2026-04-21T04:54:00.703Z] [stdout] [2mdist/[22m[36massets/page-DJvKUEyf.js                     [39m[1m[2m 40.89 kB[22m[1m[22m[2m │ gzip: 13.06 kB[22m
[2026-04-21T04:54:00.703Z] [stdout] [2mdist/[22m[36massets/vendor-react-VsJEmFiX.js             [39m[1m[2m 48.76 kB[22m[1m[22m[2m │ gzip: 17.28 kB[22m
[2026-04-21T04:54:00.703Z] [stdout] [2mdist/[22m[36massets/vendor-charts-CziCK5UB.js            [39m[1m[2m 52.27 kB[22m[1m[22m[2m │ gzip: 23.28 kB[22m
[2026-04-21T04:54:00.703Z] [stdout] [2mdist/[22m[36massets/page-gKTz-P1w.js                     [39m[1m[2m 92.66 kB[22m[1m[22m[2m │ gzip: 23.28 kB[22m
[2026-04-21T04:54:00.703Z] [stdout] [2mdist/[22m[36massets/vendor-radix-wOjfjdRn.js             [39m[1m[2m113.50 kB[22m[1m[22m[2m │ gzip: 36.46 kB[22m
[2026-04-21T04:54:00.703Z] [stdout] [2mdist/[22m[36massets/DashboardContent-lAVe08ia.js         [39m[1m[2m121.08 kB[22m[1m[22m[2m │ gzip: 31.38 kB[22m
[2026-04-21T04:54:00.703Z] [stdout] [2mdist/[22m[36massets/page-BtlHeOJp.js                     [39m[1m[2m132.62 kB[22m[1m[22m[2m │ gzip: 38.21 kB[22m
[2026-04-21T04:54:00.703Z] [stdout] [2mdist/[22m[36massets/main-B3MJwT6m.js                     [39m[1m[2m278.21 kB[22m[1m[22m[2m │ gzip: 88.42 kB[22m
[2026-04-21T04:54:00.703Z] [stdout] [32m✓ built in 6.40s[39m
[2026-04-21T04:54:06.104Z] heartbeat: pid=8080 elapsed=15.0s
[2026-04-21T04:54:21.114Z] heartbeat: pid=8080 elapsed=30.0s
[2026-04-21T04:54:28.424Z] [stderr]    Compiling rheolab-enterprise v0.2.0-beta.11 (D:\Development\Rheolab\src-tauri)
[2026-04-21T04:54:36.125Z] heartbeat: pid=8080 elapsed=45.0s
[2026-04-21T04:54:51.129Z] heartbeat: pid=8080 elapsed=60.0s
[2026-04-21T04:55:06.136Z] heartbeat: pid=8080 elapsed=75.1s
[2026-04-21T04:55:21.147Z] heartbeat: pid=8080 elapsed=90.1s
[2026-04-21T04:55:36.147Z] heartbeat: pid=8080 elapsed=105.1s
[2026-04-21T04:55:51.154Z] heartbeat: pid=8080 elapsed=120.1s
[2026-04-21T04:56:06.155Z] heartbeat: pid=8080 elapsed=135.1s
[2026-04-21T04:56:21.156Z] heartbeat: pid=8080 elapsed=150.1s
[2026-04-21T04:56:36.181Z] heartbeat: pid=8080 elapsed=165.1s
[2026-04-21T04:56:51.192Z] heartbeat: pid=8080 elapsed=180.1s
[2026-04-21T04:57:06.197Z] heartbeat: pid=8080 elapsed=195.1s
[2026-04-21T04:57:21.197Z] heartbeat: pid=8080 elapsed=210.1s
[2026-04-21T04:57:36.198Z] heartbeat: pid=8080 elapsed=225.1s
[2026-04-21T04:57:47.315Z] [stderr]     Finished `release` profile [optimized] target(s) in 3m 46s
[2026-04-21T04:57:47.364Z] [stderr]        Built application at: D:\Development\Rheolab\src-tauri\target\release\rheolab-enterprise.exe
[2026-04-21T04:57:47.366Z] [stderr]         Info Patching binary "D:\\Development\\Rheolab\\src-tauri\\target\\release\\rheolab-enterprise.exe" for type nsis
[2026-04-21T04:57:47.393Z] [stderr]         Info Target: x64
[2026-04-21T04:57:47.406Z] [stderr]      Running makensis to produce D:\Development\Rheolab\src-tauri\target\release\bundle\nsis\RheoLab Enterprise_0.2.0-beta.11_x64-setup.exe
[2026-04-21T04:57:51.199Z] heartbeat: pid=8080 elapsed=240.1s
[2026-04-21T04:58:00.031Z] [stderr]     Finished 1 bundle at:
[2026-04-21T04:58:00.031Z] [stderr]         D:\Development\Rheolab\src-tauri\target\release\bundle\nsis\RheoLab Enterprise_0.2.0-beta.11_x64-setup.exe
[2026-04-21T04:58:00.031Z] [stderr] 
[2026-04-21T04:58:00.051Z] wrapper exit: code=0 signal=null elapsed=249.0s
[2026-04-21T04:58:00.051Z] post-build sign: signing RheoLab Enterprise_0.2.0-beta.11_x64-setup.exe
[2026-04-21T04:58:00.731Z] post-build sign: success → RheoLab Enterprise_0.2.0-beta.11_x64-setup.exe.sig
