[2026-04-23T16:21:41.048Z] wrapper start
[2026-04-23T16:21:41.049Z] cwd=D:\Development\Rheolab
[2026-04-23T16:21:41.049Z] command=npm.cmd exec tauri -- build
[2026-04-23T16:21:41.049Z] RHEOLAB_SKIP_VERSION_BUMP=
[2026-04-23T16:21:41.049Z] INTEGRITY_SECRET_KEY present=true dev_sentinel=false
[2026-04-23T16:21:41.049Z] TAURI_SIGNING_PRIVATE_KEY present=true len=348
[2026-04-23T16:21:41.049Z] TAURI_SIGNING_PRIVATE_KEY_PASSWORD present=true
[2026-04-23T16:21:41.051Z] direct spawn failed (EINVAL), switching to shell fallback
[2026-04-23T16:21:41.051Z] using shell fallback: npm.cmd "exec" "tauri" "--" "build"
[2026-04-23T16:21:41.737Z] [stderr]         Info Looking up installed tauri packages to check mismatched versions...
[2026-04-23T16:21:42.463Z] [stderr]      Running beforeBuildCommand `npm run build`
[2026-04-23T16:21:42.716Z] [stdout] 
[2026-04-23T16:21:42.716Z] [stdout] > rheolab-enterprise@0.2.0-beta.35 build
[2026-04-23T16:21:42.716Z] [stdout] > vite build
[2026-04-23T16:21:42.716Z] [stdout] 
[2026-04-23T16:21:43.026Z] [stdout] [36mvite v6.4.2 [32mbuilding for production...[36m[39m
[2026-04-23T16:21:43.066Z] [stdout] transforming...
[2026-04-23T16:21:52.951Z] [stderr] [33m[plugin vite:resolve] Module "crypto" has been externalized for browser compatibility, imported by "D:/Development/Rheolab/src/lib/utils/encryption.ts". See https://vite.dev/guide/troubleshooting.html#module-externalized-for-browser-compatibility for more details.[39m
[2026-04-23T16:21:54.187Z] [stdout] [32m✓[39m 2935 modules transformed.
[2026-04-23T16:21:54.453Z] [stdout] rendering chunks...
[2026-04-23T16:21:54.564Z] [stdout] computing gzip size...
[2026-04-23T16:21:54.579Z] [stdout] [2mdist/[22m[32mindex.html                                  [39m[1m[2m  1.70 kB[22m[1m[22m[2m │ gzip:  0.86 kB[22m
[2026-04-23T16:21:54.583Z] [stdout] [2mdist/[22m[35massets/report-save-Saz_VHki.css             [39m[1m[2m  1.63 kB[22m[1m[22m[2m │ gzip:  0.70 kB[22m
[2026-04-23T16:21:54.584Z] [stdout] [2mdist/[22m[35massets/main-72gHknkz.css                    [39m[1m[2m143.30 kB[22m[1m[22m[2m │ gzip: 20.68 kB[22m
[2026-04-23T16:21:54.584Z] [stdout] [2mdist/[22m[36massets/__vite-browser-external-BIHI7g3E.js  [39m[1m[2m  0.03 kB[22m[1m[22m[2m │ gzip:  0.05 kB[22m
[2026-04-23T16:21:54.584Z] [stdout] [2mdist/[22m[36massets/encryption-BW13qz0B.js               [39m[1m[2m  0.14 kB[22m[1m[22m[2m │ gzip:  0.15 kB[22m
[2026-04-23T16:21:54.584Z] [stdout] [2mdist/[22m[36massets/page-ag22mqCL.js                     [39m[1m[2m  0.17 kB[22m[1m[22m[2m │ gzip:  0.16 kB[22m
[2026-04-23T16:21:54.584Z] [stdout] [2mdist/[22m[36massets/page-CdAzp9Ph.js                     [39m[1m[2m  0.20 kB[22m[1m[22m[2m │ gzip:  0.17 kB[22m
[2026-04-23T16:21:54.584Z] [stdout] [2mdist/[22m[36massets/tauri-bridge-h9eY-swF.js             [39m[1m[2m  0.27 kB[22m[1m[22m[2m │ gzip:  0.20 kB[22m
[2026-04-23T16:21:54.584Z] [stdout] [2mdist/[22m[36massets/check-DFqyqCc0.js                    [39m[1m[2m  0.29 kB[22m[1m[22m[2m │ gzip:  0.24 kB[22m
[2026-04-23T16:21:54.584Z] [stdout] [2mdist/[22m[36massets/chevron-up-CISixCuG.js               [39m[1m[2m  0.30 kB[22m[1m[22m[2m │ gzip:  0.25 kB[22m
[2026-04-23T16:21:54.584Z] [stdout] [2mdist/[22m[36massets/chevron-down-CFP8y6NC.js             [39m[1m[2m  0.30 kB[22m[1m[22m[2m │ gzip:  0.25 kB[22m
[2026-04-23T16:21:54.584Z] [stdout] [2mdist/[22m[36massets/plus-6NwWiDdP.js                     [39m[1m[2m  0.33 kB[22m[1m[22m[2m │ gzip:  0.25 kB[22m
[2026-04-23T16:21:54.584Z] [stdout] [2mdist/[22m[36massets/circle-check-Dl4YbQk9.js             [39m[1m[2m  0.35 kB[22m[1m[22m[2m │ gzip:  0.27 kB[22m
[2026-04-23T16:21:54.584Z] [stdout] [2mdist/[22m[36massets/rotate-ccw-D8FbdL6B.js               [39m[1m[2m  0.37 kB[22m[1m[22m[2m │ gzip:  0.29 kB[22m
[2026-04-23T16:21:54.584Z] [stdout] [2mdist/[22m[36massets/upload-BxJj1JyN.js                   [39m[1m[2m  0.40 kB[22m[1m[22m[2m │ gzip:  0.30 kB[22m
[2026-04-23T16:21:54.584Z] [stdout] [2mdist/[22m[36massets/settings-2-DksnZdfX.js               [39m[1m[2m  0.42 kB[22m[1m[22m[2m │ gzip:  0.30 kB[22m
[2026-04-23T16:21:54.585Z] [stdout] [2mdist/[22m[36massets/circle-alert-COkSW4d0.js             [39m[1m[2m  0.42 kB[22m[1m[22m[2m │ gzip:  0.29 kB[22m
[2026-04-23T16:21:54.585Z] [stdout] [2mdist/[22m[36massets/key-CXIkntbL.js                      [39m[1m[2m  0.43 kB[22m[1m[22m[2m │ gzip:  0.32 kB[22m
[2026-04-23T16:21:54.585Z] [stdout] [2mdist/[22m[36massets/pencil-JZ8wg9KT.js                   [39m[1m[2m  0.45 kB[22m[1m[22m[2m │ gzip:  0.33 kB[22m
[2026-04-23T16:21:54.585Z] [stdout] [2mdist/[22m[36massets/flask-conical-C-56mYx_.js            [39m[1m[2m  0.47 kB[22m[1m[22m[2m │ gzip:  0.33 kB[22m
[2026-04-23T16:21:54.585Z] [stdout] [2mdist/[22m[36massets/trash-2-05BqfYcW.js                  [39m[1m[2m  0.50 kB[22m[1m[22m[2m │ gzip:  0.32 kB[22m
[2026-04-23T16:21:54.585Z] [stdout] [2mdist/[22m[36massets/file-down-4oPWUQvg.js                [39m[1m[2m  0.53 kB[22m[1m[22m[2m │ gzip:  0.35 kB[22m
[2026-04-23T16:21:54.585Z] [stdout] [2mdist/[22m[36massets/branding-store-BJAgZTdB.js           [39m[1m[2m  0.54 kB[22m[1m[22m[2m │ gzip:  0.29 kB[22m
[2026-04-23T16:21:54.585Z] [stdout] [2mdist/[22m[36massets/building-2-DsUADOH1.js               [39m[1m[2m  0.56 kB[22m[1m[22m[2m │ gzip:  0.34 kB[22m
[2026-04-23T16:21:54.585Z] [stdout] [2mdist/[22m[36massets/input-C9GtVJdF.js                    [39m[1m[2m  0.60 kB[22m[1m[22m[2m │ gzip:  0.38 kB[22m
[2026-04-23T16:21:54.585Z] [stdout] [2mdist/[22m[36massets/circle-x-C5yveMbZ.js                 [39m[1m[2m  0.69 kB[22m[1m[22m[2m │ gzip:  0.36 kB[22m
[2026-04-23T16:21:54.585Z] [stdout] [2mdist/[22m[36massets/user-BtUq6vRY.js                     [39m[1m[2m  0.74 kB[22m[1m[22m[2m │ gzip:  0.38 kB[22m
[2026-04-23T16:21:54.585Z] [stdout] [2mdist/[22m[36massets/client-DhtBCvgf.js                   [39m[1m[2m  0.75 kB[22m[1m[22m[2m │ gzip:  0.40 kB[22m
[2026-04-23T16:21:54.585Z] [stdout] [2mdist/[22m[36massets/calendar-C_BM46qX.js                 [39m[1m[2m  0.79 kB[22m[1m[22m[2m │ gzip:  0.41 kB[22m
[2026-04-23T16:21:54.585Z] [stdout] [2mdist/[22m[36massets/useFocusTrap-DBIo29X4.js             [39m[1m[2m  0.84 kB[22m[1m[22m[2m │ gzip:  0.44 kB[22m
[2026-04-23T16:21:54.585Z] [stdout] [2mdist/[22m[36massets/search-Bm-lr0CB.js                   [39m[1m[2m  0.89 kB[22m[1m[22m[2m │ gzip:  0.42 kB[22m
[2026-04-23T16:21:54.585Z] [stdout] [2mdist/[22m[36massets/update-install-RPYJFxhV.js           [39m[1m[2m  1.11 kB[22m[1m[22m[2m │ gzip:  0.62 kB[22m
[2026-04-23T16:21:54.585Z] [stdout] [2mdist/[22m[36massets/settings-BdA5BzCc.js                 [39m[1m[2m  1.43 kB[22m[1m[22m[2m │ gzip:  0.53 kB[22m
[2026-04-23T16:21:54.585Z] [stdout] [2mdist/[22m[36massets/card-DxdvEV01.js                     [39m[1m[2m  1.58 kB[22m[1m[22m[2m │ gzip:  0.67 kB[22m
[2026-04-23T16:21:54.585Z] [stdout] [2mdist/[22m[36massets/index-Cjxb3QWl.js                    [39m[1m[2m  1.89 kB[22m[1m[22m[2m │ gzip:  0.92 kB[22m
[2026-04-23T16:21:54.585Z] [stdout] [2mdist/[22m[36massets/button-B5DSJb29.js                   [39m[1m[2m  1.94 kB[22m[1m[22m[2m │ gzip:  0.96 kB[22m
[2026-04-23T16:21:54.586Z] [stdout] [2mdist/[22m[36massets/PrecisionSettingsCard-BQg1W27C.js    [39m[1m[2m  2.05 kB[22m[1m[22m[2m │ gzip:  0.98 kB[22m
[2026-04-23T16:21:54.586Z] [stdout] [2mdist/[22m[36massets/alert-dialog-CoUC_koP.js             [39m[1m[2m  2.12 kB[22m[1m[22m[2m │ gzip:  0.77 kB[22m
[2026-04-23T16:21:54.586Z] [stdout] [2mdist/[22m[36massets/TrialBanner-CF4fWXw-.js              [39m[1m[2m  2.26 kB[22m[1m[22m[2m │ gzip:  1.22 kB[22m
[2026-04-23T16:21:54.586Z] [stdout] [2mdist/[22m[36massets/label-Cc6pv1Z2.js                    [39m[1m[2m  2.52 kB[22m[1m[22m[2m │ gzip:  0.95 kB[22m
[2026-04-23T16:21:54.586Z] [stdout] [2mdist/[22m[36massets/BrandingManager-G1x7M9Sc.js          [39m[1m[2m  2.55 kB[22m[1m[22m[2m │ gzip:  1.16 kB[22m
[2026-04-23T16:21:54.586Z] [stdout] [2mdist/[22m[36massets/UpdateChecker-7-AMV6m2.js            [39m[1m[2m  3.38 kB[22m[1m[22m[2m │ gzip:  1.46 kB[22m
[2026-04-23T16:21:54.586Z] [stdout] [2mdist/[22m[36massets/index-BnIQqjo1.js                    [39m[1m[2m  3.66 kB[22m[1m[22m[2m │ gzip:  1.35 kB[22m
[2026-04-23T16:21:54.586Z] [stdout] [2mdist/[22m[36massets/expert-settings-panel-sbioUuf5.js    [39m[1m[2m  3.89 kB[22m[1m[22m[2m │ gzip:  1.39 kB[22m
[2026-04-23T16:21:54.586Z] [stdout] [2mdist/[22m[36massets/UnitSystemCard-DHbnMhPA.js           [39m[1m[2m  4.22 kB[22m[1m[22m[2m │ gzip:  1.76 kB[22m
[2026-04-23T16:21:54.586Z] [stdout] [2mdist/[22m[36massets/settings-shared-Cjk_IZEw.js          [39m[1m[2m  4.51 kB[22m[1m[22m[2m │ gzip:  1.75 kB[22m
[2026-04-23T16:21:54.586Z] [stdout] [2mdist/[22m[36massets/LicenseActivationDialog-DzzsApjF.js  [39m[1m[2m  5.38 kB[22m[1m[22m[2m │ gzip:  2.14 kB[22m
[2026-04-23T16:21:54.586Z] [stdout] [2mdist/[22m[36massets/LaboratoryManager-Dzlg_dGt.js        [39m[1m[2m  5.61 kB[22m[1m[22m[2m │ gzip:  1.96 kB[22m
[2026-04-23T16:21:54.586Z] [stdout] [2mdist/[22m[36massets/LogViewer-D6S-qsxf.js                [39m[1m[2m  5.76 kB[22m[1m[22m[2m │ gzip:  2.43 kB[22m
[2026-04-23T16:21:54.586Z] [stdout] [2mdist/[22m[36massets/BackupManager-OlYemCts.js            [39m[1m[2m  5.80 kB[22m[1m[22m[2m │ gzip:  2.23 kB[22m
[2026-04-23T16:21:54.586Z] [stdout] [2mdist/[22m[36massets/OperatorManager-Dhbf8Vwk.js          [39m[1m[2m  5.91 kB[22m[1m[22m[2m │ gzip:  2.15 kB[22m
[2026-04-23T16:21:54.586Z] [stdout] [2mdist/[22m[36massets/chart-settings-store-CL1HiOqy.js     [39m[1m[2m  5.94 kB[22m[1m[22m[2m │ gzip:  2.07 kB[22m
[2026-04-23T16:21:54.586Z] [stdout] [2mdist/[22m[36massets/ChartSettingsManager-CsPrcalq.js     [39m[1m[2m  7.86 kB[22m[1m[22m[2m │ gzip:  2.64 kB[22m
[2026-04-23T16:21:54.588Z] [stdout] [2mdist/[22m[36massets/ExperimentExportImport-C_PFgHTB.js   [39m[1m[2m  7.96 kB[22m[1m[22m[2m │ gzip:  2.94 kB[22m
[2026-04-23T16:21:54.588Z] [stdout] [2mdist/[22m[36massets/APIKeyManager-C2K6dO-F.js            [39m[1m[2m  8.79 kB[22m[1m[22m[2m │ gzip:  3.06 kB[22m
[2026-04-23T16:21:54.588Z] [stdout] [2mdist/[22m[36massets/client-BfIHpVjW.js                   [39m[1m[2m  9.69 kB[22m[1m[22m[2m │ gzip:  3.95 kB[22m
[2026-04-23T16:21:54.588Z] [stdout] [2mdist/[22m[36massets/AppSettingsExporter-CjtudoQT.js      [39m[1m[2m 11.08 kB[22m[1m[22m[2m │ gzip:  3.67 kB[22m
[2026-04-23T16:21:54.588Z] [stdout] [2mdist/[22m[36massets/ru-C8Cx8G0_.js                       [39m[1m[2m 12.58 kB[22m[1m[22m[2m │ gzip:  3.14 kB[22m
[2026-04-23T16:21:54.588Z] [stdout] [2mdist/[22m[36massets/useToast-C_KAQMqO.js                 [39m[1m[2m 14.15 kB[22m[1m[22m[2m │ gzip:  5.63 kB[22m
[2026-04-23T16:21:54.589Z] [stdout] [2mdist/[22m[36massets/vendor-date-B1cgXEfA.js              [39m[1m[2m 20.00 kB[22m[1m[22m[2m │ gzip:  5.73 kB[22m
[2026-04-23T16:21:54.589Z] [stdout] [2mdist/[22m[36massets/page-DkkY1y1g.js                     [39m[1m[2m 27.67 kB[22m[1m[22m[2m │ gzip:  7.47 kB[22m
[2026-04-23T16:21:54.589Z] [stdout] [2mdist/[22m[36massets/report-save-ClGEXOYm.js              [39m[1m[2m 34.79 kB[22m[1m[22m[2m │ gzip: 11.81 kB[22m
[2026-04-23T16:21:54.589Z] [stdout] [2mdist/[22m[36massets/vendor-react-VsJEmFiX.js             [39m[1m[2m 48.76 kB[22m[1m[22m[2m │ gzip: 17.28 kB[22m
[2026-04-23T16:21:54.589Z] [stdout] [2mdist/[22m[36massets/vendor-charts-CziCK5UB.js            [39m[1m[2m 52.27 kB[22m[1m[22m[2m │ gzip: 23.28 kB[22m
[2026-04-23T16:21:54.589Z] [stdout] [2mdist/[22m[36massets/page-B0OhPotq.js                     [39m[1m[2m 57.32 kB[22m[1m[22m[2m │ gzip: 17.14 kB[22m
[2026-04-23T16:21:54.589Z] [stdout] [2mdist/[22m[36massets/page-BOsWJUA4.js                     [39m[1m[2m101.11 kB[22m[1m[22m[2m │ gzip: 25.95 kB[22m
[2026-04-23T16:21:54.589Z] [stdout] [2mdist/[22m[36massets/vendor-radix-wOjfjdRn.js             [39m[1m[2m113.50 kB[22m[1m[22m[2m │ gzip: 36.46 kB[22m
[2026-04-23T16:21:54.589Z] [stdout] [2mdist/[22m[36massets/DashboardContent-CUmkiJ5c.js         [39m[1m[2m116.44 kB[22m[1m[22m[2m │ gzip: 30.32 kB[22m
[2026-04-23T16:21:54.589Z] [stdout] [2mdist/[22m[36massets/page-CPYoN9Dy.js                     [39m[1m[2m136.17 kB[22m[1m[22m[2m │ gzip: 39.39 kB[22m
[2026-04-23T16:21:54.589Z] [stdout] [2mdist/[22m[36massets/main-Cg3qWJv6.js                     [39m[1m[2m271.84 kB[22m[1m[22m[2m │ gzip: 86.19 kB[22m
[2026-04-23T16:21:54.589Z] [stdout] [32m✓ built in 11.54s[39m
[2026-04-23T16:21:55.760Z] [stderr]    Compiling rheolab-core v0.1.0 (D:\Development\Rheolab\src\rust\rheolab-core)
[2026-04-23T16:21:56.062Z] heartbeat: pid=22348 elapsed=15.0s
[2026-04-23T16:21:59.021Z] [stderr]    Compiling rheolab-enterprise v0.2.0-beta.35 (D:\Development\Rheolab\src-tauri)
[2026-04-23T16:22:11.071Z] heartbeat: pid=22348 elapsed=30.0s
[2026-04-23T16:22:26.071Z] heartbeat: pid=22348 elapsed=45.0s
[2026-04-23T16:22:41.079Z] heartbeat: pid=22348 elapsed=60.0s
[2026-04-23T16:22:56.095Z] heartbeat: pid=22348 elapsed=75.0s
[2026-04-23T16:23:11.100Z] heartbeat: pid=22348 elapsed=90.1s
[2026-04-23T16:23:26.102Z] heartbeat: pid=22348 elapsed=105.1s
[2026-04-23T16:23:41.105Z] heartbeat: pid=22348 elapsed=120.1s
[2026-04-23T16:23:56.115Z] heartbeat: pid=22348 elapsed=135.1s
[2026-04-23T16:24:11.129Z] heartbeat: pid=22348 elapsed=150.1s
[2026-04-23T16:24:26.134Z] heartbeat: pid=22348 elapsed=165.1s
[2026-04-23T16:24:41.136Z] heartbeat: pid=22348 elapsed=180.1s
[2026-04-23T16:24:56.149Z] heartbeat: pid=22348 elapsed=195.1s
[2026-04-23T16:25:11.163Z] heartbeat: pid=22348 elapsed=210.1s
[2026-04-23T16:25:12.890Z] [stderr]     Finished `release` profile [optimized] target(s) in 3m 17s
[2026-04-23T16:25:12.935Z] [stderr]        Built application at: D:\Development\Rheolab\src-tauri\target\release\rheolab-enterprise.exe
[2026-04-23T16:25:12.935Z] [stderr]         Info Patching binary "D:\\Development\\Rheolab\\src-tauri\\target\\release\\rheolab-enterprise.exe" for type nsis
[2026-04-23T16:25:12.946Z] [stderr]         Warn Failed to add bundler type to the binary: __TAURI_BUNDLE_TYPE variable not found in binary. Make sure tauri crate and tauri-cli are up to date. Updater plugin may not be able to update this package. This shouldn't normally happen, please report it to https://github.com/tauri-apps/tauri/issues
[2026-04-23T16:25:12.948Z] [stderr]         Info Target: x64
[2026-04-23T16:25:12.957Z] [stderr]      Running makensis to produce D:\Development\Rheolab\src-tauri\target\release\bundle\nsis\RheoLab Enterprise_0.2.0-beta.35_x64-setup.exe
[2026-04-23T16:25:26.171Z] heartbeat: pid=22348 elapsed=225.1s
[2026-04-23T16:25:26.293Z] [stderr]     Finished 1 bundle at:
[2026-04-23T16:25:26.294Z] [stderr]         D:\Development\Rheolab\src-tauri\target\release\bundle\nsis\RheoLab Enterprise_0.2.0-beta.35_x64-setup.exe
[2026-04-23T16:25:26.294Z] [stderr] 
[2026-04-23T16:25:26.316Z] wrapper exit: code=0 signal=null elapsed=225.3s
[2026-04-23T16:25:26.317Z] post-build sign: signing RheoLab Enterprise_0.2.0-beta.35_x64-setup.exe
[2026-04-23T16:25:27.023Z] post-build sign: success → RheoLab Enterprise_0.2.0-beta.35_x64-setup.exe.sig
