[2026-04-24T14:22:20.880Z] wrapper start
[2026-04-24T14:22:20.880Z] cwd=D:\Development\Rheolab
[2026-04-24T14:22:20.880Z] command=npm.cmd exec tauri -- build
[2026-04-24T14:22:20.880Z] RHEOLAB_SKIP_VERSION_BUMP=
[2026-04-24T14:22:20.880Z] INTEGRITY_SECRET_KEY present=true dev_sentinel=false
[2026-04-24T14:22:20.880Z] TAURI_SIGNING_PRIVATE_KEY present=true len=348
[2026-04-24T14:22:20.881Z] TAURI_SIGNING_PRIVATE_KEY_PASSWORD present=true
[2026-04-24T14:22:20.882Z] direct spawn failed (EINVAL), switching to shell fallback
[2026-04-24T14:22:20.882Z] using shell fallback: npm.cmd "exec" "tauri" "--" "build"
[2026-04-24T14:22:21.595Z] [stderr]         Info Looking up installed tauri packages to check mismatched versions...
[2026-04-24T14:22:22.375Z] [stderr]      Running beforeBuildCommand `npm run build`
[2026-04-24T14:22:22.596Z] [stdout] 
[2026-04-24T14:22:22.596Z] [stdout] > rheolab-enterprise@0.2.0-beta.45 build
[2026-04-24T14:22:22.596Z] [stdout] > vite build
[2026-04-24T14:22:22.596Z] [stdout] 
[2026-04-24T14:22:22.906Z] [stdout] [36mvite v6.4.2 [32mbuilding for production...[36m[39m
[2026-04-24T14:22:22.962Z] [stdout] transforming...
[2026-04-24T14:22:33.835Z] [stderr] [33m[plugin vite:resolve] Module "crypto" has been externalized for browser compatibility, imported by "D:/Development/Rheolab/src/lib/utils/encryption.ts". See https://vite.dev/guide/troubleshooting.html#module-externalized-for-browser-compatibility for more details.[39m
[2026-04-24T14:22:35.174Z] [stdout] [32m✓[39m 2936 modules transformed.
[2026-04-24T14:22:35.400Z] [stdout] rendering chunks...
[2026-04-24T14:22:35.510Z] [stdout] computing gzip size...
[2026-04-24T14:22:35.526Z] [stdout] [2mdist/[22m[32mindex.html                                  [39m[1m[2m  1.70 kB[22m[1m[22m[2m │ gzip:  0.85 kB[22m
[2026-04-24T14:22:35.526Z] [stdout] [2mdist/[22m[35massets/ChartErrorBoundary-Saz_VHki.css      [39m[1m[2m  1.63 kB[22m[1m[22m[2m │ gzip:  0.70 kB[22m
[2026-04-24T14:22:35.526Z] [stdout] [2mdist/[22m[35massets/main-ChcAZ50I.css                    [39m[1m[2m144.44 kB[22m[1m[22m[2m │ gzip: 20.85 kB[22m
[2026-04-24T14:22:35.526Z] [stdout] [2mdist/[22m[36massets/__vite-browser-external-BIHI7g3E.js  [39m[1m[2m  0.03 kB[22m[1m[22m[2m │ gzip:  0.05 kB[22m
[2026-04-24T14:22:35.526Z] [stdout] [2mdist/[22m[36massets/encryption-Dy0n9gOt.js               [39m[1m[2m  0.14 kB[22m[1m[22m[2m │ gzip:  0.15 kB[22m
[2026-04-24T14:22:35.526Z] [stdout] [2mdist/[22m[36massets/page-ag22mqCL.js                     [39m[1m[2m  0.17 kB[22m[1m[22m[2m │ gzip:  0.16 kB[22m
[2026-04-24T14:22:35.527Z] [stdout] [2mdist/[22m[36massets/page-CdAzp9Ph.js                     [39m[1m[2m  0.20 kB[22m[1m[22m[2m │ gzip:  0.17 kB[22m
[2026-04-24T14:22:35.527Z] [stdout] [2mdist/[22m[36massets/tauri-bridge-BirkRvic.js             [39m[1m[2m  0.27 kB[22m[1m[22m[2m │ gzip:  0.20 kB[22m
[2026-04-24T14:22:35.527Z] [stdout] [2mdist/[22m[36massets/check-BlJRaAau.js                    [39m[1m[2m  0.29 kB[22m[1m[22m[2m │ gzip:  0.24 kB[22m
[2026-04-24T14:22:35.527Z] [stdout] [2mdist/[22m[36massets/chevron-up-LQZ86vy_.js               [39m[1m[2m  0.30 kB[22m[1m[22m[2m │ gzip:  0.25 kB[22m
[2026-04-24T14:22:35.527Z] [stdout] [2mdist/[22m[36massets/chevron-down-BMQMxeTC.js             [39m[1m[2m  0.30 kB[22m[1m[22m[2m │ gzip:  0.25 kB[22m
[2026-04-24T14:22:35.527Z] [stdout] [2mdist/[22m[36massets/plus-CgRcKIWk.js                     [39m[1m[2m  0.33 kB[22m[1m[22m[2m │ gzip:  0.25 kB[22m
[2026-04-24T14:22:35.527Z] [stdout] [2mdist/[22m[36massets/circle-check-BH4jsjce.js             [39m[1m[2m  0.35 kB[22m[1m[22m[2m │ gzip:  0.27 kB[22m
[2026-04-24T14:22:35.527Z] [stdout] [2mdist/[22m[36massets/rotate-ccw-CHTH_a0Q.js               [39m[1m[2m  0.37 kB[22m[1m[22m[2m │ gzip:  0.29 kB[22m
[2026-04-24T14:22:35.527Z] [stdout] [2mdist/[22m[36massets/upload-Jg_IvCxD.js                   [39m[1m[2m  0.40 kB[22m[1m[22m[2m │ gzip:  0.30 kB[22m
[2026-04-24T14:22:35.527Z] [stdout] [2mdist/[22m[36massets/activity-DIC3KzfA.js                 [39m[1m[2m  0.41 kB[22m[1m[22m[2m │ gzip:  0.30 kB[22m
[2026-04-24T14:22:35.527Z] [stdout] [2mdist/[22m[36massets/settings-2-CfCe2Inn.js               [39m[1m[2m  0.42 kB[22m[1m[22m[2m │ gzip:  0.30 kB[22m
[2026-04-24T14:22:35.527Z] [stdout] [2mdist/[22m[36massets/circle-alert-DuNXoWW1.js             [39m[1m[2m  0.42 kB[22m[1m[22m[2m │ gzip:  0.29 kB[22m
[2026-04-24T14:22:35.528Z] [stdout] [2mdist/[22m[36massets/calendar-DX34w0Md.js                 [39m[1m[2m  0.43 kB[22m[1m[22m[2m │ gzip:  0.31 kB[22m
[2026-04-24T14:22:35.528Z] [stdout] [2mdist/[22m[36massets/key-bM8DXU22.js                      [39m[1m[2m  0.43 kB[22m[1m[22m[2m │ gzip:  0.32 kB[22m
[2026-04-24T14:22:35.528Z] [stdout] [2mdist/[22m[36massets/pencil-LfTYritE.js                   [39m[1m[2m  0.45 kB[22m[1m[22m[2m │ gzip:  0.33 kB[22m
[2026-04-24T14:22:35.528Z] [stdout] [2mdist/[22m[36massets/flask-conical-CvXpuVGs.js            [39m[1m[2m  0.47 kB[22m[1m[22m[2m │ gzip:  0.33 kB[22m
[2026-04-24T14:22:35.528Z] [stdout] [2mdist/[22m[36massets/languages-DAkNJXFD.js                [39m[1m[2m  0.49 kB[22m[1m[22m[2m │ gzip:  0.32 kB[22m
[2026-04-24T14:22:35.528Z] [stdout] [2mdist/[22m[36massets/trash-2-uIWCvaM1.js                  [39m[1m[2m  0.50 kB[22m[1m[22m[2m │ gzip:  0.32 kB[22m
[2026-04-24T14:22:35.528Z] [stdout] [2mdist/[22m[36massets/file-down-BHaWBdgc.js                [39m[1m[2m  0.53 kB[22m[1m[22m[2m │ gzip:  0.35 kB[22m
[2026-04-24T14:22:35.528Z] [stdout] [2mdist/[22m[36massets/branding-store-2a_cVber.js           [39m[1m[2m  0.54 kB[22m[1m[22m[2m │ gzip:  0.28 kB[22m
[2026-04-24T14:22:35.528Z] [stdout] [2mdist/[22m[36massets/building-2-fujmtsv9.js               [39m[1m[2m  0.56 kB[22m[1m[22m[2m │ gzip:  0.34 kB[22m
[2026-04-24T14:22:35.528Z] [stdout] [2mdist/[22m[36massets/input-exFdMEdr.js                    [39m[1m[2m  0.60 kB[22m[1m[22m[2m │ gzip:  0.38 kB[22m
[2026-04-24T14:22:35.528Z] [stdout] [2mdist/[22m[36massets/circle-x-Cc21qr0O.js                 [39m[1m[2m  0.69 kB[22m[1m[22m[2m │ gzip:  0.36 kB[22m
[2026-04-24T14:22:35.528Z] [stdout] [2mdist/[22m[36massets/user-DYt0bEbu.js                     [39m[1m[2m  0.74 kB[22m[1m[22m[2m │ gzip:  0.38 kB[22m
[2026-04-24T14:22:35.528Z] [stdout] [2mdist/[22m[36massets/client-CnHp6T8Y.js                   [39m[1m[2m  0.75 kB[22m[1m[22m[2m │ gzip:  0.40 kB[22m
[2026-04-24T14:22:35.529Z] [stdout] [2mdist/[22m[36massets/client-BIaoe-J4.js                   [39m[1m[2m  0.83 kB[22m[1m[22m[2m │ gzip:  0.46 kB[22m
[2026-04-24T14:22:35.529Z] [stdout] [2mdist/[22m[36massets/useFocusTrap-DBIo29X4.js             [39m[1m[2m  0.84 kB[22m[1m[22m[2m │ gzip:  0.44 kB[22m
[2026-04-24T14:22:35.529Z] [stdout] [2mdist/[22m[36massets/search-CcWftmC0.js                   [39m[1m[2m  0.89 kB[22m[1m[22m[2m │ gzip:  0.42 kB[22m
[2026-04-24T14:22:35.529Z] [stdout] [2mdist/[22m[36massets/settings-1qOrwLjT.js                 [39m[1m[2m  0.98 kB[22m[1m[22m[2m │ gzip:  0.42 kB[22m
[2026-04-24T14:22:35.529Z] [stdout] [2mdist/[22m[36massets/update-install-B37Fboqk.js           [39m[1m[2m  1.11 kB[22m[1m[22m[2m │ gzip:  0.62 kB[22m
[2026-04-24T14:22:35.529Z] [stdout] [2mdist/[22m[36massets/card-DDb9bY3Y.js                     [39m[1m[2m  1.58 kB[22m[1m[22m[2m │ gzip:  0.67 kB[22m
[2026-04-24T14:22:35.529Z] [stdout] [2mdist/[22m[36massets/index-ZyWHAkh3.js                    [39m[1m[2m  1.89 kB[22m[1m[22m[2m │ gzip:  0.92 kB[22m
[2026-04-24T14:22:35.529Z] [stdout] [2mdist/[22m[36massets/button-Db0gdpWP.js                   [39m[1m[2m  1.94 kB[22m[1m[22m[2m │ gzip:  0.96 kB[22m
[2026-04-24T14:22:35.529Z] [stdout] [2mdist/[22m[36massets/PrecisionSettingsCard-iBgUi14w.js    [39m[1m[2m  2.05 kB[22m[1m[22m[2m │ gzip:  0.98 kB[22m
[2026-04-24T14:22:35.529Z] [stdout] [2mdist/[22m[36massets/alert-dialog-UXFAezTM.js             [39m[1m[2m  2.12 kB[22m[1m[22m[2m │ gzip:  0.77 kB[22m
[2026-04-24T14:22:35.529Z] [stdout] [2mdist/[22m[36massets/TrialBanner-ClsfzDXn.js              [39m[1m[2m  2.26 kB[22m[1m[22m[2m │ gzip:  1.22 kB[22m
[2026-04-24T14:22:35.529Z] [stdout] [2mdist/[22m[36massets/label-B82JZVr4.js                    [39m[1m[2m  2.52 kB[22m[1m[22m[2m │ gzip:  0.95 kB[22m
[2026-04-24T14:22:35.529Z] [stdout] [2mdist/[22m[36massets/BrandingManager-C1sXSO-4.js          [39m[1m[2m  2.55 kB[22m[1m[22m[2m │ gzip:  1.16 kB[22m
[2026-04-24T14:22:35.530Z] [stdout] [2mdist/[22m[36massets/UpdateChecker-DZhMO94P.js            [39m[1m[2m  3.38 kB[22m[1m[22m[2m │ gzip:  1.46 kB[22m
[2026-04-24T14:22:35.530Z] [stdout] [2mdist/[22m[36massets/water-analysis-panel-CPSJXXkF.js     [39m[1m[2m  3.63 kB[22m[1m[22m[2m │ gzip:  1.60 kB[22m
[2026-04-24T14:22:35.530Z] [stdout] [2mdist/[22m[36massets/index-K7xOf-8w.js                    [39m[1m[2m  3.66 kB[22m[1m[22m[2m │ gzip:  1.34 kB[22m
[2026-04-24T14:22:35.530Z] [stdout] [2mdist/[22m[36massets/expert-settings-panel-D5XyQOku.js    [39m[1m[2m  3.89 kB[22m[1m[22m[2m │ gzip:  1.39 kB[22m
[2026-04-24T14:22:35.530Z] [stdout] [2mdist/[22m[36massets/UnitSystemCard-x8EixNXk.js           [39m[1m[2m  4.22 kB[22m[1m[22m[2m │ gzip:  1.76 kB[22m
[2026-04-24T14:22:35.530Z] [stdout] [2mdist/[22m[36massets/settings-shared-Cjk_IZEw.js          [39m[1m[2m  4.51 kB[22m[1m[22m[2m │ gzip:  1.75 kB[22m
[2026-04-24T14:22:35.530Z] [stdout] [2mdist/[22m[36massets/LicenseActivationDialog-CnwN3wEQ.js  [39m[1m[2m  5.38 kB[22m[1m[22m[2m │ gzip:  2.14 kB[22m
[2026-04-24T14:22:35.530Z] [stdout] [2mdist/[22m[36massets/LaboratoryManager-BLaQgpRc.js        [39m[1m[2m  5.61 kB[22m[1m[22m[2m │ gzip:  1.96 kB[22m
[2026-04-24T14:22:35.530Z] [stdout] [2mdist/[22m[36massets/LogViewer-UeXVG363.js                [39m[1m[2m  5.76 kB[22m[1m[22m[2m │ gzip:  2.43 kB[22m
[2026-04-24T14:22:35.530Z] [stdout] [2mdist/[22m[36massets/BackupManager-CAQn3dlH.js            [39m[1m[2m  5.80 kB[22m[1m[22m[2m │ gzip:  2.23 kB[22m
[2026-04-24T14:22:35.530Z] [stdout] [2mdist/[22m[36massets/OperatorManager-HjB-l1HM.js          [39m[1m[2m  5.91 kB[22m[1m[22m[2m │ gzip:  2.14 kB[22m
[2026-04-24T14:22:35.530Z] [stdout] [2mdist/[22m[36massets/chart-settings-store-F8EVCqsS.js     [39m[1m[2m  5.94 kB[22m[1m[22m[2m │ gzip:  2.07 kB[22m
[2026-04-24T14:22:35.530Z] [stdout] [2mdist/[22m[36massets/recipe-panel-0dJdHnGx.js             [39m[1m[2m  6.61 kB[22m[1m[22m[2m │ gzip:  2.23 kB[22m
[2026-04-24T14:22:35.531Z] [stdout] [2mdist/[22m[36massets/cycle-editor-dialog-BcvCz5y_.js      [39m[1m[2m  7.88 kB[22m[1m[22m[2m │ gzip:  2.62 kB[22m
[2026-04-24T14:22:35.531Z] [stdout] [2mdist/[22m[36massets/ChartSettingsManager-DOXNyACR.js     [39m[1m[2m  7.89 kB[22m[1m[22m[2m │ gzip:  2.65 kB[22m
[2026-04-24T14:22:35.531Z] [stdout] [2mdist/[22m[36massets/ExperimentExportImport-BlbqkgcH.js   [39m[1m[2m  8.00 kB[22m[1m[22m[2m │ gzip:  2.96 kB[22m
[2026-04-24T14:22:35.531Z] [stdout] [2mdist/[22m[36massets/raw-data-table-BaX8nZ4_.js           [39m[1m[2m  8.30 kB[22m[1m[22m[2m │ gzip:  2.61 kB[22m
[2026-04-24T14:22:35.531Z] [stdout] [2mdist/[22m[36massets/APIKeyManager-D0lLfurW.js            [39m[1m[2m  8.79 kB[22m[1m[22m[2m │ gzip:  3.06 kB[22m
[2026-04-24T14:22:35.531Z] [stdout] [2mdist/[22m[36massets/client-CwzX9WND.js                   [39m[1m[2m  9.13 kB[22m[1m[22m[2m │ gzip:  3.65 kB[22m
[2026-04-24T14:22:35.531Z] [stdout] [2mdist/[22m[36massets/AppSettingsExporter-yCsoucpX.js      [39m[1m[2m 11.12 kB[22m[1m[22m[2m │ gzip:  3.68 kB[22m
[2026-04-24T14:22:35.531Z] [stdout] [2mdist/[22m[36massets/cycle-results-table-CaeHRc7G.js      [39m[1m[2m 11.61 kB[22m[1m[22m[2m │ gzip:  3.23 kB[22m
[2026-04-24T14:22:35.531Z] [stdout] [2mdist/[22m[36massets/ReportTab-CH82OtgC.js                [39m[1m[2m 11.78 kB[22m[1m[22m[2m │ gzip:  3.65 kB[22m
[2026-04-24T14:22:35.531Z] [stdout] [2mdist/[22m[36massets/ru-C8Cx8G0_.js                       [39m[1m[2m 12.58 kB[22m[1m[22m[2m │ gzip:  3.14 kB[22m
[2026-04-24T14:22:35.531Z] [stdout] [2mdist/[22m[36massets/useToast-DeDBLt7p.js                 [39m[1m[2m 14.15 kB[22m[1m[22m[2m │ gzip:  5.63 kB[22m
[2026-04-24T14:22:35.531Z] [stdout] [2mdist/[22m[36massets/report-save-B3Fpihh3.js              [39m[1m[2m 15.96 kB[22m[1m[22m[2m │ gzip:  4.31 kB[22m
[2026-04-24T14:22:35.531Z] [stdout] [2mdist/[22m[36massets/ComparisonReportTab-BxdCOugZ.js      [39m[1m[2m 17.08 kB[22m[1m[22m[2m │ gzip:  5.32 kB[22m
[2026-04-24T14:22:35.532Z] [stdout] [2mdist/[22m[36massets/ChartErrorBoundary-C-uRetai.js       [39m[1m[2m 18.84 kB[22m[1m[22m[2m │ gzip:  7.77 kB[22m
[2026-04-24T14:22:35.532Z] [stdout] [2mdist/[22m[36massets/vendor-date-B1cgXEfA.js              [39m[1m[2m 20.00 kB[22m[1m[22m[2m │ gzip:  5.73 kB[22m
[2026-04-24T14:22:35.532Z] [stdout] [2mdist/[22m[36massets/CalibrationPanel-BqPedNXZ.js         [39m[1m[2m 25.33 kB[22m[1m[22m[2m │ gzip:  7.48 kB[22m
[2026-04-24T14:22:35.532Z] [stdout] [2mdist/[22m[36massets/page-BSlI8yok.js                     [39m[1m[2m 27.75 kB[22m[1m[22m[2m │ gzip:  7.50 kB[22m
[2026-04-24T14:22:35.532Z] [stdout] [2mdist/[22m[36massets/page-DBZrhGWF.js                     [39m[1m[2m 43.29 kB[22m[1m[22m[2m │ gzip: 13.86 kB[22m
[2026-04-24T14:22:35.532Z] [stdout] [2mdist/[22m[36massets/DashboardContent-B6VRdPng.js         [39m[1m[2m 47.33 kB[22m[1m[22m[2m │ gzip: 14.26 kB[22m
[2026-04-24T14:22:35.532Z] [stdout] [2mdist/[22m[36massets/vendor-react-VsJEmFiX.js             [39m[1m[2m 48.76 kB[22m[1m[22m[2m │ gzip: 17.28 kB[22m
[2026-04-24T14:22:35.532Z] [stdout] [2mdist/[22m[36massets/vendor-charts-CziCK5UB.js            [39m[1m[2m 52.27 kB[22m[1m[22m[2m │ gzip: 23.28 kB[22m
[2026-04-24T14:22:35.532Z] [stdout] [2mdist/[22m[36massets/page-CeDE_cXi.js                     [39m[1m[2m103.91 kB[22m[1m[22m[2m │ gzip: 26.53 kB[22m
[2026-04-24T14:22:35.532Z] [stdout] [2mdist/[22m[36massets/vendor-radix-wOjfjdRn.js             [39m[1m[2m113.50 kB[22m[1m[22m[2m │ gzip: 36.46 kB[22m
[2026-04-24T14:22:35.532Z] [stdout] [2mdist/[22m[36massets/page-RegZaeFD.js                     [39m[1m[2m135.62 kB[22m[1m[22m[2m │ gzip: 39.19 kB[22m
[2026-04-24T14:22:35.532Z] [stdout] [2mdist/[22m[36massets/main-BITvkbvH.js                     [39m[1m[2m271.83 kB[22m[1m[22m[2m │ gzip: 86.18 kB[22m
[2026-04-24T14:22:35.532Z] [stdout] [32m✓ built in 12.61s[39m
[2026-04-24T14:22:35.898Z] heartbeat: pid=2400 elapsed=15.0s
[2026-04-24T14:22:36.783Z] [stderr]    Compiling rheolab-enterprise v0.2.0-beta.45 (D:\Development\Rheolab\src-tauri)
[2026-04-24T14:22:50.902Z] heartbeat: pid=2400 elapsed=30.0s
[2026-04-24T14:23:05.912Z] heartbeat: pid=2400 elapsed=45.0s
[2026-04-24T14:23:20.915Z] heartbeat: pid=2400 elapsed=60.0s
[2026-04-24T14:23:35.926Z] heartbeat: pid=2400 elapsed=75.0s
[2026-04-24T14:23:50.937Z] heartbeat: pid=2400 elapsed=90.1s
[2026-04-24T14:24:05.947Z] heartbeat: pid=2400 elapsed=105.1s
[2026-04-24T14:24:20.956Z] heartbeat: pid=2400 elapsed=120.1s
[2026-04-24T14:24:35.965Z] heartbeat: pid=2400 elapsed=135.1s
[2026-04-24T14:24:50.968Z] heartbeat: pid=2400 elapsed=150.1s
[2026-04-24T14:25:05.988Z] heartbeat: pid=2400 elapsed=165.1s
[2026-04-24T14:25:20.991Z] heartbeat: pid=2400 elapsed=180.1s
[2026-04-24T14:25:35.993Z] heartbeat: pid=2400 elapsed=195.1s
[2026-04-24T14:25:51.008Z] heartbeat: pid=2400 elapsed=210.1s
[2026-04-24T14:26:06.018Z] heartbeat: pid=2400 elapsed=225.1s
[2026-04-24T14:26:21.017Z] heartbeat: pid=2400 elapsed=240.1s
[2026-04-24T14:26:34.143Z] [stderr]     Finished `release` profile [optimized] target(s) in 3m 58s
[2026-04-24T14:26:34.214Z] [stderr]        Built application at: D:\Development\Rheolab\src-tauri\target\release\rheolab-enterprise.exe
[2026-04-24T14:26:34.214Z] [stderr]         Info Patching binary "D:\\Development\\Rheolab\\src-tauri\\target\\release\\rheolab-enterprise.exe" for type nsis
[2026-04-24T14:26:34.228Z] [stderr]         Warn Failed to add bundler type to the binary: __TAURI_BUNDLE_TYPE variable not found in binary. Make sure tauri crate and tauri-cli are up to date. Updater plugin may not be able to update this package. This shouldn't normally happen, please report it to https://github.com/tauri-apps/tauri/issues
[2026-04-24T14:26:34.231Z] [stderr]         Info Target: x64
[2026-04-24T14:26:34.242Z] [stderr]      Running makensis to produce D:\Development\Rheolab\src-tauri\target\release\bundle\nsis\RheoLab Enterprise_0.2.0-beta.45_x64-setup.exe
[2026-04-24T14:26:36.032Z] heartbeat: pid=2400 elapsed=255.2s
[2026-04-24T14:26:48.882Z] [stderr]     Finished 1 bundle at:
[2026-04-24T14:26:48.883Z] [stderr]         D:\Development\Rheolab\src-tauri\target\release\bundle\nsis\RheoLab Enterprise_0.2.0-beta.45_x64-setup.exe
[2026-04-24T14:26:48.883Z] [stderr] 
[2026-04-24T14:26:48.906Z] wrapper exit: code=0 signal=null elapsed=268.0s
[2026-04-24T14:26:48.909Z] post-build sign: signing RheoLab Enterprise_0.2.0-beta.45_x64-setup.exe
[2026-04-24T14:26:49.684Z] post-build sign: success → RheoLab Enterprise_0.2.0-beta.45_x64-setup.exe.sig
