
тХРтХРтХРтХРтХРтХРтХРтХРтХРтХРтХРтХРтХРтХРтХРтХРтХРтХРтХРтХРтХРтХРтХРтХРтХРтХРтХРтХРтХРтХРтХРтХРтХРтХРтХРтХРтХРтХРтХРтХРтХРтХРтХРтХРтХРтХРтХРтХРтХРтХРтХРтХРтХРтХРтХРтХР
  RELEASE GATE тАФ Comparison Report workflow
  Binary: src-tauri\target\release\rheolab-enterprise.exe
  Spec:   tests/e2e/reports/comparison-workflow-release-gate.tauri.spec.ts
тХРтХРтХРтХРтХРтХРтХРтХРтХРтХРтХРтХРтХРтХРтХРтХРтХРтХРтХРтХРтХРтХРтХРтХРтХРтХРтХРтХРтХРтХРтХРтХРтХРтХРтХРтХРтХРтХРтХРтХРтХРтХРтХРтХРтХРтХРтХРтХРтХРтХРтХРтХРтХРтХРтХРтХР

[tauri-e2e] ╨С╨╕╨╜╨░╤А╨╜╨╕╨║ ╨░╨║╤В╤Г╨░╨╗╨╡╨╜ (TAURI_E2E_SKIP_BUILD=1 ╨╕╨╗╨╕ ╨╕╤Б╤Е╨╛╨┤╨╜╨╕╨║╨╕ ╨╜╨╡ ╨╕╨╖╨╝╨╡╨╜╨╕╨╗╨╕╤Б╤М).
[tauri-e2e] ╨Ч╨░╨┐╤Г╤Б╨║╨░╨╡╨╝ ╨┐╤А╨╕╨╗╨╛╨╢╨╡╨╜╨╕╨╡ ╤Б CDP ╨╜╨░ ╨┐╨╛╤А╤В╤Г 9222...
[tauri-e2e] ╨Ю╨╢╨╕╨┤╨░╨╡╨╝ CDP ╨╜╨░ http://127.0.0.1:9222/json/version ...
[tauri-e2e] тЬУ CDP ╨│╨╛╤В╨╛╨▓ тАФ http://127.0.0.1:9222
[tauri-e2e] Native memory sampler PID=560
[tauri-e2e] Native memory output: D:\Development\Rheolab\outputs\e2e\perf\native-memory-1776866992027.jsonl

Running 1 test using 1 worker

[tauri] [2026-04-22][14:09:57][tauri::manager][DEBUG] Asset `favicon.ico` not found; fallback to favicon.ico.html
[tauri] [2026-04-22][14:09:57][tauri::manager][DEBUG] Asset `favicon.ico` not found; fallback to favicon.ico/index.html
[2026-04-22][14:09:57][tauri::manager][DEBUG] Asset `favicon.ico` not found; fallback to index.html

тХРтХРтХРтХРтХРтХРтХРтХРтХРтХРтХРтХРтХРтХРтХРтХРтХРтХРтХРтХРтХРтХРтХРтХРтХРтХРтХРтХРтХРтХРтХРтХРтХРтХРтХРтХРтХРтХРтХРтХРтХРтХРтХРтХРтХРтХРтХРтХРтХРтХРтХРтХРтХРтХРтХРтХР
  RELEASE GATE тАФ Comparison Report full user workflow
тХРтХРтХРтХРтХРтХРтХРтХРтХРтХРтХРтХРтХРтХРтХРтХРтХРтХРтХРтХРтХРтХРтХРтХРтХРтХРтХРтХРтХРтХРтХРтХРтХРтХРтХРтХРтХРтХРтХРтХРтХРтХРтХРтХРтХРтХРтХРтХРтХРтХРтХРтХРтХРтХРтХРтХР

[tauri] [2026-04-22][14:09:57][tauri::manager][DEBUG] Asset `dashboard` not found; fallback to dashboard.html
[tauri] [2026-04-22][14:09:57][tauri::manager][DEBUG] Asset `dashboard` not found; fallback to dashboard/index.html
[2026-04-22][14:09:57][tauri::manager][DEBUG] Asset `dashboard` not found; fallback to index.html
[tauri] [2026-04-22][14:09:57][tauri::manager][DEBUG] Asset `favicon.ico` not found; fallback to favicon.ico.html
[tauri] [2026-04-22][14:09:57][tauri::manager][DEBUG] Asset `favicon.ico` not found; fallback to favicon.ico/index.html
[2026-04-22][14:09:57][tauri::manager][DEBUG] Asset `favicon.ico` not found; fallback to index.html
  [gate] initial_dashboard          heap=4.75 MB (0 MB), nodes=376 (0), wall=178 ms

тФАтФА Phase 1: loading 4 fixtures via real Rust pipeline тФАтФА
  [gate] load_chandler_sst          heap=7.40 MB (+2.65 MB), nodes=1047 (+671), wall=1128 ms
  [gate] load_grace_report          heap=7.66 MB (+0.26 MB), nodes=1395 (+348), wall=915 ms
  [gate] load_bsl_report            heap=8.04 MB (+0.38 MB), nodes=913 (-482), wall=927 ms
  [gate] load_ofite_1100            heap=7.84 MB (-0.2 MB), nodes=1306 (+393), wall=542 ms

тФАтФА Phase 2: opening Comparison + adding 4 experiments тФАтФА
[tauri] [2026-04-22][14:10:01][tauri::manager][DEBUG] Asset `favicon.ico` not found; fallback to favicon.ico.html
[2026-04-22][14:10:01][tauri::manager][DEBUG] Asset `favicon.ico` not found; fallback to favicon.ico/index.html
[2026-04-22][14:10:01][tauri::manager][DEBUG] Asset `favicon.ico` not found; fallback to index.html
  [gate] comparison_4_chart_ready   heap=10.93 MB (+3.09 MB), nodes=1405 (+99), wall=5511 ms
  тЬУ Legend shows 8 series for 4 experiments

тФАтФА Phase 3: switching to new Report sub-tab тФАтФА
  [gate] report_sub_tab_opened      heap=9.72 MB (-1.21 MB), nodes=1235 (-170), wall=231 ms

тФАтФА Phase A: defaults (recipe ON, rest OFF, language RU) тФАтФА
  [gate] A_defaults/pdf             size=  62959 B  wall=301 ms  heap╬Ф=+0.07 MB
  [gate] A_defaults/xlsx            size= 362726 B  wall=396 ms  heap╬Ф=+0.01 MB

тФАтФА Phase B: all sections ON (calibration + raw + recipe + water) тФАтФА
  [gate] B_all_sections/pdf         size= 373269 B  wall=1640 ms  heap╬Ф=+0.06 MB
  [gate] B_all_sections/xlsx        size= 363799 B  wall=378 ms  heap╬Ф=+0.01 MB

тФАтФА Phase C: language EN, keep all sections ON тФАтФА
  [gate] C_english/pdf              size= 354567 B  wall=1669 ms  heap╬Ф=+0.01 MB
  [gate] C_english/xlsx             size= 362706 B  wall=431 ms  heap╬Ф=-0.04 MB

тФАтФА Phase D: minimal (all sections OFF) тФАтФА
  [gate] D_minimal/pdf              size=  62959 B  wall=275 ms  heap╬Ф=+0.04 MB

тХРтХРтХРтХРтХРтХРтХРтХРтХРтХРтХРтХРтХРтХРтХРтХРтХРтХРтХРтХРтХРтХРтХРтХРтХРтХРтХРтХРтХРтХРтХРтХРтХРтХРтХРтХРтХРтХРтХРтХРтХРтХРтХРтХРтХРтХРтХРтХРтХРтХРтХРтХРтХРтХРтХРтХР
  Export artifacts summary
тХРтХРтХРтХРтХРтХРтХРтХРтХРтХРтХРтХРтХРтХРтХРтХРтХРтХРтХРтХРтХРтХРтХРтХРтХРтХРтХРтХРтХРтХРтХРтХРтХРтХРтХРтХРтХРтХРтХРтХРтХРтХРтХРтХРтХРтХРтХРтХРтХРтХРтХРтХРтХРтХРтХРтХР
тФМтФАтФАтФАтФАтФАтФАтФАтФАтФАтФмтФАтФАтФАтФАтФАтФАтФАтФАтФАтФАтФАтФАтФАтФАтФАтФАтФАтФАтФмтФАтФАтФАтФАтФАтФАтФАтФАтФмтФАтФАтФАтФАтФАтФАтФАтФАтФмтФАтФАтФАтФАтФАтФАтФАтФАтФАтФАтФАтФАтФАтФАтФАтФАтФАтФАтФАтФАтФАтФАтФАтФАтФАтФАтФАтФАтФАтФАтФАтФАтФАтФАтФАтФАтФАтФмтФАтФАтФАтФАтФАтФАтФАтФАтФмтФАтФАтФАтФАтФАтФАтФАтФАтФАтФАтФАтФАтФАтФР
тФВ (index) тФВ phase            тФВ kind   тФВ size   тФВ filename                            тФВ wallMs тФВ heapDeltaMb тФВ
тФЬтФАтФАтФАтФАтФАтФАтФАтФАтФАтФ╝тФАтФАтФАтФАтФАтФАтФАтФАтФАтФАтФАтФАтФАтФАтФАтФАтФАтФАтФ╝тФАтФАтФАтФАтФАтФАтФАтФАтФ╝тФАтФАтФАтФАтФАтФАтФАтФАтФ╝тФАтФАтФАтФАтФАтФАтФАтФАтФАтФАтФАтФАтФАтФАтФАтФАтФАтФАтФАтФАтФАтФАтФАтФАтФАтФАтФАтФАтФАтФАтФАтФАтФАтФАтФАтФАтФАтФ╝тФАтФАтФАтФАтФАтФАтФАтФАтФ╝тФАтФАтФАтФАтФАтФАтФАтФАтФАтФАтФАтФАтФАтФд
тФВ 0       тФВ [32m'A_defaults'[39m     тФВ [32m'pdf'[39m  тФВ [33m62959[39m  тФВ [32m'comparison-report_2026-04-22.pdf'[39m  тФВ [33m301[39m    тФВ [33m0.07[39m        тФВ
тФВ 1       тФВ [32m'A_defaults'[39m     тФВ [32m'xlsx'[39m тФВ [33m362726[39m тФВ [32m'comparison-report_2026-04-22.xlsx'[39m тФВ [33m396[39m    тФВ [33m0.01[39m        тФВ
тФВ 2       тФВ [32m'B_all_sections'[39m тФВ [32m'pdf'[39m  тФВ [33m373269[39m тФВ [32m'comparison-report_2026-04-22.pdf'[39m  тФВ [33m1640[39m   тФВ [33m0.06[39m        тФВ
тФВ 3       тФВ [32m'B_all_sections'[39m тФВ [32m'xlsx'[39m тФВ [33m363799[39m тФВ [32m'comparison-report_2026-04-22.xlsx'[39m тФВ [33m378[39m    тФВ [33m0.01[39m        тФВ
тФВ 4       тФВ [32m'C_english'[39m      тФВ [32m'pdf'[39m  тФВ [33m354567[39m тФВ [32m'comparison-report_2026-04-22.pdf'[39m  тФВ [33m1669[39m   тФВ [33m0.01[39m        тФВ
тФВ 5       тФВ [32m'C_english'[39m      тФВ [32m'xlsx'[39m тФВ [33m362706[39m тФВ [32m'comparison-report_2026-04-22.xlsx'[39m тФВ [33m431[39m    тФВ [33m-0.04[39m       тФВ
тФВ 6       тФВ [32m'D_minimal'[39m      тФВ [32m'pdf'[39m  тФВ [33m62959[39m  тФВ [32m'comparison-report_2026-04-22.pdf'[39m  тФВ [33m275[39m    тФВ [33m0.04[39m        тФВ
тФФтФАтФАтФАтФАтФАтФАтФАтФАтФАтФ┤тФАтФАтФАтФАтФАтФАтФАтФАтФАтФАтФАтФАтФАтФАтФАтФАтФАтФАтФ┤тФАтФАтФАтФАтФАтФАтФАтФАтФ┤тФАтФАтФАтФАтФАтФАтФАтФАтФ┤тФАтФАтФАтФАтФАтФАтФАтФАтФАтФАтФАтФАтФАтФАтФАтФАтФАтФАтФАтФАтФАтФАтФАтФАтФАтФАтФАтФАтФАтФАтФАтФАтФАтФАтФАтФАтФАтФ┤тФАтФАтФАтФАтФАтФАтФАтФАтФ┤тФАтФАтФАтФАтФАтФАтФАтФАтФАтФАтФАтФАтФАтФШ

тФАтФА Perf steps тФАтФА
тФМтФАтФАтФАтФАтФАтФАтФАтФАтФАтФмтФАтФАтФАтФАтФАтФАтФАтФАтФАтФАтФАтФАтФАтФАтФАтФАтФАтФАтФАтФАтФАтФАтФАтФАтФАтФАтФАтФАтФмтФАтФАтФАтФАтФАтФАтФАтФАтФмтФАтФАтФАтФАтФАтФАтФАтФАтФАтФмтФАтФАтФАтФАтФАтФАтФАтФмтФАтФАтФАтФАтФАтФАтФР
тФВ (index) тФВ id                         тФВ heapMb тФВ deltaMb тФВ nodes тФВ wall тФВ
тФЬтФАтФАтФАтФАтФАтФАтФАтФАтФАтФ╝тФАтФАтФАтФАтФАтФАтФАтФАтФАтФАтФАтФАтФАтФАтФАтФАтФАтФАтФАтФАтФАтФАтФАтФАтФАтФАтФАтФАтФ╝тФАтФАтФАтФАтФАтФАтФАтФАтФ╝тФАтФАтФАтФАтФАтФАтФАтФАтФАтФ╝тФАтФАтФАтФАтФАтФАтФАтФ╝тФАтФАтФАтФАтФАтФАтФд
тФВ 0       тФВ [32m'initial_dashboard'[39m        тФВ [33m4.75[39m   тФВ [33m0[39m       тФВ [33m376[39m   тФВ [33m178[39m  тФВ
тФВ 1       тФВ [32m'load_chandler_sst'[39m        тФВ [33m7.4[39m    тФВ [33m2.65[39m    тФВ [33m1047[39m  тФВ [33m1128[39m тФВ
тФВ 2       тФВ [32m'load_grace_report'[39m        тФВ [33m7.66[39m   тФВ [33m0.26[39m    тФВ [33m1395[39m  тФВ [33m915[39m  тФВ
тФВ 3       тФВ [32m'load_bsl_report'[39m          тФВ [33m8.04[39m   тФВ [33m0.38[39m    тФВ [33m913[39m   тФВ [33m927[39m  тФВ
тФВ 4       тФВ [32m'load_ofite_1100'[39m          тФВ [33m7.84[39m   тФВ [33m-0.2[39m    тФВ [33m1306[39m  тФВ [33m542[39m  тФВ
тФВ 5       тФВ [32m'comparison_4_chart_ready'[39m тФВ [33m10.93[39m  тФВ [33m3.09[39m    тФВ [33m1405[39m  тФВ [33m5511[39m тФВ
тФВ 6       тФВ [32m'report_sub_tab_opened'[39m    тФВ [33m9.72[39m   тФВ [33m-1.21[39m   тФВ [33m1235[39m  тФВ [33m231[39m  тФВ
тФФтФАтФАтФАтФАтФАтФАтФАтФАтФАтФ┤тФАтФАтФАтФАтФАтФАтФАтФАтФАтФАтФАтФАтФАтФАтФАтФАтФАтФАтФАтФАтФАтФАтФАтФАтФАтФАтФАтФАтФ┤тФАтФАтФАтФАтФАтФАтФАтФАтФ┤тФАтФАтФАтФАтФАтФАтФАтФАтФАтФ┤тФАтФАтФАтФАтФАтФАтФАтФ┤тФАтФАтФАтФАтФАтФАтФШ

тФАтФА Memory stability тФАтФА
  initial heap: 4.75 MB
  final heap:   9.88 MB
  growth:       +5.13 MB (budget: 20 MB)

тЬЕ RELEASE GATE PASSED in 18s (7 exports, 4 fixtures, 4 settings phases)

  тЬУ  1 tests\e2e\reports\comparison-workflow-release-gate.tauri.spec.ts:234:3 тА║ Comparison Report тАФ RELEASE GATE (full user workflow) тА║ full user workflow: 4 fixtures тЖТ 4 settings phases тЖТ 7 exports (20.5s)
[tauri-e2e] тЬУ Native memory sampler (PID=560) ╨╛╤Б╤В╨░╨╜╨╛╨▓╨╗╨╡╨╜.
[tauri-e2e] ╨Ч╨░╨▓╨╡╤А╤И╨░╨╡╨╝ Tauri-╨┐╤А╨╛╤Ж╨╡╤Б╤Б (PID=18944)...
[tauri-e2e] тЬУ Tauri-╨┐╤А╨╛╤Ж╨╡╤Б╤Б ╨╖╨░╨▓╨╡╤А╤И╤С╨╜.

  1 passed (24.3s)

[release-gate] тЬЕ PASSED тАФ release is green-lit
