[tauri-wrapper] injected 2 key(s) from scripts/dev/.env.keys
[tauri-wrapper] updater signing key: loaded from src-tauri/keys/updater.key (.sig will be generated)
[tauri-wrapper] WARNING: building with dev sentinel key тАФ release binary will panic on startup
[tauri-wrapper] log: runtime/audit/tauri-wrapper-2026-04-22T13-54-36-755Z.log
        Info Looking up installed tauri packages to check mismatched versions...
     Running beforeBuildCommand `npm run build`

> rheolab-enterprise@0.2.0-beta.24 build
> vite build

[36mvite v6.4.2 [32mbuilding for production...[36m[39m
transforming...
[plugin vite:resolve] Module "crypto" has been externalized for browser compatibility, imported by "D:/Development/Rheolab/src/lib/utils/encryption.ts". See https://vite.dev/guide/troubleshooting.html#module-externalized-for-browser-compatibility for more details.
[32mтЬУ[39m 2932 modules transformed.
rendering chunks...
computing gzip size...
[2mdist/[22m[32mindex.html                                  [39m[1m[2m  1.70 kB[22m[1m[22m[2m тФВ gzip:  0.85 kB[22m
[2mdist/[22m[35massets/report-save-Saz_VHki.css             [39m[1m[2m  1.63 kB[22m[1m[22m[2m тФВ gzip:  0.70 kB[22m
[2mdist/[22m[35massets/main-0QJmqvms.css                    [39m[1m[2m142.52 kB[22m[1m[22m[2m тФВ gzip: 20.61 kB[22m
[2mdist/[22m[36massets/__vite-browser-external-BIHI7g3E.js  [39m[1m[2m  0.03 kB[22m[1m[22m[2m тФВ gzip:  0.05 kB[22m
[2mdist/[22m[36massets/encryption-B5QByGnH.js               [39m[1m[2m  0.14 kB[22m[1m[22m[2m тФВ gzip:  0.15 kB[22m
[2mdist/[22m[36massets/page-ag22mqCL.js                     [39m[1m[2m  0.17 kB[22m[1m[22m[2m тФВ gzip:  0.16 kB[22m
[2mdist/[22m[36massets/page-CdAzp9Ph.js                     [39m[1m[2m  0.20 kB[22m[1m[22m[2m тФВ gzip:  0.17 kB[22m
[2mdist/[22m[36massets/tauri-bridge-7nZkKAix.js             [39m[1m[2m  0.27 kB[22m[1m[22m[2m тФВ gzip:  0.20 kB[22m
[2mdist/[22m[36massets/check-BSNgyMLJ.js                    [39m[1m[2m  0.29 kB[22m[1m[22m[2m тФВ gzip:  0.24 kB[22m
[2mdist/[22m[36massets/chevron-up-DFmrix5P.js               [39m[1m[2m  0.30 kB[22m[1m[22m[2m тФВ gzip:  0.25 kB[22m
[2mdist/[22m[36massets/chevron-down-BN-XSRLg.js             [39m[1m[2m  0.30 kB[22m[1m[22m[2m тФВ gzip:  0.25 kB[22m
[2mdist/[22m[36massets/plus-D-5ysTZb.js                     [39m[1m[2m  0.33 kB[22m[1m[22m[2m тФВ gzip:  0.25 kB[22m
[2mdist/[22m[36massets/circle-check-Yr3gnOlF.js             [39m[1m[2m  0.35 kB[22m[1m[22m[2m тФВ gzip:  0.27 kB[22m
[2mdist/[22m[36massets/rotate-ccw-B93tC7F2.js               [39m[1m[2m  0.37 kB[22m[1m[22m[2m тФВ gzip:  0.29 kB[22m
[2mdist/[22m[36massets/upload-jAAWaRhm.js                   [39m[1m[2m  0.40 kB[22m[1m[22m[2m тФВ gzip:  0.30 kB[22m
[2mdist/[22m[36massets/settings-2-Bnt1LV3c.js               [39m[1m[2m  0.42 kB[22m[1m[22m[2m тФВ gzip:  0.30 kB[22m
[2mdist/[22m[36massets/circle-alert-C80TJtWP.js             [39m[1m[2m  0.42 kB[22m[1m[22m[2m тФВ gzip:  0.29 kB[22m
[2mdist/[22m[36massets/key-BNbWUzHU.js                      [39m[1m[2m  0.43 kB[22m[1m[22m[2m тФВ gzip:  0.32 kB[22m
[2mdist/[22m[36massets/pencil-CM0xzGj8.js                   [39m[1m[2m  0.45 kB[22m[1m[22m[2m тФВ gzip:  0.33 kB[22m
[2mdist/[22m[36massets/flask-conical-CwEChexz.js            [39m[1m[2m  0.47 kB[22m[1m[22m[2m тФВ gzip:  0.33 kB[22m
[2mdist/[22m[36massets/trash-2-caAr9zb3.js                  [39m[1m[2m  0.50 kB[22m[1m[22m[2m тФВ gzip:  0.32 kB[22m
[2mdist/[22m[36massets/file-down-Ba2CPkWm.js                [39m[1m[2m  0.53 kB[22m[1m[22m[2m тФВ gzip:  0.35 kB[22m
[2mdist/[22m[36massets/branding-store-D2xxn1em.js           [39m[1m[2m  0.54 kB[22m[1m[22m[2m тФВ gzip:  0.28 kB[22m
[2mdist/[22m[36massets/building-2-CDxgn_rz.js               [39m[1m[2m  0.56 kB[22m[1m[22m[2m тФВ gzip:  0.34 kB[22m
[2mdist/[22m[36massets/input-2Df2b3Gc.js                    [39m[1m[2m  0.60 kB[22m[1m[22m[2m тФВ gzip:  0.38 kB[22m
[2mdist/[22m[36massets/circle-x-U3gtBA8Q.js                 [39m[1m[2m  0.69 kB[22m[1m[22m[2m тФВ gzip:  0.36 kB[22m
[2mdist/[22m[36massets/user-CH5sYqcT.js                     [39m[1m[2m  0.74 kB[22m[1m[22m[2m тФВ gzip:  0.38 kB[22m
[2mdist/[22m[36massets/client-D6ZmXgPP.js                   [39m[1m[2m  0.75 kB[22m[1m[22m[2m тФВ gzip:  0.40 kB[22m
[2mdist/[22m[36massets/calendar-BP3HjsZ3.js                 [39m[1m[2m  0.79 kB[22m[1m[22m[2m тФВ gzip:  0.41 kB[22m
[2mdist/[22m[36massets/useFocusTrap-DBIo29X4.js             [39m[1m[2m  0.84 kB[22m[1m[22m[2m тФВ gzip:  0.44 kB[22m
[2mdist/[22m[36massets/search-CjMui8eU.js                   [39m[1m[2m  0.89 kB[22m[1m[22m[2m тФВ gzip:  0.42 kB[22m
[2mdist/[22m[36massets/update-install-CbSfdq1W.js           [39m[1m[2m  1.11 kB[22m[1m[22m[2m тФВ gzip:  0.62 kB[22m
[2mdist/[22m[36massets/tabs-BNaKiWNB.js                     [39m[1m[2m  1.35 kB[22m[1m[22m[2m тФВ gzip:  0.51 kB[22m
[2mdist/[22m[36massets/settings-DbyC_Nz5.js                 [39m[1m[2m  1.43 kB[22m[1m[22m[2m тФВ gzip:  0.53 kB[22m
[2mdist/[22m[36massets/card-qsznIi1_.js                     [39m[1m[2m  1.58 kB[22m[1m[22m[2m тФВ gzip:  0.67 kB[22m
[2mdist/[22m[36massets/index-nyF7V4hu.js                    [39m[1m[2m  1.89 kB[22m[1m[22m[2m тФВ gzip:  0.92 kB[22m
[2mdist/[22m[36massets/button-uKDuZPgF.js                   [39m[1m[2m  1.94 kB[22m[1m[22m[2m тФВ gzip:  0.96 kB[22m
[2mdist/[22m[36massets/PrecisionSettingsCard-BKO58Uda.js    [39m[1m[2m  2.05 kB[22m[1m[22m[2m тФВ gzip:  0.98 kB[22m
[2mdist/[22m[36massets/alert-dialog-CMhNQbte.js             [39m[1m[2m  2.12 kB[22m[1m[22m[2m тФВ gzip:  0.77 kB[22m
[2mdist/[22m[36massets/TrialBanner-DChkulPj.js              [39m[1m[2m  2.26 kB[22m[1m[22m[2m тФВ gzip:  1.23 kB[22m
[2mdist/[22m[36massets/label-CJOxKOCF.js                    [39m[1m[2m  2.52 kB[22m[1m[22m[2m тФВ gzip:  0.95 kB[22m
[2mdist/[22m[36massets/BrandingManager-e29DmIM9.js          [39m[1m[2m  2.55 kB[22m[1m[22m[2m тФВ gzip:  1.16 kB[22m
[2mdist/[22m[36massets/UpdateChecker-BEZjj74H.js            [39m[1m[2m  3.38 kB[22m[1m[22m[2m тФВ gzip:  1.46 kB[22m
[2mdist/[22m[36massets/index-D9kDzMsh.js                    [39m[1m[2m  3.66 kB[22m[1m[22m[2m тФВ gzip:  1.35 kB[22m
[2mdist/[22m[36massets/expert-settings-panel-P1sfp3vI.js    [39m[1m[2m  3.89 kB[22m[1m[22m[2m тФВ gzip:  1.39 kB[22m
[2mdist/[22m[36massets/UnitSystemCard-kYT9JsT4.js           [39m[1m[2m  4.22 kB[22m[1m[22m[2m тФВ gzip:  1.76 kB[22m
[2mdist/[22m[36massets/settings-shared-Cjk_IZEw.js          [39m[1m[2m  4.51 kB[22m[1m[22m[2m тФВ gzip:  1.75 kB[22m
[2mdist/[22m[36massets/LicenseActivationDialog-3kl1ADPe.js  [39m[1m[2m  5.38 kB[22m[1m[22m[2m тФВ gzip:  2.14 kB[22m
[2mdist/[22m[36massets/LaboratoryManager-QDS6E2HR.js        [39m[1m[2m  5.61 kB[22m[1m[22m[2m тФВ gzip:  1.96 kB[22m
[2mdist/[22m[36massets/LogViewer-CGwPLHAk.js                [39m[1m[2m  5.76 kB[22m[1m[22m[2m тФВ gzip:  2.43 kB[22m
[2mdist/[22m[36massets/BackupManager-B-UM9fG4.js            [39m[1m[2m  5.80 kB[22m[1m[22m[2m тФВ gzip:  2.23 kB[22m
[2mdist/[22m[36massets/OperatorManager-m19A2ub-.js          [39m[1m[2m  5.91 kB[22m[1m[22m[2m тФВ gzip:  2.15 kB[22m
[2mdist/[22m[36massets/chart-settings-store-DdGFSpaw.js     [39m[1m[2m  5.94 kB[22m[1m[22m[2m тФВ gzip:  2.07 kB[22m
[2mdist/[22m[36massets/ExperimentExportImport-BdctGaj0.js   [39m[1m[2m  7.77 kB[22m[1m[22m[2m тФВ gzip:  2.85 kB[22m
[2mdist/[22m[36massets/ChartSettingsManager-DIKqI8q7.js     [39m[1m[2m  7.89 kB[22m[1m[22m[2m тФВ gzip:  2.65 kB[22m
[2mdist/[22m[36massets/APIKeyManager-CUKQEreB.js            [39m[1m[2m  8.79 kB[22m[1m[22m[2m тФВ gzip:  3.06 kB[22m
[2mdist/[22m[36massets/client-C3XMukv9.js                   [39m[1m[2m  9.69 kB[22m[1m[22m[2m тФВ gzip:  3.95 kB[22m
[2mdist/[22m[36massets/AppSettingsExporter-DR0TfjaV.js      [39m[1m[2m 11.11 kB[22m[1m[22m[2m тФВ gzip:  3.68 kB[22m
[2mdist/[22m[36massets/ru-C8Cx8G0_.js                       [39m[1m[2m 12.58 kB[22m[1m[22m[2m тФВ gzip:  3.14 kB[22m
[2mdist/[22m[36massets/useToast-CNzs1F5J.js                 [39m[1m[2m 14.15 kB[22m[1m[22m[2m тФВ gzip:  5.63 kB[22m
[2mdist/[22m[36massets/vendor-date-B1cgXEfA.js              [39m[1m[2m 20.00 kB[22m[1m[22m[2m тФВ gzip:  5.73 kB[22m
[2mdist/[22m[36massets/page-psU77BjP.js                     [39m[1m[2m 26.53 kB[22m[1m[22m[2m тФВ gzip:  7.19 kB[22m
[2mdist/[22m[36massets/report-save-BxpjopDw.js              [39m[1m[2m 34.80 kB[22m[1m[22m[2m тФВ gzip: 11.82 kB[22m
[2mdist/[22m[36massets/vendor-react-VsJEmFiX.js             [39m[1m[2m 48.76 kB[22m[1m[22m[2m тФВ gzip: 17.28 kB[22m
[2mdist/[22m[36massets/vendor-charts-CziCK5UB.js            [39m[1m[2m 52.27 kB[22m[1m[22m[2m тФВ gzip: 23.28 kB[22m
[2mdist/[22m[36massets/page-Bto4cOZl.js                     [39m[1m[2m 57.60 kB[22m[1m[22m[2m тФВ gzip: 17.28 kB[22m
[2mdist/[22m[36massets/page-D6NHwgnZ.js                     [39m[1m[2m 94.86 kB[22m[1m[22m[2m тФВ gzip: 23.85 kB[22m
[2mdist/[22m[36massets/vendor-radix-wOjfjdRn.js             [39m[1m[2m113.50 kB[22m[1m[22m[2m тФВ gzip: 36.46 kB[22m
[2mdist/[22m[36massets/DashboardContent-C4doIOXK.js         [39m[1m[2m116.39 kB[22m[1m[22m[2m тФВ gzip: 30.29 kB[22m
[2mdist/[22m[36massets/page-Bo8lafEb.js                     [39m[1m[2m136.17 kB[22m[1m[22m[2m тФВ gzip: 39.38 kB[22m
[2mdist/[22m[36massets/main-B7GyG51P.js                     [39m[1m[2m271.47 kB[22m[1m[22m[2m тФВ gzip: 85.99 kB[22m
[32mтЬУ built in 11.59s[39m
   Compiling rheolab-core v0.1.0 (D:\Development\Rheolab\src\rust\rheolab-core)
   Compiling rheolab-enterprise v0.2.0-beta.24 (D:\Development\Rheolab\src-tauri)
[tauri-wrapper] heartbeat: pid=18344 elapsed=15.0s
[tauri-wrapper] heartbeat: pid=18344 elapsed=30.0s
[tauri-wrapper] heartbeat: pid=18344 elapsed=45.0s
[tauri-wrapper] heartbeat: pid=18344 elapsed=60.0s
[tauri-wrapper] heartbeat: pid=18344 elapsed=75.1s
[tauri-wrapper] heartbeat: pid=18344 elapsed=90.1s
[tauri-wrapper] heartbeat: pid=18344 elapsed=105.1s
[tauri-wrapper] heartbeat: pid=18344 elapsed=120.1s
[tauri-wrapper] heartbeat: pid=18344 elapsed=135.1s
[tauri-wrapper] heartbeat: pid=18344 elapsed=150.1s
[tauri-wrapper] heartbeat: pid=18344 elapsed=165.1s
[tauri-wrapper] heartbeat: pid=18344 elapsed=180.1s
[tauri-wrapper] heartbeat: pid=18344 elapsed=195.1s
[tauri-wrapper] heartbeat: pid=18344 elapsed=210.1s
    Finished `release` profile [optimized] target(s) in 3m 22s
       Built application at: D:\Development\Rheolab\src-tauri\target\release\rheolab-enterprise.exe
        Info Patching binary "D:\\Development\\Rheolab\\src-tauri\\target\\release\\rheolab-enterprise.exe" for type nsis
        Warn Failed to add bundler type to the binary: __TAURI_BUNDLE_TYPE variable not found in binary. Make sure tauri crate and tauri-cli are up to date. Updater plugin may not be able to update this package. This shouldn't normally happen, please report it to https://github.com/tauri-apps/tauri/issues
        Info Target: x64
     Running makensis to produce D:\Development\Rheolab\src-tauri\target\release\bundle\nsis\RheoLab Enterprise_0.2.0-beta.24_x64-setup.exe
    Finished 1 bundle at:
        D:\Development\Rheolab\src-tauri\target\release\bundle\nsis\RheoLab Enterprise_0.2.0-beta.24_x64-setup.exe

[tauri-wrapper] post-build sign: signing RheoLab Enterprise_0.2.0-beta.24_x64-setup.exe...
[tauri-wrapper] post-build sign: .sig created тЖТ RheoLab Enterprise_0.2.0-beta.24_x64-setup.exe.sig
